[2024-08-24T03:06:24.489+0000] {processor.py:186} INFO - Started process (PID=67) to work on /home/airflow/.local/lib/python3.12/site-packages/airflow/example_dags/example_dataset_alias_with_no_taskflow.py
[2024-08-24T03:06:24.492+0000] {processor.py:914} INFO - Processing file /home/airflow/.local/lib/python3.12/site-packages/airflow/example_dags/example_dataset_alias_with_no_taskflow.py for tasks to queue
[2024-08-24T03:06:24.528+0000] {logging_mixin.py:190} INFO - [2024-08-24T03:06:24.503+0000] {dagbag.py:587} INFO - Filling up the DagBag from /home/airflow/.local/lib/python3.12/site-packages/airflow/example_dags/example_dataset_alias_with_no_taskflow.py
[2024-08-24T03:06:56.735+0000] {logging_mixin.py:190} INFO - [2024-08-24T03:06:56.591+0000] {timeout.py:68} ERROR - Process timed out, PID: 67
[2024-08-24T03:09:37.137+0000] {processor.py:186} INFO - Started process (PID=153) to work on /home/airflow/.local/lib/python3.12/site-packages/airflow/example_dags/example_dataset_alias_with_no_taskflow.py
[2024-08-24T03:09:37.140+0000] {processor.py:914} INFO - Processing file /home/airflow/.local/lib/python3.12/site-packages/airflow/example_dags/example_dataset_alias_with_no_taskflow.py for tasks to queue
[2024-08-24T03:09:37.143+0000] {logging_mixin.py:190} INFO - [2024-08-24T03:09:37.143+0000] {dagbag.py:587} INFO - Filling up the DagBag from /home/airflow/.local/lib/python3.12/site-packages/airflow/example_dags/example_dataset_alias_with_no_taskflow.py
[2024-08-24T03:09:37.460+0000] {processor.py:925} INFO - DAG(s) 'dataset_alias_example_alias_producer_with_no_taskflow', 'dataset_alias_example_alias_consumer_with_no_taskflow', 'dataset_s3_bucket_producer_with_no_taskflow', 'dataset_s3_bucket_consumer_with_no_taskflow' retrieved from /home/airflow/.local/lib/python3.12/site-packages/airflow/example_dags/example_dataset_alias_with_no_taskflow.py
[2024-08-24T03:09:37.578+0000] {logging_mixin.py:190} INFO - [2024-08-24T03:09:37.577+0000] {override.py:1858} INFO - Created Permission View: can delete on DAG:dataset_alias_example_alias_producer_with_no_taskflow
[2024-08-24T03:09:37.596+0000] {logging_mixin.py:190} INFO - [2024-08-24T03:09:37.596+0000] {override.py:1858} INFO - Created Permission View: can read on DAG:dataset_alias_example_alias_producer_with_no_taskflow
[2024-08-24T03:09:37.613+0000] {logging_mixin.py:190} INFO - [2024-08-24T03:09:37.613+0000] {override.py:1858} INFO - Created Permission View: can edit on DAG:dataset_alias_example_alias_producer_with_no_taskflow
[2024-08-24T03:09:37.646+0000] {logging_mixin.py:190} INFO - [2024-08-24T03:09:37.644+0000] {override.py:1858} INFO - Created Permission View: can delete on DAG:dataset_alias_example_alias_consumer_with_no_taskflow
[2024-08-24T03:09:37.660+0000] {logging_mixin.py:190} INFO - [2024-08-24T03:09:37.659+0000] {override.py:1858} INFO - Created Permission View: can read on DAG:dataset_alias_example_alias_consumer_with_no_taskflow
[2024-08-24T03:09:37.674+0000] {logging_mixin.py:190} INFO - [2024-08-24T03:09:37.672+0000] {override.py:1858} INFO - Created Permission View: can edit on DAG:dataset_alias_example_alias_consumer_with_no_taskflow
[2024-08-24T03:09:37.696+0000] {logging_mixin.py:190} INFO - [2024-08-24T03:09:37.696+0000] {override.py:1858} INFO - Created Permission View: can delete on DAG:dataset_s3_bucket_producer_with_no_taskflow
[2024-08-24T03:09:37.710+0000] {logging_mixin.py:190} INFO - [2024-08-24T03:09:37.710+0000] {override.py:1858} INFO - Created Permission View: can read on DAG:dataset_s3_bucket_producer_with_no_taskflow
[2024-08-24T03:09:37.727+0000] {logging_mixin.py:190} INFO - [2024-08-24T03:09:37.727+0000] {override.py:1858} INFO - Created Permission View: can edit on DAG:dataset_s3_bucket_producer_with_no_taskflow
[2024-08-24T03:09:37.745+0000] {logging_mixin.py:190} INFO - [2024-08-24T03:09:37.745+0000] {override.py:1858} INFO - Created Permission View: can delete on DAG:dataset_s3_bucket_consumer_with_no_taskflow
[2024-08-24T03:09:37.760+0000] {logging_mixin.py:190} INFO - [2024-08-24T03:09:37.760+0000] {override.py:1858} INFO - Created Permission View: can read on DAG:dataset_s3_bucket_consumer_with_no_taskflow
[2024-08-24T03:09:37.776+0000] {logging_mixin.py:190} INFO - [2024-08-24T03:09:37.775+0000] {override.py:1858} INFO - Created Permission View: can edit on DAG:dataset_s3_bucket_consumer_with_no_taskflow
[2024-08-24T03:09:37.778+0000] {logging_mixin.py:190} INFO - [2024-08-24T03:09:37.778+0000] {dag.py:3211} INFO - Sync 4 DAGs
[2024-08-24T03:09:37.792+0000] {logging_mixin.py:190} INFO - [2024-08-24T03:09:37.792+0000] {dag.py:3234} INFO - Creating ORM DAG for dataset_alias_example_alias_consumer_with_no_taskflow
[2024-08-24T03:09:37.793+0000] {logging_mixin.py:190} INFO - [2024-08-24T03:09:37.793+0000] {dag.py:3234} INFO - Creating ORM DAG for dataset_alias_example_alias_producer_with_no_taskflow
[2024-08-24T03:09:37.793+0000] {logging_mixin.py:190} INFO - [2024-08-24T03:09:37.793+0000] {dag.py:3234} INFO - Creating ORM DAG for dataset_s3_bucket_consumer_with_no_taskflow
[2024-08-24T03:09:37.794+0000] {logging_mixin.py:190} INFO - [2024-08-24T03:09:37.794+0000] {dag.py:3234} INFO - Creating ORM DAG for dataset_s3_bucket_producer_with_no_taskflow
[2024-08-24T03:09:37.805+0000] {logging_mixin.py:190} INFO - [2024-08-24T03:09:37.805+0000] {dag.py:4138} INFO - Setting next_dagrun for dataset_alias_example_alias_consumer_with_no_taskflow to None, run_after=None
[2024-08-24T03:09:37.806+0000] {logging_mixin.py:190} INFO - [2024-08-24T03:09:37.806+0000] {dag.py:4138} INFO - Setting next_dagrun for dataset_alias_example_alias_producer_with_no_taskflow to None, run_after=None
[2024-08-24T03:09:37.806+0000] {logging_mixin.py:190} INFO - [2024-08-24T03:09:37.806+0000] {dag.py:4138} INFO - Setting next_dagrun for dataset_s3_bucket_consumer_with_no_taskflow to None, run_after=None
[2024-08-24T03:09:37.807+0000] {logging_mixin.py:190} INFO - [2024-08-24T03:09:37.807+0000] {dag.py:4138} INFO - Setting next_dagrun for dataset_s3_bucket_producer_with_no_taskflow to None, run_after=None
[2024-08-24T03:09:37.850+0000] {processor.py:208} INFO - Processing /home/airflow/.local/lib/python3.12/site-packages/airflow/example_dags/example_dataset_alias_with_no_taskflow.py took 0.721 seconds
[2024-08-24T03:10:07.983+0000] {processor.py:186} INFO - Started process (PID=218) to work on /home/airflow/.local/lib/python3.12/site-packages/airflow/example_dags/example_dataset_alias_with_no_taskflow.py
[2024-08-24T03:10:07.987+0000] {processor.py:914} INFO - Processing file /home/airflow/.local/lib/python3.12/site-packages/airflow/example_dags/example_dataset_alias_with_no_taskflow.py for tasks to queue
[2024-08-24T03:10:07.990+0000] {logging_mixin.py:190} INFO - [2024-08-24T03:10:07.990+0000] {dagbag.py:587} INFO - Filling up the DagBag from /home/airflow/.local/lib/python3.12/site-packages/airflow/example_dags/example_dataset_alias_with_no_taskflow.py
[2024-08-24T03:10:08.516+0000] {processor.py:925} INFO - DAG(s) 'dataset_alias_example_alias_consumer_with_no_taskflow', 'dataset_alias_example_alias_producer_with_no_taskflow', 'dataset_s3_bucket_producer_with_no_taskflow', 'dataset_s3_bucket_consumer_with_no_taskflow' retrieved from /home/airflow/.local/lib/python3.12/site-packages/airflow/example_dags/example_dataset_alias_with_no_taskflow.py
[2024-08-24T03:10:08.649+0000] {logging_mixin.py:190} INFO - [2024-08-24T03:10:08.648+0000] {dag.py:3211} INFO - Sync 4 DAGs
[2024-08-24T03:10:08.708+0000] {logging_mixin.py:190} INFO - [2024-08-24T03:10:08.708+0000] {dag.py:4138} INFO - Setting next_dagrun for dataset_alias_example_alias_consumer_with_no_taskflow to None, run_after=None
[2024-08-24T03:10:08.721+0000] {logging_mixin.py:190} INFO - [2024-08-24T03:10:08.721+0000] {dag.py:4138} INFO - Setting next_dagrun for dataset_alias_example_alias_producer_with_no_taskflow to None, run_after=None
[2024-08-24T03:10:08.724+0000] {logging_mixin.py:190} INFO - [2024-08-24T03:10:08.724+0000] {dag.py:4138} INFO - Setting next_dagrun for dataset_s3_bucket_consumer_with_no_taskflow to None, run_after=None
[2024-08-24T03:10:08.728+0000] {logging_mixin.py:190} INFO - [2024-08-24T03:10:08.728+0000] {dag.py:4138} INFO - Setting next_dagrun for dataset_s3_bucket_producer_with_no_taskflow to None, run_after=None
[2024-08-24T03:10:08.786+0000] {processor.py:208} INFO - Processing /home/airflow/.local/lib/python3.12/site-packages/airflow/example_dags/example_dataset_alias_with_no_taskflow.py took 0.811 seconds
[2024-08-24T03:10:38.988+0000] {processor.py:186} INFO - Started process (PID=284) to work on /home/airflow/.local/lib/python3.12/site-packages/airflow/example_dags/example_dataset_alias_with_no_taskflow.py
[2024-08-24T03:10:38.990+0000] {processor.py:914} INFO - Processing file /home/airflow/.local/lib/python3.12/site-packages/airflow/example_dags/example_dataset_alias_with_no_taskflow.py for tasks to queue
[2024-08-24T03:10:38.994+0000] {logging_mixin.py:190} INFO - [2024-08-24T03:10:38.993+0000] {dagbag.py:587} INFO - Filling up the DagBag from /home/airflow/.local/lib/python3.12/site-packages/airflow/example_dags/example_dataset_alias_with_no_taskflow.py
[2024-08-24T03:10:39.565+0000] {processor.py:925} INFO - DAG(s) 'dataset_s3_bucket_consumer_with_no_taskflow', 'dataset_alias_example_alias_producer_with_no_taskflow', 'dataset_alias_example_alias_consumer_with_no_taskflow', 'dataset_s3_bucket_producer_with_no_taskflow' retrieved from /home/airflow/.local/lib/python3.12/site-packages/airflow/example_dags/example_dataset_alias_with_no_taskflow.py
[2024-08-24T03:10:39.606+0000] {logging_mixin.py:190} INFO - [2024-08-24T03:10:39.605+0000] {dag.py:3211} INFO - Sync 4 DAGs
[2024-08-24T03:10:39.646+0000] {logging_mixin.py:190} INFO - [2024-08-24T03:10:39.645+0000] {dag.py:4138} INFO - Setting next_dagrun for dataset_alias_example_alias_consumer_with_no_taskflow to None, run_after=None
[2024-08-24T03:10:39.652+0000] {logging_mixin.py:190} INFO - [2024-08-24T03:10:39.652+0000] {dag.py:4138} INFO - Setting next_dagrun for dataset_alias_example_alias_producer_with_no_taskflow to None, run_after=None
[2024-08-24T03:10:39.661+0000] {logging_mixin.py:190} INFO - [2024-08-24T03:10:39.660+0000] {dag.py:4138} INFO - Setting next_dagrun for dataset_s3_bucket_consumer_with_no_taskflow to None, run_after=None
[2024-08-24T03:10:39.668+0000] {logging_mixin.py:190} INFO - [2024-08-24T03:10:39.667+0000] {dag.py:4138} INFO - Setting next_dagrun for dataset_s3_bucket_producer_with_no_taskflow to None, run_after=None
[2024-08-24T03:10:39.705+0000] {processor.py:208} INFO - Processing /home/airflow/.local/lib/python3.12/site-packages/airflow/example_dags/example_dataset_alias_with_no_taskflow.py took 0.729 seconds
[2024-08-24T03:11:10.590+0000] {processor.py:186} INFO - Started process (PID=348) to work on /home/airflow/.local/lib/python3.12/site-packages/airflow/example_dags/example_dataset_alias_with_no_taskflow.py
[2024-08-24T03:11:10.620+0000] {processor.py:914} INFO - Processing file /home/airflow/.local/lib/python3.12/site-packages/airflow/example_dags/example_dataset_alias_with_no_taskflow.py for tasks to queue
[2024-08-24T03:11:10.624+0000] {logging_mixin.py:190} INFO - [2024-08-24T03:11:10.623+0000] {dagbag.py:587} INFO - Filling up the DagBag from /home/airflow/.local/lib/python3.12/site-packages/airflow/example_dags/example_dataset_alias_with_no_taskflow.py
[2024-08-24T03:11:11.224+0000] {processor.py:925} INFO - DAG(s) 'dataset_s3_bucket_producer_with_no_taskflow', 'dataset_alias_example_alias_consumer_with_no_taskflow', 'dataset_alias_example_alias_producer_with_no_taskflow', 'dataset_s3_bucket_consumer_with_no_taskflow' retrieved from /home/airflow/.local/lib/python3.12/site-packages/airflow/example_dags/example_dataset_alias_with_no_taskflow.py
[2024-08-24T03:11:11.399+0000] {logging_mixin.py:190} INFO - [2024-08-24T03:11:11.399+0000] {dag.py:3211} INFO - Sync 4 DAGs
[2024-08-24T03:11:11.485+0000] {logging_mixin.py:190} INFO - [2024-08-24T03:11:11.484+0000] {dag.py:4138} INFO - Setting next_dagrun for dataset_alias_example_alias_consumer_with_no_taskflow to None, run_after=None
[2024-08-24T03:11:11.489+0000] {logging_mixin.py:190} INFO - [2024-08-24T03:11:11.488+0000] {dag.py:4138} INFO - Setting next_dagrun for dataset_alias_example_alias_producer_with_no_taskflow to None, run_after=None
[2024-08-24T03:11:11.494+0000] {logging_mixin.py:190} INFO - [2024-08-24T03:11:11.493+0000] {dag.py:4138} INFO - Setting next_dagrun for dataset_s3_bucket_consumer_with_no_taskflow to None, run_after=None
[2024-08-24T03:11:11.497+0000] {logging_mixin.py:190} INFO - [2024-08-24T03:11:11.497+0000] {dag.py:4138} INFO - Setting next_dagrun for dataset_s3_bucket_producer_with_no_taskflow to None, run_after=None
[2024-08-24T03:11:11.563+0000] {processor.py:208} INFO - Processing /home/airflow/.local/lib/python3.12/site-packages/airflow/example_dags/example_dataset_alias_with_no_taskflow.py took 0.998 seconds
[2024-08-24T03:11:41.864+0000] {processor.py:186} INFO - Started process (PID=410) to work on /home/airflow/.local/lib/python3.12/site-packages/airflow/example_dags/example_dataset_alias_with_no_taskflow.py
[2024-08-24T03:11:41.886+0000] {processor.py:914} INFO - Processing file /home/airflow/.local/lib/python3.12/site-packages/airflow/example_dags/example_dataset_alias_with_no_taskflow.py for tasks to queue
[2024-08-24T03:11:41.905+0000] {logging_mixin.py:190} INFO - [2024-08-24T03:11:41.905+0000] {dagbag.py:587} INFO - Filling up the DagBag from /home/airflow/.local/lib/python3.12/site-packages/airflow/example_dags/example_dataset_alias_with_no_taskflow.py
[2024-08-24T03:11:42.212+0000] {processor.py:925} INFO - DAG(s) 'dataset_alias_example_alias_consumer_with_no_taskflow', 'dataset_alias_example_alias_producer_with_no_taskflow', 'dataset_s3_bucket_producer_with_no_taskflow', 'dataset_s3_bucket_consumer_with_no_taskflow' retrieved from /home/airflow/.local/lib/python3.12/site-packages/airflow/example_dags/example_dataset_alias_with_no_taskflow.py
[2024-08-24T03:11:42.282+0000] {logging_mixin.py:190} INFO - [2024-08-24T03:11:42.281+0000] {dag.py:3211} INFO - Sync 4 DAGs
[2024-08-24T03:11:42.314+0000] {logging_mixin.py:190} INFO - [2024-08-24T03:11:42.314+0000] {dag.py:4138} INFO - Setting next_dagrun for dataset_alias_example_alias_consumer_with_no_taskflow to None, run_after=None
[2024-08-24T03:11:42.318+0000] {logging_mixin.py:190} INFO - [2024-08-24T03:11:42.318+0000] {dag.py:4138} INFO - Setting next_dagrun for dataset_alias_example_alias_producer_with_no_taskflow to None, run_after=None
[2024-08-24T03:11:42.320+0000] {logging_mixin.py:190} INFO - [2024-08-24T03:11:42.320+0000] {dag.py:4138} INFO - Setting next_dagrun for dataset_s3_bucket_consumer_with_no_taskflow to None, run_after=None
[2024-08-24T03:11:42.322+0000] {logging_mixin.py:190} INFO - [2024-08-24T03:11:42.321+0000] {dag.py:4138} INFO - Setting next_dagrun for dataset_s3_bucket_producer_with_no_taskflow to None, run_after=None
[2024-08-24T03:11:42.354+0000] {processor.py:208} INFO - Processing /home/airflow/.local/lib/python3.12/site-packages/airflow/example_dags/example_dataset_alias_with_no_taskflow.py took 0.507 seconds
[2024-08-24T03:12:12.493+0000] {processor.py:186} INFO - Started process (PID=473) to work on /home/airflow/.local/lib/python3.12/site-packages/airflow/example_dags/example_dataset_alias_with_no_taskflow.py
[2024-08-24T03:12:12.500+0000] {processor.py:914} INFO - Processing file /home/airflow/.local/lib/python3.12/site-packages/airflow/example_dags/example_dataset_alias_with_no_taskflow.py for tasks to queue
[2024-08-24T03:12:12.504+0000] {logging_mixin.py:190} INFO - [2024-08-24T03:12:12.503+0000] {dagbag.py:587} INFO - Filling up the DagBag from /home/airflow/.local/lib/python3.12/site-packages/airflow/example_dags/example_dataset_alias_with_no_taskflow.py
[2024-08-24T03:12:12.919+0000] {processor.py:925} INFO - DAG(s) 'dataset_alias_example_alias_consumer_with_no_taskflow', 'dataset_alias_example_alias_producer_with_no_taskflow', 'dataset_s3_bucket_consumer_with_no_taskflow', 'dataset_s3_bucket_producer_with_no_taskflow' retrieved from /home/airflow/.local/lib/python3.12/site-packages/airflow/example_dags/example_dataset_alias_with_no_taskflow.py
[2024-08-24T03:12:12.954+0000] {logging_mixin.py:190} INFO - [2024-08-24T03:12:12.954+0000] {dag.py:3211} INFO - Sync 4 DAGs
[2024-08-24T03:12:12.985+0000] {logging_mixin.py:190} INFO - [2024-08-24T03:12:12.984+0000] {dag.py:4138} INFO - Setting next_dagrun for dataset_alias_example_alias_consumer_with_no_taskflow to None, run_after=None
[2024-08-24T03:12:12.988+0000] {logging_mixin.py:190} INFO - [2024-08-24T03:12:12.987+0000] {dag.py:4138} INFO - Setting next_dagrun for dataset_alias_example_alias_producer_with_no_taskflow to None, run_after=None
[2024-08-24T03:12:12.989+0000] {logging_mixin.py:190} INFO - [2024-08-24T03:12:12.989+0000] {dag.py:4138} INFO - Setting next_dagrun for dataset_s3_bucket_consumer_with_no_taskflow to None, run_after=None
[2024-08-24T03:12:12.991+0000] {logging_mixin.py:190} INFO - [2024-08-24T03:12:12.991+0000] {dag.py:4138} INFO - Setting next_dagrun for dataset_s3_bucket_producer_with_no_taskflow to None, run_after=None
[2024-08-24T03:12:13.023+0000] {processor.py:208} INFO - Processing /home/airflow/.local/lib/python3.12/site-packages/airflow/example_dags/example_dataset_alias_with_no_taskflow.py took 0.553 seconds
[2024-08-24T03:12:43.121+0000] {processor.py:186} INFO - Started process (PID=537) to work on /home/airflow/.local/lib/python3.12/site-packages/airflow/example_dags/example_dataset_alias_with_no_taskflow.py
[2024-08-24T03:12:43.123+0000] {processor.py:914} INFO - Processing file /home/airflow/.local/lib/python3.12/site-packages/airflow/example_dags/example_dataset_alias_with_no_taskflow.py for tasks to queue
[2024-08-24T03:12:43.127+0000] {logging_mixin.py:190} INFO - [2024-08-24T03:12:43.126+0000] {dagbag.py:587} INFO - Filling up the DagBag from /home/airflow/.local/lib/python3.12/site-packages/airflow/example_dags/example_dataset_alias_with_no_taskflow.py
[2024-08-24T03:12:43.471+0000] {processor.py:925} INFO - DAG(s) 'dataset_s3_bucket_consumer_with_no_taskflow', 'dataset_s3_bucket_producer_with_no_taskflow', 'dataset_alias_example_alias_consumer_with_no_taskflow', 'dataset_alias_example_alias_producer_with_no_taskflow' retrieved from /home/airflow/.local/lib/python3.12/site-packages/airflow/example_dags/example_dataset_alias_with_no_taskflow.py
[2024-08-24T03:12:43.506+0000] {logging_mixin.py:190} INFO - [2024-08-24T03:12:43.506+0000] {dag.py:3211} INFO - Sync 4 DAGs
[2024-08-24T03:12:43.538+0000] {logging_mixin.py:190} INFO - [2024-08-24T03:12:43.538+0000] {dag.py:4138} INFO - Setting next_dagrun for dataset_alias_example_alias_consumer_with_no_taskflow to None, run_after=None
[2024-08-24T03:12:43.541+0000] {logging_mixin.py:190} INFO - [2024-08-24T03:12:43.541+0000] {dag.py:4138} INFO - Setting next_dagrun for dataset_alias_example_alias_producer_with_no_taskflow to None, run_after=None
[2024-08-24T03:12:43.544+0000] {logging_mixin.py:190} INFO - [2024-08-24T03:12:43.544+0000] {dag.py:4138} INFO - Setting next_dagrun for dataset_s3_bucket_consumer_with_no_taskflow to None, run_after=None
[2024-08-24T03:12:43.545+0000] {logging_mixin.py:190} INFO - [2024-08-24T03:12:43.545+0000] {dag.py:4138} INFO - Setting next_dagrun for dataset_s3_bucket_producer_with_no_taskflow to None, run_after=None
[2024-08-24T03:12:43.579+0000] {processor.py:208} INFO - Processing /home/airflow/.local/lib/python3.12/site-packages/airflow/example_dags/example_dataset_alias_with_no_taskflow.py took 0.472 seconds
[2024-08-24T03:13:14.626+0000] {processor.py:186} INFO - Started process (PID=603) to work on /home/airflow/.local/lib/python3.12/site-packages/airflow/example_dags/example_dataset_alias_with_no_taskflow.py
[2024-08-24T03:13:14.627+0000] {processor.py:914} INFO - Processing file /home/airflow/.local/lib/python3.12/site-packages/airflow/example_dags/example_dataset_alias_with_no_taskflow.py for tasks to queue
[2024-08-24T03:13:14.642+0000] {logging_mixin.py:190} INFO - [2024-08-24T03:13:14.640+0000] {dagbag.py:587} INFO - Filling up the DagBag from /home/airflow/.local/lib/python3.12/site-packages/airflow/example_dags/example_dataset_alias_with_no_taskflow.py
[2024-08-24T03:13:16.340+0000] {processor.py:925} INFO - DAG(s) 'dataset_s3_bucket_producer_with_no_taskflow', 'dataset_alias_example_alias_consumer_with_no_taskflow', 'dataset_s3_bucket_consumer_with_no_taskflow', 'dataset_alias_example_alias_producer_with_no_taskflow' retrieved from /home/airflow/.local/lib/python3.12/site-packages/airflow/example_dags/example_dataset_alias_with_no_taskflow.py
[2024-08-24T03:13:16.655+0000] {logging_mixin.py:190} INFO - [2024-08-24T03:13:16.654+0000] {dag.py:3211} INFO - Sync 4 DAGs
[2024-08-24T03:13:16.807+0000] {logging_mixin.py:190} INFO - [2024-08-24T03:13:16.807+0000] {dag.py:4138} INFO - Setting next_dagrun for dataset_alias_example_alias_consumer_with_no_taskflow to None, run_after=None
[2024-08-24T03:13:16.815+0000] {logging_mixin.py:190} INFO - [2024-08-24T03:13:16.814+0000] {dag.py:4138} INFO - Setting next_dagrun for dataset_alias_example_alias_producer_with_no_taskflow to None, run_after=None
[2024-08-24T03:13:16.817+0000] {logging_mixin.py:190} INFO - [2024-08-24T03:13:16.817+0000] {dag.py:4138} INFO - Setting next_dagrun for dataset_s3_bucket_consumer_with_no_taskflow to None, run_after=None
[2024-08-24T03:13:16.831+0000] {logging_mixin.py:190} INFO - [2024-08-24T03:13:16.831+0000] {dag.py:4138} INFO - Setting next_dagrun for dataset_s3_bucket_producer_with_no_taskflow to None, run_after=None
[2024-08-24T03:13:16.963+0000] {processor.py:208} INFO - Processing /home/airflow/.local/lib/python3.12/site-packages/airflow/example_dags/example_dataset_alias_with_no_taskflow.py took 2.457 seconds
[2024-08-24T03:13:47.661+0000] {processor.py:186} INFO - Started process (PID=668) to work on /home/airflow/.local/lib/python3.12/site-packages/airflow/example_dags/example_dataset_alias_with_no_taskflow.py
[2024-08-24T03:13:47.663+0000] {processor.py:914} INFO - Processing file /home/airflow/.local/lib/python3.12/site-packages/airflow/example_dags/example_dataset_alias_with_no_taskflow.py for tasks to queue
[2024-08-24T03:13:47.674+0000] {logging_mixin.py:190} INFO - [2024-08-24T03:13:47.674+0000] {dagbag.py:587} INFO - Filling up the DagBag from /home/airflow/.local/lib/python3.12/site-packages/airflow/example_dags/example_dataset_alias_with_no_taskflow.py
[2024-08-24T03:13:48.021+0000] {processor.py:925} INFO - DAG(s) 'dataset_s3_bucket_consumer_with_no_taskflow', 'dataset_alias_example_alias_consumer_with_no_taskflow', 'dataset_s3_bucket_producer_with_no_taskflow', 'dataset_alias_example_alias_producer_with_no_taskflow' retrieved from /home/airflow/.local/lib/python3.12/site-packages/airflow/example_dags/example_dataset_alias_with_no_taskflow.py
[2024-08-24T03:13:48.047+0000] {logging_mixin.py:190} INFO - [2024-08-24T03:13:48.047+0000] {dag.py:3211} INFO - Sync 4 DAGs
[2024-08-24T03:13:48.098+0000] {logging_mixin.py:190} INFO - [2024-08-24T03:13:48.098+0000] {dag.py:4138} INFO - Setting next_dagrun for dataset_alias_example_alias_consumer_with_no_taskflow to None, run_after=None
[2024-08-24T03:13:48.102+0000] {logging_mixin.py:190} INFO - [2024-08-24T03:13:48.102+0000] {dag.py:4138} INFO - Setting next_dagrun for dataset_alias_example_alias_producer_with_no_taskflow to None, run_after=None
[2024-08-24T03:13:48.103+0000] {logging_mixin.py:190} INFO - [2024-08-24T03:13:48.103+0000] {dag.py:4138} INFO - Setting next_dagrun for dataset_s3_bucket_consumer_with_no_taskflow to None, run_after=None
[2024-08-24T03:13:48.104+0000] {logging_mixin.py:190} INFO - [2024-08-24T03:13:48.104+0000] {dag.py:4138} INFO - Setting next_dagrun for dataset_s3_bucket_producer_with_no_taskflow to None, run_after=None
[2024-08-24T03:13:48.138+0000] {processor.py:208} INFO - Processing /home/airflow/.local/lib/python3.12/site-packages/airflow/example_dags/example_dataset_alias_with_no_taskflow.py took 0.502 seconds
[2024-08-24T03:14:18.257+0000] {processor.py:186} INFO - Started process (PID=731) to work on /home/airflow/.local/lib/python3.12/site-packages/airflow/example_dags/example_dataset_alias_with_no_taskflow.py
[2024-08-24T03:14:18.258+0000] {processor.py:914} INFO - Processing file /home/airflow/.local/lib/python3.12/site-packages/airflow/example_dags/example_dataset_alias_with_no_taskflow.py for tasks to queue
[2024-08-24T03:14:18.262+0000] {logging_mixin.py:190} INFO - [2024-08-24T03:14:18.261+0000] {dagbag.py:587} INFO - Filling up the DagBag from /home/airflow/.local/lib/python3.12/site-packages/airflow/example_dags/example_dataset_alias_with_no_taskflow.py
[2024-08-24T03:14:18.481+0000] {processor.py:925} INFO - DAG(s) 'dataset_alias_example_alias_consumer_with_no_taskflow', 'dataset_alias_example_alias_producer_with_no_taskflow', 'dataset_s3_bucket_producer_with_no_taskflow', 'dataset_s3_bucket_consumer_with_no_taskflow' retrieved from /home/airflow/.local/lib/python3.12/site-packages/airflow/example_dags/example_dataset_alias_with_no_taskflow.py
[2024-08-24T03:14:18.511+0000] {logging_mixin.py:190} INFO - [2024-08-24T03:14:18.510+0000] {dag.py:3211} INFO - Sync 4 DAGs
[2024-08-24T03:14:18.548+0000] {logging_mixin.py:190} INFO - [2024-08-24T03:14:18.548+0000] {dag.py:4138} INFO - Setting next_dagrun for dataset_alias_example_alias_consumer_with_no_taskflow to None, run_after=None
[2024-08-24T03:14:18.554+0000] {logging_mixin.py:190} INFO - [2024-08-24T03:14:18.554+0000] {dag.py:4138} INFO - Setting next_dagrun for dataset_alias_example_alias_producer_with_no_taskflow to None, run_after=None
[2024-08-24T03:14:18.556+0000] {logging_mixin.py:190} INFO - [2024-08-24T03:14:18.556+0000] {dag.py:4138} INFO - Setting next_dagrun for dataset_s3_bucket_consumer_with_no_taskflow to None, run_after=None
[2024-08-24T03:14:18.557+0000] {logging_mixin.py:190} INFO - [2024-08-24T03:14:18.557+0000] {dag.py:4138} INFO - Setting next_dagrun for dataset_s3_bucket_producer_with_no_taskflow to None, run_after=None
[2024-08-24T03:14:18.592+0000] {processor.py:208} INFO - Processing /home/airflow/.local/lib/python3.12/site-packages/airflow/example_dags/example_dataset_alias_with_no_taskflow.py took 0.346 seconds
[2024-08-24T03:14:48.924+0000] {processor.py:186} INFO - Started process (PID=793) to work on /home/airflow/.local/lib/python3.12/site-packages/airflow/example_dags/example_dataset_alias_with_no_taskflow.py
[2024-08-24T03:14:48.926+0000] {processor.py:914} INFO - Processing file /home/airflow/.local/lib/python3.12/site-packages/airflow/example_dags/example_dataset_alias_with_no_taskflow.py for tasks to queue
[2024-08-24T03:14:48.929+0000] {logging_mixin.py:190} INFO - [2024-08-24T03:14:48.929+0000] {dagbag.py:587} INFO - Filling up the DagBag from /home/airflow/.local/lib/python3.12/site-packages/airflow/example_dags/example_dataset_alias_with_no_taskflow.py
[2024-08-24T03:14:49.174+0000] {processor.py:925} INFO - DAG(s) 'dataset_alias_example_alias_producer_with_no_taskflow', 'dataset_s3_bucket_producer_with_no_taskflow', 'dataset_s3_bucket_consumer_with_no_taskflow', 'dataset_alias_example_alias_consumer_with_no_taskflow' retrieved from /home/airflow/.local/lib/python3.12/site-packages/airflow/example_dags/example_dataset_alias_with_no_taskflow.py
[2024-08-24T03:14:49.208+0000] {logging_mixin.py:190} INFO - [2024-08-24T03:14:49.207+0000] {dag.py:3211} INFO - Sync 4 DAGs
[2024-08-24T03:14:49.248+0000] {logging_mixin.py:190} INFO - [2024-08-24T03:14:49.248+0000] {dag.py:4138} INFO - Setting next_dagrun for dataset_alias_example_alias_consumer_with_no_taskflow to None, run_after=None
[2024-08-24T03:14:49.252+0000] {logging_mixin.py:190} INFO - [2024-08-24T03:14:49.252+0000] {dag.py:4138} INFO - Setting next_dagrun for dataset_alias_example_alias_producer_with_no_taskflow to None, run_after=None
[2024-08-24T03:14:49.254+0000] {logging_mixin.py:190} INFO - [2024-08-24T03:14:49.254+0000] {dag.py:4138} INFO - Setting next_dagrun for dataset_s3_bucket_consumer_with_no_taskflow to None, run_after=None
[2024-08-24T03:14:49.256+0000] {logging_mixin.py:190} INFO - [2024-08-24T03:14:49.256+0000] {dag.py:4138} INFO - Setting next_dagrun for dataset_s3_bucket_producer_with_no_taskflow to None, run_after=None
[2024-08-24T03:14:49.303+0000] {processor.py:208} INFO - Processing /home/airflow/.local/lib/python3.12/site-packages/airflow/example_dags/example_dataset_alias_with_no_taskflow.py took 0.389 seconds
[2024-08-24T03:15:19.495+0000] {processor.py:186} INFO - Started process (PID=856) to work on /home/airflow/.local/lib/python3.12/site-packages/airflow/example_dags/example_dataset_alias_with_no_taskflow.py
[2024-08-24T03:15:19.500+0000] {processor.py:914} INFO - Processing file /home/airflow/.local/lib/python3.12/site-packages/airflow/example_dags/example_dataset_alias_with_no_taskflow.py for tasks to queue
[2024-08-24T03:15:19.504+0000] {logging_mixin.py:190} INFO - [2024-08-24T03:15:19.503+0000] {dagbag.py:587} INFO - Filling up the DagBag from /home/airflow/.local/lib/python3.12/site-packages/airflow/example_dags/example_dataset_alias_with_no_taskflow.py
[2024-08-24T03:15:19.745+0000] {processor.py:925} INFO - DAG(s) 'dataset_alias_example_alias_producer_with_no_taskflow', 'dataset_s3_bucket_consumer_with_no_taskflow', 'dataset_alias_example_alias_consumer_with_no_taskflow', 'dataset_s3_bucket_producer_with_no_taskflow' retrieved from /home/airflow/.local/lib/python3.12/site-packages/airflow/example_dags/example_dataset_alias_with_no_taskflow.py
[2024-08-24T03:15:19.771+0000] {logging_mixin.py:190} INFO - [2024-08-24T03:15:19.770+0000] {dag.py:3211} INFO - Sync 4 DAGs
[2024-08-24T03:15:19.801+0000] {logging_mixin.py:190} INFO - [2024-08-24T03:15:19.801+0000] {dag.py:4138} INFO - Setting next_dagrun for dataset_alias_example_alias_consumer_with_no_taskflow to None, run_after=None
[2024-08-24T03:15:19.811+0000] {logging_mixin.py:190} INFO - [2024-08-24T03:15:19.810+0000] {dag.py:4138} INFO - Setting next_dagrun for dataset_alias_example_alias_producer_with_no_taskflow to None, run_after=None
[2024-08-24T03:15:19.813+0000] {logging_mixin.py:190} INFO - [2024-08-24T03:15:19.812+0000] {dag.py:4138} INFO - Setting next_dagrun for dataset_s3_bucket_consumer_with_no_taskflow to None, run_after=None
[2024-08-24T03:15:19.815+0000] {logging_mixin.py:190} INFO - [2024-08-24T03:15:19.815+0000] {dag.py:4138} INFO - Setting next_dagrun for dataset_s3_bucket_producer_with_no_taskflow to None, run_after=None
[2024-08-24T03:15:19.868+0000] {processor.py:208} INFO - Processing /home/airflow/.local/lib/python3.12/site-packages/airflow/example_dags/example_dataset_alias_with_no_taskflow.py took 0.380 seconds
[2024-08-24T03:15:53.380+0000] {processor.py:186} INFO - Started process (PID=919) to work on /home/airflow/.local/lib/python3.12/site-packages/airflow/example_dags/example_dataset_alias_with_no_taskflow.py
[2024-08-24T03:15:53.384+0000] {processor.py:914} INFO - Processing file /home/airflow/.local/lib/python3.12/site-packages/airflow/example_dags/example_dataset_alias_with_no_taskflow.py for tasks to queue
[2024-08-24T03:15:53.389+0000] {logging_mixin.py:190} INFO - [2024-08-24T03:15:53.388+0000] {dagbag.py:587} INFO - Filling up the DagBag from /home/airflow/.local/lib/python3.12/site-packages/airflow/example_dags/example_dataset_alias_with_no_taskflow.py
[2024-08-24T03:15:56.713+0000] {processor.py:925} INFO - DAG(s) 'dataset_alias_example_alias_producer_with_no_taskflow', 'dataset_alias_example_alias_consumer_with_no_taskflow', 'dataset_s3_bucket_producer_with_no_taskflow', 'dataset_s3_bucket_consumer_with_no_taskflow' retrieved from /home/airflow/.local/lib/python3.12/site-packages/airflow/example_dags/example_dataset_alias_with_no_taskflow.py
[2024-08-24T03:15:57.073+0000] {logging_mixin.py:190} INFO - [2024-08-24T03:15:57.073+0000] {dag.py:3211} INFO - Sync 4 DAGs
[2024-08-24T03:15:57.204+0000] {logging_mixin.py:190} INFO - [2024-08-24T03:15:57.204+0000] {dag.py:4138} INFO - Setting next_dagrun for dataset_alias_example_alias_consumer_with_no_taskflow to None, run_after=None
[2024-08-24T03:15:57.208+0000] {logging_mixin.py:190} INFO - [2024-08-24T03:15:57.207+0000] {dag.py:4138} INFO - Setting next_dagrun for dataset_alias_example_alias_producer_with_no_taskflow to None, run_after=None
[2024-08-24T03:15:57.211+0000] {logging_mixin.py:190} INFO - [2024-08-24T03:15:57.211+0000] {dag.py:4138} INFO - Setting next_dagrun for dataset_s3_bucket_consumer_with_no_taskflow to None, run_after=None
[2024-08-24T03:15:57.213+0000] {logging_mixin.py:190} INFO - [2024-08-24T03:15:57.213+0000] {dag.py:4138} INFO - Setting next_dagrun for dataset_s3_bucket_producer_with_no_taskflow to None, run_after=None
[2024-08-24T03:15:57.468+0000] {processor.py:208} INFO - Processing /home/airflow/.local/lib/python3.12/site-packages/airflow/example_dags/example_dataset_alias_with_no_taskflow.py took 4.103 seconds
[2024-08-24T03:21:32.441+0000] {processor.py:186} INFO - Started process (PID=73) to work on /home/airflow/.local/lib/python3.12/site-packages/airflow/example_dags/example_dataset_alias_with_no_taskflow.py
[2024-08-24T03:21:32.448+0000] {processor.py:914} INFO - Processing file /home/airflow/.local/lib/python3.12/site-packages/airflow/example_dags/example_dataset_alias_with_no_taskflow.py for tasks to queue
[2024-08-24T03:21:32.497+0000] {logging_mixin.py:190} INFO - [2024-08-24T03:21:32.496+0000] {dagbag.py:587} INFO - Filling up the DagBag from /home/airflow/.local/lib/python3.12/site-packages/airflow/example_dags/example_dataset_alias_with_no_taskflow.py
[2024-08-24T03:21:41.871+0000] {processor.py:925} INFO - DAG(s) 'dataset_alias_example_alias_consumer_with_no_taskflow', 'dataset_alias_example_alias_producer_with_no_taskflow', 'dataset_s3_bucket_producer_with_no_taskflow', 'dataset_s3_bucket_consumer_with_no_taskflow' retrieved from /home/airflow/.local/lib/python3.12/site-packages/airflow/example_dags/example_dataset_alias_with_no_taskflow.py
[2024-08-24T03:21:42.208+0000] {logging_mixin.py:190} INFO - [2024-08-24T03:21:42.207+0000] {dag.py:3211} INFO - Sync 4 DAGs
[2024-08-24T03:21:42.366+0000] {logging_mixin.py:190} INFO - [2024-08-24T03:21:42.365+0000] {dag.py:4138} INFO - Setting next_dagrun for dataset_alias_example_alias_consumer_with_no_taskflow to None, run_after=None
[2024-08-24T03:21:42.934+0000] {logging_mixin.py:190} INFO - [2024-08-24T03:21:42.526+0000] {dag.py:4138} INFO - Setting next_dagrun for dataset_alias_example_alias_producer_with_no_taskflow to None, run_after=None
[2024-08-24T03:21:43.116+0000] {logging_mixin.py:190} INFO - [2024-08-24T03:21:43.115+0000] {dag.py:4138} INFO - Setting next_dagrun for dataset_s3_bucket_consumer_with_no_taskflow to None, run_after=None
[2024-08-24T03:21:43.539+0000] {logging_mixin.py:190} INFO - [2024-08-24T03:21:43.538+0000] {dag.py:4138} INFO - Setting next_dagrun for dataset_s3_bucket_producer_with_no_taskflow to None, run_after=None
[2024-08-24T03:21:44.200+0000] {processor.py:208} INFO - Processing /home/airflow/.local/lib/python3.12/site-packages/airflow/example_dags/example_dataset_alias_with_no_taskflow.py took 12.707 seconds
[2024-08-24T03:36:38.983+0000] {processor.py:186} INFO - Started process (PID=56) to work on /home/airflow/.local/lib/python3.12/site-packages/airflow/example_dags/example_dataset_alias_with_no_taskflow.py
[2024-08-24T03:36:39.010+0000] {processor.py:914} INFO - Processing file /home/airflow/.local/lib/python3.12/site-packages/airflow/example_dags/example_dataset_alias_with_no_taskflow.py for tasks to queue
[2024-08-24T03:36:39.110+0000] {logging_mixin.py:190} INFO - [2024-08-24T03:36:39.110+0000] {dagbag.py:587} INFO - Filling up the DagBag from /home/airflow/.local/lib/python3.12/site-packages/airflow/example_dags/example_dataset_alias_with_no_taskflow.py
[2024-08-24T03:36:40.395+0000] {processor.py:925} INFO - DAG(s) 'dataset_s3_bucket_producer_with_no_taskflow', 'dataset_alias_example_alias_producer_with_no_taskflow', 'dataset_alias_example_alias_consumer_with_no_taskflow', 'dataset_s3_bucket_consumer_with_no_taskflow' retrieved from /home/airflow/.local/lib/python3.12/site-packages/airflow/example_dags/example_dataset_alias_with_no_taskflow.py
[2024-08-24T03:36:40.670+0000] {logging_mixin.py:190} INFO - [2024-08-24T03:36:40.669+0000] {dag.py:3211} INFO - Sync 4 DAGs
[2024-08-24T03:36:40.725+0000] {logging_mixin.py:190} INFO - [2024-08-24T03:36:40.725+0000] {dag.py:4138} INFO - Setting next_dagrun for dataset_alias_example_alias_consumer_with_no_taskflow to None, run_after=None
[2024-08-24T03:36:40.730+0000] {logging_mixin.py:190} INFO - [2024-08-24T03:36:40.729+0000] {dag.py:4138} INFO - Setting next_dagrun for dataset_alias_example_alias_producer_with_no_taskflow to None, run_after=None
[2024-08-24T03:36:40.734+0000] {logging_mixin.py:190} INFO - [2024-08-24T03:36:40.733+0000] {dag.py:4138} INFO - Setting next_dagrun for dataset_s3_bucket_consumer_with_no_taskflow to None, run_after=None
[2024-08-24T03:36:40.736+0000] {logging_mixin.py:190} INFO - [2024-08-24T03:36:40.736+0000] {dag.py:4138} INFO - Setting next_dagrun for dataset_s3_bucket_producer_with_no_taskflow to None, run_after=None
[2024-08-24T03:36:41.250+0000] {processor.py:208} INFO - Processing /home/airflow/.local/lib/python3.12/site-packages/airflow/example_dags/example_dataset_alias_with_no_taskflow.py took 2.274 seconds
[2024-08-24T18:08:36.393+0000] {processor.py:186} INFO - Started process (PID=62) to work on /home/airflow/.local/lib/python3.12/site-packages/airflow/example_dags/example_dataset_alias_with_no_taskflow.py
[2024-08-24T18:08:36.399+0000] {processor.py:914} INFO - Processing file /home/airflow/.local/lib/python3.12/site-packages/airflow/example_dags/example_dataset_alias_with_no_taskflow.py for tasks to queue
[2024-08-24T18:08:36.497+0000] {logging_mixin.py:190} INFO - [2024-08-24T18:08:36.484+0000] {dagbag.py:587} INFO - Filling up the DagBag from /home/airflow/.local/lib/python3.12/site-packages/airflow/example_dags/example_dataset_alias_with_no_taskflow.py
[2024-08-24T18:08:47.015+0000] {processor.py:925} INFO - DAG(s) 'dataset_alias_example_alias_consumer_with_no_taskflow', 'dataset_s3_bucket_producer_with_no_taskflow', 'dataset_alias_example_alias_producer_with_no_taskflow', 'dataset_s3_bucket_consumer_with_no_taskflow' retrieved from /home/airflow/.local/lib/python3.12/site-packages/airflow/example_dags/example_dataset_alias_with_no_taskflow.py
[2024-08-24T18:08:47.484+0000] {logging_mixin.py:190} INFO - [2024-08-24T18:08:47.483+0000] {dag.py:3211} INFO - Sync 4 DAGs
[2024-08-24T18:08:47.803+0000] {logging_mixin.py:190} INFO - [2024-08-24T18:08:47.800+0000] {dag.py:4138} INFO - Setting next_dagrun for dataset_alias_example_alias_consumer_with_no_taskflow to None, run_after=None
[2024-08-24T18:08:47.810+0000] {logging_mixin.py:190} INFO - [2024-08-24T18:08:47.810+0000] {dag.py:4138} INFO - Setting next_dagrun for dataset_alias_example_alias_producer_with_no_taskflow to None, run_after=None
[2024-08-24T18:08:47.813+0000] {logging_mixin.py:190} INFO - [2024-08-24T18:08:47.813+0000] {dag.py:4138} INFO - Setting next_dagrun for dataset_s3_bucket_consumer_with_no_taskflow to None, run_after=None
[2024-08-24T18:08:47.816+0000] {logging_mixin.py:190} INFO - [2024-08-24T18:08:47.816+0000] {dag.py:4138} INFO - Setting next_dagrun for dataset_s3_bucket_producer_with_no_taskflow to None, run_after=None
[2024-08-24T18:08:48.084+0000] {processor.py:208} INFO - Processing /home/airflow/.local/lib/python3.12/site-packages/airflow/example_dags/example_dataset_alias_with_no_taskflow.py took 11.699 seconds
[2024-08-24T18:11:13.541+0000] {processor.py:186} INFO - Started process (PID=55) to work on /home/airflow/.local/lib/python3.12/site-packages/airflow/example_dags/example_dataset_alias_with_no_taskflow.py
[2024-08-24T18:11:13.546+0000] {processor.py:914} INFO - Processing file /home/airflow/.local/lib/python3.12/site-packages/airflow/example_dags/example_dataset_alias_with_no_taskflow.py for tasks to queue
[2024-08-24T18:11:13.556+0000] {logging_mixin.py:190} INFO - [2024-08-24T18:11:13.556+0000] {dagbag.py:587} INFO - Filling up the DagBag from /home/airflow/.local/lib/python3.12/site-packages/airflow/example_dags/example_dataset_alias_with_no_taskflow.py
[2024-08-24T18:11:17.066+0000] {processor.py:925} INFO - DAG(s) 'dataset_alias_example_alias_producer_with_no_taskflow', 'dataset_alias_example_alias_consumer_with_no_taskflow', 'dataset_s3_bucket_consumer_with_no_taskflow', 'dataset_s3_bucket_producer_with_no_taskflow' retrieved from /home/airflow/.local/lib/python3.12/site-packages/airflow/example_dags/example_dataset_alias_with_no_taskflow.py
[2024-08-24T18:11:18.998+0000] {logging_mixin.py:190} INFO - [2024-08-24T18:11:18.992+0000] {dag.py:3211} INFO - Sync 4 DAGs
[2024-08-24T18:11:19.143+0000] {logging_mixin.py:190} INFO - [2024-08-24T18:11:19.143+0000] {dag.py:4138} INFO - Setting next_dagrun for dataset_alias_example_alias_consumer_with_no_taskflow to None, run_after=None
[2024-08-24T18:11:19.171+0000] {logging_mixin.py:190} INFO - [2024-08-24T18:11:19.170+0000] {dag.py:4138} INFO - Setting next_dagrun for dataset_alias_example_alias_producer_with_no_taskflow to None, run_after=None
[2024-08-24T18:11:19.180+0000] {logging_mixin.py:190} INFO - [2024-08-24T18:11:19.179+0000] {dag.py:4138} INFO - Setting next_dagrun for dataset_s3_bucket_consumer_with_no_taskflow to None, run_after=None
[2024-08-24T18:11:19.182+0000] {logging_mixin.py:190} INFO - [2024-08-24T18:11:19.182+0000] {dag.py:4138} INFO - Setting next_dagrun for dataset_s3_bucket_producer_with_no_taskflow to None, run_after=None
[2024-08-24T18:11:19.457+0000] {processor.py:208} INFO - Processing /home/airflow/.local/lib/python3.12/site-packages/airflow/example_dags/example_dataset_alias_with_no_taskflow.py took 5.927 seconds
[2024-08-24T18:11:49.808+0000] {processor.py:186} INFO - Started process (PID=120) to work on /home/airflow/.local/lib/python3.12/site-packages/airflow/example_dags/example_dataset_alias_with_no_taskflow.py
[2024-08-24T18:11:49.812+0000] {processor.py:914} INFO - Processing file /home/airflow/.local/lib/python3.12/site-packages/airflow/example_dags/example_dataset_alias_with_no_taskflow.py for tasks to queue
[2024-08-24T18:11:49.817+0000] {logging_mixin.py:190} INFO - [2024-08-24T18:11:49.817+0000] {dagbag.py:587} INFO - Filling up the DagBag from /home/airflow/.local/lib/python3.12/site-packages/airflow/example_dags/example_dataset_alias_with_no_taskflow.py
[2024-08-24T18:11:50.559+0000] {processor.py:925} INFO - DAG(s) 'dataset_alias_example_alias_consumer_with_no_taskflow', 'dataset_alias_example_alias_producer_with_no_taskflow', 'dataset_s3_bucket_producer_with_no_taskflow', 'dataset_s3_bucket_consumer_with_no_taskflow' retrieved from /home/airflow/.local/lib/python3.12/site-packages/airflow/example_dags/example_dataset_alias_with_no_taskflow.py
[2024-08-24T18:11:50.777+0000] {logging_mixin.py:190} INFO - [2024-08-24T18:11:50.776+0000] {dag.py:3211} INFO - Sync 4 DAGs
[2024-08-24T18:11:51.055+0000] {logging_mixin.py:190} INFO - [2024-08-24T18:11:51.055+0000] {dag.py:4138} INFO - Setting next_dagrun for dataset_alias_example_alias_consumer_with_no_taskflow to None, run_after=None
[2024-08-24T18:11:51.115+0000] {logging_mixin.py:190} INFO - [2024-08-24T18:11:51.114+0000] {dag.py:4138} INFO - Setting next_dagrun for dataset_alias_example_alias_producer_with_no_taskflow to None, run_after=None
[2024-08-24T18:11:51.131+0000] {logging_mixin.py:190} INFO - [2024-08-24T18:11:51.131+0000] {dag.py:4138} INFO - Setting next_dagrun for dataset_s3_bucket_consumer_with_no_taskflow to None, run_after=None
[2024-08-24T18:11:51.139+0000] {logging_mixin.py:190} INFO - [2024-08-24T18:11:51.139+0000] {dag.py:4138} INFO - Setting next_dagrun for dataset_s3_bucket_producer_with_no_taskflow to None, run_after=None
[2024-08-24T18:11:51.700+0000] {processor.py:208} INFO - Processing /home/airflow/.local/lib/python3.12/site-packages/airflow/example_dags/example_dataset_alias_with_no_taskflow.py took 1.902 seconds
[2024-08-24T18:12:22.027+0000] {processor.py:186} INFO - Started process (PID=183) to work on /home/airflow/.local/lib/python3.12/site-packages/airflow/example_dags/example_dataset_alias_with_no_taskflow.py
[2024-08-24T18:12:22.030+0000] {processor.py:914} INFO - Processing file /home/airflow/.local/lib/python3.12/site-packages/airflow/example_dags/example_dataset_alias_with_no_taskflow.py for tasks to queue
[2024-08-24T18:12:22.034+0000] {logging_mixin.py:190} INFO - [2024-08-24T18:12:22.033+0000] {dagbag.py:587} INFO - Filling up the DagBag from /home/airflow/.local/lib/python3.12/site-packages/airflow/example_dags/example_dataset_alias_with_no_taskflow.py
[2024-08-24T18:12:22.314+0000] {processor.py:925} INFO - DAG(s) 'dataset_alias_example_alias_producer_with_no_taskflow', 'dataset_alias_example_alias_consumer_with_no_taskflow', 'dataset_s3_bucket_producer_with_no_taskflow', 'dataset_s3_bucket_consumer_with_no_taskflow' retrieved from /home/airflow/.local/lib/python3.12/site-packages/airflow/example_dags/example_dataset_alias_with_no_taskflow.py
[2024-08-24T18:12:22.342+0000] {logging_mixin.py:190} INFO - [2024-08-24T18:12:22.342+0000] {dag.py:3211} INFO - Sync 4 DAGs
[2024-08-24T18:12:22.388+0000] {logging_mixin.py:190} INFO - [2024-08-24T18:12:22.388+0000] {dag.py:4138} INFO - Setting next_dagrun for dataset_alias_example_alias_consumer_with_no_taskflow to None, run_after=None
[2024-08-24T18:12:22.394+0000] {logging_mixin.py:190} INFO - [2024-08-24T18:12:22.394+0000] {dag.py:4138} INFO - Setting next_dagrun for dataset_alias_example_alias_producer_with_no_taskflow to None, run_after=None
[2024-08-24T18:12:22.398+0000] {logging_mixin.py:190} INFO - [2024-08-24T18:12:22.398+0000] {dag.py:4138} INFO - Setting next_dagrun for dataset_s3_bucket_consumer_with_no_taskflow to None, run_after=None
[2024-08-24T18:12:22.401+0000] {logging_mixin.py:190} INFO - [2024-08-24T18:12:22.401+0000] {dag.py:4138} INFO - Setting next_dagrun for dataset_s3_bucket_producer_with_no_taskflow to None, run_after=None
[2024-08-24T18:12:22.450+0000] {processor.py:208} INFO - Processing /home/airflow/.local/lib/python3.12/site-packages/airflow/example_dags/example_dataset_alias_with_no_taskflow.py took 0.431 seconds
[2024-08-24T18:12:52.592+0000] {processor.py:186} INFO - Started process (PID=246) to work on /home/airflow/.local/lib/python3.12/site-packages/airflow/example_dags/example_dataset_alias_with_no_taskflow.py
[2024-08-24T18:12:52.601+0000] {processor.py:914} INFO - Processing file /home/airflow/.local/lib/python3.12/site-packages/airflow/example_dags/example_dataset_alias_with_no_taskflow.py for tasks to queue
[2024-08-24T18:12:52.626+0000] {logging_mixin.py:190} INFO - [2024-08-24T18:12:52.618+0000] {dagbag.py:587} INFO - Filling up the DagBag from /home/airflow/.local/lib/python3.12/site-packages/airflow/example_dags/example_dataset_alias_with_no_taskflow.py
[2024-08-24T18:12:55.687+0000] {processor.py:925} INFO - DAG(s) 'dataset_alias_example_alias_consumer_with_no_taskflow', 'dataset_s3_bucket_consumer_with_no_taskflow', 'dataset_s3_bucket_producer_with_no_taskflow', 'dataset_alias_example_alias_producer_with_no_taskflow' retrieved from /home/airflow/.local/lib/python3.12/site-packages/airflow/example_dags/example_dataset_alias_with_no_taskflow.py
[2024-08-24T18:12:55.845+0000] {logging_mixin.py:190} INFO - [2024-08-24T18:12:55.844+0000] {dag.py:3211} INFO - Sync 4 DAGs
[2024-08-24T18:12:55.986+0000] {logging_mixin.py:190} INFO - [2024-08-24T18:12:55.984+0000] {dag.py:4138} INFO - Setting next_dagrun for dataset_alias_example_alias_consumer_with_no_taskflow to None, run_after=None
[2024-08-24T18:12:55.997+0000] {logging_mixin.py:190} INFO - [2024-08-24T18:12:55.996+0000] {dag.py:4138} INFO - Setting next_dagrun for dataset_alias_example_alias_producer_with_no_taskflow to None, run_after=None
[2024-08-24T18:12:56.000+0000] {logging_mixin.py:190} INFO - [2024-08-24T18:12:55.999+0000] {dag.py:4138} INFO - Setting next_dagrun for dataset_s3_bucket_consumer_with_no_taskflow to None, run_after=None
[2024-08-24T18:12:56.003+0000] {logging_mixin.py:190} INFO - [2024-08-24T18:12:56.002+0000] {dag.py:4138} INFO - Setting next_dagrun for dataset_s3_bucket_producer_with_no_taskflow to None, run_after=None
[2024-08-24T18:12:56.238+0000] {processor.py:208} INFO - Processing /home/airflow/.local/lib/python3.12/site-packages/airflow/example_dags/example_dataset_alias_with_no_taskflow.py took 3.695 seconds
[2024-08-24T18:13:40.442+0000] {processor.py:186} INFO - Started process (PID=307) to work on /home/airflow/.local/lib/python3.12/site-packages/airflow/example_dags/example_dataset_alias_with_no_taskflow.py
[2024-08-24T18:13:40.447+0000] {processor.py:914} INFO - Processing file /home/airflow/.local/lib/python3.12/site-packages/airflow/example_dags/example_dataset_alias_with_no_taskflow.py for tasks to queue
[2024-08-24T18:13:40.452+0000] {logging_mixin.py:190} INFO - [2024-08-24T18:13:40.451+0000] {dagbag.py:587} INFO - Filling up the DagBag from /home/airflow/.local/lib/python3.12/site-packages/airflow/example_dags/example_dataset_alias_with_no_taskflow.py
[2024-08-24T18:13:43.298+0000] {processor.py:925} INFO - DAG(s) 'dataset_s3_bucket_consumer_with_no_taskflow', 'dataset_alias_example_alias_consumer_with_no_taskflow', 'dataset_s3_bucket_producer_with_no_taskflow', 'dataset_alias_example_alias_producer_with_no_taskflow' retrieved from /home/airflow/.local/lib/python3.12/site-packages/airflow/example_dags/example_dataset_alias_with_no_taskflow.py
[2024-08-24T18:13:43.686+0000] {logging_mixin.py:190} INFO - [2024-08-24T18:13:43.685+0000] {dag.py:3211} INFO - Sync 4 DAGs
[2024-08-24T18:13:43.804+0000] {logging_mixin.py:190} INFO - [2024-08-24T18:13:43.804+0000] {dag.py:4138} INFO - Setting next_dagrun for dataset_alias_example_alias_consumer_with_no_taskflow to None, run_after=None
[2024-08-24T18:13:43.845+0000] {logging_mixin.py:190} INFO - [2024-08-24T18:13:43.844+0000] {dag.py:4138} INFO - Setting next_dagrun for dataset_alias_example_alias_producer_with_no_taskflow to None, run_after=None
[2024-08-24T18:13:43.850+0000] {logging_mixin.py:190} INFO - [2024-08-24T18:13:43.850+0000] {dag.py:4138} INFO - Setting next_dagrun for dataset_s3_bucket_consumer_with_no_taskflow to None, run_after=None
[2024-08-24T18:13:43.855+0000] {logging_mixin.py:190} INFO - [2024-08-24T18:13:43.854+0000] {dag.py:4138} INFO - Setting next_dagrun for dataset_s3_bucket_producer_with_no_taskflow to None, run_after=None
[2024-08-24T18:13:44.042+0000] {processor.py:208} INFO - Processing /home/airflow/.local/lib/python3.12/site-packages/airflow/example_dags/example_dataset_alias_with_no_taskflow.py took 3.627 seconds
[2024-08-24T18:14:16.902+0000] {processor.py:186} INFO - Started process (PID=372) to work on /home/airflow/.local/lib/python3.12/site-packages/airflow/example_dags/example_dataset_alias_with_no_taskflow.py
[2024-08-24T18:14:16.905+0000] {processor.py:914} INFO - Processing file /home/airflow/.local/lib/python3.12/site-packages/airflow/example_dags/example_dataset_alias_with_no_taskflow.py for tasks to queue
[2024-08-24T18:14:16.908+0000] {logging_mixin.py:190} INFO - [2024-08-24T18:14:16.907+0000] {dagbag.py:587} INFO - Filling up the DagBag from /home/airflow/.local/lib/python3.12/site-packages/airflow/example_dags/example_dataset_alias_with_no_taskflow.py
[2024-08-24T18:14:18.369+0000] {processor.py:925} INFO - DAG(s) 'dataset_s3_bucket_consumer_with_no_taskflow', 'dataset_alias_example_alias_consumer_with_no_taskflow', 'dataset_s3_bucket_producer_with_no_taskflow', 'dataset_alias_example_alias_producer_with_no_taskflow' retrieved from /home/airflow/.local/lib/python3.12/site-packages/airflow/example_dags/example_dataset_alias_with_no_taskflow.py
[2024-08-24T18:14:18.675+0000] {logging_mixin.py:190} INFO - [2024-08-24T18:14:18.675+0000] {dag.py:3211} INFO - Sync 4 DAGs
[2024-08-24T18:14:18.894+0000] {logging_mixin.py:190} INFO - [2024-08-24T18:14:18.893+0000] {dag.py:4138} INFO - Setting next_dagrun for dataset_alias_example_alias_consumer_with_no_taskflow to None, run_after=None
[2024-08-24T18:14:18.921+0000] {logging_mixin.py:190} INFO - [2024-08-24T18:14:18.921+0000] {dag.py:4138} INFO - Setting next_dagrun for dataset_alias_example_alias_producer_with_no_taskflow to None, run_after=None
[2024-08-24T18:14:18.937+0000] {logging_mixin.py:190} INFO - [2024-08-24T18:14:18.936+0000] {dag.py:4138} INFO - Setting next_dagrun for dataset_s3_bucket_consumer_with_no_taskflow to None, run_after=None
[2024-08-24T18:14:18.942+0000] {logging_mixin.py:190} INFO - [2024-08-24T18:14:18.940+0000] {dag.py:4138} INFO - Setting next_dagrun for dataset_s3_bucket_producer_with_no_taskflow to None, run_after=None
[2024-08-24T18:14:19.079+0000] {processor.py:208} INFO - Processing /home/airflow/.local/lib/python3.12/site-packages/airflow/example_dags/example_dataset_alias_with_no_taskflow.py took 2.188 seconds
