[2024-08-24T03:09:33.583+0000] {processor.py:186} INFO - Started process (PID=139) to work on /home/airflow/.local/lib/python3.12/site-packages/airflow/example_dags/example_branch_labels.py
[2024-08-24T03:09:33.586+0000] {processor.py:914} INFO - Processing file /home/airflow/.local/lib/python3.12/site-packages/airflow/example_dags/example_branch_labels.py for tasks to queue
[2024-08-24T03:09:33.594+0000] {logging_mixin.py:190} INFO - [2024-08-24T03:09:33.594+0000] {dagbag.py:587} INFO - Filling up the DagBag from /home/airflow/.local/lib/python3.12/site-packages/airflow/example_dags/example_branch_labels.py
[2024-08-24T03:09:33.647+0000] {processor.py:925} INFO - DAG(s) 'example_branch_labels' retrieved from /home/airflow/.local/lib/python3.12/site-packages/airflow/example_dags/example_branch_labels.py
[2024-08-24T03:09:34.578+0000] {logging_mixin.py:190} INFO - [2024-08-24T03:09:34.576+0000] {override.py:1858} INFO - Created Permission View: can delete on DAG:example_branch_labels
[2024-08-24T03:09:34.626+0000] {logging_mixin.py:190} INFO - [2024-08-24T03:09:34.619+0000] {override.py:1858} INFO - Created Permission View: can read on DAG:example_branch_labels
[2024-08-24T03:09:34.657+0000] {logging_mixin.py:190} INFO - [2024-08-24T03:09:34.656+0000] {override.py:1858} INFO - Created Permission View: can edit on DAG:example_branch_labels
[2024-08-24T03:09:34.657+0000] {logging_mixin.py:190} INFO - [2024-08-24T03:09:34.657+0000] {dag.py:3211} INFO - Sync 1 DAGs
[2024-08-24T03:09:34.691+0000] {logging_mixin.py:190} INFO - [2024-08-24T03:09:34.690+0000] {dag.py:3234} INFO - Creating ORM DAG for example_branch_labels
[2024-08-24T03:09:34.738+0000] {logging_mixin.py:190} INFO - [2024-08-24T03:09:34.738+0000] {dag.py:4138} INFO - Setting next_dagrun for example_branch_labels to 2024-08-23 00:00:00+00:00, run_after=2024-08-24 00:00:00+00:00
[2024-08-24T03:09:34.821+0000] {processor.py:208} INFO - Processing /home/airflow/.local/lib/python3.12/site-packages/airflow/example_dags/example_branch_labels.py took 1.285 seconds
[2024-08-24T03:10:04.911+0000] {processor.py:186} INFO - Started process (PID=203) to work on /home/airflow/.local/lib/python3.12/site-packages/airflow/example_dags/example_branch_labels.py
[2024-08-24T03:10:04.914+0000] {processor.py:914} INFO - Processing file /home/airflow/.local/lib/python3.12/site-packages/airflow/example_dags/example_branch_labels.py for tasks to queue
[2024-08-24T03:10:04.919+0000] {logging_mixin.py:190} INFO - [2024-08-24T03:10:04.918+0000] {dagbag.py:587} INFO - Filling up the DagBag from /home/airflow/.local/lib/python3.12/site-packages/airflow/example_dags/example_branch_labels.py
[2024-08-24T03:10:04.939+0000] {processor.py:925} INFO - DAG(s) 'example_branch_labels' retrieved from /home/airflow/.local/lib/python3.12/site-packages/airflow/example_dags/example_branch_labels.py
[2024-08-24T03:10:04.981+0000] {logging_mixin.py:190} INFO - [2024-08-24T03:10:04.980+0000] {dag.py:3211} INFO - Sync 1 DAGs
[2024-08-24T03:10:05.016+0000] {logging_mixin.py:190} INFO - [2024-08-24T03:10:05.016+0000] {dag.py:4138} INFO - Setting next_dagrun for example_branch_labels to 2024-08-23 00:00:00+00:00, run_after=2024-08-24 00:00:00+00:00
[2024-08-24T03:10:05.041+0000] {processor.py:208} INFO - Processing /home/airflow/.local/lib/python3.12/site-packages/airflow/example_dags/example_branch_labels.py took 0.144 seconds
[2024-08-24T03:10:35.283+0000] {processor.py:186} INFO - Started process (PID=266) to work on /home/airflow/.local/lib/python3.12/site-packages/airflow/example_dags/example_branch_labels.py
[2024-08-24T03:10:35.284+0000] {processor.py:914} INFO - Processing file /home/airflow/.local/lib/python3.12/site-packages/airflow/example_dags/example_branch_labels.py for tasks to queue
[2024-08-24T03:10:35.289+0000] {logging_mixin.py:190} INFO - [2024-08-24T03:10:35.288+0000] {dagbag.py:587} INFO - Filling up the DagBag from /home/airflow/.local/lib/python3.12/site-packages/airflow/example_dags/example_branch_labels.py
[2024-08-24T03:10:35.305+0000] {processor.py:925} INFO - DAG(s) 'example_branch_labels' retrieved from /home/airflow/.local/lib/python3.12/site-packages/airflow/example_dags/example_branch_labels.py
[2024-08-24T03:10:35.341+0000] {logging_mixin.py:190} INFO - [2024-08-24T03:10:35.341+0000] {dag.py:3211} INFO - Sync 1 DAGs
[2024-08-24T03:10:35.387+0000] {logging_mixin.py:190} INFO - [2024-08-24T03:10:35.387+0000] {dag.py:4138} INFO - Setting next_dagrun for example_branch_labels to 2024-08-23 00:00:00+00:00, run_after=2024-08-24 00:00:00+00:00
[2024-08-24T03:10:35.425+0000] {processor.py:208} INFO - Processing /home/airflow/.local/lib/python3.12/site-packages/airflow/example_dags/example_branch_labels.py took 0.155 seconds
[2024-08-24T03:11:05.771+0000] {processor.py:186} INFO - Started process (PID=329) to work on /home/airflow/.local/lib/python3.12/site-packages/airflow/example_dags/example_branch_labels.py
[2024-08-24T03:11:05.772+0000] {processor.py:914} INFO - Processing file /home/airflow/.local/lib/python3.12/site-packages/airflow/example_dags/example_branch_labels.py for tasks to queue
[2024-08-24T03:11:05.786+0000] {logging_mixin.py:190} INFO - [2024-08-24T03:11:05.786+0000] {dagbag.py:587} INFO - Filling up the DagBag from /home/airflow/.local/lib/python3.12/site-packages/airflow/example_dags/example_branch_labels.py
[2024-08-24T03:11:05.801+0000] {processor.py:925} INFO - DAG(s) 'example_branch_labels' retrieved from /home/airflow/.local/lib/python3.12/site-packages/airflow/example_dags/example_branch_labels.py
[2024-08-24T03:11:05.840+0000] {logging_mixin.py:190} INFO - [2024-08-24T03:11:05.840+0000] {dag.py:3211} INFO - Sync 1 DAGs
[2024-08-24T03:11:05.873+0000] {logging_mixin.py:190} INFO - [2024-08-24T03:11:05.873+0000] {dag.py:4138} INFO - Setting next_dagrun for example_branch_labels to 2024-08-23 00:00:00+00:00, run_after=2024-08-24 00:00:00+00:00
[2024-08-24T03:11:05.905+0000] {processor.py:208} INFO - Processing /home/airflow/.local/lib/python3.12/site-packages/airflow/example_dags/example_branch_labels.py took 0.144 seconds
[2024-08-24T03:11:36.599+0000] {processor.py:186} INFO - Started process (PID=392) to work on /home/airflow/.local/lib/python3.12/site-packages/airflow/example_dags/example_branch_labels.py
[2024-08-24T03:11:36.601+0000] {processor.py:914} INFO - Processing file /home/airflow/.local/lib/python3.12/site-packages/airflow/example_dags/example_branch_labels.py for tasks to queue
[2024-08-24T03:11:36.604+0000] {logging_mixin.py:190} INFO - [2024-08-24T03:11:36.603+0000] {dagbag.py:587} INFO - Filling up the DagBag from /home/airflow/.local/lib/python3.12/site-packages/airflow/example_dags/example_branch_labels.py
[2024-08-24T03:11:36.629+0000] {processor.py:925} INFO - DAG(s) 'example_branch_labels' retrieved from /home/airflow/.local/lib/python3.12/site-packages/airflow/example_dags/example_branch_labels.py
[2024-08-24T03:11:36.675+0000] {logging_mixin.py:190} INFO - [2024-08-24T03:11:36.675+0000] {dag.py:3211} INFO - Sync 1 DAGs
[2024-08-24T03:11:36.708+0000] {logging_mixin.py:190} INFO - [2024-08-24T03:11:36.708+0000] {dag.py:4138} INFO - Setting next_dagrun for example_branch_labels to 2024-08-23 00:00:00+00:00, run_after=2024-08-24 00:00:00+00:00
[2024-08-24T03:11:36.739+0000] {processor.py:208} INFO - Processing /home/airflow/.local/lib/python3.12/site-packages/airflow/example_dags/example_branch_labels.py took 0.152 seconds
[2024-08-24T03:12:08.210+0000] {processor.py:186} INFO - Started process (PID=454) to work on /home/airflow/.local/lib/python3.12/site-packages/airflow/example_dags/example_branch_labels.py
[2024-08-24T03:12:08.212+0000] {processor.py:914} INFO - Processing file /home/airflow/.local/lib/python3.12/site-packages/airflow/example_dags/example_branch_labels.py for tasks to queue
[2024-08-24T03:12:08.216+0000] {logging_mixin.py:190} INFO - [2024-08-24T03:12:08.216+0000] {dagbag.py:587} INFO - Filling up the DagBag from /home/airflow/.local/lib/python3.12/site-packages/airflow/example_dags/example_branch_labels.py
[2024-08-24T03:12:08.231+0000] {processor.py:925} INFO - DAG(s) 'example_branch_labels' retrieved from /home/airflow/.local/lib/python3.12/site-packages/airflow/example_dags/example_branch_labels.py
[2024-08-24T03:12:08.314+0000] {logging_mixin.py:190} INFO - [2024-08-24T03:12:08.313+0000] {dag.py:3211} INFO - Sync 1 DAGs
[2024-08-24T03:12:08.418+0000] {logging_mixin.py:190} INFO - [2024-08-24T03:12:08.417+0000] {dag.py:4138} INFO - Setting next_dagrun for example_branch_labels to 2024-08-23 00:00:00+00:00, run_after=2024-08-24 00:00:00+00:00
[2024-08-24T03:12:08.454+0000] {processor.py:208} INFO - Processing /home/airflow/.local/lib/python3.12/site-packages/airflow/example_dags/example_branch_labels.py took 0.252 seconds
[2024-08-24T03:12:38.555+0000] {processor.py:186} INFO - Started process (PID=517) to work on /home/airflow/.local/lib/python3.12/site-packages/airflow/example_dags/example_branch_labels.py
[2024-08-24T03:12:38.557+0000] {processor.py:914} INFO - Processing file /home/airflow/.local/lib/python3.12/site-packages/airflow/example_dags/example_branch_labels.py for tasks to queue
[2024-08-24T03:12:38.560+0000] {logging_mixin.py:190} INFO - [2024-08-24T03:12:38.560+0000] {dagbag.py:587} INFO - Filling up the DagBag from /home/airflow/.local/lib/python3.12/site-packages/airflow/example_dags/example_branch_labels.py
[2024-08-24T03:12:38.577+0000] {processor.py:925} INFO - DAG(s) 'example_branch_labels' retrieved from /home/airflow/.local/lib/python3.12/site-packages/airflow/example_dags/example_branch_labels.py
[2024-08-24T03:12:38.646+0000] {logging_mixin.py:190} INFO - [2024-08-24T03:12:38.645+0000] {dag.py:3211} INFO - Sync 1 DAGs
[2024-08-24T03:12:38.684+0000] {logging_mixin.py:190} INFO - [2024-08-24T03:12:38.684+0000] {dag.py:4138} INFO - Setting next_dagrun for example_branch_labels to 2024-08-23 00:00:00+00:00, run_after=2024-08-24 00:00:00+00:00
[2024-08-24T03:12:38.729+0000] {processor.py:208} INFO - Processing /home/airflow/.local/lib/python3.12/site-packages/airflow/example_dags/example_branch_labels.py took 0.183 seconds
[2024-08-24T03:13:09.890+0000] {processor.py:186} INFO - Started process (PID=581) to work on /home/airflow/.local/lib/python3.12/site-packages/airflow/example_dags/example_branch_labels.py
[2024-08-24T03:13:09.891+0000] {processor.py:914} INFO - Processing file /home/airflow/.local/lib/python3.12/site-packages/airflow/example_dags/example_branch_labels.py for tasks to queue
[2024-08-24T03:13:09.895+0000] {logging_mixin.py:190} INFO - [2024-08-24T03:13:09.894+0000] {dagbag.py:587} INFO - Filling up the DagBag from /home/airflow/.local/lib/python3.12/site-packages/airflow/example_dags/example_branch_labels.py
[2024-08-24T03:13:09.920+0000] {processor.py:925} INFO - DAG(s) 'example_branch_labels' retrieved from /home/airflow/.local/lib/python3.12/site-packages/airflow/example_dags/example_branch_labels.py
[2024-08-24T03:13:10.020+0000] {logging_mixin.py:190} INFO - [2024-08-24T03:13:10.020+0000] {dag.py:3211} INFO - Sync 1 DAGs
[2024-08-24T03:13:10.077+0000] {logging_mixin.py:190} INFO - [2024-08-24T03:13:10.077+0000] {dag.py:4138} INFO - Setting next_dagrun for example_branch_labels to 2024-08-23 00:00:00+00:00, run_after=2024-08-24 00:00:00+00:00
[2024-08-24T03:13:10.118+0000] {processor.py:208} INFO - Processing /home/airflow/.local/lib/python3.12/site-packages/airflow/example_dags/example_branch_labels.py took 0.257 seconds
[2024-08-24T03:13:40.680+0000] {processor.py:186} INFO - Started process (PID=644) to work on /home/airflow/.local/lib/python3.12/site-packages/airflow/example_dags/example_branch_labels.py
[2024-08-24T03:13:40.682+0000] {processor.py:914} INFO - Processing file /home/airflow/.local/lib/python3.12/site-packages/airflow/example_dags/example_branch_labels.py for tasks to queue
[2024-08-24T03:13:40.686+0000] {logging_mixin.py:190} INFO - [2024-08-24T03:13:40.686+0000] {dagbag.py:587} INFO - Filling up the DagBag from /home/airflow/.local/lib/python3.12/site-packages/airflow/example_dags/example_branch_labels.py
[2024-08-24T03:13:40.712+0000] {processor.py:925} INFO - DAG(s) 'example_branch_labels' retrieved from /home/airflow/.local/lib/python3.12/site-packages/airflow/example_dags/example_branch_labels.py
[2024-08-24T03:13:40.763+0000] {logging_mixin.py:190} INFO - [2024-08-24T03:13:40.762+0000] {dag.py:3211} INFO - Sync 1 DAGs
[2024-08-24T03:13:40.819+0000] {logging_mixin.py:190} INFO - [2024-08-24T03:13:40.819+0000] {dag.py:4138} INFO - Setting next_dagrun for example_branch_labels to 2024-08-23 00:00:00+00:00, run_after=2024-08-24 00:00:00+00:00
[2024-08-24T03:13:40.865+0000] {processor.py:208} INFO - Processing /home/airflow/.local/lib/python3.12/site-packages/airflow/example_dags/example_branch_labels.py took 0.194 seconds
[2024-08-24T03:14:11.574+0000] {processor.py:186} INFO - Started process (PID=708) to work on /home/airflow/.local/lib/python3.12/site-packages/airflow/example_dags/example_branch_labels.py
[2024-08-24T03:14:11.575+0000] {processor.py:914} INFO - Processing file /home/airflow/.local/lib/python3.12/site-packages/airflow/example_dags/example_branch_labels.py for tasks to queue
[2024-08-24T03:14:11.578+0000] {logging_mixin.py:190} INFO - [2024-08-24T03:14:11.578+0000] {dagbag.py:587} INFO - Filling up the DagBag from /home/airflow/.local/lib/python3.12/site-packages/airflow/example_dags/example_branch_labels.py
[2024-08-24T03:14:11.606+0000] {processor.py:925} INFO - DAG(s) 'example_branch_labels' retrieved from /home/airflow/.local/lib/python3.12/site-packages/airflow/example_dags/example_branch_labels.py
[2024-08-24T03:14:11.700+0000] {logging_mixin.py:190} INFO - [2024-08-24T03:14:11.700+0000] {dag.py:3211} INFO - Sync 1 DAGs
[2024-08-24T03:14:11.742+0000] {logging_mixin.py:190} INFO - [2024-08-24T03:14:11.742+0000] {dag.py:4138} INFO - Setting next_dagrun for example_branch_labels to 2024-08-23 00:00:00+00:00, run_after=2024-08-24 00:00:00+00:00
[2024-08-24T03:14:11.775+0000] {processor.py:208} INFO - Processing /home/airflow/.local/lib/python3.12/site-packages/airflow/example_dags/example_branch_labels.py took 0.213 seconds
[2024-08-24T03:14:42.606+0000] {processor.py:186} INFO - Started process (PID=772) to work on /home/airflow/.local/lib/python3.12/site-packages/airflow/example_dags/example_branch_labels.py
[2024-08-24T03:14:42.609+0000] {processor.py:914} INFO - Processing file /home/airflow/.local/lib/python3.12/site-packages/airflow/example_dags/example_branch_labels.py for tasks to queue
[2024-08-24T03:14:42.612+0000] {logging_mixin.py:190} INFO - [2024-08-24T03:14:42.612+0000] {dagbag.py:587} INFO - Filling up the DagBag from /home/airflow/.local/lib/python3.12/site-packages/airflow/example_dags/example_branch_labels.py
[2024-08-24T03:14:42.635+0000] {processor.py:925} INFO - DAG(s) 'example_branch_labels' retrieved from /home/airflow/.local/lib/python3.12/site-packages/airflow/example_dags/example_branch_labels.py
[2024-08-24T03:14:42.686+0000] {logging_mixin.py:190} INFO - [2024-08-24T03:14:42.686+0000] {dag.py:3211} INFO - Sync 1 DAGs
[2024-08-24T03:14:42.720+0000] {logging_mixin.py:190} INFO - [2024-08-24T03:14:42.720+0000] {dag.py:4138} INFO - Setting next_dagrun for example_branch_labels to 2024-08-23 00:00:00+00:00, run_after=2024-08-24 00:00:00+00:00
[2024-08-24T03:14:42.750+0000] {processor.py:208} INFO - Processing /home/airflow/.local/lib/python3.12/site-packages/airflow/example_dags/example_branch_labels.py took 0.156 seconds
[2024-08-24T03:15:13.727+0000] {processor.py:186} INFO - Started process (PID=834) to work on /home/airflow/.local/lib/python3.12/site-packages/airflow/example_dags/example_branch_labels.py
[2024-08-24T03:15:13.732+0000] {processor.py:914} INFO - Processing file /home/airflow/.local/lib/python3.12/site-packages/airflow/example_dags/example_branch_labels.py for tasks to queue
[2024-08-24T03:15:13.739+0000] {logging_mixin.py:190} INFO - [2024-08-24T03:15:13.738+0000] {dagbag.py:587} INFO - Filling up the DagBag from /home/airflow/.local/lib/python3.12/site-packages/airflow/example_dags/example_branch_labels.py
[2024-08-24T03:15:13.779+0000] {processor.py:925} INFO - DAG(s) 'example_branch_labels' retrieved from /home/airflow/.local/lib/python3.12/site-packages/airflow/example_dags/example_branch_labels.py
[2024-08-24T03:15:13.860+0000] {logging_mixin.py:190} INFO - [2024-08-24T03:15:13.860+0000] {dag.py:3211} INFO - Sync 1 DAGs
[2024-08-24T03:15:13.891+0000] {logging_mixin.py:190} INFO - [2024-08-24T03:15:13.891+0000] {dag.py:4138} INFO - Setting next_dagrun for example_branch_labels to 2024-08-23 00:00:00+00:00, run_after=2024-08-24 00:00:00+00:00
[2024-08-24T03:15:13.916+0000] {processor.py:208} INFO - Processing /home/airflow/.local/lib/python3.12/site-packages/airflow/example_dags/example_branch_labels.py took 0.206 seconds
[2024-08-24T03:15:44.574+0000] {processor.py:186} INFO - Started process (PID=897) to work on /home/airflow/.local/lib/python3.12/site-packages/airflow/example_dags/example_branch_labels.py
[2024-08-24T03:15:44.576+0000] {processor.py:914} INFO - Processing file /home/airflow/.local/lib/python3.12/site-packages/airflow/example_dags/example_branch_labels.py for tasks to queue
[2024-08-24T03:15:44.595+0000] {logging_mixin.py:190} INFO - [2024-08-24T03:15:44.594+0000] {dagbag.py:587} INFO - Filling up the DagBag from /home/airflow/.local/lib/python3.12/site-packages/airflow/example_dags/example_branch_labels.py
[2024-08-24T03:15:44.612+0000] {processor.py:925} INFO - DAG(s) 'example_branch_labels' retrieved from /home/airflow/.local/lib/python3.12/site-packages/airflow/example_dags/example_branch_labels.py
[2024-08-24T03:15:44.734+0000] {logging_mixin.py:190} INFO - [2024-08-24T03:15:44.733+0000] {dag.py:3211} INFO - Sync 1 DAGs
[2024-08-24T03:15:44.942+0000] {logging_mixin.py:190} INFO - [2024-08-24T03:15:44.940+0000] {dag.py:4138} INFO - Setting next_dagrun for example_branch_labels to 2024-08-23 00:00:00+00:00, run_after=2024-08-24 00:00:00+00:00
[2024-08-24T03:15:45.241+0000] {processor.py:208} INFO - Processing /home/airflow/.local/lib/python3.12/site-packages/airflow/example_dags/example_branch_labels.py took 0.683 seconds
[2024-08-24T18:11:33.792+0000] {processor.py:186} INFO - Started process (PID=98) to work on /home/airflow/.local/lib/python3.12/site-packages/airflow/example_dags/example_branch_labels.py
[2024-08-24T18:11:33.795+0000] {processor.py:914} INFO - Processing file /home/airflow/.local/lib/python3.12/site-packages/airflow/example_dags/example_branch_labels.py for tasks to queue
[2024-08-24T18:11:33.800+0000] {logging_mixin.py:190} INFO - [2024-08-24T18:11:33.800+0000] {dagbag.py:587} INFO - Filling up the DagBag from /home/airflow/.local/lib/python3.12/site-packages/airflow/example_dags/example_branch_labels.py
[2024-08-24T18:11:33.817+0000] {processor.py:925} INFO - DAG(s) 'example_branch_labels' retrieved from /home/airflow/.local/lib/python3.12/site-packages/airflow/example_dags/example_branch_labels.py
[2024-08-24T18:11:33.873+0000] {logging_mixin.py:190} INFO - [2024-08-24T18:11:33.873+0000] {dag.py:3211} INFO - Sync 1 DAGs
[2024-08-24T18:11:33.935+0000] {logging_mixin.py:190} INFO - [2024-08-24T18:11:33.934+0000] {dag.py:4138} INFO - Setting next_dagrun for example_branch_labels to 2024-08-23 00:00:00+00:00, run_after=2024-08-24 00:00:00+00:00
[2024-08-24T18:11:33.983+0000] {processor.py:208} INFO - Processing /home/airflow/.local/lib/python3.12/site-packages/airflow/example_dags/example_branch_labels.py took 0.202 seconds
[2024-08-24T18:12:07.898+0000] {processor.py:186} INFO - Started process (PID=167) to work on /home/airflow/.local/lib/python3.12/site-packages/airflow/example_dags/example_branch_labels.py
[2024-08-24T18:12:07.904+0000] {processor.py:914} INFO - Processing file /home/airflow/.local/lib/python3.12/site-packages/airflow/example_dags/example_branch_labels.py for tasks to queue
[2024-08-24T18:12:07.908+0000] {logging_mixin.py:190} INFO - [2024-08-24T18:12:07.908+0000] {dagbag.py:587} INFO - Filling up the DagBag from /home/airflow/.local/lib/python3.12/site-packages/airflow/example_dags/example_branch_labels.py
[2024-08-24T18:12:07.955+0000] {processor.py:925} INFO - DAG(s) 'example_branch_labels' retrieved from /home/airflow/.local/lib/python3.12/site-packages/airflow/example_dags/example_branch_labels.py
[2024-08-24T18:12:08.003+0000] {logging_mixin.py:190} INFO - [2024-08-24T18:12:08.003+0000] {dag.py:3211} INFO - Sync 1 DAGs
[2024-08-24T18:12:08.132+0000] {logging_mixin.py:190} INFO - [2024-08-24T18:12:08.132+0000] {dag.py:4138} INFO - Setting next_dagrun for example_branch_labels to 2024-08-23 00:00:00+00:00, run_after=2024-08-24 00:00:00+00:00
[2024-08-24T18:12:08.208+0000] {processor.py:208} INFO - Processing /home/airflow/.local/lib/python3.12/site-packages/airflow/example_dags/example_branch_labels.py took 0.317 seconds
[2024-08-24T18:12:42.371+0000] {processor.py:186} INFO - Started process (PID=230) to work on /home/airflow/.local/lib/python3.12/site-packages/airflow/example_dags/example_branch_labels.py
[2024-08-24T18:12:42.384+0000] {processor.py:914} INFO - Processing file /home/airflow/.local/lib/python3.12/site-packages/airflow/example_dags/example_branch_labels.py for tasks to queue
[2024-08-24T18:12:42.397+0000] {logging_mixin.py:190} INFO - [2024-08-24T18:12:42.396+0000] {dagbag.py:587} INFO - Filling up the DagBag from /home/airflow/.local/lib/python3.12/site-packages/airflow/example_dags/example_branch_labels.py
[2024-08-24T18:12:42.427+0000] {processor.py:925} INFO - DAG(s) 'example_branch_labels' retrieved from /home/airflow/.local/lib/python3.12/site-packages/airflow/example_dags/example_branch_labels.py
[2024-08-24T18:12:42.479+0000] {logging_mixin.py:190} INFO - [2024-08-24T18:12:42.479+0000] {dag.py:3211} INFO - Sync 1 DAGs
[2024-08-24T18:12:42.743+0000] {logging_mixin.py:190} INFO - [2024-08-24T18:12:42.742+0000] {dag.py:4138} INFO - Setting next_dagrun for example_branch_labels to 2024-08-23 00:00:00+00:00, run_after=2024-08-24 00:00:00+00:00
[2024-08-24T18:12:42.874+0000] {processor.py:208} INFO - Processing /home/airflow/.local/lib/python3.12/site-packages/airflow/example_dags/example_branch_labels.py took 0.512 seconds
[2024-08-24T18:13:34.899+0000] {processor.py:186} INFO - Started process (PID=293) to work on /home/airflow/.local/lib/python3.12/site-packages/airflow/example_dags/example_branch_labels.py
[2024-08-24T18:13:34.903+0000] {processor.py:914} INFO - Processing file /home/airflow/.local/lib/python3.12/site-packages/airflow/example_dags/example_branch_labels.py for tasks to queue
[2024-08-24T18:13:34.914+0000] {logging_mixin.py:190} INFO - [2024-08-24T18:13:34.909+0000] {dagbag.py:587} INFO - Filling up the DagBag from /home/airflow/.local/lib/python3.12/site-packages/airflow/example_dags/example_branch_labels.py
[2024-08-24T18:13:34.951+0000] {processor.py:925} INFO - DAG(s) 'example_branch_labels' retrieved from /home/airflow/.local/lib/python3.12/site-packages/airflow/example_dags/example_branch_labels.py
[2024-08-24T18:13:35.124+0000] {logging_mixin.py:190} INFO - [2024-08-24T18:13:35.123+0000] {dag.py:3211} INFO - Sync 1 DAGs
[2024-08-24T18:13:35.287+0000] {logging_mixin.py:190} INFO - [2024-08-24T18:13:35.282+0000] {dag.py:4138} INFO - Setting next_dagrun for example_branch_labels to 2024-08-23 00:00:00+00:00, run_after=2024-08-24 00:00:00+00:00
[2024-08-24T18:13:35.450+0000] {processor.py:208} INFO - Processing /home/airflow/.local/lib/python3.12/site-packages/airflow/example_dags/example_branch_labels.py took 0.587 seconds
[2024-08-24T18:14:13.860+0000] {processor.py:186} INFO - Started process (PID=364) to work on /home/airflow/.local/lib/python3.12/site-packages/airflow/example_dags/example_branch_labels.py
[2024-08-24T18:14:13.883+0000] {processor.py:914} INFO - Processing file /home/airflow/.local/lib/python3.12/site-packages/airflow/example_dags/example_branch_labels.py for tasks to queue
[2024-08-24T18:14:13.887+0000] {logging_mixin.py:190} INFO - [2024-08-24T18:14:13.886+0000] {dagbag.py:587} INFO - Filling up the DagBag from /home/airflow/.local/lib/python3.12/site-packages/airflow/example_dags/example_branch_labels.py
[2024-08-24T18:14:13.917+0000] {processor.py:925} INFO - DAG(s) 'example_branch_labels' retrieved from /home/airflow/.local/lib/python3.12/site-packages/airflow/example_dags/example_branch_labels.py
[2024-08-24T18:14:13.996+0000] {logging_mixin.py:190} INFO - [2024-08-24T18:14:13.996+0000] {dag.py:3211} INFO - Sync 1 DAGs
[2024-08-24T18:14:14.259+0000] {logging_mixin.py:190} INFO - [2024-08-24T18:14:14.259+0000] {dag.py:4138} INFO - Setting next_dagrun for example_branch_labels to 2024-08-23 00:00:00+00:00, run_after=2024-08-24 00:00:00+00:00
[2024-08-24T18:14:14.366+0000] {processor.py:208} INFO - Processing /home/airflow/.local/lib/python3.12/site-packages/airflow/example_dags/example_branch_labels.py took 0.547 seconds
