[2024-08-24T03:08:36.652+0000] {processor.py:186} INFO - Started process (PID=98) to work on /home/airflow/.local/lib/python3.12/site-packages/airflow/example_dags/example_sla_dag.py
[2024-08-24T03:08:36.654+0000] {processor.py:914} INFO - Processing file /home/airflow/.local/lib/python3.12/site-packages/airflow/example_dags/example_sla_dag.py for tasks to queue
[2024-08-24T03:08:36.664+0000] {logging_mixin.py:190} INFO - [2024-08-24T03:08:36.661+0000] {dagbag.py:587} INFO - Filling up the DagBag from /home/airflow/.local/lib/python3.12/site-packages/airflow/example_dags/example_sla_dag.py
[2024-08-24T03:08:37.177+0000] {processor.py:925} INFO - DAG(s) 'example_sla_dag' retrieved from /home/airflow/.local/lib/python3.12/site-packages/airflow/example_dags/example_sla_dag.py
[2024-08-24T03:08:37.735+0000] {logging_mixin.py:190} INFO - [2024-08-24T03:08:37.734+0000] {override.py:1858} INFO - Created Permission View: can delete on DAG:example_sla_dag
[2024-08-24T03:08:38.290+0000] {logging_mixin.py:190} INFO - [2024-08-24T03:08:38.289+0000] {override.py:1858} INFO - Created Permission View: can read on DAG:example_sla_dag
[2024-08-24T03:08:39.169+0000] {logging_mixin.py:190} INFO - [2024-08-24T03:08:39.168+0000] {override.py:1858} INFO - Created Permission View: can edit on DAG:example_sla_dag
[2024-08-24T03:08:39.169+0000] {logging_mixin.py:190} INFO - [2024-08-24T03:08:39.169+0000] {dag.py:3211} INFO - Sync 1 DAGs
[2024-08-24T03:08:39.362+0000] {logging_mixin.py:190} INFO - [2024-08-24T03:08:39.352+0000] {dag.py:3234} INFO - Creating ORM DAG for example_sla_dag
[2024-08-24T03:08:39.631+0000] {logging_mixin.py:190} INFO - [2024-08-24T03:08:39.630+0000] {dag.py:4138} INFO - Setting next_dagrun for example_sla_dag to 2024-08-24 03:06:00+00:00, run_after=2024-08-24 03:08:00+00:00
[2024-08-24T03:08:41.697+0000] {processor.py:208} INFO - Processing /home/airflow/.local/lib/python3.12/site-packages/airflow/example_dags/example_sla_dag.py took 5.058 seconds
[2024-08-24T03:09:39.618+0000] {processor.py:186} INFO - Started process (PID=167) to work on /home/airflow/.local/lib/python3.12/site-packages/airflow/example_dags/example_sla_dag.py
[2024-08-24T03:09:39.626+0000] {processor.py:914} INFO - Processing file /home/airflow/.local/lib/python3.12/site-packages/airflow/example_dags/example_sla_dag.py for tasks to queue
[2024-08-24T03:09:39.635+0000] {logging_mixin.py:190} INFO - [2024-08-24T03:09:39.634+0000] {dagbag.py:587} INFO - Filling up the DagBag from /home/airflow/.local/lib/python3.12/site-packages/airflow/example_dags/example_sla_dag.py
[2024-08-24T03:09:39.690+0000] {processor.py:925} INFO - DAG(s) 'example_sla_dag' retrieved from /home/airflow/.local/lib/python3.12/site-packages/airflow/example_dags/example_sla_dag.py
[2024-08-24T03:09:39.766+0000] {logging_mixin.py:190} INFO - [2024-08-24T03:09:39.765+0000] {dag.py:3211} INFO - Sync 1 DAGs
[2024-08-24T03:09:39.805+0000] {logging_mixin.py:190} INFO - [2024-08-24T03:09:39.805+0000] {dag.py:4138} INFO - Setting next_dagrun for example_sla_dag to 2024-08-24 03:06:00+00:00, run_after=2024-08-24 03:08:00+00:00
[2024-08-24T03:09:39.841+0000] {processor.py:208} INFO - Processing /home/airflow/.local/lib/python3.12/site-packages/airflow/example_dags/example_sla_dag.py took 0.248 seconds
[2024-08-24T03:10:10.056+0000] {processor.py:186} INFO - Started process (PID=231) to work on /home/airflow/.local/lib/python3.12/site-packages/airflow/example_dags/example_sla_dag.py
[2024-08-24T03:10:10.059+0000] {processor.py:914} INFO - Processing file /home/airflow/.local/lib/python3.12/site-packages/airflow/example_dags/example_sla_dag.py for tasks to queue
[2024-08-24T03:10:10.064+0000] {logging_mixin.py:190} INFO - [2024-08-24T03:10:10.064+0000] {dagbag.py:587} INFO - Filling up the DagBag from /home/airflow/.local/lib/python3.12/site-packages/airflow/example_dags/example_sla_dag.py
[2024-08-24T03:10:10.082+0000] {processor.py:925} INFO - DAG(s) 'example_sla_dag' retrieved from /home/airflow/.local/lib/python3.12/site-packages/airflow/example_dags/example_sla_dag.py
[2024-08-24T03:10:10.133+0000] {logging_mixin.py:190} INFO - [2024-08-24T03:10:10.133+0000] {dag.py:3211} INFO - Sync 1 DAGs
[2024-08-24T03:10:10.171+0000] {logging_mixin.py:190} INFO - [2024-08-24T03:10:10.171+0000] {dag.py:4138} INFO - Setting next_dagrun for example_sla_dag to 2024-08-24 03:08:00+00:00, run_after=2024-08-24 03:10:00+00:00
[2024-08-24T03:10:10.225+0000] {processor.py:208} INFO - Processing /home/airflow/.local/lib/python3.12/site-packages/airflow/example_dags/example_sla_dag.py took 0.178 seconds
[2024-08-24T03:10:40.839+0000] {processor.py:186} INFO - Started process (PID=294) to work on /home/airflow/.local/lib/python3.12/site-packages/airflow/example_dags/example_sla_dag.py
[2024-08-24T03:10:40.841+0000] {processor.py:914} INFO - Processing file /home/airflow/.local/lib/python3.12/site-packages/airflow/example_dags/example_sla_dag.py for tasks to queue
[2024-08-24T03:10:40.846+0000] {logging_mixin.py:190} INFO - [2024-08-24T03:10:40.846+0000] {dagbag.py:587} INFO - Filling up the DagBag from /home/airflow/.local/lib/python3.12/site-packages/airflow/example_dags/example_sla_dag.py
[2024-08-24T03:10:40.862+0000] {processor.py:925} INFO - DAG(s) 'example_sla_dag' retrieved from /home/airflow/.local/lib/python3.12/site-packages/airflow/example_dags/example_sla_dag.py
[2024-08-24T03:10:40.921+0000] {logging_mixin.py:190} INFO - [2024-08-24T03:10:40.921+0000] {dag.py:3211} INFO - Sync 1 DAGs
[2024-08-24T03:10:40.972+0000] {logging_mixin.py:190} INFO - [2024-08-24T03:10:40.972+0000] {dag.py:4138} INFO - Setting next_dagrun for example_sla_dag to 2024-08-24 03:08:00+00:00, run_after=2024-08-24 03:10:00+00:00
[2024-08-24T03:10:41.008+0000] {processor.py:208} INFO - Processing /home/airflow/.local/lib/python3.12/site-packages/airflow/example_dags/example_sla_dag.py took 0.176 seconds
[2024-08-24T03:11:13.473+0000] {processor.py:186} INFO - Started process (PID=363) to work on /home/airflow/.local/lib/python3.12/site-packages/airflow/example_dags/example_sla_dag.py
[2024-08-24T03:11:13.475+0000] {processor.py:914} INFO - Processing file /home/airflow/.local/lib/python3.12/site-packages/airflow/example_dags/example_sla_dag.py for tasks to queue
[2024-08-24T03:11:13.479+0000] {logging_mixin.py:190} INFO - [2024-08-24T03:11:13.478+0000] {dagbag.py:587} INFO - Filling up the DagBag from /home/airflow/.local/lib/python3.12/site-packages/airflow/example_dags/example_sla_dag.py
[2024-08-24T03:11:13.502+0000] {processor.py:925} INFO - DAG(s) 'example_sla_dag' retrieved from /home/airflow/.local/lib/python3.12/site-packages/airflow/example_dags/example_sla_dag.py
[2024-08-24T03:11:13.562+0000] {logging_mixin.py:190} INFO - [2024-08-24T03:11:13.562+0000] {dag.py:3211} INFO - Sync 1 DAGs
[2024-08-24T03:11:13.597+0000] {logging_mixin.py:190} INFO - [2024-08-24T03:11:13.596+0000] {dag.py:4138} INFO - Setting next_dagrun for example_sla_dag to 2024-08-24 03:08:00+00:00, run_after=2024-08-24 03:10:00+00:00
[2024-08-24T03:11:13.622+0000] {processor.py:208} INFO - Processing /home/airflow/.local/lib/python3.12/site-packages/airflow/example_dags/example_sla_dag.py took 0.172 seconds
[2024-08-24T03:11:44.684+0000] {processor.py:186} INFO - Started process (PID=425) to work on /home/airflow/.local/lib/python3.12/site-packages/airflow/example_dags/example_sla_dag.py
[2024-08-24T03:11:44.690+0000] {processor.py:914} INFO - Processing file /home/airflow/.local/lib/python3.12/site-packages/airflow/example_dags/example_sla_dag.py for tasks to queue
[2024-08-24T03:11:44.693+0000] {logging_mixin.py:190} INFO - [2024-08-24T03:11:44.693+0000] {dagbag.py:587} INFO - Filling up the DagBag from /home/airflow/.local/lib/python3.12/site-packages/airflow/example_dags/example_sla_dag.py
[2024-08-24T03:11:44.709+0000] {processor.py:925} INFO - DAG(s) 'example_sla_dag' retrieved from /home/airflow/.local/lib/python3.12/site-packages/airflow/example_dags/example_sla_dag.py
[2024-08-24T03:11:44.822+0000] {logging_mixin.py:190} INFO - [2024-08-24T03:11:44.821+0000] {dag.py:3211} INFO - Sync 1 DAGs
[2024-08-24T03:11:44.903+0000] {logging_mixin.py:190} INFO - [2024-08-24T03:11:44.903+0000] {dag.py:4138} INFO - Setting next_dagrun for example_sla_dag to 2024-08-24 03:08:00+00:00, run_after=2024-08-24 03:10:00+00:00
[2024-08-24T03:11:45.012+0000] {processor.py:208} INFO - Processing /home/airflow/.local/lib/python3.12/site-packages/airflow/example_dags/example_sla_dag.py took 0.339 seconds
[2024-08-24T03:12:15.732+0000] {processor.py:186} INFO - Started process (PID=488) to work on /home/airflow/.local/lib/python3.12/site-packages/airflow/example_dags/example_sla_dag.py
[2024-08-24T03:12:15.734+0000] {processor.py:914} INFO - Processing file /home/airflow/.local/lib/python3.12/site-packages/airflow/example_dags/example_sla_dag.py for tasks to queue
[2024-08-24T03:12:15.739+0000] {logging_mixin.py:190} INFO - [2024-08-24T03:12:15.738+0000] {dagbag.py:587} INFO - Filling up the DagBag from /home/airflow/.local/lib/python3.12/site-packages/airflow/example_dags/example_sla_dag.py
[2024-08-24T03:12:15.761+0000] {processor.py:925} INFO - DAG(s) 'example_sla_dag' retrieved from /home/airflow/.local/lib/python3.12/site-packages/airflow/example_dags/example_sla_dag.py
[2024-08-24T03:12:15.802+0000] {logging_mixin.py:190} INFO - [2024-08-24T03:12:15.802+0000] {dag.py:3211} INFO - Sync 1 DAGs
[2024-08-24T03:12:15.839+0000] {logging_mixin.py:190} INFO - [2024-08-24T03:12:15.838+0000] {dag.py:4138} INFO - Setting next_dagrun for example_sla_dag to 2024-08-24 03:10:00+00:00, run_after=2024-08-24 03:12:00+00:00
[2024-08-24T03:12:15.863+0000] {processor.py:208} INFO - Processing /home/airflow/.local/lib/python3.12/site-packages/airflow/example_dags/example_sla_dag.py took 0.145 seconds
[2024-08-24T03:12:46.050+0000] {processor.py:186} INFO - Started process (PID=551) to work on /home/airflow/.local/lib/python3.12/site-packages/airflow/example_dags/example_sla_dag.py
[2024-08-24T03:12:46.052+0000] {processor.py:914} INFO - Processing file /home/airflow/.local/lib/python3.12/site-packages/airflow/example_dags/example_sla_dag.py for tasks to queue
[2024-08-24T03:12:46.055+0000] {logging_mixin.py:190} INFO - [2024-08-24T03:12:46.055+0000] {dagbag.py:587} INFO - Filling up the DagBag from /home/airflow/.local/lib/python3.12/site-packages/airflow/example_dags/example_sla_dag.py
[2024-08-24T03:12:46.074+0000] {processor.py:925} INFO - DAG(s) 'example_sla_dag' retrieved from /home/airflow/.local/lib/python3.12/site-packages/airflow/example_dags/example_sla_dag.py
[2024-08-24T03:12:46.108+0000] {logging_mixin.py:190} INFO - [2024-08-24T03:12:46.108+0000] {dag.py:3211} INFO - Sync 1 DAGs
[2024-08-24T03:12:46.147+0000] {logging_mixin.py:190} INFO - [2024-08-24T03:12:46.147+0000] {dag.py:4138} INFO - Setting next_dagrun for example_sla_dag to 2024-08-24 03:10:00+00:00, run_after=2024-08-24 03:12:00+00:00
[2024-08-24T03:12:46.185+0000] {processor.py:208} INFO - Processing /home/airflow/.local/lib/python3.12/site-packages/airflow/example_dags/example_sla_dag.py took 0.144 seconds
[2024-08-24T03:13:17.952+0000] {processor.py:186} INFO - Started process (PID=614) to work on /home/airflow/.local/lib/python3.12/site-packages/airflow/example_dags/example_sla_dag.py
[2024-08-24T03:13:17.959+0000] {processor.py:914} INFO - Processing file /home/airflow/.local/lib/python3.12/site-packages/airflow/example_dags/example_sla_dag.py for tasks to queue
[2024-08-24T03:13:17.963+0000] {logging_mixin.py:190} INFO - [2024-08-24T03:13:17.962+0000] {dagbag.py:587} INFO - Filling up the DagBag from /home/airflow/.local/lib/python3.12/site-packages/airflow/example_dags/example_sla_dag.py
[2024-08-24T03:13:17.979+0000] {processor.py:925} INFO - DAG(s) 'example_sla_dag' retrieved from /home/airflow/.local/lib/python3.12/site-packages/airflow/example_dags/example_sla_dag.py
[2024-08-24T03:13:18.018+0000] {logging_mixin.py:190} INFO - [2024-08-24T03:13:18.018+0000] {dag.py:3211} INFO - Sync 1 DAGs
[2024-08-24T03:13:18.058+0000] {logging_mixin.py:190} INFO - [2024-08-24T03:13:18.057+0000] {dag.py:4138} INFO - Setting next_dagrun for example_sla_dag to 2024-08-24 03:10:00+00:00, run_after=2024-08-24 03:12:00+00:00
[2024-08-24T03:13:18.082+0000] {processor.py:208} INFO - Processing /home/airflow/.local/lib/python3.12/site-packages/airflow/example_dags/example_sla_dag.py took 0.138 seconds
[2024-08-24T03:13:49.018+0000] {processor.py:186} INFO - Started process (PID=676) to work on /home/airflow/.local/lib/python3.12/site-packages/airflow/example_dags/example_sla_dag.py
[2024-08-24T03:13:49.020+0000] {processor.py:914} INFO - Processing file /home/airflow/.local/lib/python3.12/site-packages/airflow/example_dags/example_sla_dag.py for tasks to queue
[2024-08-24T03:13:49.026+0000] {logging_mixin.py:190} INFO - [2024-08-24T03:13:49.025+0000] {dagbag.py:587} INFO - Filling up the DagBag from /home/airflow/.local/lib/python3.12/site-packages/airflow/example_dags/example_sla_dag.py
[2024-08-24T03:13:49.042+0000] {processor.py:925} INFO - DAG(s) 'example_sla_dag' retrieved from /home/airflow/.local/lib/python3.12/site-packages/airflow/example_dags/example_sla_dag.py
[2024-08-24T03:13:49.086+0000] {logging_mixin.py:190} INFO - [2024-08-24T03:13:49.086+0000] {dag.py:3211} INFO - Sync 1 DAGs
[2024-08-24T03:13:49.118+0000] {logging_mixin.py:190} INFO - [2024-08-24T03:13:49.118+0000] {dag.py:4138} INFO - Setting next_dagrun for example_sla_dag to 2024-08-24 03:10:00+00:00, run_after=2024-08-24 03:12:00+00:00
[2024-08-24T03:13:49.142+0000] {processor.py:208} INFO - Processing /home/airflow/.local/lib/python3.12/site-packages/airflow/example_dags/example_sla_dag.py took 0.133 seconds
[2024-08-24T03:14:19.470+0000] {processor.py:186} INFO - Started process (PID=739) to work on /home/airflow/.local/lib/python3.12/site-packages/airflow/example_dags/example_sla_dag.py
[2024-08-24T03:14:19.472+0000] {processor.py:914} INFO - Processing file /home/airflow/.local/lib/python3.12/site-packages/airflow/example_dags/example_sla_dag.py for tasks to queue
[2024-08-24T03:14:19.476+0000] {logging_mixin.py:190} INFO - [2024-08-24T03:14:19.475+0000] {dagbag.py:587} INFO - Filling up the DagBag from /home/airflow/.local/lib/python3.12/site-packages/airflow/example_dags/example_sla_dag.py
[2024-08-24T03:14:19.494+0000] {processor.py:925} INFO - DAG(s) 'example_sla_dag' retrieved from /home/airflow/.local/lib/python3.12/site-packages/airflow/example_dags/example_sla_dag.py
[2024-08-24T03:14:19.535+0000] {logging_mixin.py:190} INFO - [2024-08-24T03:14:19.534+0000] {dag.py:3211} INFO - Sync 1 DAGs
[2024-08-24T03:14:19.578+0000] {logging_mixin.py:190} INFO - [2024-08-24T03:14:19.578+0000] {dag.py:4138} INFO - Setting next_dagrun for example_sla_dag to 2024-08-24 03:12:00+00:00, run_after=2024-08-24 03:14:00+00:00
[2024-08-24T03:14:19.611+0000] {processor.py:208} INFO - Processing /home/airflow/.local/lib/python3.12/site-packages/airflow/example_dags/example_sla_dag.py took 0.151 seconds
[2024-08-24T03:14:50.968+0000] {processor.py:186} INFO - Started process (PID=801) to work on /home/airflow/.local/lib/python3.12/site-packages/airflow/example_dags/example_sla_dag.py
[2024-08-24T03:14:50.970+0000] {processor.py:914} INFO - Processing file /home/airflow/.local/lib/python3.12/site-packages/airflow/example_dags/example_sla_dag.py for tasks to queue
[2024-08-24T03:14:50.973+0000] {logging_mixin.py:190} INFO - [2024-08-24T03:14:50.973+0000] {dagbag.py:587} INFO - Filling up the DagBag from /home/airflow/.local/lib/python3.12/site-packages/airflow/example_dags/example_sla_dag.py
[2024-08-24T03:14:50.993+0000] {processor.py:925} INFO - DAG(s) 'example_sla_dag' retrieved from /home/airflow/.local/lib/python3.12/site-packages/airflow/example_dags/example_sla_dag.py
[2024-08-24T03:14:51.026+0000] {logging_mixin.py:190} INFO - [2024-08-24T03:14:51.025+0000] {dag.py:3211} INFO - Sync 1 DAGs
[2024-08-24T03:14:51.069+0000] {logging_mixin.py:190} INFO - [2024-08-24T03:14:51.067+0000] {dag.py:4138} INFO - Setting next_dagrun for example_sla_dag to 2024-08-24 03:12:00+00:00, run_after=2024-08-24 03:14:00+00:00
[2024-08-24T03:14:51.099+0000] {processor.py:208} INFO - Processing /home/airflow/.local/lib/python3.12/site-packages/airflow/example_dags/example_sla_dag.py took 0.140 seconds
[2024-08-24T03:15:21.542+0000] {processor.py:186} INFO - Started process (PID=864) to work on /home/airflow/.local/lib/python3.12/site-packages/airflow/example_dags/example_sla_dag.py
[2024-08-24T03:15:21.544+0000] {processor.py:914} INFO - Processing file /home/airflow/.local/lib/python3.12/site-packages/airflow/example_dags/example_sla_dag.py for tasks to queue
[2024-08-24T03:15:21.548+0000] {logging_mixin.py:190} INFO - [2024-08-24T03:15:21.547+0000] {dagbag.py:587} INFO - Filling up the DagBag from /home/airflow/.local/lib/python3.12/site-packages/airflow/example_dags/example_sla_dag.py
[2024-08-24T03:15:21.562+0000] {processor.py:925} INFO - DAG(s) 'example_sla_dag' retrieved from /home/airflow/.local/lib/python3.12/site-packages/airflow/example_dags/example_sla_dag.py
[2024-08-24T03:15:21.600+0000] {logging_mixin.py:190} INFO - [2024-08-24T03:15:21.600+0000] {dag.py:3211} INFO - Sync 1 DAGs
[2024-08-24T03:15:21.640+0000] {logging_mixin.py:190} INFO - [2024-08-24T03:15:21.640+0000] {dag.py:4138} INFO - Setting next_dagrun for example_sla_dag to 2024-08-24 03:12:00+00:00, run_after=2024-08-24 03:14:00+00:00
[2024-08-24T03:15:21.697+0000] {processor.py:208} INFO - Processing /home/airflow/.local/lib/python3.12/site-packages/airflow/example_dags/example_sla_dag.py took 0.165 seconds
[2024-08-24T03:16:07.065+0000] {processor.py:186} INFO - Started process (PID=927) to work on /home/airflow/.local/lib/python3.12/site-packages/airflow/example_dags/example_sla_dag.py
[2024-08-24T03:16:07.083+0000] {processor.py:914} INFO - Processing file /home/airflow/.local/lib/python3.12/site-packages/airflow/example_dags/example_sla_dag.py for tasks to queue
[2024-08-24T03:16:07.102+0000] {logging_mixin.py:190} INFO - [2024-08-24T03:16:07.093+0000] {dagbag.py:587} INFO - Filling up the DagBag from /home/airflow/.local/lib/python3.12/site-packages/airflow/example_dags/example_sla_dag.py
[2024-08-24T03:16:07.338+0000] {processor.py:925} INFO - DAG(s) 'example_sla_dag' retrieved from /home/airflow/.local/lib/python3.12/site-packages/airflow/example_dags/example_sla_dag.py
[2024-08-24T03:16:08.545+0000] {logging_mixin.py:190} INFO - [2024-08-24T03:16:08.543+0000] {dag.py:3211} INFO - Sync 1 DAGs
[2024-08-24T03:16:09.260+0000] {logging_mixin.py:190} INFO - [2024-08-24T03:16:09.176+0000] {dag.py:4138} INFO - Setting next_dagrun for example_sla_dag to 2024-08-24 03:14:00+00:00, run_after=2024-08-24 03:16:00+00:00
[2024-08-24T03:16:09.473+0000] {processor.py:208} INFO - Processing /home/airflow/.local/lib/python3.12/site-packages/airflow/example_dags/example_sla_dag.py took 2.835 seconds
[2024-08-24T03:22:24.011+0000] {processor.py:186} INFO - Started process (PID=99) to work on /home/airflow/.local/lib/python3.12/site-packages/airflow/example_dags/example_sla_dag.py
[2024-08-24T03:22:24.119+0000] {processor.py:914} INFO - Processing file /home/airflow/.local/lib/python3.12/site-packages/airflow/example_dags/example_sla_dag.py for tasks to queue
[2024-08-24T03:22:24.150+0000] {logging_mixin.py:190} INFO - [2024-08-24T03:22:24.149+0000] {dagbag.py:587} INFO - Filling up the DagBag from /home/airflow/.local/lib/python3.12/site-packages/airflow/example_dags/example_sla_dag.py
[2024-08-24T03:22:24.967+0000] {processor.py:925} INFO - DAG(s) 'example_sla_dag' retrieved from /home/airflow/.local/lib/python3.12/site-packages/airflow/example_dags/example_sla_dag.py
[2024-08-24T03:22:25.995+0000] {logging_mixin.py:190} INFO - [2024-08-24T03:22:25.993+0000] {dag.py:3211} INFO - Sync 1 DAGs
[2024-08-24T03:22:27.039+0000] {logging_mixin.py:190} INFO - [2024-08-24T03:22:27.038+0000] {dag.py:4138} INFO - Setting next_dagrun for example_sla_dag to 2024-08-24 03:20:00+00:00, run_after=2024-08-24 03:22:00+00:00
[2024-08-24T03:22:30.327+0000] {processor.py:208} INFO - Processing /home/airflow/.local/lib/python3.12/site-packages/airflow/example_dags/example_sla_dag.py took 6.367 seconds
[2024-08-24T03:36:55.576+0000] {processor.py:186} INFO - Started process (PID=70) to work on /home/airflow/.local/lib/python3.12/site-packages/airflow/example_dags/example_sla_dag.py
[2024-08-24T03:36:55.588+0000] {processor.py:914} INFO - Processing file /home/airflow/.local/lib/python3.12/site-packages/airflow/example_dags/example_sla_dag.py for tasks to queue
[2024-08-24T03:36:55.596+0000] {logging_mixin.py:190} INFO - [2024-08-24T03:36:55.596+0000] {dagbag.py:587} INFO - Filling up the DagBag from /home/airflow/.local/lib/python3.12/site-packages/airflow/example_dags/example_sla_dag.py
[2024-08-24T03:36:55.627+0000] {processor.py:925} INFO - DAG(s) 'example_sla_dag' retrieved from /home/airflow/.local/lib/python3.12/site-packages/airflow/example_dags/example_sla_dag.py
[2024-08-24T03:36:55.682+0000] {logging_mixin.py:190} INFO - [2024-08-24T03:36:55.673+0000] {dag.py:3211} INFO - Sync 1 DAGs
[2024-08-24T03:36:55.741+0000] {logging_mixin.py:190} INFO - [2024-08-24T03:36:55.740+0000] {dag.py:4138} INFO - Setting next_dagrun for example_sla_dag to 2024-08-24 03:34:00+00:00, run_after=2024-08-24 03:36:00+00:00
[2024-08-24T03:36:55.784+0000] {processor.py:208} INFO - Processing /home/airflow/.local/lib/python3.12/site-packages/airflow/example_dags/example_sla_dag.py took 0.245 seconds
[2024-08-24T18:11:23.771+0000] {processor.py:186} INFO - Started process (PID=69) to work on /home/airflow/.local/lib/python3.12/site-packages/airflow/example_dags/example_sla_dag.py
[2024-08-24T18:11:23.782+0000] {processor.py:914} INFO - Processing file /home/airflow/.local/lib/python3.12/site-packages/airflow/example_dags/example_sla_dag.py for tasks to queue
[2024-08-24T18:11:23.819+0000] {logging_mixin.py:190} INFO - [2024-08-24T18:11:23.818+0000] {dagbag.py:587} INFO - Filling up the DagBag from /home/airflow/.local/lib/python3.12/site-packages/airflow/example_dags/example_sla_dag.py
[2024-08-24T18:11:23.959+0000] {processor.py:925} INFO - DAG(s) 'example_sla_dag' retrieved from /home/airflow/.local/lib/python3.12/site-packages/airflow/example_dags/example_sla_dag.py
[2024-08-24T18:11:24.327+0000] {logging_mixin.py:190} INFO - [2024-08-24T18:11:24.326+0000] {dag.py:3211} INFO - Sync 1 DAGs
[2024-08-24T18:11:24.666+0000] {logging_mixin.py:190} INFO - [2024-08-24T18:11:24.665+0000] {dag.py:4138} INFO - Setting next_dagrun for example_sla_dag to 2024-08-24 18:08:00+00:00, run_after=2024-08-24 18:10:00+00:00
[2024-08-24T18:11:24.925+0000] {processor.py:208} INFO - Processing /home/airflow/.local/lib/python3.12/site-packages/airflow/example_dags/example_sla_dag.py took 1.187 seconds
[2024-08-24T18:11:56.200+0000] {processor.py:186} INFO - Started process (PID=132) to work on /home/airflow/.local/lib/python3.12/site-packages/airflow/example_dags/example_sla_dag.py
[2024-08-24T18:11:56.208+0000] {processor.py:914} INFO - Processing file /home/airflow/.local/lib/python3.12/site-packages/airflow/example_dags/example_sla_dag.py for tasks to queue
[2024-08-24T18:11:56.215+0000] {logging_mixin.py:190} INFO - [2024-08-24T18:11:56.215+0000] {dagbag.py:587} INFO - Filling up the DagBag from /home/airflow/.local/lib/python3.12/site-packages/airflow/example_dags/example_sla_dag.py
[2024-08-24T18:11:56.277+0000] {processor.py:925} INFO - DAG(s) 'example_sla_dag' retrieved from /home/airflow/.local/lib/python3.12/site-packages/airflow/example_dags/example_sla_dag.py
[2024-08-24T18:11:56.452+0000] {logging_mixin.py:190} INFO - [2024-08-24T18:11:56.452+0000] {dag.py:3211} INFO - Sync 1 DAGs
[2024-08-24T18:11:56.522+0000] {logging_mixin.py:190} INFO - [2024-08-24T18:11:56.522+0000] {dag.py:4138} INFO - Setting next_dagrun for example_sla_dag to 2024-08-24 18:08:00+00:00, run_after=2024-08-24 18:10:00+00:00
[2024-08-24T18:11:56.777+0000] {processor.py:208} INFO - Processing /home/airflow/.local/lib/python3.12/site-packages/airflow/example_dags/example_sla_dag.py took 0.606 seconds
[2024-08-24T18:12:27.223+0000] {processor.py:186} INFO - Started process (PID=195) to work on /home/airflow/.local/lib/python3.12/site-packages/airflow/example_dags/example_sla_dag.py
[2024-08-24T18:12:27.233+0000] {processor.py:914} INFO - Processing file /home/airflow/.local/lib/python3.12/site-packages/airflow/example_dags/example_sla_dag.py for tasks to queue
[2024-08-24T18:12:27.246+0000] {logging_mixin.py:190} INFO - [2024-08-24T18:12:27.244+0000] {dagbag.py:587} INFO - Filling up the DagBag from /home/airflow/.local/lib/python3.12/site-packages/airflow/example_dags/example_sla_dag.py
[2024-08-24T18:12:27.311+0000] {processor.py:925} INFO - DAG(s) 'example_sla_dag' retrieved from /home/airflow/.local/lib/python3.12/site-packages/airflow/example_dags/example_sla_dag.py
[2024-08-24T18:12:27.568+0000] {logging_mixin.py:190} INFO - [2024-08-24T18:12:27.567+0000] {dag.py:3211} INFO - Sync 1 DAGs
[2024-08-24T18:12:27.690+0000] {logging_mixin.py:190} INFO - [2024-08-24T18:12:27.690+0000] {dag.py:4138} INFO - Setting next_dagrun for example_sla_dag to 2024-08-24 18:10:00+00:00, run_after=2024-08-24 18:12:00+00:00
[2024-08-24T18:12:27.726+0000] {processor.py:208} INFO - Processing /home/airflow/.local/lib/python3.12/site-packages/airflow/example_dags/example_sla_dag.py took 0.514 seconds
[2024-08-24T18:13:01.577+0000] {processor.py:186} INFO - Started process (PID=258) to work on /home/airflow/.local/lib/python3.12/site-packages/airflow/example_dags/example_sla_dag.py
[2024-08-24T18:13:01.604+0000] {processor.py:914} INFO - Processing file /home/airflow/.local/lib/python3.12/site-packages/airflow/example_dags/example_sla_dag.py for tasks to queue
[2024-08-24T18:13:01.609+0000] {logging_mixin.py:190} INFO - [2024-08-24T18:13:01.608+0000] {dagbag.py:587} INFO - Filling up the DagBag from /home/airflow/.local/lib/python3.12/site-packages/airflow/example_dags/example_sla_dag.py
[2024-08-24T18:13:01.675+0000] {processor.py:925} INFO - DAG(s) 'example_sla_dag' retrieved from /home/airflow/.local/lib/python3.12/site-packages/airflow/example_dags/example_sla_dag.py
[2024-08-24T18:13:01.953+0000] {logging_mixin.py:190} INFO - [2024-08-24T18:13:01.952+0000] {dag.py:3211} INFO - Sync 1 DAGs
[2024-08-24T18:13:02.284+0000] {logging_mixin.py:190} INFO - [2024-08-24T18:13:02.284+0000] {dag.py:4138} INFO - Setting next_dagrun for example_sla_dag to 2024-08-24 18:10:00+00:00, run_after=2024-08-24 18:12:00+00:00
[2024-08-24T18:13:02.323+0000] {processor.py:208} INFO - Processing /home/airflow/.local/lib/python3.12/site-packages/airflow/example_dags/example_sla_dag.py took 0.776 seconds
[2024-08-24T18:13:48.161+0000] {processor.py:186} INFO - Started process (PID=328) to work on /home/airflow/.local/lib/python3.12/site-packages/airflow/example_dags/example_sla_dag.py
[2024-08-24T18:13:48.168+0000] {processor.py:914} INFO - Processing file /home/airflow/.local/lib/python3.12/site-packages/airflow/example_dags/example_sla_dag.py for tasks to queue
[2024-08-24T18:13:48.192+0000] {logging_mixin.py:190} INFO - [2024-08-24T18:13:48.191+0000] {dagbag.py:587} INFO - Filling up the DagBag from /home/airflow/.local/lib/python3.12/site-packages/airflow/example_dags/example_sla_dag.py
[2024-08-24T18:13:48.307+0000] {processor.py:925} INFO - DAG(s) 'example_sla_dag' retrieved from /home/airflow/.local/lib/python3.12/site-packages/airflow/example_dags/example_sla_dag.py
[2024-08-24T18:13:48.463+0000] {logging_mixin.py:190} INFO - [2024-08-24T18:13:48.463+0000] {dag.py:3211} INFO - Sync 1 DAGs
[2024-08-24T18:13:48.557+0000] {logging_mixin.py:190} INFO - [2024-08-24T18:13:48.556+0000] {dag.py:4138} INFO - Setting next_dagrun for example_sla_dag to 2024-08-24 18:10:00+00:00, run_after=2024-08-24 18:12:00+00:00
[2024-08-24T18:13:48.632+0000] {processor.py:208} INFO - Processing /home/airflow/.local/lib/python3.12/site-packages/airflow/example_dags/example_sla_dag.py took 0.486 seconds
[2024-08-24T18:14:22.371+0000] {processor.py:186} INFO - Started process (PID=392) to work on /home/airflow/.local/lib/python3.12/site-packages/airflow/example_dags/example_sla_dag.py
[2024-08-24T18:14:22.374+0000] {processor.py:914} INFO - Processing file /home/airflow/.local/lib/python3.12/site-packages/airflow/example_dags/example_sla_dag.py for tasks to queue
[2024-08-24T18:14:22.377+0000] {logging_mixin.py:190} INFO - [2024-08-24T18:14:22.377+0000] {dagbag.py:587} INFO - Filling up the DagBag from /home/airflow/.local/lib/python3.12/site-packages/airflow/example_dags/example_sla_dag.py
[2024-08-24T18:14:22.393+0000] {processor.py:925} INFO - DAG(s) 'example_sla_dag' retrieved from /home/airflow/.local/lib/python3.12/site-packages/airflow/example_dags/example_sla_dag.py
[2024-08-24T18:14:22.461+0000] {logging_mixin.py:190} INFO - [2024-08-24T18:14:22.460+0000] {dag.py:3211} INFO - Sync 1 DAGs
[2024-08-24T18:14:22.619+0000] {logging_mixin.py:190} INFO - [2024-08-24T18:14:22.618+0000] {dag.py:4138} INFO - Setting next_dagrun for example_sla_dag to 2024-08-24 18:12:00+00:00, run_after=2024-08-24 18:14:00+00:00
[2024-08-24T18:14:22.695+0000] {processor.py:208} INFO - Processing /home/airflow/.local/lib/python3.12/site-packages/airflow/example_dags/example_sla_dag.py took 0.332 seconds
