[2024-08-24T03:09:02.750+0000] {processor.py:186} INFO - Started process (PID=110) to work on /home/airflow/.local/lib/python3.12/site-packages/airflow/example_dags/example_latest_only.py
[2024-08-24T03:09:02.751+0000] {processor.py:914} INFO - Processing file /home/airflow/.local/lib/python3.12/site-packages/airflow/example_dags/example_latest_only.py for tasks to queue
[2024-08-24T03:09:02.754+0000] {logging_mixin.py:190} INFO - [2024-08-24T03:09:02.754+0000] {dagbag.py:587} INFO - Filling up the DagBag from /home/airflow/.local/lib/python3.12/site-packages/airflow/example_dags/example_latest_only.py
[2024-08-24T03:09:02.765+0000] {processor.py:925} INFO - DAG(s) 'latest_only' retrieved from /home/airflow/.local/lib/python3.12/site-packages/airflow/example_dags/example_latest_only.py
[2024-08-24T03:09:04.037+0000] {logging_mixin.py:190} INFO - [2024-08-24T03:09:04.035+0000] {override.py:1858} INFO - Created Permission View: can delete on DAG:latest_only
[2024-08-24T03:09:04.363+0000] {logging_mixin.py:190} INFO - [2024-08-24T03:09:04.326+0000] {override.py:1858} INFO - Created Permission View: can read on DAG:latest_only
[2024-08-24T03:09:04.482+0000] {logging_mixin.py:190} INFO - [2024-08-24T03:09:04.480+0000] {override.py:1858} INFO - Created Permission View: can edit on DAG:latest_only
[2024-08-24T03:09:04.482+0000] {logging_mixin.py:190} INFO - [2024-08-24T03:09:04.482+0000] {dag.py:3211} INFO - Sync 1 DAGs
[2024-08-24T03:09:04.672+0000] {logging_mixin.py:190} INFO - [2024-08-24T03:09:04.672+0000] {dag.py:3234} INFO - Creating ORM DAG for latest_only
[2024-08-24T03:09:05.033+0000] {logging_mixin.py:190} INFO - [2024-08-24T03:09:05.032+0000] {dag.py:4138} INFO - Setting next_dagrun for latest_only to 2024-08-23 20:00:00+00:00, run_after=2024-08-24 00:00:00+00:00
[2024-08-24T03:09:05.324+0000] {processor.py:208} INFO - Processing /home/airflow/.local/lib/python3.12/site-packages/airflow/example_dags/example_latest_only.py took 2.595 seconds
[2024-08-24T03:09:40.249+0000] {processor.py:186} INFO - Started process (PID=172) to work on /home/airflow/.local/lib/python3.12/site-packages/airflow/example_dags/example_latest_only.py
[2024-08-24T03:09:40.252+0000] {processor.py:914} INFO - Processing file /home/airflow/.local/lib/python3.12/site-packages/airflow/example_dags/example_latest_only.py for tasks to queue
[2024-08-24T03:09:40.256+0000] {logging_mixin.py:190} INFO - [2024-08-24T03:09:40.255+0000] {dagbag.py:587} INFO - Filling up the DagBag from /home/airflow/.local/lib/python3.12/site-packages/airflow/example_dags/example_latest_only.py
[2024-08-24T03:09:40.266+0000] {processor.py:925} INFO - DAG(s) 'latest_only' retrieved from /home/airflow/.local/lib/python3.12/site-packages/airflow/example_dags/example_latest_only.py
[2024-08-24T03:09:40.308+0000] {logging_mixin.py:190} INFO - [2024-08-24T03:09:40.307+0000] {dag.py:3211} INFO - Sync 1 DAGs
[2024-08-24T03:09:40.341+0000] {logging_mixin.py:190} INFO - [2024-08-24T03:09:40.341+0000] {dag.py:4138} INFO - Setting next_dagrun for latest_only to 2024-08-23 20:00:00+00:00, run_after=2024-08-24 00:00:00+00:00
[2024-08-24T03:09:40.379+0000] {processor.py:208} INFO - Processing /home/airflow/.local/lib/python3.12/site-packages/airflow/example_dags/example_latest_only.py took 0.138 seconds
[2024-08-24T03:10:10.519+0000] {processor.py:186} INFO - Started process (PID=236) to work on /home/airflow/.local/lib/python3.12/site-packages/airflow/example_dags/example_latest_only.py
[2024-08-24T03:10:10.522+0000] {processor.py:914} INFO - Processing file /home/airflow/.local/lib/python3.12/site-packages/airflow/example_dags/example_latest_only.py for tasks to queue
[2024-08-24T03:10:10.529+0000] {logging_mixin.py:190} INFO - [2024-08-24T03:10:10.529+0000] {dagbag.py:587} INFO - Filling up the DagBag from /home/airflow/.local/lib/python3.12/site-packages/airflow/example_dags/example_latest_only.py
[2024-08-24T03:10:10.545+0000] {processor.py:925} INFO - DAG(s) 'latest_only' retrieved from /home/airflow/.local/lib/python3.12/site-packages/airflow/example_dags/example_latest_only.py
[2024-08-24T03:10:10.589+0000] {logging_mixin.py:190} INFO - [2024-08-24T03:10:10.588+0000] {dag.py:3211} INFO - Sync 1 DAGs
[2024-08-24T03:10:10.648+0000] {logging_mixin.py:190} INFO - [2024-08-24T03:10:10.648+0000] {dag.py:4138} INFO - Setting next_dagrun for latest_only to 2024-08-23 20:00:00+00:00, run_after=2024-08-24 00:00:00+00:00
[2024-08-24T03:10:10.707+0000] {processor.py:208} INFO - Processing /home/airflow/.local/lib/python3.12/site-packages/airflow/example_dags/example_latest_only.py took 0.198 seconds
[2024-08-24T03:10:41.613+0000] {processor.py:186} INFO - Started process (PID=299) to work on /home/airflow/.local/lib/python3.12/site-packages/airflow/example_dags/example_latest_only.py
[2024-08-24T03:10:41.617+0000] {processor.py:914} INFO - Processing file /home/airflow/.local/lib/python3.12/site-packages/airflow/example_dags/example_latest_only.py for tasks to queue
[2024-08-24T03:10:41.627+0000] {logging_mixin.py:190} INFO - [2024-08-24T03:10:41.627+0000] {dagbag.py:587} INFO - Filling up the DagBag from /home/airflow/.local/lib/python3.12/site-packages/airflow/example_dags/example_latest_only.py
[2024-08-24T03:10:41.669+0000] {processor.py:925} INFO - DAG(s) 'latest_only' retrieved from /home/airflow/.local/lib/python3.12/site-packages/airflow/example_dags/example_latest_only.py
[2024-08-24T03:10:41.761+0000] {logging_mixin.py:190} INFO - [2024-08-24T03:10:41.760+0000] {dag.py:3211} INFO - Sync 1 DAGs
[2024-08-24T03:10:41.833+0000] {logging_mixin.py:190} INFO - [2024-08-24T03:10:41.832+0000] {dag.py:4138} INFO - Setting next_dagrun for latest_only to 2024-08-23 20:00:00+00:00, run_after=2024-08-24 00:00:00+00:00
[2024-08-24T03:10:41.857+0000] {processor.py:208} INFO - Processing /home/airflow/.local/lib/python3.12/site-packages/airflow/example_dags/example_latest_only.py took 0.252 seconds
[2024-08-24T03:11:14.256+0000] {processor.py:186} INFO - Started process (PID=368) to work on /home/airflow/.local/lib/python3.12/site-packages/airflow/example_dags/example_latest_only.py
[2024-08-24T03:11:14.259+0000] {processor.py:914} INFO - Processing file /home/airflow/.local/lib/python3.12/site-packages/airflow/example_dags/example_latest_only.py for tasks to queue
[2024-08-24T03:11:14.264+0000] {logging_mixin.py:190} INFO - [2024-08-24T03:11:14.263+0000] {dagbag.py:587} INFO - Filling up the DagBag from /home/airflow/.local/lib/python3.12/site-packages/airflow/example_dags/example_latest_only.py
[2024-08-24T03:11:14.277+0000] {processor.py:925} INFO - DAG(s) 'latest_only' retrieved from /home/airflow/.local/lib/python3.12/site-packages/airflow/example_dags/example_latest_only.py
[2024-08-24T03:11:14.328+0000] {logging_mixin.py:190} INFO - [2024-08-24T03:11:14.327+0000] {dag.py:3211} INFO - Sync 1 DAGs
[2024-08-24T03:11:14.385+0000] {logging_mixin.py:190} INFO - [2024-08-24T03:11:14.385+0000] {dag.py:4138} INFO - Setting next_dagrun for latest_only to 2024-08-23 20:00:00+00:00, run_after=2024-08-24 00:00:00+00:00
[2024-08-24T03:11:14.460+0000] {processor.py:208} INFO - Processing /home/airflow/.local/lib/python3.12/site-packages/airflow/example_dags/example_latest_only.py took 0.218 seconds
[2024-08-24T03:11:46.699+0000] {processor.py:186} INFO - Started process (PID=431) to work on /home/airflow/.local/lib/python3.12/site-packages/airflow/example_dags/example_latest_only.py
[2024-08-24T03:11:46.701+0000] {processor.py:914} INFO - Processing file /home/airflow/.local/lib/python3.12/site-packages/airflow/example_dags/example_latest_only.py for tasks to queue
[2024-08-24T03:11:46.704+0000] {logging_mixin.py:190} INFO - [2024-08-24T03:11:46.704+0000] {dagbag.py:587} INFO - Filling up the DagBag from /home/airflow/.local/lib/python3.12/site-packages/airflow/example_dags/example_latest_only.py
[2024-08-24T03:11:46.713+0000] {processor.py:925} INFO - DAG(s) 'latest_only' retrieved from /home/airflow/.local/lib/python3.12/site-packages/airflow/example_dags/example_latest_only.py
[2024-08-24T03:11:47.081+0000] {logging_mixin.py:190} INFO - [2024-08-24T03:11:47.080+0000] {dag.py:3211} INFO - Sync 1 DAGs
[2024-08-24T03:11:47.135+0000] {logging_mixin.py:190} INFO - [2024-08-24T03:11:47.135+0000] {dag.py:4138} INFO - Setting next_dagrun for latest_only to 2024-08-23 20:00:00+00:00, run_after=2024-08-24 00:00:00+00:00
[2024-08-24T03:11:47.177+0000] {processor.py:208} INFO - Processing /home/airflow/.local/lib/python3.12/site-packages/airflow/example_dags/example_latest_only.py took 0.489 seconds
[2024-08-24T03:12:17.341+0000] {processor.py:186} INFO - Started process (PID=493) to work on /home/airflow/.local/lib/python3.12/site-packages/airflow/example_dags/example_latest_only.py
[2024-08-24T03:12:17.344+0000] {processor.py:914} INFO - Processing file /home/airflow/.local/lib/python3.12/site-packages/airflow/example_dags/example_latest_only.py for tasks to queue
[2024-08-24T03:12:17.348+0000] {logging_mixin.py:190} INFO - [2024-08-24T03:12:17.348+0000] {dagbag.py:587} INFO - Filling up the DagBag from /home/airflow/.local/lib/python3.12/site-packages/airflow/example_dags/example_latest_only.py
[2024-08-24T03:12:17.359+0000] {processor.py:925} INFO - DAG(s) 'latest_only' retrieved from /home/airflow/.local/lib/python3.12/site-packages/airflow/example_dags/example_latest_only.py
[2024-08-24T03:12:17.398+0000] {logging_mixin.py:190} INFO - [2024-08-24T03:12:17.398+0000] {dag.py:3211} INFO - Sync 1 DAGs
[2024-08-24T03:12:17.441+0000] {logging_mixin.py:190} INFO - [2024-08-24T03:12:17.440+0000] {dag.py:4138} INFO - Setting next_dagrun for latest_only to 2024-08-23 20:00:00+00:00, run_after=2024-08-24 00:00:00+00:00
[2024-08-24T03:12:17.477+0000] {processor.py:208} INFO - Processing /home/airflow/.local/lib/python3.12/site-packages/airflow/example_dags/example_latest_only.py took 0.144 seconds
[2024-08-24T03:12:47.693+0000] {processor.py:186} INFO - Started process (PID=556) to work on /home/airflow/.local/lib/python3.12/site-packages/airflow/example_dags/example_latest_only.py
[2024-08-24T03:12:47.695+0000] {processor.py:914} INFO - Processing file /home/airflow/.local/lib/python3.12/site-packages/airflow/example_dags/example_latest_only.py for tasks to queue
[2024-08-24T03:12:47.711+0000] {logging_mixin.py:190} INFO - [2024-08-24T03:12:47.709+0000] {dagbag.py:587} INFO - Filling up the DagBag from /home/airflow/.local/lib/python3.12/site-packages/airflow/example_dags/example_latest_only.py
[2024-08-24T03:12:47.729+0000] {processor.py:925} INFO - DAG(s) 'latest_only' retrieved from /home/airflow/.local/lib/python3.12/site-packages/airflow/example_dags/example_latest_only.py
[2024-08-24T03:12:47.774+0000] {logging_mixin.py:190} INFO - [2024-08-24T03:12:47.774+0000] {dag.py:3211} INFO - Sync 1 DAGs
[2024-08-24T03:12:47.805+0000] {logging_mixin.py:190} INFO - [2024-08-24T03:12:47.805+0000] {dag.py:4138} INFO - Setting next_dagrun for latest_only to 2024-08-23 20:00:00+00:00, run_after=2024-08-24 00:00:00+00:00
[2024-08-24T03:12:47.835+0000] {processor.py:208} INFO - Processing /home/airflow/.local/lib/python3.12/site-packages/airflow/example_dags/example_latest_only.py took 0.154 seconds
[2024-08-24T03:13:18.765+0000] {processor.py:186} INFO - Started process (PID=619) to work on /home/airflow/.local/lib/python3.12/site-packages/airflow/example_dags/example_latest_only.py
[2024-08-24T03:13:18.767+0000] {processor.py:914} INFO - Processing file /home/airflow/.local/lib/python3.12/site-packages/airflow/example_dags/example_latest_only.py for tasks to queue
[2024-08-24T03:13:18.772+0000] {logging_mixin.py:190} INFO - [2024-08-24T03:13:18.771+0000] {dagbag.py:587} INFO - Filling up the DagBag from /home/airflow/.local/lib/python3.12/site-packages/airflow/example_dags/example_latest_only.py
[2024-08-24T03:13:18.790+0000] {processor.py:925} INFO - DAG(s) 'latest_only' retrieved from /home/airflow/.local/lib/python3.12/site-packages/airflow/example_dags/example_latest_only.py
[2024-08-24T03:13:18.830+0000] {logging_mixin.py:190} INFO - [2024-08-24T03:13:18.829+0000] {dag.py:3211} INFO - Sync 1 DAGs
[2024-08-24T03:13:18.888+0000] {logging_mixin.py:190} INFO - [2024-08-24T03:13:18.888+0000] {dag.py:4138} INFO - Setting next_dagrun for latest_only to 2024-08-23 20:00:00+00:00, run_after=2024-08-24 00:00:00+00:00
[2024-08-24T03:13:18.916+0000] {processor.py:208} INFO - Processing /home/airflow/.local/lib/python3.12/site-packages/airflow/example_dags/example_latest_only.py took 0.159 seconds
[2024-08-24T03:13:49.811+0000] {processor.py:186} INFO - Started process (PID=681) to work on /home/airflow/.local/lib/python3.12/site-packages/airflow/example_dags/example_latest_only.py
[2024-08-24T03:13:49.813+0000] {processor.py:914} INFO - Processing file /home/airflow/.local/lib/python3.12/site-packages/airflow/example_dags/example_latest_only.py for tasks to queue
[2024-08-24T03:13:49.817+0000] {logging_mixin.py:190} INFO - [2024-08-24T03:13:49.817+0000] {dagbag.py:587} INFO - Filling up the DagBag from /home/airflow/.local/lib/python3.12/site-packages/airflow/example_dags/example_latest_only.py
[2024-08-24T03:13:49.848+0000] {processor.py:925} INFO - DAG(s) 'latest_only' retrieved from /home/airflow/.local/lib/python3.12/site-packages/airflow/example_dags/example_latest_only.py
[2024-08-24T03:13:49.918+0000] {logging_mixin.py:190} INFO - [2024-08-24T03:13:49.917+0000] {dag.py:3211} INFO - Sync 1 DAGs
[2024-08-24T03:13:49.964+0000] {logging_mixin.py:190} INFO - [2024-08-24T03:13:49.964+0000] {dag.py:4138} INFO - Setting next_dagrun for latest_only to 2024-08-23 20:00:00+00:00, run_after=2024-08-24 00:00:00+00:00
[2024-08-24T03:13:50.000+0000] {processor.py:208} INFO - Processing /home/airflow/.local/lib/python3.12/site-packages/airflow/example_dags/example_latest_only.py took 0.198 seconds
[2024-08-24T03:14:20.068+0000] {processor.py:186} INFO - Started process (PID=744) to work on /home/airflow/.local/lib/python3.12/site-packages/airflow/example_dags/example_latest_only.py
[2024-08-24T03:14:20.069+0000] {processor.py:914} INFO - Processing file /home/airflow/.local/lib/python3.12/site-packages/airflow/example_dags/example_latest_only.py for tasks to queue
[2024-08-24T03:14:20.073+0000] {logging_mixin.py:190} INFO - [2024-08-24T03:14:20.072+0000] {dagbag.py:587} INFO - Filling up the DagBag from /home/airflow/.local/lib/python3.12/site-packages/airflow/example_dags/example_latest_only.py
[2024-08-24T03:14:20.085+0000] {processor.py:925} INFO - DAG(s) 'latest_only' retrieved from /home/airflow/.local/lib/python3.12/site-packages/airflow/example_dags/example_latest_only.py
[2024-08-24T03:14:20.120+0000] {logging_mixin.py:190} INFO - [2024-08-24T03:14:20.120+0000] {dag.py:3211} INFO - Sync 1 DAGs
[2024-08-24T03:14:20.149+0000] {logging_mixin.py:190} INFO - [2024-08-24T03:14:20.149+0000] {dag.py:4138} INFO - Setting next_dagrun for latest_only to 2024-08-23 20:00:00+00:00, run_after=2024-08-24 00:00:00+00:00
[2024-08-24T03:14:20.197+0000] {processor.py:208} INFO - Processing /home/airflow/.local/lib/python3.12/site-packages/airflow/example_dags/example_latest_only.py took 0.138 seconds
[2024-08-24T03:14:51.453+0000] {processor.py:186} INFO - Started process (PID=806) to work on /home/airflow/.local/lib/python3.12/site-packages/airflow/example_dags/example_latest_only.py
[2024-08-24T03:14:51.454+0000] {processor.py:914} INFO - Processing file /home/airflow/.local/lib/python3.12/site-packages/airflow/example_dags/example_latest_only.py for tasks to queue
[2024-08-24T03:14:51.457+0000] {logging_mixin.py:190} INFO - [2024-08-24T03:14:51.457+0000] {dagbag.py:587} INFO - Filling up the DagBag from /home/airflow/.local/lib/python3.12/site-packages/airflow/example_dags/example_latest_only.py
[2024-08-24T03:14:51.470+0000] {processor.py:925} INFO - DAG(s) 'latest_only' retrieved from /home/airflow/.local/lib/python3.12/site-packages/airflow/example_dags/example_latest_only.py
[2024-08-24T03:14:51.508+0000] {logging_mixin.py:190} INFO - [2024-08-24T03:14:51.508+0000] {dag.py:3211} INFO - Sync 1 DAGs
[2024-08-24T03:14:51.537+0000] {logging_mixin.py:190} INFO - [2024-08-24T03:14:51.537+0000] {dag.py:4138} INFO - Setting next_dagrun for latest_only to 2024-08-23 20:00:00+00:00, run_after=2024-08-24 00:00:00+00:00
[2024-08-24T03:14:51.565+0000] {processor.py:208} INFO - Processing /home/airflow/.local/lib/python3.12/site-packages/airflow/example_dags/example_latest_only.py took 0.121 seconds
[2024-08-24T03:15:22.320+0000] {processor.py:186} INFO - Started process (PID=869) to work on /home/airflow/.local/lib/python3.12/site-packages/airflow/example_dags/example_latest_only.py
[2024-08-24T03:15:22.322+0000] {processor.py:914} INFO - Processing file /home/airflow/.local/lib/python3.12/site-packages/airflow/example_dags/example_latest_only.py for tasks to queue
[2024-08-24T03:15:22.326+0000] {logging_mixin.py:190} INFO - [2024-08-24T03:15:22.325+0000] {dagbag.py:587} INFO - Filling up the DagBag from /home/airflow/.local/lib/python3.12/site-packages/airflow/example_dags/example_latest_only.py
[2024-08-24T03:15:22.339+0000] {processor.py:925} INFO - DAG(s) 'latest_only' retrieved from /home/airflow/.local/lib/python3.12/site-packages/airflow/example_dags/example_latest_only.py
[2024-08-24T03:15:22.374+0000] {logging_mixin.py:190} INFO - [2024-08-24T03:15:22.373+0000] {dag.py:3211} INFO - Sync 1 DAGs
[2024-08-24T03:15:22.403+0000] {logging_mixin.py:190} INFO - [2024-08-24T03:15:22.402+0000] {dag.py:4138} INFO - Setting next_dagrun for latest_only to 2024-08-23 20:00:00+00:00, run_after=2024-08-24 00:00:00+00:00
[2024-08-24T03:15:22.430+0000] {processor.py:208} INFO - Processing /home/airflow/.local/lib/python3.12/site-packages/airflow/example_dags/example_latest_only.py took 0.123 seconds
[2024-08-24T03:17:41.231+0000] {processor.py:186} INFO - Started process (PID=932) to work on /home/airflow/.local/lib/python3.12/site-packages/airflow/example_dags/example_latest_only.py
[2024-08-24T03:17:41.250+0000] {processor.py:914} INFO - Processing file /home/airflow/.local/lib/python3.12/site-packages/airflow/example_dags/example_latest_only.py for tasks to queue
[2024-08-24T03:17:41.274+0000] {logging_mixin.py:190} INFO - [2024-08-24T03:17:41.256+0000] {dagbag.py:587} INFO - Filling up the DagBag from /home/airflow/.local/lib/python3.12/site-packages/airflow/example_dags/example_latest_only.py
[2024-08-24T03:17:41.547+0000] {processor.py:925} INFO - DAG(s) 'latest_only' retrieved from /home/airflow/.local/lib/python3.12/site-packages/airflow/example_dags/example_latest_only.py
[2024-08-24T03:23:24.974+0000] {processor.py:186} INFO - Started process (PID=111) to work on /home/airflow/.local/lib/python3.12/site-packages/airflow/example_dags/example_latest_only.py
[2024-08-24T03:23:25.148+0000] {processor.py:914} INFO - Processing file /home/airflow/.local/lib/python3.12/site-packages/airflow/example_dags/example_latest_only.py for tasks to queue
[2024-08-24T03:23:29.413+0000] {logging_mixin.py:190} INFO - [2024-08-24T03:23:25.272+0000] {dagbag.py:587} INFO - Filling up the DagBag from /home/airflow/.local/lib/python3.12/site-packages/airflow/example_dags/example_latest_only.py
[2024-08-24T03:23:29.642+0000] {processor.py:925} INFO - DAG(s) 'latest_only' retrieved from /home/airflow/.local/lib/python3.12/site-packages/airflow/example_dags/example_latest_only.py
[2024-08-24T03:23:45.175+0000] {logging_mixin.py:190} INFO - [2024-08-24T03:23:45.174+0000] {dag.py:3211} INFO - Sync 1 DAGs
[2024-08-24T03:23:46.622+0000] {logging_mixin.py:190} INFO - [2024-08-24T03:23:46.621+0000] {dag.py:4138} INFO - Setting next_dagrun for latest_only to 2024-08-23 20:00:00+00:00, run_after=2024-08-24 00:00:00+00:00
[2024-08-24T03:23:47.831+0000] {processor.py:208} INFO - Processing /home/airflow/.local/lib/python3.12/site-packages/airflow/example_dags/example_latest_only.py took 22.887 seconds
[2024-08-24T03:37:03.436+0000] {processor.py:186} INFO - Started process (PID=82) to work on /home/airflow/.local/lib/python3.12/site-packages/airflow/example_dags/example_latest_only.py
[2024-08-24T03:37:03.477+0000] {processor.py:914} INFO - Processing file /home/airflow/.local/lib/python3.12/site-packages/airflow/example_dags/example_latest_only.py for tasks to queue
[2024-08-24T03:37:03.489+0000] {logging_mixin.py:190} INFO - [2024-08-24T03:37:03.488+0000] {dagbag.py:587} INFO - Filling up the DagBag from /home/airflow/.local/lib/python3.12/site-packages/airflow/example_dags/example_latest_only.py
[2024-08-24T03:37:03.547+0000] {processor.py:925} INFO - DAG(s) 'latest_only' retrieved from /home/airflow/.local/lib/python3.12/site-packages/airflow/example_dags/example_latest_only.py
[2024-08-24T03:37:03.613+0000] {logging_mixin.py:190} INFO - [2024-08-24T03:37:03.603+0000] {dag.py:3211} INFO - Sync 1 DAGs
[2024-08-24T03:37:03.695+0000] {logging_mixin.py:190} INFO - [2024-08-24T03:37:03.695+0000] {dag.py:4138} INFO - Setting next_dagrun for latest_only to 2024-08-23 20:00:00+00:00, run_after=2024-08-24 00:00:00+00:00
[2024-08-24T03:37:03.807+0000] {processor.py:208} INFO - Processing /home/airflow/.local/lib/python3.12/site-packages/airflow/example_dags/example_latest_only.py took 0.382 seconds
[2024-08-24T18:11:28.328+0000] {processor.py:186} INFO - Started process (PID=75) to work on /home/airflow/.local/lib/python3.12/site-packages/airflow/example_dags/example_latest_only.py
[2024-08-24T18:11:28.332+0000] {processor.py:914} INFO - Processing file /home/airflow/.local/lib/python3.12/site-packages/airflow/example_dags/example_latest_only.py for tasks to queue
[2024-08-24T18:11:28.339+0000] {logging_mixin.py:190} INFO - [2024-08-24T18:11:28.338+0000] {dagbag.py:587} INFO - Filling up the DagBag from /home/airflow/.local/lib/python3.12/site-packages/airflow/example_dags/example_latest_only.py
[2024-08-24T18:11:28.359+0000] {processor.py:925} INFO - DAG(s) 'latest_only' retrieved from /home/airflow/.local/lib/python3.12/site-packages/airflow/example_dags/example_latest_only.py
[2024-08-24T18:11:28.446+0000] {logging_mixin.py:190} INFO - [2024-08-24T18:11:28.445+0000] {dag.py:3211} INFO - Sync 1 DAGs
[2024-08-24T18:11:28.539+0000] {logging_mixin.py:190} INFO - [2024-08-24T18:11:28.539+0000] {dag.py:4138} INFO - Setting next_dagrun for latest_only to 2024-08-24 12:00:00+00:00, run_after=2024-08-24 16:00:00+00:00
[2024-08-24T18:11:28.658+0000] {processor.py:208} INFO - Processing /home/airflow/.local/lib/python3.12/site-packages/airflow/example_dags/example_latest_only.py took 0.350 seconds
[2024-08-24T18:11:59.649+0000] {processor.py:186} INFO - Started process (PID=138) to work on /home/airflow/.local/lib/python3.12/site-packages/airflow/example_dags/example_latest_only.py
[2024-08-24T18:11:59.674+0000] {processor.py:914} INFO - Processing file /home/airflow/.local/lib/python3.12/site-packages/airflow/example_dags/example_latest_only.py for tasks to queue
[2024-08-24T18:11:59.681+0000] {logging_mixin.py:190} INFO - [2024-08-24T18:11:59.680+0000] {dagbag.py:587} INFO - Filling up the DagBag from /home/airflow/.local/lib/python3.12/site-packages/airflow/example_dags/example_latest_only.py
[2024-08-24T18:11:59.704+0000] {processor.py:925} INFO - DAG(s) 'latest_only' retrieved from /home/airflow/.local/lib/python3.12/site-packages/airflow/example_dags/example_latest_only.py
[2024-08-24T18:11:59.767+0000] {logging_mixin.py:190} INFO - [2024-08-24T18:11:59.767+0000] {dag.py:3211} INFO - Sync 1 DAGs
[2024-08-24T18:11:59.827+0000] {logging_mixin.py:190} INFO - [2024-08-24T18:11:59.827+0000] {dag.py:4138} INFO - Setting next_dagrun for latest_only to 2024-08-24 12:00:00+00:00, run_after=2024-08-24 16:00:00+00:00
[2024-08-24T18:11:59.880+0000] {processor.py:208} INFO - Processing /home/airflow/.local/lib/python3.12/site-packages/airflow/example_dags/example_latest_only.py took 0.287 seconds
[2024-08-24T18:12:30.025+0000] {processor.py:186} INFO - Started process (PID=200) to work on /home/airflow/.local/lib/python3.12/site-packages/airflow/example_dags/example_latest_only.py
[2024-08-24T18:12:30.028+0000] {processor.py:914} INFO - Processing file /home/airflow/.local/lib/python3.12/site-packages/airflow/example_dags/example_latest_only.py for tasks to queue
[2024-08-24T18:12:30.033+0000] {logging_mixin.py:190} INFO - [2024-08-24T18:12:30.032+0000] {dagbag.py:587} INFO - Filling up the DagBag from /home/airflow/.local/lib/python3.12/site-packages/airflow/example_dags/example_latest_only.py
[2024-08-24T18:12:30.057+0000] {processor.py:925} INFO - DAG(s) 'latest_only' retrieved from /home/airflow/.local/lib/python3.12/site-packages/airflow/example_dags/example_latest_only.py
[2024-08-24T18:12:30.159+0000] {logging_mixin.py:190} INFO - [2024-08-24T18:12:30.159+0000] {dag.py:3211} INFO - Sync 1 DAGs
[2024-08-24T18:12:30.217+0000] {logging_mixin.py:190} INFO - [2024-08-24T18:12:30.217+0000] {dag.py:4138} INFO - Setting next_dagrun for latest_only to 2024-08-24 12:00:00+00:00, run_after=2024-08-24 16:00:00+00:00
[2024-08-24T18:12:30.241+0000] {processor.py:208} INFO - Processing /home/airflow/.local/lib/python3.12/site-packages/airflow/example_dags/example_latest_only.py took 0.226 seconds
[2024-08-24T18:13:05.390+0000] {processor.py:186} INFO - Started process (PID=263) to work on /home/airflow/.local/lib/python3.12/site-packages/airflow/example_dags/example_latest_only.py
[2024-08-24T18:13:05.429+0000] {processor.py:914} INFO - Processing file /home/airflow/.local/lib/python3.12/site-packages/airflow/example_dags/example_latest_only.py for tasks to queue
[2024-08-24T18:13:05.601+0000] {logging_mixin.py:190} INFO - [2024-08-24T18:13:05.600+0000] {dagbag.py:587} INFO - Filling up the DagBag from /home/airflow/.local/lib/python3.12/site-packages/airflow/example_dags/example_latest_only.py
[2024-08-24T18:13:05.668+0000] {processor.py:925} INFO - DAG(s) 'latest_only' retrieved from /home/airflow/.local/lib/python3.12/site-packages/airflow/example_dags/example_latest_only.py
[2024-08-24T18:13:06.437+0000] {logging_mixin.py:190} INFO - [2024-08-24T18:13:06.437+0000] {dag.py:3211} INFO - Sync 1 DAGs
[2024-08-24T18:13:06.772+0000] {logging_mixin.py:190} INFO - [2024-08-24T18:13:06.772+0000] {dag.py:4138} INFO - Setting next_dagrun for latest_only to 2024-08-24 12:00:00+00:00, run_after=2024-08-24 16:00:00+00:00
[2024-08-24T18:13:07.723+0000] {processor.py:208} INFO - Processing /home/airflow/.local/lib/python3.12/site-packages/airflow/example_dags/example_latest_only.py took 2.644 seconds
[2024-08-24T18:13:51.268+0000] {processor.py:186} INFO - Started process (PID=333) to work on /home/airflow/.local/lib/python3.12/site-packages/airflow/example_dags/example_latest_only.py
[2024-08-24T18:13:51.280+0000] {processor.py:914} INFO - Processing file /home/airflow/.local/lib/python3.12/site-packages/airflow/example_dags/example_latest_only.py for tasks to queue
[2024-08-24T18:13:51.296+0000] {logging_mixin.py:190} INFO - [2024-08-24T18:13:51.295+0000] {dagbag.py:587} INFO - Filling up the DagBag from /home/airflow/.local/lib/python3.12/site-packages/airflow/example_dags/example_latest_only.py
[2024-08-24T18:13:51.461+0000] {processor.py:925} INFO - DAG(s) 'latest_only' retrieved from /home/airflow/.local/lib/python3.12/site-packages/airflow/example_dags/example_latest_only.py
[2024-08-24T18:13:52.466+0000] {logging_mixin.py:190} INFO - [2024-08-24T18:13:52.466+0000] {dag.py:3211} INFO - Sync 1 DAGs
[2024-08-24T18:13:52.599+0000] {logging_mixin.py:190} INFO - [2024-08-24T18:13:52.597+0000] {dag.py:4138} INFO - Setting next_dagrun for latest_only to 2024-08-24 12:00:00+00:00, run_after=2024-08-24 16:00:00+00:00
[2024-08-24T18:13:52.898+0000] {processor.py:208} INFO - Processing /home/airflow/.local/lib/python3.12/site-packages/airflow/example_dags/example_latest_only.py took 1.640 seconds
[2024-08-24T18:14:23.250+0000] {processor.py:186} INFO - Started process (PID=397) to work on /home/airflow/.local/lib/python3.12/site-packages/airflow/example_dags/example_latest_only.py
[2024-08-24T18:14:23.254+0000] {processor.py:914} INFO - Processing file /home/airflow/.local/lib/python3.12/site-packages/airflow/example_dags/example_latest_only.py for tasks to queue
[2024-08-24T18:14:23.257+0000] {logging_mixin.py:190} INFO - [2024-08-24T18:14:23.256+0000] {dagbag.py:587} INFO - Filling up the DagBag from /home/airflow/.local/lib/python3.12/site-packages/airflow/example_dags/example_latest_only.py
[2024-08-24T18:14:23.271+0000] {processor.py:925} INFO - DAG(s) 'latest_only' retrieved from /home/airflow/.local/lib/python3.12/site-packages/airflow/example_dags/example_latest_only.py
[2024-08-24T18:14:23.316+0000] {logging_mixin.py:190} INFO - [2024-08-24T18:14:23.315+0000] {dag.py:3211} INFO - Sync 1 DAGs
[2024-08-24T18:14:23.361+0000] {logging_mixin.py:190} INFO - [2024-08-24T18:14:23.361+0000] {dag.py:4138} INFO - Setting next_dagrun for latest_only to 2024-08-24 12:00:00+00:00, run_after=2024-08-24 16:00:00+00:00
[2024-08-24T18:14:23.387+0000] {processor.py:208} INFO - Processing /home/airflow/.local/lib/python3.12/site-packages/airflow/example_dags/example_latest_only.py took 0.162 seconds
