[2024-08-24T03:06:17.104+0000] {processor.py:186} INFO - Started process (PID=66) to work on /home/airflow/.local/lib/python3.12/site-packages/airflow/example_dags/example_external_task_marker_dag.py
[2024-08-24T03:06:17.106+0000] {processor.py:914} INFO - Processing file /home/airflow/.local/lib/python3.12/site-packages/airflow/example_dags/example_external_task_marker_dag.py for tasks to queue
[2024-08-24T03:06:17.115+0000] {logging_mixin.py:190} INFO - [2024-08-24T03:06:17.115+0000] {dagbag.py:587} INFO - Filling up the DagBag from /home/airflow/.local/lib/python3.12/site-packages/airflow/example_dags/example_external_task_marker_dag.py
[2024-08-24T03:06:17.143+0000] {processor.py:925} INFO - DAG(s) 'example_external_task_marker_parent', 'example_external_task_marker_child' retrieved from /home/airflow/.local/lib/python3.12/site-packages/airflow/example_dags/example_external_task_marker_dag.py
[2024-08-24T03:06:21.880+0000] {logging_mixin.py:190} INFO - [2024-08-24T03:06:21.870+0000] {override.py:1858} INFO - Created Permission View: can delete on DAG:example_external_task_marker_parent
[2024-08-24T03:06:21.923+0000] {logging_mixin.py:190} INFO - [2024-08-24T03:06:21.922+0000] {override.py:1858} INFO - Created Permission View: can read on DAG:example_external_task_marker_parent
[2024-08-24T03:06:21.962+0000] {logging_mixin.py:190} INFO - [2024-08-24T03:06:21.961+0000] {override.py:1858} INFO - Created Permission View: can edit on DAG:example_external_task_marker_parent
[2024-08-24T03:06:22.078+0000] {logging_mixin.py:190} INFO - [2024-08-24T03:06:22.078+0000] {override.py:1858} INFO - Created Permission View: can delete on DAG:example_external_task_marker_child
[2024-08-24T03:06:22.117+0000] {logging_mixin.py:190} INFO - [2024-08-24T03:06:22.116+0000] {override.py:1858} INFO - Created Permission View: can read on DAG:example_external_task_marker_child
[2024-08-24T03:06:22.671+0000] {logging_mixin.py:190} INFO - [2024-08-24T03:06:22.671+0000] {override.py:1858} INFO - Created Permission View: can edit on DAG:example_external_task_marker_child
[2024-08-24T03:06:22.734+0000] {logging_mixin.py:190} INFO - [2024-08-24T03:06:22.672+0000] {dag.py:3211} INFO - Sync 2 DAGs
[2024-08-24T03:06:23.252+0000] {logging_mixin.py:190} INFO - [2024-08-24T03:06:23.251+0000] {dag.py:3234} INFO - Creating ORM DAG for example_external_task_marker_child
[2024-08-24T03:06:23.252+0000] {logging_mixin.py:190} INFO - [2024-08-24T03:06:23.252+0000] {dag.py:3234} INFO - Creating ORM DAG for example_external_task_marker_parent
[2024-08-24T03:06:23.253+0000] {logging_mixin.py:190} INFO - [2024-08-24T03:06:23.253+0000] {dag.py:4138} INFO - Setting next_dagrun for example_external_task_marker_child to None, run_after=None
[2024-08-24T03:06:23.253+0000] {logging_mixin.py:190} INFO - [2024-08-24T03:06:23.253+0000] {dag.py:4138} INFO - Setting next_dagrun for example_external_task_marker_parent to None, run_after=None
[2024-08-24T03:06:24.607+0000] {processor.py:208} INFO - Processing /home/airflow/.local/lib/python3.12/site-packages/airflow/example_dags/example_external_task_marker_dag.py took 7.513 seconds
[2024-08-24T03:09:37.121+0000] {processor.py:186} INFO - Started process (PID=152) to work on /home/airflow/.local/lib/python3.12/site-packages/airflow/example_dags/example_external_task_marker_dag.py
[2024-08-24T03:09:37.126+0000] {processor.py:914} INFO - Processing file /home/airflow/.local/lib/python3.12/site-packages/airflow/example_dags/example_external_task_marker_dag.py for tasks to queue
[2024-08-24T03:09:37.130+0000] {logging_mixin.py:190} INFO - [2024-08-24T03:09:37.129+0000] {dagbag.py:587} INFO - Filling up the DagBag from /home/airflow/.local/lib/python3.12/site-packages/airflow/example_dags/example_external_task_marker_dag.py
[2024-08-24T03:09:37.184+0000] {processor.py:925} INFO - DAG(s) 'example_external_task_marker_child', 'example_external_task_marker_parent' retrieved from /home/airflow/.local/lib/python3.12/site-packages/airflow/example_dags/example_external_task_marker_dag.py
[2024-08-24T03:09:37.273+0000] {logging_mixin.py:190} INFO - [2024-08-24T03:09:37.273+0000] {dag.py:3211} INFO - Sync 2 DAGs
[2024-08-24T03:09:37.294+0000] {logging_mixin.py:190} INFO - [2024-08-24T03:09:37.294+0000] {dag.py:4138} INFO - Setting next_dagrun for example_external_task_marker_child to None, run_after=None
[2024-08-24T03:09:37.300+0000] {logging_mixin.py:190} INFO - [2024-08-24T03:09:37.300+0000] {dag.py:4138} INFO - Setting next_dagrun for example_external_task_marker_parent to None, run_after=None
[2024-08-24T03:09:37.333+0000] {processor.py:208} INFO - Processing /home/airflow/.local/lib/python3.12/site-packages/airflow/example_dags/example_external_task_marker_dag.py took 0.228 seconds
[2024-08-24T03:10:07.615+0000] {processor.py:186} INFO - Started process (PID=216) to work on /home/airflow/.local/lib/python3.12/site-packages/airflow/example_dags/example_external_task_marker_dag.py
[2024-08-24T03:10:07.617+0000] {processor.py:914} INFO - Processing file /home/airflow/.local/lib/python3.12/site-packages/airflow/example_dags/example_external_task_marker_dag.py for tasks to queue
[2024-08-24T03:10:07.620+0000] {logging_mixin.py:190} INFO - [2024-08-24T03:10:07.619+0000] {dagbag.py:587} INFO - Filling up the DagBag from /home/airflow/.local/lib/python3.12/site-packages/airflow/example_dags/example_external_task_marker_dag.py
[2024-08-24T03:10:07.641+0000] {processor.py:925} INFO - DAG(s) 'example_external_task_marker_parent', 'example_external_task_marker_child' retrieved from /home/airflow/.local/lib/python3.12/site-packages/airflow/example_dags/example_external_task_marker_dag.py
[2024-08-24T03:10:07.707+0000] {logging_mixin.py:190} INFO - [2024-08-24T03:10:07.706+0000] {dag.py:3211} INFO - Sync 2 DAGs
[2024-08-24T03:10:07.728+0000] {logging_mixin.py:190} INFO - [2024-08-24T03:10:07.727+0000] {dag.py:4138} INFO - Setting next_dagrun for example_external_task_marker_child to None, run_after=None
[2024-08-24T03:10:07.732+0000] {logging_mixin.py:190} INFO - [2024-08-24T03:10:07.732+0000] {dag.py:4138} INFO - Setting next_dagrun for example_external_task_marker_parent to None, run_after=None
[2024-08-24T03:10:07.763+0000] {processor.py:208} INFO - Processing /home/airflow/.local/lib/python3.12/site-packages/airflow/example_dags/example_external_task_marker_dag.py took 0.158 seconds
[2024-08-24T03:10:37.894+0000] {processor.py:186} INFO - Started process (PID=279) to work on /home/airflow/.local/lib/python3.12/site-packages/airflow/example_dags/example_external_task_marker_dag.py
[2024-08-24T03:10:37.896+0000] {processor.py:914} INFO - Processing file /home/airflow/.local/lib/python3.12/site-packages/airflow/example_dags/example_external_task_marker_dag.py for tasks to queue
[2024-08-24T03:10:37.900+0000] {logging_mixin.py:190} INFO - [2024-08-24T03:10:37.900+0000] {dagbag.py:587} INFO - Filling up the DagBag from /home/airflow/.local/lib/python3.12/site-packages/airflow/example_dags/example_external_task_marker_dag.py
[2024-08-24T03:10:37.915+0000] {processor.py:925} INFO - DAG(s) 'example_external_task_marker_parent', 'example_external_task_marker_child' retrieved from /home/airflow/.local/lib/python3.12/site-packages/airflow/example_dags/example_external_task_marker_dag.py
[2024-08-24T03:10:37.970+0000] {logging_mixin.py:190} INFO - [2024-08-24T03:10:37.970+0000] {dag.py:3211} INFO - Sync 2 DAGs
[2024-08-24T03:10:37.997+0000] {logging_mixin.py:190} INFO - [2024-08-24T03:10:37.997+0000] {dag.py:4138} INFO - Setting next_dagrun for example_external_task_marker_child to None, run_after=None
[2024-08-24T03:10:38.003+0000] {logging_mixin.py:190} INFO - [2024-08-24T03:10:38.002+0000] {dag.py:4138} INFO - Setting next_dagrun for example_external_task_marker_parent to None, run_after=None
[2024-08-24T03:10:38.028+0000] {processor.py:208} INFO - Processing /home/airflow/.local/lib/python3.12/site-packages/airflow/example_dags/example_external_task_marker_dag.py took 0.147 seconds
[2024-08-24T03:11:08.824+0000] {processor.py:186} INFO - Started process (PID=338) to work on /home/airflow/.local/lib/python3.12/site-packages/airflow/example_dags/example_external_task_marker_dag.py
[2024-08-24T03:11:08.826+0000] {processor.py:914} INFO - Processing file /home/airflow/.local/lib/python3.12/site-packages/airflow/example_dags/example_external_task_marker_dag.py for tasks to queue
[2024-08-24T03:11:08.830+0000] {logging_mixin.py:190} INFO - [2024-08-24T03:11:08.829+0000] {dagbag.py:587} INFO - Filling up the DagBag from /home/airflow/.local/lib/python3.12/site-packages/airflow/example_dags/example_external_task_marker_dag.py
[2024-08-24T03:11:08.841+0000] {processor.py:925} INFO - DAG(s) 'example_external_task_marker_child', 'example_external_task_marker_parent' retrieved from /home/airflow/.local/lib/python3.12/site-packages/airflow/example_dags/example_external_task_marker_dag.py
[2024-08-24T03:11:08.878+0000] {logging_mixin.py:190} INFO - [2024-08-24T03:11:08.878+0000] {dag.py:3211} INFO - Sync 2 DAGs
[2024-08-24T03:11:08.900+0000] {logging_mixin.py:190} INFO - [2024-08-24T03:11:08.900+0000] {dag.py:4138} INFO - Setting next_dagrun for example_external_task_marker_child to None, run_after=None
[2024-08-24T03:11:08.907+0000] {logging_mixin.py:190} INFO - [2024-08-24T03:11:08.907+0000] {dag.py:4138} INFO - Setting next_dagrun for example_external_task_marker_parent to None, run_after=None
[2024-08-24T03:11:08.931+0000] {processor.py:208} INFO - Processing /home/airflow/.local/lib/python3.12/site-packages/airflow/example_dags/example_external_task_marker_dag.py took 0.127 seconds
[2024-08-24T03:11:39.204+0000] {processor.py:186} INFO - Started process (PID=401) to work on /home/airflow/.local/lib/python3.12/site-packages/airflow/example_dags/example_external_task_marker_dag.py
[2024-08-24T03:11:39.205+0000] {processor.py:914} INFO - Processing file /home/airflow/.local/lib/python3.12/site-packages/airflow/example_dags/example_external_task_marker_dag.py for tasks to queue
[2024-08-24T03:11:39.210+0000] {logging_mixin.py:190} INFO - [2024-08-24T03:11:39.209+0000] {dagbag.py:587} INFO - Filling up the DagBag from /home/airflow/.local/lib/python3.12/site-packages/airflow/example_dags/example_external_task_marker_dag.py
[2024-08-24T03:11:39.226+0000] {processor.py:925} INFO - DAG(s) 'example_external_task_marker_parent', 'example_external_task_marker_child' retrieved from /home/airflow/.local/lib/python3.12/site-packages/airflow/example_dags/example_external_task_marker_dag.py
[2024-08-24T03:11:39.293+0000] {logging_mixin.py:190} INFO - [2024-08-24T03:11:39.292+0000] {dag.py:3211} INFO - Sync 2 DAGs
[2024-08-24T03:11:39.313+0000] {logging_mixin.py:190} INFO - [2024-08-24T03:11:39.312+0000] {dag.py:4138} INFO - Setting next_dagrun for example_external_task_marker_child to None, run_after=None
[2024-08-24T03:11:39.317+0000] {logging_mixin.py:190} INFO - [2024-08-24T03:11:39.317+0000] {dag.py:4138} INFO - Setting next_dagrun for example_external_task_marker_parent to None, run_after=None
[2024-08-24T03:11:39.360+0000] {processor.py:208} INFO - Processing /home/airflow/.local/lib/python3.12/site-packages/airflow/example_dags/example_external_task_marker_dag.py took 0.170 seconds
[2024-08-24T03:12:09.876+0000] {processor.py:186} INFO - Started process (PID=462) to work on /home/airflow/.local/lib/python3.12/site-packages/airflow/example_dags/example_external_task_marker_dag.py
[2024-08-24T03:12:09.880+0000] {processor.py:914} INFO - Processing file /home/airflow/.local/lib/python3.12/site-packages/airflow/example_dags/example_external_task_marker_dag.py for tasks to queue
[2024-08-24T03:12:09.884+0000] {logging_mixin.py:190} INFO - [2024-08-24T03:12:09.884+0000] {dagbag.py:587} INFO - Filling up the DagBag from /home/airflow/.local/lib/python3.12/site-packages/airflow/example_dags/example_external_task_marker_dag.py
[2024-08-24T03:12:09.896+0000] {processor.py:925} INFO - DAG(s) 'example_external_task_marker_parent', 'example_external_task_marker_child' retrieved from /home/airflow/.local/lib/python3.12/site-packages/airflow/example_dags/example_external_task_marker_dag.py
[2024-08-24T03:12:09.998+0000] {logging_mixin.py:190} INFO - [2024-08-24T03:12:09.997+0000] {dag.py:3211} INFO - Sync 2 DAGs
[2024-08-24T03:12:10.027+0000] {logging_mixin.py:190} INFO - [2024-08-24T03:12:10.027+0000] {dag.py:4138} INFO - Setting next_dagrun for example_external_task_marker_child to None, run_after=None
[2024-08-24T03:12:10.033+0000] {logging_mixin.py:190} INFO - [2024-08-24T03:12:10.033+0000] {dag.py:4138} INFO - Setting next_dagrun for example_external_task_marker_parent to None, run_after=None
[2024-08-24T03:12:10.056+0000] {processor.py:208} INFO - Processing /home/airflow/.local/lib/python3.12/site-packages/airflow/example_dags/example_external_task_marker_dag.py took 0.188 seconds
[2024-08-24T03:12:40.467+0000] {processor.py:186} INFO - Started process (PID=525) to work on /home/airflow/.local/lib/python3.12/site-packages/airflow/example_dags/example_external_task_marker_dag.py
[2024-08-24T03:12:40.469+0000] {processor.py:914} INFO - Processing file /home/airflow/.local/lib/python3.12/site-packages/airflow/example_dags/example_external_task_marker_dag.py for tasks to queue
[2024-08-24T03:12:40.473+0000] {logging_mixin.py:190} INFO - [2024-08-24T03:12:40.472+0000] {dagbag.py:587} INFO - Filling up the DagBag from /home/airflow/.local/lib/python3.12/site-packages/airflow/example_dags/example_external_task_marker_dag.py
[2024-08-24T03:12:40.493+0000] {processor.py:925} INFO - DAG(s) 'example_external_task_marker_parent', 'example_external_task_marker_child' retrieved from /home/airflow/.local/lib/python3.12/site-packages/airflow/example_dags/example_external_task_marker_dag.py
[2024-08-24T03:12:40.595+0000] {logging_mixin.py:190} INFO - [2024-08-24T03:12:40.595+0000] {dag.py:3211} INFO - Sync 2 DAGs
[2024-08-24T03:12:40.623+0000] {logging_mixin.py:190} INFO - [2024-08-24T03:12:40.622+0000] {dag.py:4138} INFO - Setting next_dagrun for example_external_task_marker_child to None, run_after=None
[2024-08-24T03:12:40.629+0000] {logging_mixin.py:190} INFO - [2024-08-24T03:12:40.628+0000] {dag.py:4138} INFO - Setting next_dagrun for example_external_task_marker_parent to None, run_after=None
[2024-08-24T03:12:40.668+0000] {processor.py:208} INFO - Processing /home/airflow/.local/lib/python3.12/site-packages/airflow/example_dags/example_external_task_marker_dag.py took 0.212 seconds
[2024-08-24T03:13:11.176+0000] {processor.py:186} INFO - Started process (PID=588) to work on /home/airflow/.local/lib/python3.12/site-packages/airflow/example_dags/example_external_task_marker_dag.py
[2024-08-24T03:13:11.181+0000] {processor.py:914} INFO - Processing file /home/airflow/.local/lib/python3.12/site-packages/airflow/example_dags/example_external_task_marker_dag.py for tasks to queue
[2024-08-24T03:13:11.197+0000] {logging_mixin.py:190} INFO - [2024-08-24T03:13:11.196+0000] {dagbag.py:587} INFO - Filling up the DagBag from /home/airflow/.local/lib/python3.12/site-packages/airflow/example_dags/example_external_task_marker_dag.py
[2024-08-24T03:13:11.211+0000] {processor.py:925} INFO - DAG(s) 'example_external_task_marker_parent', 'example_external_task_marker_child' retrieved from /home/airflow/.local/lib/python3.12/site-packages/airflow/example_dags/example_external_task_marker_dag.py
[2024-08-24T03:13:11.267+0000] {logging_mixin.py:190} INFO - [2024-08-24T03:13:11.266+0000] {dag.py:3211} INFO - Sync 2 DAGs
[2024-08-24T03:13:11.295+0000] {logging_mixin.py:190} INFO - [2024-08-24T03:13:11.294+0000] {dag.py:4138} INFO - Setting next_dagrun for example_external_task_marker_child to None, run_after=None
[2024-08-24T03:13:11.325+0000] {logging_mixin.py:190} INFO - [2024-08-24T03:13:11.317+0000] {dag.py:4138} INFO - Setting next_dagrun for example_external_task_marker_parent to None, run_after=None
[2024-08-24T03:13:11.403+0000] {processor.py:208} INFO - Processing /home/airflow/.local/lib/python3.12/site-packages/airflow/example_dags/example_external_task_marker_dag.py took 0.240 seconds
[2024-08-24T03:13:42.359+0000] {processor.py:186} INFO - Started process (PID=651) to work on /home/airflow/.local/lib/python3.12/site-packages/airflow/example_dags/example_external_task_marker_dag.py
[2024-08-24T03:13:42.367+0000] {processor.py:914} INFO - Processing file /home/airflow/.local/lib/python3.12/site-packages/airflow/example_dags/example_external_task_marker_dag.py for tasks to queue
[2024-08-24T03:13:42.371+0000] {logging_mixin.py:190} INFO - [2024-08-24T03:13:42.370+0000] {dagbag.py:587} INFO - Filling up the DagBag from /home/airflow/.local/lib/python3.12/site-packages/airflow/example_dags/example_external_task_marker_dag.py
[2024-08-24T03:13:42.391+0000] {processor.py:925} INFO - DAG(s) 'example_external_task_marker_child', 'example_external_task_marker_parent' retrieved from /home/airflow/.local/lib/python3.12/site-packages/airflow/example_dags/example_external_task_marker_dag.py
[2024-08-24T03:13:42.425+0000] {logging_mixin.py:190} INFO - [2024-08-24T03:13:42.425+0000] {dag.py:3211} INFO - Sync 2 DAGs
[2024-08-24T03:13:42.453+0000] {logging_mixin.py:190} INFO - [2024-08-24T03:13:42.452+0000] {dag.py:4138} INFO - Setting next_dagrun for example_external_task_marker_child to None, run_after=None
[2024-08-24T03:13:42.457+0000] {logging_mixin.py:190} INFO - [2024-08-24T03:13:42.457+0000] {dag.py:4138} INFO - Setting next_dagrun for example_external_task_marker_parent to None, run_after=None
[2024-08-24T03:13:42.478+0000] {processor.py:208} INFO - Processing /home/airflow/.local/lib/python3.12/site-packages/airflow/example_dags/example_external_task_marker_dag.py took 0.135 seconds
[2024-08-24T03:14:13.105+0000] {processor.py:186} INFO - Started process (PID=713) to work on /home/airflow/.local/lib/python3.12/site-packages/airflow/example_dags/example_external_task_marker_dag.py
[2024-08-24T03:14:13.106+0000] {processor.py:914} INFO - Processing file /home/airflow/.local/lib/python3.12/site-packages/airflow/example_dags/example_external_task_marker_dag.py for tasks to queue
[2024-08-24T03:14:13.110+0000] {logging_mixin.py:190} INFO - [2024-08-24T03:14:13.110+0000] {dagbag.py:587} INFO - Filling up the DagBag from /home/airflow/.local/lib/python3.12/site-packages/airflow/example_dags/example_external_task_marker_dag.py
[2024-08-24T03:14:13.136+0000] {processor.py:925} INFO - DAG(s) 'example_external_task_marker_child', 'example_external_task_marker_parent' retrieved from /home/airflow/.local/lib/python3.12/site-packages/airflow/example_dags/example_external_task_marker_dag.py
[2024-08-24T03:14:13.196+0000] {logging_mixin.py:190} INFO - [2024-08-24T03:14:13.196+0000] {dag.py:3211} INFO - Sync 2 DAGs
[2024-08-24T03:14:13.223+0000] {logging_mixin.py:190} INFO - [2024-08-24T03:14:13.220+0000] {dag.py:4138} INFO - Setting next_dagrun for example_external_task_marker_child to None, run_after=None
[2024-08-24T03:14:13.230+0000] {logging_mixin.py:190} INFO - [2024-08-24T03:14:13.230+0000] {dag.py:4138} INFO - Setting next_dagrun for example_external_task_marker_parent to None, run_after=None
[2024-08-24T03:14:13.275+0000] {processor.py:208} INFO - Processing /home/airflow/.local/lib/python3.12/site-packages/airflow/example_dags/example_external_task_marker_dag.py took 0.181 seconds
[2024-08-24T03:14:43.914+0000] {processor.py:186} INFO - Started process (PID=776) to work on /home/airflow/.local/lib/python3.12/site-packages/airflow/example_dags/example_external_task_marker_dag.py
[2024-08-24T03:14:43.930+0000] {processor.py:914} INFO - Processing file /home/airflow/.local/lib/python3.12/site-packages/airflow/example_dags/example_external_task_marker_dag.py for tasks to queue
[2024-08-24T03:14:43.934+0000] {logging_mixin.py:190} INFO - [2024-08-24T03:14:43.934+0000] {dagbag.py:587} INFO - Filling up the DagBag from /home/airflow/.local/lib/python3.12/site-packages/airflow/example_dags/example_external_task_marker_dag.py
[2024-08-24T03:14:43.947+0000] {processor.py:925} INFO - DAG(s) 'example_external_task_marker_child', 'example_external_task_marker_parent' retrieved from /home/airflow/.local/lib/python3.12/site-packages/airflow/example_dags/example_external_task_marker_dag.py
[2024-08-24T03:14:43.992+0000] {logging_mixin.py:190} INFO - [2024-08-24T03:14:43.991+0000] {dag.py:3211} INFO - Sync 2 DAGs
[2024-08-24T03:14:44.013+0000] {logging_mixin.py:190} INFO - [2024-08-24T03:14:44.012+0000] {dag.py:4138} INFO - Setting next_dagrun for example_external_task_marker_child to None, run_after=None
[2024-08-24T03:14:44.018+0000] {logging_mixin.py:190} INFO - [2024-08-24T03:14:44.018+0000] {dag.py:4138} INFO - Setting next_dagrun for example_external_task_marker_parent to None, run_after=None
[2024-08-24T03:14:44.037+0000] {processor.py:208} INFO - Processing /home/airflow/.local/lib/python3.12/site-packages/airflow/example_dags/example_external_task_marker_dag.py took 0.136 seconds
[2024-08-24T03:15:14.755+0000] {processor.py:186} INFO - Started process (PID=838) to work on /home/airflow/.local/lib/python3.12/site-packages/airflow/example_dags/example_external_task_marker_dag.py
[2024-08-24T03:15:14.758+0000] {processor.py:914} INFO - Processing file /home/airflow/.local/lib/python3.12/site-packages/airflow/example_dags/example_external_task_marker_dag.py for tasks to queue
[2024-08-24T03:15:14.767+0000] {logging_mixin.py:190} INFO - [2024-08-24T03:15:14.766+0000] {dagbag.py:587} INFO - Filling up the DagBag from /home/airflow/.local/lib/python3.12/site-packages/airflow/example_dags/example_external_task_marker_dag.py
[2024-08-24T03:15:14.788+0000] {processor.py:925} INFO - DAG(s) 'example_external_task_marker_child', 'example_external_task_marker_parent' retrieved from /home/airflow/.local/lib/python3.12/site-packages/airflow/example_dags/example_external_task_marker_dag.py
[2024-08-24T03:15:14.872+0000] {logging_mixin.py:190} INFO - [2024-08-24T03:15:14.872+0000] {dag.py:3211} INFO - Sync 2 DAGs
[2024-08-24T03:15:14.906+0000] {logging_mixin.py:190} INFO - [2024-08-24T03:15:14.905+0000] {dag.py:4138} INFO - Setting next_dagrun for example_external_task_marker_child to None, run_after=None
[2024-08-24T03:15:14.914+0000] {logging_mixin.py:190} INFO - [2024-08-24T03:15:14.914+0000] {dag.py:4138} INFO - Setting next_dagrun for example_external_task_marker_parent to None, run_after=None
[2024-08-24T03:15:14.955+0000] {processor.py:208} INFO - Processing /home/airflow/.local/lib/python3.12/site-packages/airflow/example_dags/example_external_task_marker_dag.py took 0.226 seconds
[2024-08-24T03:15:45.576+0000] {processor.py:186} INFO - Started process (PID=899) to work on /home/airflow/.local/lib/python3.12/site-packages/airflow/example_dags/example_external_task_marker_dag.py
[2024-08-24T03:15:45.590+0000] {processor.py:914} INFO - Processing file /home/airflow/.local/lib/python3.12/site-packages/airflow/example_dags/example_external_task_marker_dag.py for tasks to queue
[2024-08-24T03:15:45.607+0000] {logging_mixin.py:190} INFO - [2024-08-24T03:15:45.606+0000] {dagbag.py:587} INFO - Filling up the DagBag from /home/airflow/.local/lib/python3.12/site-packages/airflow/example_dags/example_external_task_marker_dag.py
[2024-08-24T03:15:45.659+0000] {processor.py:925} INFO - DAG(s) 'example_external_task_marker_parent', 'example_external_task_marker_child' retrieved from /home/airflow/.local/lib/python3.12/site-packages/airflow/example_dags/example_external_task_marker_dag.py
[2024-08-24T03:15:45.918+0000] {logging_mixin.py:190} INFO - [2024-08-24T03:15:45.916+0000] {dag.py:3211} INFO - Sync 2 DAGs
[2024-08-24T03:15:45.978+0000] {logging_mixin.py:190} INFO - [2024-08-24T03:15:45.978+0000] {dag.py:4138} INFO - Setting next_dagrun for example_external_task_marker_child to None, run_after=None
[2024-08-24T03:15:45.989+0000] {logging_mixin.py:190} INFO - [2024-08-24T03:15:45.989+0000] {dag.py:4138} INFO - Setting next_dagrun for example_external_task_marker_parent to None, run_after=None
[2024-08-24T03:15:46.164+0000] {processor.py:208} INFO - Processing /home/airflow/.local/lib/python3.12/site-packages/airflow/example_dags/example_external_task_marker_dag.py took 0.596 seconds
[2024-08-24T03:21:30.799+0000] {processor.py:186} INFO - Started process (PID=72) to work on /home/airflow/.local/lib/python3.12/site-packages/airflow/example_dags/example_external_task_marker_dag.py
[2024-08-24T03:21:30.814+0000] {processor.py:914} INFO - Processing file /home/airflow/.local/lib/python3.12/site-packages/airflow/example_dags/example_external_task_marker_dag.py for tasks to queue
[2024-08-24T03:21:30.947+0000] {logging_mixin.py:190} INFO - [2024-08-24T03:21:30.946+0000] {dagbag.py:587} INFO - Filling up the DagBag from /home/airflow/.local/lib/python3.12/site-packages/airflow/example_dags/example_external_task_marker_dag.py
[2024-08-24T03:21:31.006+0000] {processor.py:925} INFO - DAG(s) 'example_external_task_marker_child', 'example_external_task_marker_parent' retrieved from /home/airflow/.local/lib/python3.12/site-packages/airflow/example_dags/example_external_task_marker_dag.py
[2024-08-24T03:21:32.486+0000] {logging_mixin.py:190} INFO - [2024-08-24T03:21:32.480+0000] {dag.py:3211} INFO - Sync 2 DAGs
[2024-08-24T03:21:32.613+0000] {logging_mixin.py:190} INFO - [2024-08-24T03:21:32.613+0000] {dag.py:4138} INFO - Setting next_dagrun for example_external_task_marker_child to None, run_after=None
[2024-08-24T03:21:32.849+0000] {logging_mixin.py:190} INFO - [2024-08-24T03:21:32.849+0000] {dag.py:4138} INFO - Setting next_dagrun for example_external_task_marker_parent to None, run_after=None
[2024-08-24T03:21:32.924+0000] {processor.py:208} INFO - Processing /home/airflow/.local/lib/python3.12/site-packages/airflow/example_dags/example_external_task_marker_dag.py took 2.174 seconds
[2024-08-24T03:36:38.955+0000] {processor.py:186} INFO - Started process (PID=55) to work on /home/airflow/.local/lib/python3.12/site-packages/airflow/example_dags/example_external_task_marker_dag.py
[2024-08-24T03:36:38.968+0000] {processor.py:914} INFO - Processing file /home/airflow/.local/lib/python3.12/site-packages/airflow/example_dags/example_external_task_marker_dag.py for tasks to queue
[2024-08-24T03:36:38.998+0000] {logging_mixin.py:190} INFO - [2024-08-24T03:36:38.984+0000] {dagbag.py:587} INFO - Filling up the DagBag from /home/airflow/.local/lib/python3.12/site-packages/airflow/example_dags/example_external_task_marker_dag.py
[2024-08-24T03:36:39.010+0000] {processor.py:925} INFO - DAG(s) 'example_external_task_marker_parent', 'example_external_task_marker_child' retrieved from /home/airflow/.local/lib/python3.12/site-packages/airflow/example_dags/example_external_task_marker_dag.py
[2024-08-24T03:36:39.199+0000] {logging_mixin.py:190} INFO - [2024-08-24T03:36:39.198+0000] {dag.py:3211} INFO - Sync 2 DAGs
[2024-08-24T03:36:39.276+0000] {logging_mixin.py:190} INFO - [2024-08-24T03:36:39.276+0000] {dag.py:4138} INFO - Setting next_dagrun for example_external_task_marker_child to None, run_after=None
[2024-08-24T03:36:39.286+0000] {logging_mixin.py:190} INFO - [2024-08-24T03:36:39.285+0000] {dag.py:4138} INFO - Setting next_dagrun for example_external_task_marker_parent to None, run_after=None
[2024-08-24T03:36:39.310+0000] {processor.py:208} INFO - Processing /home/airflow/.local/lib/python3.12/site-packages/airflow/example_dags/example_external_task_marker_dag.py took 0.368 seconds
[2024-08-24T18:08:35.155+0000] {processor.py:186} INFO - Started process (PID=61) to work on /home/airflow/.local/lib/python3.12/site-packages/airflow/example_dags/example_external_task_marker_dag.py
[2024-08-24T18:08:35.236+0000] {processor.py:914} INFO - Processing file /home/airflow/.local/lib/python3.12/site-packages/airflow/example_dags/example_external_task_marker_dag.py for tasks to queue
[2024-08-24T18:08:35.315+0000] {logging_mixin.py:190} INFO - [2024-08-24T18:08:35.300+0000] {dagbag.py:587} INFO - Filling up the DagBag from /home/airflow/.local/lib/python3.12/site-packages/airflow/example_dags/example_external_task_marker_dag.py
[2024-08-24T18:08:35.513+0000] {processor.py:925} INFO - DAG(s) 'example_external_task_marker_child', 'example_external_task_marker_parent' retrieved from /home/airflow/.local/lib/python3.12/site-packages/airflow/example_dags/example_external_task_marker_dag.py
[2024-08-24T18:08:36.192+0000] {logging_mixin.py:190} INFO - [2024-08-24T18:08:36.191+0000] {dag.py:3211} INFO - Sync 2 DAGs
[2024-08-24T18:08:36.261+0000] {logging_mixin.py:190} INFO - [2024-08-24T18:08:36.261+0000] {dag.py:4138} INFO - Setting next_dagrun for example_external_task_marker_child to None, run_after=None
[2024-08-24T18:08:36.267+0000] {logging_mixin.py:190} INFO - [2024-08-24T18:08:36.267+0000] {dag.py:4138} INFO - Setting next_dagrun for example_external_task_marker_parent to None, run_after=None
[2024-08-24T18:08:36.337+0000] {processor.py:208} INFO - Processing /home/airflow/.local/lib/python3.12/site-packages/airflow/example_dags/example_external_task_marker_dag.py took 1.189 seconds
[2024-08-24T18:11:13.500+0000] {processor.py:186} INFO - Started process (PID=54) to work on /home/airflow/.local/lib/python3.12/site-packages/airflow/example_dags/example_external_task_marker_dag.py
[2024-08-24T18:11:13.515+0000] {processor.py:914} INFO - Processing file /home/airflow/.local/lib/python3.12/site-packages/airflow/example_dags/example_external_task_marker_dag.py for tasks to queue
[2024-08-24T18:11:13.519+0000] {logging_mixin.py:190} INFO - [2024-08-24T18:11:13.518+0000] {dagbag.py:587} INFO - Filling up the DagBag from /home/airflow/.local/lib/python3.12/site-packages/airflow/example_dags/example_external_task_marker_dag.py
[2024-08-24T18:11:13.533+0000] {processor.py:925} INFO - DAG(s) 'example_external_task_marker_child', 'example_external_task_marker_parent' retrieved from /home/airflow/.local/lib/python3.12/site-packages/airflow/example_dags/example_external_task_marker_dag.py
[2024-08-24T18:11:13.938+0000] {logging_mixin.py:190} INFO - [2024-08-24T18:11:13.938+0000] {dag.py:3211} INFO - Sync 2 DAGs
[2024-08-24T18:11:13.972+0000] {logging_mixin.py:190} INFO - [2024-08-24T18:11:13.971+0000] {dag.py:4138} INFO - Setting next_dagrun for example_external_task_marker_child to None, run_after=None
[2024-08-24T18:11:13.977+0000] {logging_mixin.py:190} INFO - [2024-08-24T18:11:13.976+0000] {dag.py:4138} INFO - Setting next_dagrun for example_external_task_marker_parent to None, run_after=None
[2024-08-24T18:11:13.999+0000] {processor.py:208} INFO - Processing /home/airflow/.local/lib/python3.12/site-packages/airflow/example_dags/example_external_task_marker_dag.py took 0.516 seconds
[2024-08-24T18:11:45.362+0000] {processor.py:186} INFO - Started process (PID=117) to work on /home/airflow/.local/lib/python3.12/site-packages/airflow/example_dags/example_external_task_marker_dag.py
[2024-08-24T18:11:45.366+0000] {processor.py:914} INFO - Processing file /home/airflow/.local/lib/python3.12/site-packages/airflow/example_dags/example_external_task_marker_dag.py for tasks to queue
[2024-08-24T18:11:45.377+0000] {logging_mixin.py:190} INFO - [2024-08-24T18:11:45.377+0000] {dagbag.py:587} INFO - Filling up the DagBag from /home/airflow/.local/lib/python3.12/site-packages/airflow/example_dags/example_external_task_marker_dag.py
[2024-08-24T18:11:45.414+0000] {processor.py:925} INFO - DAG(s) 'example_external_task_marker_child', 'example_external_task_marker_parent' retrieved from /home/airflow/.local/lib/python3.12/site-packages/airflow/example_dags/example_external_task_marker_dag.py
[2024-08-24T18:11:45.978+0000] {logging_mixin.py:190} INFO - [2024-08-24T18:11:45.977+0000] {dag.py:3211} INFO - Sync 2 DAGs
[2024-08-24T18:11:46.056+0000] {logging_mixin.py:190} INFO - [2024-08-24T18:11:46.055+0000] {dag.py:4138} INFO - Setting next_dagrun for example_external_task_marker_child to None, run_after=None
[2024-08-24T18:11:46.070+0000] {logging_mixin.py:190} INFO - [2024-08-24T18:11:46.069+0000] {dag.py:4138} INFO - Setting next_dagrun for example_external_task_marker_parent to None, run_after=None
[2024-08-24T18:11:46.127+0000] {processor.py:208} INFO - Processing /home/airflow/.local/lib/python3.12/site-packages/airflow/example_dags/example_external_task_marker_dag.py took 0.796 seconds
[2024-08-24T18:12:16.520+0000] {processor.py:186} INFO - Started process (PID=180) to work on /home/airflow/.local/lib/python3.12/site-packages/airflow/example_dags/example_external_task_marker_dag.py
[2024-08-24T18:12:16.523+0000] {processor.py:914} INFO - Processing file /home/airflow/.local/lib/python3.12/site-packages/airflow/example_dags/example_external_task_marker_dag.py for tasks to queue
[2024-08-24T18:12:16.527+0000] {logging_mixin.py:190} INFO - [2024-08-24T18:12:16.527+0000] {dagbag.py:587} INFO - Filling up the DagBag from /home/airflow/.local/lib/python3.12/site-packages/airflow/example_dags/example_external_task_marker_dag.py
[2024-08-24T18:12:16.539+0000] {processor.py:925} INFO - DAG(s) 'example_external_task_marker_child', 'example_external_task_marker_parent' retrieved from /home/airflow/.local/lib/python3.12/site-packages/airflow/example_dags/example_external_task_marker_dag.py
[2024-08-24T18:12:16.604+0000] {logging_mixin.py:190} INFO - [2024-08-24T18:12:16.601+0000] {dag.py:3211} INFO - Sync 2 DAGs
[2024-08-24T18:12:16.627+0000] {logging_mixin.py:190} INFO - [2024-08-24T18:12:16.627+0000] {dag.py:4138} INFO - Setting next_dagrun for example_external_task_marker_child to None, run_after=None
[2024-08-24T18:12:16.638+0000] {logging_mixin.py:190} INFO - [2024-08-24T18:12:16.638+0000] {dag.py:4138} INFO - Setting next_dagrun for example_external_task_marker_parent to None, run_after=None
[2024-08-24T18:12:16.670+0000] {processor.py:208} INFO - Processing /home/airflow/.local/lib/python3.12/site-packages/airflow/example_dags/example_external_task_marker_dag.py took 0.157 seconds
[2024-08-24T18:12:50.044+0000] {processor.py:186} INFO - Started process (PID=243) to work on /home/airflow/.local/lib/python3.12/site-packages/airflow/example_dags/example_external_task_marker_dag.py
[2024-08-24T18:12:50.067+0000] {processor.py:914} INFO - Processing file /home/airflow/.local/lib/python3.12/site-packages/airflow/example_dags/example_external_task_marker_dag.py for tasks to queue
[2024-08-24T18:12:50.120+0000] {logging_mixin.py:190} INFO - [2024-08-24T18:12:50.120+0000] {dagbag.py:587} INFO - Filling up the DagBag from /home/airflow/.local/lib/python3.12/site-packages/airflow/example_dags/example_external_task_marker_dag.py
[2024-08-24T18:12:50.145+0000] {processor.py:925} INFO - DAG(s) 'example_external_task_marker_parent', 'example_external_task_marker_child' retrieved from /home/airflow/.local/lib/python3.12/site-packages/airflow/example_dags/example_external_task_marker_dag.py
[2024-08-24T18:12:50.355+0000] {logging_mixin.py:190} INFO - [2024-08-24T18:12:50.355+0000] {dag.py:3211} INFO - Sync 2 DAGs
[2024-08-24T18:12:50.388+0000] {logging_mixin.py:190} INFO - [2024-08-24T18:12:50.388+0000] {dag.py:4138} INFO - Setting next_dagrun for example_external_task_marker_child to None, run_after=None
[2024-08-24T18:12:50.394+0000] {logging_mixin.py:190} INFO - [2024-08-24T18:12:50.394+0000] {dag.py:4138} INFO - Setting next_dagrun for example_external_task_marker_parent to None, run_after=None
[2024-08-24T18:12:50.453+0000] {processor.py:208} INFO - Processing /home/airflow/.local/lib/python3.12/site-packages/airflow/example_dags/example_external_task_marker_dag.py took 0.435 seconds
[2024-08-24T18:13:40.346+0000] {processor.py:186} INFO - Started process (PID=306) to work on /home/airflow/.local/lib/python3.12/site-packages/airflow/example_dags/example_external_task_marker_dag.py
[2024-08-24T18:13:40.352+0000] {processor.py:914} INFO - Processing file /home/airflow/.local/lib/python3.12/site-packages/airflow/example_dags/example_external_task_marker_dag.py for tasks to queue
[2024-08-24T18:13:40.372+0000] {logging_mixin.py:190} INFO - [2024-08-24T18:13:40.369+0000] {dagbag.py:587} INFO - Filling up the DagBag from /home/airflow/.local/lib/python3.12/site-packages/airflow/example_dags/example_external_task_marker_dag.py
[2024-08-24T18:13:40.451+0000] {processor.py:925} INFO - DAG(s) 'example_external_task_marker_parent', 'example_external_task_marker_child' retrieved from /home/airflow/.local/lib/python3.12/site-packages/airflow/example_dags/example_external_task_marker_dag.py
[2024-08-24T18:13:40.810+0000] {logging_mixin.py:190} INFO - [2024-08-24T18:13:40.809+0000] {dag.py:3211} INFO - Sync 2 DAGs
[2024-08-24T18:13:40.834+0000] {logging_mixin.py:190} INFO - [2024-08-24T18:13:40.834+0000] {dag.py:4138} INFO - Setting next_dagrun for example_external_task_marker_child to None, run_after=None
[2024-08-24T18:13:40.866+0000] {logging_mixin.py:190} INFO - [2024-08-24T18:13:40.865+0000] {dag.py:4138} INFO - Setting next_dagrun for example_external_task_marker_parent to None, run_after=None
[2024-08-24T18:13:41.100+0000] {processor.py:208} INFO - Processing /home/airflow/.local/lib/python3.12/site-packages/airflow/example_dags/example_external_task_marker_dag.py took 0.765 seconds
[2024-08-24T18:14:16.455+0000] {processor.py:186} INFO - Started process (PID=371) to work on /home/airflow/.local/lib/python3.12/site-packages/airflow/example_dags/example_external_task_marker_dag.py
[2024-08-24T18:14:16.467+0000] {processor.py:914} INFO - Processing file /home/airflow/.local/lib/python3.12/site-packages/airflow/example_dags/example_external_task_marker_dag.py for tasks to queue
[2024-08-24T18:14:16.474+0000] {logging_mixin.py:190} INFO - [2024-08-24T18:14:16.473+0000] {dagbag.py:587} INFO - Filling up the DagBag from /home/airflow/.local/lib/python3.12/site-packages/airflow/example_dags/example_external_task_marker_dag.py
[2024-08-24T18:14:16.526+0000] {processor.py:925} INFO - DAG(s) 'example_external_task_marker_child', 'example_external_task_marker_parent' retrieved from /home/airflow/.local/lib/python3.12/site-packages/airflow/example_dags/example_external_task_marker_dag.py
[2024-08-24T18:14:16.600+0000] {logging_mixin.py:190} INFO - [2024-08-24T18:14:16.599+0000] {dag.py:3211} INFO - Sync 2 DAGs
[2024-08-24T18:14:16.624+0000] {logging_mixin.py:190} INFO - [2024-08-24T18:14:16.623+0000] {dag.py:4138} INFO - Setting next_dagrun for example_external_task_marker_child to None, run_after=None
[2024-08-24T18:14:16.632+0000] {logging_mixin.py:190} INFO - [2024-08-24T18:14:16.632+0000] {dag.py:4138} INFO - Setting next_dagrun for example_external_task_marker_parent to None, run_after=None
[2024-08-24T18:14:16.746+0000] {processor.py:208} INFO - Processing /home/airflow/.local/lib/python3.12/site-packages/airflow/example_dags/example_external_task_marker_dag.py took 0.322 seconds
