[2024-08-24T03:08:42.037+0000] {processor.py:186} INFO - Started process (PID=106) to work on /home/airflow/.local/lib/python3.12/site-packages/airflow/example_dags/example_task_group_decorator.py
[2024-08-24T03:08:42.059+0000] {processor.py:914} INFO - Processing file /home/airflow/.local/lib/python3.12/site-packages/airflow/example_dags/example_task_group_decorator.py for tasks to queue
[2024-08-24T03:08:42.973+0000] {logging_mixin.py:190} INFO - [2024-08-24T03:08:42.973+0000] {dagbag.py:587} INFO - Filling up the DagBag from /home/airflow/.local/lib/python3.12/site-packages/airflow/example_dags/example_task_group_decorator.py
[2024-08-24T03:08:44.144+0000] {processor.py:925} INFO - DAG(s) 'example_task_group_decorator' retrieved from /home/airflow/.local/lib/python3.12/site-packages/airflow/example_dags/example_task_group_decorator.py
[2024-08-24T03:08:46.096+0000] {logging_mixin.py:190} INFO - [2024-08-24T03:08:46.094+0000] {override.py:1858} INFO - Created Permission View: can delete on DAG:example_task_group_decorator
[2024-08-24T03:08:46.150+0000] {logging_mixin.py:190} INFO - [2024-08-24T03:08:46.149+0000] {override.py:1858} INFO - Created Permission View: can read on DAG:example_task_group_decorator
[2024-08-24T03:08:46.219+0000] {logging_mixin.py:190} INFO - [2024-08-24T03:08:46.218+0000] {override.py:1858} INFO - Created Permission View: can edit on DAG:example_task_group_decorator
[2024-08-24T03:08:46.220+0000] {logging_mixin.py:190} INFO - [2024-08-24T03:08:46.220+0000] {dag.py:3211} INFO - Sync 1 DAGs
[2024-08-24T03:08:46.290+0000] {logging_mixin.py:190} INFO - [2024-08-24T03:08:46.286+0000] {dag.py:3234} INFO - Creating ORM DAG for example_task_group_decorator
[2024-08-24T03:08:46.449+0000] {logging_mixin.py:190} INFO - [2024-08-24T03:08:46.448+0000] {dag.py:4138} INFO - Setting next_dagrun for example_task_group_decorator to 2024-08-23 00:00:00+00:00, run_after=2024-08-24 00:00:00+00:00
[2024-08-24T03:08:46.940+0000] {processor.py:208} INFO - Processing /home/airflow/.local/lib/python3.12/site-packages/airflow/example_dags/example_task_group_decorator.py took 4.989 seconds
[2024-08-24T03:09:39.890+0000] {processor.py:186} INFO - Started process (PID=169) to work on /home/airflow/.local/lib/python3.12/site-packages/airflow/example_dags/example_task_group_decorator.py
[2024-08-24T03:09:39.892+0000] {processor.py:914} INFO - Processing file /home/airflow/.local/lib/python3.12/site-packages/airflow/example_dags/example_task_group_decorator.py for tasks to queue
[2024-08-24T03:09:39.895+0000] {logging_mixin.py:190} INFO - [2024-08-24T03:09:39.895+0000] {dagbag.py:587} INFO - Filling up the DagBag from /home/airflow/.local/lib/python3.12/site-packages/airflow/example_dags/example_task_group_decorator.py
[2024-08-24T03:09:39.929+0000] {processor.py:925} INFO - DAG(s) 'example_task_group_decorator' retrieved from /home/airflow/.local/lib/python3.12/site-packages/airflow/example_dags/example_task_group_decorator.py
[2024-08-24T03:09:40.008+0000] {logging_mixin.py:190} INFO - [2024-08-24T03:09:40.008+0000] {dag.py:3211} INFO - Sync 1 DAGs
[2024-08-24T03:09:40.050+0000] {logging_mixin.py:190} INFO - [2024-08-24T03:09:40.049+0000] {dag.py:4138} INFO - Setting next_dagrun for example_task_group_decorator to 2024-08-23 00:00:00+00:00, run_after=2024-08-24 00:00:00+00:00
[2024-08-24T03:09:40.091+0000] {processor.py:208} INFO - Processing /home/airflow/.local/lib/python3.12/site-packages/airflow/example_dags/example_task_group_decorator.py took 0.214 seconds
[2024-08-24T03:10:10.269+0000] {processor.py:186} INFO - Started process (PID=233) to work on /home/airflow/.local/lib/python3.12/site-packages/airflow/example_dags/example_task_group_decorator.py
[2024-08-24T03:10:10.272+0000] {processor.py:914} INFO - Processing file /home/airflow/.local/lib/python3.12/site-packages/airflow/example_dags/example_task_group_decorator.py for tasks to queue
[2024-08-24T03:10:10.278+0000] {logging_mixin.py:190} INFO - [2024-08-24T03:10:10.275+0000] {dagbag.py:587} INFO - Filling up the DagBag from /home/airflow/.local/lib/python3.12/site-packages/airflow/example_dags/example_task_group_decorator.py
[2024-08-24T03:10:10.301+0000] {processor.py:925} INFO - DAG(s) 'example_task_group_decorator' retrieved from /home/airflow/.local/lib/python3.12/site-packages/airflow/example_dags/example_task_group_decorator.py
[2024-08-24T03:10:10.358+0000] {logging_mixin.py:190} INFO - [2024-08-24T03:10:10.358+0000] {dag.py:3211} INFO - Sync 1 DAGs
[2024-08-24T03:10:10.392+0000] {logging_mixin.py:190} INFO - [2024-08-24T03:10:10.392+0000] {dag.py:4138} INFO - Setting next_dagrun for example_task_group_decorator to 2024-08-23 00:00:00+00:00, run_after=2024-08-24 00:00:00+00:00
[2024-08-24T03:10:10.421+0000] {processor.py:208} INFO - Processing /home/airflow/.local/lib/python3.12/site-packages/airflow/example_dags/example_task_group_decorator.py took 0.167 seconds
[2024-08-24T03:10:41.044+0000] {processor.py:186} INFO - Started process (PID=296) to work on /home/airflow/.local/lib/python3.12/site-packages/airflow/example_dags/example_task_group_decorator.py
[2024-08-24T03:10:41.047+0000] {processor.py:914} INFO - Processing file /home/airflow/.local/lib/python3.12/site-packages/airflow/example_dags/example_task_group_decorator.py for tasks to queue
[2024-08-24T03:10:41.050+0000] {logging_mixin.py:190} INFO - [2024-08-24T03:10:41.050+0000] {dagbag.py:587} INFO - Filling up the DagBag from /home/airflow/.local/lib/python3.12/site-packages/airflow/example_dags/example_task_group_decorator.py
[2024-08-24T03:10:41.070+0000] {processor.py:925} INFO - DAG(s) 'example_task_group_decorator' retrieved from /home/airflow/.local/lib/python3.12/site-packages/airflow/example_dags/example_task_group_decorator.py
[2024-08-24T03:10:41.128+0000] {logging_mixin.py:190} INFO - [2024-08-24T03:10:41.128+0000] {dag.py:3211} INFO - Sync 1 DAGs
[2024-08-24T03:10:41.177+0000] {logging_mixin.py:190} INFO - [2024-08-24T03:10:41.176+0000] {dag.py:4138} INFO - Setting next_dagrun for example_task_group_decorator to 2024-08-23 00:00:00+00:00, run_after=2024-08-24 00:00:00+00:00
[2024-08-24T03:10:41.219+0000] {processor.py:208} INFO - Processing /home/airflow/.local/lib/python3.12/site-packages/airflow/example_dags/example_task_group_decorator.py took 0.183 seconds
[2024-08-24T03:11:13.683+0000] {processor.py:186} INFO - Started process (PID=365) to work on /home/airflow/.local/lib/python3.12/site-packages/airflow/example_dags/example_task_group_decorator.py
[2024-08-24T03:11:13.686+0000] {processor.py:914} INFO - Processing file /home/airflow/.local/lib/python3.12/site-packages/airflow/example_dags/example_task_group_decorator.py for tasks to queue
[2024-08-24T03:11:13.703+0000] {logging_mixin.py:190} INFO - [2024-08-24T03:11:13.703+0000] {dagbag.py:587} INFO - Filling up the DagBag from /home/airflow/.local/lib/python3.12/site-packages/airflow/example_dags/example_task_group_decorator.py
[2024-08-24T03:11:13.785+0000] {processor.py:925} INFO - DAG(s) 'example_task_group_decorator' retrieved from /home/airflow/.local/lib/python3.12/site-packages/airflow/example_dags/example_task_group_decorator.py
[2024-08-24T03:11:13.878+0000] {logging_mixin.py:190} INFO - [2024-08-24T03:11:13.877+0000] {dag.py:3211} INFO - Sync 1 DAGs
[2024-08-24T03:11:13.913+0000] {logging_mixin.py:190} INFO - [2024-08-24T03:11:13.913+0000] {dag.py:4138} INFO - Setting next_dagrun for example_task_group_decorator to 2024-08-23 00:00:00+00:00, run_after=2024-08-24 00:00:00+00:00
[2024-08-24T03:11:13.946+0000] {processor.py:208} INFO - Processing /home/airflow/.local/lib/python3.12/site-packages/airflow/example_dags/example_task_group_decorator.py took 0.271 seconds
[2024-08-24T03:11:45.466+0000] {processor.py:186} INFO - Started process (PID=427) to work on /home/airflow/.local/lib/python3.12/site-packages/airflow/example_dags/example_task_group_decorator.py
[2024-08-24T03:11:45.469+0000] {processor.py:914} INFO - Processing file /home/airflow/.local/lib/python3.12/site-packages/airflow/example_dags/example_task_group_decorator.py for tasks to queue
[2024-08-24T03:11:45.474+0000] {logging_mixin.py:190} INFO - [2024-08-24T03:11:45.473+0000] {dagbag.py:587} INFO - Filling up the DagBag from /home/airflow/.local/lib/python3.12/site-packages/airflow/example_dags/example_task_group_decorator.py
[2024-08-24T03:11:45.495+0000] {processor.py:925} INFO - DAG(s) 'example_task_group_decorator' retrieved from /home/airflow/.local/lib/python3.12/site-packages/airflow/example_dags/example_task_group_decorator.py
[2024-08-24T03:11:45.649+0000] {logging_mixin.py:190} INFO - [2024-08-24T03:11:45.649+0000] {dag.py:3211} INFO - Sync 1 DAGs
[2024-08-24T03:11:45.736+0000] {logging_mixin.py:190} INFO - [2024-08-24T03:11:45.735+0000] {dag.py:4138} INFO - Setting next_dagrun for example_task_group_decorator to 2024-08-23 00:00:00+00:00, run_after=2024-08-24 00:00:00+00:00
[2024-08-24T03:11:45.888+0000] {processor.py:208} INFO - Processing /home/airflow/.local/lib/python3.12/site-packages/airflow/example_dags/example_task_group_decorator.py took 0.567 seconds
[2024-08-24T03:12:16.786+0000] {processor.py:186} INFO - Started process (PID=490) to work on /home/airflow/.local/lib/python3.12/site-packages/airflow/example_dags/example_task_group_decorator.py
[2024-08-24T03:12:16.786+0000] {processor.py:914} INFO - Processing file /home/airflow/.local/lib/python3.12/site-packages/airflow/example_dags/example_task_group_decorator.py for tasks to queue
[2024-08-24T03:12:16.790+0000] {logging_mixin.py:190} INFO - [2024-08-24T03:12:16.789+0000] {dagbag.py:587} INFO - Filling up the DagBag from /home/airflow/.local/lib/python3.12/site-packages/airflow/example_dags/example_task_group_decorator.py
[2024-08-24T03:12:16.815+0000] {processor.py:925} INFO - DAG(s) 'example_task_group_decorator' retrieved from /home/airflow/.local/lib/python3.12/site-packages/airflow/example_dags/example_task_group_decorator.py
[2024-08-24T03:12:16.865+0000] {logging_mixin.py:190} INFO - [2024-08-24T03:12:16.864+0000] {dag.py:3211} INFO - Sync 1 DAGs
[2024-08-24T03:12:16.909+0000] {logging_mixin.py:190} INFO - [2024-08-24T03:12:16.909+0000] {dag.py:4138} INFO - Setting next_dagrun for example_task_group_decorator to 2024-08-23 00:00:00+00:00, run_after=2024-08-24 00:00:00+00:00
[2024-08-24T03:12:16.937+0000] {processor.py:208} INFO - Processing /home/airflow/.local/lib/python3.12/site-packages/airflow/example_dags/example_task_group_decorator.py took 0.160 seconds
[2024-08-24T03:12:47.110+0000] {processor.py:186} INFO - Started process (PID=553) to work on /home/airflow/.local/lib/python3.12/site-packages/airflow/example_dags/example_task_group_decorator.py
[2024-08-24T03:12:47.112+0000] {processor.py:914} INFO - Processing file /home/airflow/.local/lib/python3.12/site-packages/airflow/example_dags/example_task_group_decorator.py for tasks to queue
[2024-08-24T03:12:47.115+0000] {logging_mixin.py:190} INFO - [2024-08-24T03:12:47.115+0000] {dagbag.py:587} INFO - Filling up the DagBag from /home/airflow/.local/lib/python3.12/site-packages/airflow/example_dags/example_task_group_decorator.py
[2024-08-24T03:12:47.142+0000] {processor.py:925} INFO - DAG(s) 'example_task_group_decorator' retrieved from /home/airflow/.local/lib/python3.12/site-packages/airflow/example_dags/example_task_group_decorator.py
[2024-08-24T03:12:47.177+0000] {logging_mixin.py:190} INFO - [2024-08-24T03:12:47.177+0000] {dag.py:3211} INFO - Sync 1 DAGs
[2024-08-24T03:12:47.211+0000] {logging_mixin.py:190} INFO - [2024-08-24T03:12:47.210+0000] {dag.py:4138} INFO - Setting next_dagrun for example_task_group_decorator to 2024-08-23 00:00:00+00:00, run_after=2024-08-24 00:00:00+00:00
[2024-08-24T03:12:47.246+0000] {processor.py:208} INFO - Processing /home/airflow/.local/lib/python3.12/site-packages/airflow/example_dags/example_task_group_decorator.py took 0.145 seconds
[2024-08-24T03:13:18.422+0000] {processor.py:186} INFO - Started process (PID=616) to work on /home/airflow/.local/lib/python3.12/site-packages/airflow/example_dags/example_task_group_decorator.py
[2024-08-24T03:13:18.425+0000] {processor.py:914} INFO - Processing file /home/airflow/.local/lib/python3.12/site-packages/airflow/example_dags/example_task_group_decorator.py for tasks to queue
[2024-08-24T03:13:18.429+0000] {logging_mixin.py:190} INFO - [2024-08-24T03:13:18.429+0000] {dagbag.py:587} INFO - Filling up the DagBag from /home/airflow/.local/lib/python3.12/site-packages/airflow/example_dags/example_task_group_decorator.py
[2024-08-24T03:13:18.458+0000] {processor.py:925} INFO - DAG(s) 'example_task_group_decorator' retrieved from /home/airflow/.local/lib/python3.12/site-packages/airflow/example_dags/example_task_group_decorator.py
[2024-08-24T03:13:18.497+0000] {logging_mixin.py:190} INFO - [2024-08-24T03:13:18.496+0000] {dag.py:3211} INFO - Sync 1 DAGs
[2024-08-24T03:13:18.537+0000] {logging_mixin.py:190} INFO - [2024-08-24T03:13:18.537+0000] {dag.py:4138} INFO - Setting next_dagrun for example_task_group_decorator to 2024-08-23 00:00:00+00:00, run_after=2024-08-24 00:00:00+00:00
[2024-08-24T03:13:18.594+0000] {processor.py:208} INFO - Processing /home/airflow/.local/lib/python3.12/site-packages/airflow/example_dags/example_task_group_decorator.py took 0.185 seconds
[2024-08-24T03:13:49.430+0000] {processor.py:186} INFO - Started process (PID=678) to work on /home/airflow/.local/lib/python3.12/site-packages/airflow/example_dags/example_task_group_decorator.py
[2024-08-24T03:13:49.431+0000] {processor.py:914} INFO - Processing file /home/airflow/.local/lib/python3.12/site-packages/airflow/example_dags/example_task_group_decorator.py for tasks to queue
[2024-08-24T03:13:49.435+0000] {logging_mixin.py:190} INFO - [2024-08-24T03:13:49.434+0000] {dagbag.py:587} INFO - Filling up the DagBag from /home/airflow/.local/lib/python3.12/site-packages/airflow/example_dags/example_task_group_decorator.py
[2024-08-24T03:13:49.454+0000] {processor.py:925} INFO - DAG(s) 'example_task_group_decorator' retrieved from /home/airflow/.local/lib/python3.12/site-packages/airflow/example_dags/example_task_group_decorator.py
[2024-08-24T03:13:49.494+0000] {logging_mixin.py:190} INFO - [2024-08-24T03:13:49.494+0000] {dag.py:3211} INFO - Sync 1 DAGs
[2024-08-24T03:13:49.524+0000] {logging_mixin.py:190} INFO - [2024-08-24T03:13:49.524+0000] {dag.py:4138} INFO - Setting next_dagrun for example_task_group_decorator to 2024-08-23 00:00:00+00:00, run_after=2024-08-24 00:00:00+00:00
[2024-08-24T03:13:49.553+0000] {processor.py:208} INFO - Processing /home/airflow/.local/lib/python3.12/site-packages/airflow/example_dags/example_task_group_decorator.py took 0.134 seconds
[2024-08-24T03:14:19.681+0000] {processor.py:186} INFO - Started process (PID=741) to work on /home/airflow/.local/lib/python3.12/site-packages/airflow/example_dags/example_task_group_decorator.py
[2024-08-24T03:14:19.682+0000] {processor.py:914} INFO - Processing file /home/airflow/.local/lib/python3.12/site-packages/airflow/example_dags/example_task_group_decorator.py for tasks to queue
[2024-08-24T03:14:19.686+0000] {logging_mixin.py:190} INFO - [2024-08-24T03:14:19.685+0000] {dagbag.py:587} INFO - Filling up the DagBag from /home/airflow/.local/lib/python3.12/site-packages/airflow/example_dags/example_task_group_decorator.py
[2024-08-24T03:14:19.713+0000] {processor.py:925} INFO - DAG(s) 'example_task_group_decorator' retrieved from /home/airflow/.local/lib/python3.12/site-packages/airflow/example_dags/example_task_group_decorator.py
[2024-08-24T03:14:19.770+0000] {logging_mixin.py:190} INFO - [2024-08-24T03:14:19.770+0000] {dag.py:3211} INFO - Sync 1 DAGs
[2024-08-24T03:14:19.803+0000] {logging_mixin.py:190} INFO - [2024-08-24T03:14:19.802+0000] {dag.py:4138} INFO - Setting next_dagrun for example_task_group_decorator to 2024-08-23 00:00:00+00:00, run_after=2024-08-24 00:00:00+00:00
[2024-08-24T03:14:19.832+0000] {processor.py:208} INFO - Processing /home/airflow/.local/lib/python3.12/site-packages/airflow/example_dags/example_task_group_decorator.py took 0.162 seconds
[2024-08-24T03:14:51.138+0000] {processor.py:186} INFO - Started process (PID=803) to work on /home/airflow/.local/lib/python3.12/site-packages/airflow/example_dags/example_task_group_decorator.py
[2024-08-24T03:14:51.140+0000] {processor.py:914} INFO - Processing file /home/airflow/.local/lib/python3.12/site-packages/airflow/example_dags/example_task_group_decorator.py for tasks to queue
[2024-08-24T03:14:51.144+0000] {logging_mixin.py:190} INFO - [2024-08-24T03:14:51.144+0000] {dagbag.py:587} INFO - Filling up the DagBag from /home/airflow/.local/lib/python3.12/site-packages/airflow/example_dags/example_task_group_decorator.py
[2024-08-24T03:14:51.166+0000] {processor.py:925} INFO - DAG(s) 'example_task_group_decorator' retrieved from /home/airflow/.local/lib/python3.12/site-packages/airflow/example_dags/example_task_group_decorator.py
[2024-08-24T03:14:51.207+0000] {logging_mixin.py:190} INFO - [2024-08-24T03:14:51.206+0000] {dag.py:3211} INFO - Sync 1 DAGs
[2024-08-24T03:14:51.239+0000] {logging_mixin.py:190} INFO - [2024-08-24T03:14:51.238+0000] {dag.py:4138} INFO - Setting next_dagrun for example_task_group_decorator to 2024-08-23 00:00:00+00:00, run_after=2024-08-24 00:00:00+00:00
[2024-08-24T03:14:51.280+0000] {processor.py:208} INFO - Processing /home/airflow/.local/lib/python3.12/site-packages/airflow/example_dags/example_task_group_decorator.py took 0.153 seconds
[2024-08-24T03:15:21.932+0000] {processor.py:186} INFO - Started process (PID=866) to work on /home/airflow/.local/lib/python3.12/site-packages/airflow/example_dags/example_task_group_decorator.py
[2024-08-24T03:15:21.940+0000] {processor.py:914} INFO - Processing file /home/airflow/.local/lib/python3.12/site-packages/airflow/example_dags/example_task_group_decorator.py for tasks to queue
[2024-08-24T03:15:21.944+0000] {logging_mixin.py:190} INFO - [2024-08-24T03:15:21.944+0000] {dagbag.py:587} INFO - Filling up the DagBag from /home/airflow/.local/lib/python3.12/site-packages/airflow/example_dags/example_task_group_decorator.py
[2024-08-24T03:15:21.976+0000] {processor.py:925} INFO - DAG(s) 'example_task_group_decorator' retrieved from /home/airflow/.local/lib/python3.12/site-packages/airflow/example_dags/example_task_group_decorator.py
[2024-08-24T03:15:22.018+0000] {logging_mixin.py:190} INFO - [2024-08-24T03:15:22.018+0000] {dag.py:3211} INFO - Sync 1 DAGs
[2024-08-24T03:15:22.057+0000] {logging_mixin.py:190} INFO - [2024-08-24T03:15:22.056+0000] {dag.py:4138} INFO - Setting next_dagrun for example_task_group_decorator to 2024-08-23 00:00:00+00:00, run_after=2024-08-24 00:00:00+00:00
[2024-08-24T03:15:22.084+0000] {processor.py:208} INFO - Processing /home/airflow/.local/lib/python3.12/site-packages/airflow/example_dags/example_task_group_decorator.py took 0.163 seconds
[2024-08-24T03:16:10.355+0000] {processor.py:186} INFO - Started process (PID=929) to work on /home/airflow/.local/lib/python3.12/site-packages/airflow/example_dags/example_task_group_decorator.py
[2024-08-24T03:16:10.373+0000] {processor.py:914} INFO - Processing file /home/airflow/.local/lib/python3.12/site-packages/airflow/example_dags/example_task_group_decorator.py for tasks to queue
[2024-08-24T03:16:10.386+0000] {logging_mixin.py:190} INFO - [2024-08-24T03:16:10.376+0000] {dagbag.py:587} INFO - Filling up the DagBag from /home/airflow/.local/lib/python3.12/site-packages/airflow/example_dags/example_task_group_decorator.py
[2024-08-24T03:16:10.935+0000] {processor.py:925} INFO - DAG(s) 'example_task_group_decorator' retrieved from /home/airflow/.local/lib/python3.12/site-packages/airflow/example_dags/example_task_group_decorator.py
[2024-08-24T03:16:23.073+0000] {logging_mixin.py:190} INFO - [2024-08-24T03:16:22.971+0000] {dag.py:3211} INFO - Sync 1 DAGs
[2024-08-24T03:16:23.474+0000] {logging_mixin.py:190} INFO - [2024-08-24T03:16:23.456+0000] {dag.py:4138} INFO - Setting next_dagrun for example_task_group_decorator to 2024-08-23 00:00:00+00:00, run_after=2024-08-24 00:00:00+00:00
[2024-08-24T03:22:26.670+0000] {processor.py:186} INFO - Started process (PID=101) to work on /home/airflow/.local/lib/python3.12/site-packages/airflow/example_dags/example_task_group_decorator.py
[2024-08-24T03:22:27.134+0000] {processor.py:914} INFO - Processing file /home/airflow/.local/lib/python3.12/site-packages/airflow/example_dags/example_task_group_decorator.py for tasks to queue
[2024-08-24T03:22:27.162+0000] {logging_mixin.py:190} INFO - [2024-08-24T03:22:27.142+0000] {dagbag.py:587} INFO - Filling up the DagBag from /home/airflow/.local/lib/python3.12/site-packages/airflow/example_dags/example_task_group_decorator.py
[2024-08-24T03:22:27.460+0000] {processor.py:925} INFO - DAG(s) 'example_task_group_decorator' retrieved from /home/airflow/.local/lib/python3.12/site-packages/airflow/example_dags/example_task_group_decorator.py
[2024-08-24T03:22:32.684+0000] {logging_mixin.py:190} INFO - [2024-08-24T03:22:32.664+0000] {dag.py:3211} INFO - Sync 1 DAGs
[2024-08-24T03:22:34.421+0000] {logging_mixin.py:190} INFO - [2024-08-24T03:22:34.421+0000] {dag.py:4138} INFO - Setting next_dagrun for example_task_group_decorator to 2024-08-23 00:00:00+00:00, run_after=2024-08-24 00:00:00+00:00
[2024-08-24T03:22:35.253+0000] {processor.py:208} INFO - Processing /home/airflow/.local/lib/python3.12/site-packages/airflow/example_dags/example_task_group_decorator.py took 9.348 seconds
[2024-08-24T03:36:56.705+0000] {processor.py:186} INFO - Started process (PID=72) to work on /home/airflow/.local/lib/python3.12/site-packages/airflow/example_dags/example_task_group_decorator.py
[2024-08-24T03:36:56.713+0000] {processor.py:914} INFO - Processing file /home/airflow/.local/lib/python3.12/site-packages/airflow/example_dags/example_task_group_decorator.py for tasks to queue
[2024-08-24T03:36:56.759+0000] {logging_mixin.py:190} INFO - [2024-08-24T03:36:56.757+0000] {dagbag.py:587} INFO - Filling up the DagBag from /home/airflow/.local/lib/python3.12/site-packages/airflow/example_dags/example_task_group_decorator.py
[2024-08-24T03:36:57.445+0000] {processor.py:925} INFO - DAG(s) 'example_task_group_decorator' retrieved from /home/airflow/.local/lib/python3.12/site-packages/airflow/example_dags/example_task_group_decorator.py
[2024-08-24T03:36:57.781+0000] {logging_mixin.py:190} INFO - [2024-08-24T03:36:57.780+0000] {dag.py:3211} INFO - Sync 1 DAGs
[2024-08-24T03:36:59.153+0000] {logging_mixin.py:190} INFO - [2024-08-24T03:36:59.153+0000] {dag.py:4138} INFO - Setting next_dagrun for example_task_group_decorator to 2024-08-23 00:00:00+00:00, run_after=2024-08-24 00:00:00+00:00
[2024-08-24T03:36:59.806+0000] {processor.py:208} INFO - Processing /home/airflow/.local/lib/python3.12/site-packages/airflow/example_dags/example_task_group_decorator.py took 3.118 seconds
[2024-08-24T18:11:25.432+0000] {processor.py:186} INFO - Started process (PID=71) to work on /home/airflow/.local/lib/python3.12/site-packages/airflow/example_dags/example_task_group_decorator.py
[2024-08-24T18:11:25.468+0000] {processor.py:914} INFO - Processing file /home/airflow/.local/lib/python3.12/site-packages/airflow/example_dags/example_task_group_decorator.py for tasks to queue
[2024-08-24T18:11:25.477+0000] {logging_mixin.py:190} INFO - [2024-08-24T18:11:25.476+0000] {dagbag.py:587} INFO - Filling up the DagBag from /home/airflow/.local/lib/python3.12/site-packages/airflow/example_dags/example_task_group_decorator.py
[2024-08-24T18:11:25.711+0000] {processor.py:925} INFO - DAG(s) 'example_task_group_decorator' retrieved from /home/airflow/.local/lib/python3.12/site-packages/airflow/example_dags/example_task_group_decorator.py
[2024-08-24T18:11:25.877+0000] {logging_mixin.py:190} INFO - [2024-08-24T18:11:25.876+0000] {dag.py:3211} INFO - Sync 1 DAGs
[2024-08-24T18:11:26.012+0000] {logging_mixin.py:190} INFO - [2024-08-24T18:11:26.009+0000] {dag.py:4138} INFO - Setting next_dagrun for example_task_group_decorator to 2024-08-23 00:00:00+00:00, run_after=2024-08-24 00:00:00+00:00
[2024-08-24T18:11:26.147+0000] {processor.py:208} INFO - Processing /home/airflow/.local/lib/python3.12/site-packages/airflow/example_dags/example_task_group_decorator.py took 0.817 seconds
[2024-08-24T18:11:56.930+0000] {processor.py:186} INFO - Started process (PID=134) to work on /home/airflow/.local/lib/python3.12/site-packages/airflow/example_dags/example_task_group_decorator.py
[2024-08-24T18:11:56.938+0000] {processor.py:914} INFO - Processing file /home/airflow/.local/lib/python3.12/site-packages/airflow/example_dags/example_task_group_decorator.py for tasks to queue
[2024-08-24T18:11:56.968+0000] {logging_mixin.py:190} INFO - [2024-08-24T18:11:56.968+0000] {dagbag.py:587} INFO - Filling up the DagBag from /home/airflow/.local/lib/python3.12/site-packages/airflow/example_dags/example_task_group_decorator.py
[2024-08-24T18:11:57.211+0000] {processor.py:925} INFO - DAG(s) 'example_task_group_decorator' retrieved from /home/airflow/.local/lib/python3.12/site-packages/airflow/example_dags/example_task_group_decorator.py
[2024-08-24T18:11:57.405+0000] {logging_mixin.py:190} INFO - [2024-08-24T18:11:57.405+0000] {dag.py:3211} INFO - Sync 1 DAGs
[2024-08-24T18:11:57.586+0000] {logging_mixin.py:190} INFO - [2024-08-24T18:11:57.583+0000] {dag.py:4138} INFO - Setting next_dagrun for example_task_group_decorator to 2024-08-23 00:00:00+00:00, run_after=2024-08-24 00:00:00+00:00
[2024-08-24T18:11:57.733+0000] {processor.py:208} INFO - Processing /home/airflow/.local/lib/python3.12/site-packages/airflow/example_dags/example_task_group_decorator.py took 0.852 seconds
[2024-08-24T18:12:28.743+0000] {processor.py:186} INFO - Started process (PID=197) to work on /home/airflow/.local/lib/python3.12/site-packages/airflow/example_dags/example_task_group_decorator.py
[2024-08-24T18:12:28.758+0000] {processor.py:914} INFO - Processing file /home/airflow/.local/lib/python3.12/site-packages/airflow/example_dags/example_task_group_decorator.py for tasks to queue
[2024-08-24T18:12:28.767+0000] {logging_mixin.py:190} INFO - [2024-08-24T18:12:28.766+0000] {dagbag.py:587} INFO - Filling up the DagBag from /home/airflow/.local/lib/python3.12/site-packages/airflow/example_dags/example_task_group_decorator.py
[2024-08-24T18:12:28.818+0000] {processor.py:925} INFO - DAG(s) 'example_task_group_decorator' retrieved from /home/airflow/.local/lib/python3.12/site-packages/airflow/example_dags/example_task_group_decorator.py
[2024-08-24T18:12:28.868+0000] {logging_mixin.py:190} INFO - [2024-08-24T18:12:28.868+0000] {dag.py:3211} INFO - Sync 1 DAGs
[2024-08-24T18:12:28.902+0000] {logging_mixin.py:190} INFO - [2024-08-24T18:12:28.901+0000] {dag.py:4138} INFO - Setting next_dagrun for example_task_group_decorator to 2024-08-23 00:00:00+00:00, run_after=2024-08-24 00:00:00+00:00
[2024-08-24T18:12:28.935+0000] {processor.py:208} INFO - Processing /home/airflow/.local/lib/python3.12/site-packages/airflow/example_dags/example_task_group_decorator.py took 0.202 seconds
[2024-08-24T18:13:02.561+0000] {processor.py:186} INFO - Started process (PID=260) to work on /home/airflow/.local/lib/python3.12/site-packages/airflow/example_dags/example_task_group_decorator.py
[2024-08-24T18:13:02.566+0000] {processor.py:914} INFO - Processing file /home/airflow/.local/lib/python3.12/site-packages/airflow/example_dags/example_task_group_decorator.py for tasks to queue
[2024-08-24T18:13:02.572+0000] {logging_mixin.py:190} INFO - [2024-08-24T18:13:02.572+0000] {dagbag.py:587} INFO - Filling up the DagBag from /home/airflow/.local/lib/python3.12/site-packages/airflow/example_dags/example_task_group_decorator.py
[2024-08-24T18:13:02.761+0000] {processor.py:925} INFO - DAG(s) 'example_task_group_decorator' retrieved from /home/airflow/.local/lib/python3.12/site-packages/airflow/example_dags/example_task_group_decorator.py
[2024-08-24T18:13:03.566+0000] {logging_mixin.py:190} INFO - [2024-08-24T18:13:03.563+0000] {dag.py:3211} INFO - Sync 1 DAGs
[2024-08-24T18:13:03.729+0000] {logging_mixin.py:190} INFO - [2024-08-24T18:13:03.728+0000] {dag.py:4138} INFO - Setting next_dagrun for example_task_group_decorator to 2024-08-23 00:00:00+00:00, run_after=2024-08-24 00:00:00+00:00
[2024-08-24T18:13:03.865+0000] {processor.py:208} INFO - Processing /home/airflow/.local/lib/python3.12/site-packages/airflow/example_dags/example_task_group_decorator.py took 1.330 seconds
[2024-08-24T18:13:49.348+0000] {processor.py:186} INFO - Started process (PID=330) to work on /home/airflow/.local/lib/python3.12/site-packages/airflow/example_dags/example_task_group_decorator.py
[2024-08-24T18:13:49.357+0000] {processor.py:914} INFO - Processing file /home/airflow/.local/lib/python3.12/site-packages/airflow/example_dags/example_task_group_decorator.py for tasks to queue
[2024-08-24T18:13:49.360+0000] {logging_mixin.py:190} INFO - [2024-08-24T18:13:49.360+0000] {dagbag.py:587} INFO - Filling up the DagBag from /home/airflow/.local/lib/python3.12/site-packages/airflow/example_dags/example_task_group_decorator.py
[2024-08-24T18:13:49.541+0000] {processor.py:925} INFO - DAG(s) 'example_task_group_decorator' retrieved from /home/airflow/.local/lib/python3.12/site-packages/airflow/example_dags/example_task_group_decorator.py
[2024-08-24T18:13:49.850+0000] {logging_mixin.py:190} INFO - [2024-08-24T18:13:49.848+0000] {dag.py:3211} INFO - Sync 1 DAGs
[2024-08-24T18:13:50.144+0000] {logging_mixin.py:190} INFO - [2024-08-24T18:13:50.143+0000] {dag.py:4138} INFO - Setting next_dagrun for example_task_group_decorator to 2024-08-23 00:00:00+00:00, run_after=2024-08-24 00:00:00+00:00
[2024-08-24T18:13:50.608+0000] {processor.py:208} INFO - Processing /home/airflow/.local/lib/python3.12/site-packages/airflow/example_dags/example_task_group_decorator.py took 1.426 seconds
[2024-08-24T18:14:22.788+0000] {processor.py:186} INFO - Started process (PID=394) to work on /home/airflow/.local/lib/python3.12/site-packages/airflow/example_dags/example_task_group_decorator.py
[2024-08-24T18:14:22.791+0000] {processor.py:914} INFO - Processing file /home/airflow/.local/lib/python3.12/site-packages/airflow/example_dags/example_task_group_decorator.py for tasks to queue
[2024-08-24T18:14:22.794+0000] {logging_mixin.py:190} INFO - [2024-08-24T18:14:22.793+0000] {dagbag.py:587} INFO - Filling up the DagBag from /home/airflow/.local/lib/python3.12/site-packages/airflow/example_dags/example_task_group_decorator.py
[2024-08-24T18:14:22.832+0000] {processor.py:925} INFO - DAG(s) 'example_task_group_decorator' retrieved from /home/airflow/.local/lib/python3.12/site-packages/airflow/example_dags/example_task_group_decorator.py
[2024-08-24T18:14:22.893+0000] {logging_mixin.py:190} INFO - [2024-08-24T18:14:22.892+0000] {dag.py:3211} INFO - Sync 1 DAGs
[2024-08-24T18:14:23.022+0000] {logging_mixin.py:190} INFO - [2024-08-24T18:14:23.020+0000] {dag.py:4138} INFO - Setting next_dagrun for example_task_group_decorator to 2024-08-23 00:00:00+00:00, run_after=2024-08-24 00:00:00+00:00
[2024-08-24T18:14:23.079+0000] {processor.py:208} INFO - Processing /home/airflow/.local/lib/python3.12/site-packages/airflow/example_dags/example_task_group_decorator.py took 0.309 seconds
