[2024-08-24T03:08:15.378+0000] {processor.py:186} INFO - Started process (PID=94) to work on /home/airflow/.local/lib/python3.12/site-packages/airflow/example_dags/example_branch_operator.py
[2024-08-24T03:08:15.424+0000] {processor.py:914} INFO - Processing file /home/airflow/.local/lib/python3.12/site-packages/airflow/example_dags/example_branch_operator.py for tasks to queue
[2024-08-24T03:08:15.734+0000] {logging_mixin.py:190} INFO - [2024-08-24T03:08:15.583+0000] {dagbag.py:587} INFO - Filling up the DagBag from /home/airflow/.local/lib/python3.12/site-packages/airflow/example_dags/example_branch_operator.py
[2024-08-24T03:08:16.802+0000] {processor.py:925} INFO - DAG(s) 'example_branch_operator' retrieved from /home/airflow/.local/lib/python3.12/site-packages/airflow/example_dags/example_branch_operator.py
[2024-08-24T03:08:19.556+0000] {logging_mixin.py:190} INFO - [2024-08-24T03:08:19.511+0000] {override.py:1858} INFO - Created Permission View: can delete on DAG:example_branch_operator
[2024-08-24T03:08:19.920+0000] {logging_mixin.py:190} INFO - [2024-08-24T03:08:19.920+0000] {override.py:1858} INFO - Created Permission View: can read on DAG:example_branch_operator
[2024-08-24T03:08:20.051+0000] {logging_mixin.py:190} INFO - [2024-08-24T03:08:20.050+0000] {override.py:1858} INFO - Created Permission View: can edit on DAG:example_branch_operator
[2024-08-24T03:08:20.051+0000] {logging_mixin.py:190} INFO - [2024-08-24T03:08:20.051+0000] {dag.py:3211} INFO - Sync 1 DAGs
[2024-08-24T03:08:20.227+0000] {logging_mixin.py:190} INFO - [2024-08-24T03:08:20.221+0000] {dag.py:3234} INFO - Creating ORM DAG for example_branch_operator
[2024-08-24T03:08:20.542+0000] {logging_mixin.py:190} INFO - [2024-08-24T03:08:20.540+0000] {dag.py:4138} INFO - Setting next_dagrun for example_branch_operator to 2024-08-23 00:00:00+00:00, run_after=2024-08-24 00:00:00+00:00
[2024-08-24T03:08:21.720+0000] {processor.py:208} INFO - Processing /home/airflow/.local/lib/python3.12/site-packages/airflow/example_dags/example_branch_operator.py took 6.364 seconds
[2024-08-24T03:09:39.106+0000] {processor.py:186} INFO - Started process (PID=163) to work on /home/airflow/.local/lib/python3.12/site-packages/airflow/example_dags/example_branch_operator.py
[2024-08-24T03:09:39.109+0000] {processor.py:914} INFO - Processing file /home/airflow/.local/lib/python3.12/site-packages/airflow/example_dags/example_branch_operator.py for tasks to queue
[2024-08-24T03:09:39.116+0000] {logging_mixin.py:190} INFO - [2024-08-24T03:09:39.116+0000] {dagbag.py:587} INFO - Filling up the DagBag from /home/airflow/.local/lib/python3.12/site-packages/airflow/example_dags/example_branch_operator.py
[2024-08-24T03:09:39.142+0000] {processor.py:925} INFO - DAG(s) 'example_branch_operator' retrieved from /home/airflow/.local/lib/python3.12/site-packages/airflow/example_dags/example_branch_operator.py
[2024-08-24T03:09:39.207+0000] {logging_mixin.py:190} INFO - [2024-08-24T03:09:39.206+0000] {dag.py:3211} INFO - Sync 1 DAGs
[2024-08-24T03:09:39.239+0000] {logging_mixin.py:190} INFO - [2024-08-24T03:09:39.239+0000] {dag.py:4138} INFO - Setting next_dagrun for example_branch_operator to 2024-08-23 00:00:00+00:00, run_after=2024-08-24 00:00:00+00:00
[2024-08-24T03:09:39.297+0000] {processor.py:208} INFO - Processing /home/airflow/.local/lib/python3.12/site-packages/airflow/example_dags/example_branch_operator.py took 0.199 seconds
[2024-08-24T03:10:09.657+0000] {processor.py:186} INFO - Started process (PID=227) to work on /home/airflow/.local/lib/python3.12/site-packages/airflow/example_dags/example_branch_operator.py
[2024-08-24T03:10:09.659+0000] {processor.py:914} INFO - Processing file /home/airflow/.local/lib/python3.12/site-packages/airflow/example_dags/example_branch_operator.py for tasks to queue
[2024-08-24T03:10:09.665+0000] {logging_mixin.py:190} INFO - [2024-08-24T03:10:09.664+0000] {dagbag.py:587} INFO - Filling up the DagBag from /home/airflow/.local/lib/python3.12/site-packages/airflow/example_dags/example_branch_operator.py
[2024-08-24T03:10:09.701+0000] {processor.py:925} INFO - DAG(s) 'example_branch_operator' retrieved from /home/airflow/.local/lib/python3.12/site-packages/airflow/example_dags/example_branch_operator.py
[2024-08-24T03:10:09.742+0000] {logging_mixin.py:190} INFO - [2024-08-24T03:10:09.741+0000] {dag.py:3211} INFO - Sync 1 DAGs
[2024-08-24T03:10:09.777+0000] {logging_mixin.py:190} INFO - [2024-08-24T03:10:09.777+0000] {dag.py:4138} INFO - Setting next_dagrun for example_branch_operator to 2024-08-23 00:00:00+00:00, run_after=2024-08-24 00:00:00+00:00
[2024-08-24T03:10:09.815+0000] {processor.py:208} INFO - Processing /home/airflow/.local/lib/python3.12/site-packages/airflow/example_dags/example_branch_operator.py took 0.167 seconds
[2024-08-24T03:10:40.341+0000] {processor.py:186} INFO - Started process (PID=290) to work on /home/airflow/.local/lib/python3.12/site-packages/airflow/example_dags/example_branch_operator.py
[2024-08-24T03:10:40.343+0000] {processor.py:914} INFO - Processing file /home/airflow/.local/lib/python3.12/site-packages/airflow/example_dags/example_branch_operator.py for tasks to queue
[2024-08-24T03:10:40.348+0000] {logging_mixin.py:190} INFO - [2024-08-24T03:10:40.347+0000] {dagbag.py:587} INFO - Filling up the DagBag from /home/airflow/.local/lib/python3.12/site-packages/airflow/example_dags/example_branch_operator.py
[2024-08-24T03:10:40.376+0000] {processor.py:925} INFO - DAG(s) 'example_branch_operator' retrieved from /home/airflow/.local/lib/python3.12/site-packages/airflow/example_dags/example_branch_operator.py
[2024-08-24T03:10:40.417+0000] {logging_mixin.py:190} INFO - [2024-08-24T03:10:40.417+0000] {dag.py:3211} INFO - Sync 1 DAGs
[2024-08-24T03:10:40.451+0000] {logging_mixin.py:190} INFO - [2024-08-24T03:10:40.451+0000] {dag.py:4138} INFO - Setting next_dagrun for example_branch_operator to 2024-08-23 00:00:00+00:00, run_after=2024-08-24 00:00:00+00:00
[2024-08-24T03:10:40.486+0000] {processor.py:208} INFO - Processing /home/airflow/.local/lib/python3.12/site-packages/airflow/example_dags/example_branch_operator.py took 0.154 seconds
[2024-08-24T03:11:12.310+0000] {processor.py:186} INFO - Started process (PID=353) to work on /home/airflow/.local/lib/python3.12/site-packages/airflow/example_dags/example_branch_operator.py
[2024-08-24T03:11:12.311+0000] {processor.py:914} INFO - Processing file /home/airflow/.local/lib/python3.12/site-packages/airflow/example_dags/example_branch_operator.py for tasks to queue
[2024-08-24T03:11:12.321+0000] {logging_mixin.py:190} INFO - [2024-08-24T03:11:12.320+0000] {dagbag.py:587} INFO - Filling up the DagBag from /home/airflow/.local/lib/python3.12/site-packages/airflow/example_dags/example_branch_operator.py
[2024-08-24T03:11:12.359+0000] {processor.py:925} INFO - DAG(s) 'example_branch_operator' retrieved from /home/airflow/.local/lib/python3.12/site-packages/airflow/example_dags/example_branch_operator.py
[2024-08-24T03:11:12.412+0000] {logging_mixin.py:190} INFO - [2024-08-24T03:11:12.412+0000] {dag.py:3211} INFO - Sync 1 DAGs
[2024-08-24T03:11:12.497+0000] {logging_mixin.py:190} INFO - [2024-08-24T03:11:12.497+0000] {dag.py:4138} INFO - Setting next_dagrun for example_branch_operator to 2024-08-23 00:00:00+00:00, run_after=2024-08-24 00:00:00+00:00
[2024-08-24T03:11:12.568+0000] {processor.py:208} INFO - Processing /home/airflow/.local/lib/python3.12/site-packages/airflow/example_dags/example_branch_operator.py took 0.300 seconds
[2024-08-24T03:11:42.874+0000] {processor.py:186} INFO - Started process (PID=416) to work on /home/airflow/.local/lib/python3.12/site-packages/airflow/example_dags/example_branch_operator.py
[2024-08-24T03:11:42.877+0000] {processor.py:914} INFO - Processing file /home/airflow/.local/lib/python3.12/site-packages/airflow/example_dags/example_branch_operator.py for tasks to queue
[2024-08-24T03:11:42.881+0000] {logging_mixin.py:190} INFO - [2024-08-24T03:11:42.880+0000] {dagbag.py:587} INFO - Filling up the DagBag from /home/airflow/.local/lib/python3.12/site-packages/airflow/example_dags/example_branch_operator.py
[2024-08-24T03:11:42.910+0000] {processor.py:925} INFO - DAG(s) 'example_branch_operator' retrieved from /home/airflow/.local/lib/python3.12/site-packages/airflow/example_dags/example_branch_operator.py
[2024-08-24T03:11:42.959+0000] {logging_mixin.py:190} INFO - [2024-08-24T03:11:42.958+0000] {dag.py:3211} INFO - Sync 1 DAGs
[2024-08-24T03:11:42.990+0000] {logging_mixin.py:190} INFO - [2024-08-24T03:11:42.990+0000] {dag.py:4138} INFO - Setting next_dagrun for example_branch_operator to 2024-08-23 00:00:00+00:00, run_after=2024-08-24 00:00:00+00:00
[2024-08-24T03:11:43.017+0000] {processor.py:208} INFO - Processing /home/airflow/.local/lib/python3.12/site-packages/airflow/example_dags/example_branch_operator.py took 0.158 seconds
[2024-08-24T03:12:13.066+0000] {processor.py:186} INFO - Started process (PID=477) to work on /home/airflow/.local/lib/python3.12/site-packages/airflow/example_dags/example_branch_operator.py
[2024-08-24T03:12:13.067+0000] {processor.py:914} INFO - Processing file /home/airflow/.local/lib/python3.12/site-packages/airflow/example_dags/example_branch_operator.py for tasks to queue
[2024-08-24T03:12:13.070+0000] {logging_mixin.py:190} INFO - [2024-08-24T03:12:13.070+0000] {dagbag.py:587} INFO - Filling up the DagBag from /home/airflow/.local/lib/python3.12/site-packages/airflow/example_dags/example_branch_operator.py
[2024-08-24T03:12:13.100+0000] {processor.py:925} INFO - DAG(s) 'example_branch_operator' retrieved from /home/airflow/.local/lib/python3.12/site-packages/airflow/example_dags/example_branch_operator.py
[2024-08-24T03:12:13.141+0000] {logging_mixin.py:190} INFO - [2024-08-24T03:12:13.141+0000] {dag.py:3211} INFO - Sync 1 DAGs
[2024-08-24T03:12:13.182+0000] {logging_mixin.py:190} INFO - [2024-08-24T03:12:13.181+0000] {dag.py:4138} INFO - Setting next_dagrun for example_branch_operator to 2024-08-23 00:00:00+00:00, run_after=2024-08-24 00:00:00+00:00
[2024-08-24T03:12:13.224+0000] {processor.py:208} INFO - Processing /home/airflow/.local/lib/python3.12/site-packages/airflow/example_dags/example_branch_operator.py took 0.167 seconds
[2024-08-24T03:12:43.617+0000] {processor.py:186} INFO - Started process (PID=540) to work on /home/airflow/.local/lib/python3.12/site-packages/airflow/example_dags/example_branch_operator.py
[2024-08-24T03:12:43.619+0000] {processor.py:914} INFO - Processing file /home/airflow/.local/lib/python3.12/site-packages/airflow/example_dags/example_branch_operator.py for tasks to queue
[2024-08-24T03:12:43.623+0000] {logging_mixin.py:190} INFO - [2024-08-24T03:12:43.622+0000] {dagbag.py:587} INFO - Filling up the DagBag from /home/airflow/.local/lib/python3.12/site-packages/airflow/example_dags/example_branch_operator.py
[2024-08-24T03:12:43.654+0000] {processor.py:925} INFO - DAG(s) 'example_branch_operator' retrieved from /home/airflow/.local/lib/python3.12/site-packages/airflow/example_dags/example_branch_operator.py
[2024-08-24T03:12:43.706+0000] {logging_mixin.py:190} INFO - [2024-08-24T03:12:43.706+0000] {dag.py:3211} INFO - Sync 1 DAGs
[2024-08-24T03:12:43.735+0000] {logging_mixin.py:190} INFO - [2024-08-24T03:12:43.734+0000] {dag.py:4138} INFO - Setting next_dagrun for example_branch_operator to 2024-08-23 00:00:00+00:00, run_after=2024-08-24 00:00:00+00:00
[2024-08-24T03:12:43.761+0000] {processor.py:208} INFO - Processing /home/airflow/.local/lib/python3.12/site-packages/airflow/example_dags/example_branch_operator.py took 0.154 seconds
[2024-08-24T03:13:17.075+0000] {processor.py:186} INFO - Started process (PID=609) to work on /home/airflow/.local/lib/python3.12/site-packages/airflow/example_dags/example_branch_operator.py
[2024-08-24T03:13:17.078+0000] {processor.py:914} INFO - Processing file /home/airflow/.local/lib/python3.12/site-packages/airflow/example_dags/example_branch_operator.py for tasks to queue
[2024-08-24T03:13:17.087+0000] {logging_mixin.py:190} INFO - [2024-08-24T03:13:17.086+0000] {dagbag.py:587} INFO - Filling up the DagBag from /home/airflow/.local/lib/python3.12/site-packages/airflow/example_dags/example_branch_operator.py
[2024-08-24T03:13:17.120+0000] {processor.py:925} INFO - DAG(s) 'example_branch_operator' retrieved from /home/airflow/.local/lib/python3.12/site-packages/airflow/example_dags/example_branch_operator.py
[2024-08-24T03:13:17.182+0000] {logging_mixin.py:190} INFO - [2024-08-24T03:13:17.181+0000] {dag.py:3211} INFO - Sync 1 DAGs
[2024-08-24T03:13:17.217+0000] {logging_mixin.py:190} INFO - [2024-08-24T03:13:17.217+0000] {dag.py:4138} INFO - Setting next_dagrun for example_branch_operator to 2024-08-23 00:00:00+00:00, run_after=2024-08-24 00:00:00+00:00
[2024-08-24T03:13:17.297+0000] {processor.py:208} INFO - Processing /home/airflow/.local/lib/python3.12/site-packages/airflow/example_dags/example_branch_operator.py took 0.293 seconds
[2024-08-24T03:13:48.148+0000] {processor.py:186} INFO - Started process (PID=671) to work on /home/airflow/.local/lib/python3.12/site-packages/airflow/example_dags/example_branch_operator.py
[2024-08-24T03:13:48.151+0000] {processor.py:914} INFO - Processing file /home/airflow/.local/lib/python3.12/site-packages/airflow/example_dags/example_branch_operator.py for tasks to queue
[2024-08-24T03:13:48.154+0000] {logging_mixin.py:190} INFO - [2024-08-24T03:13:48.154+0000] {dagbag.py:587} INFO - Filling up the DagBag from /home/airflow/.local/lib/python3.12/site-packages/airflow/example_dags/example_branch_operator.py
[2024-08-24T03:13:48.185+0000] {processor.py:925} INFO - DAG(s) 'example_branch_operator' retrieved from /home/airflow/.local/lib/python3.12/site-packages/airflow/example_dags/example_branch_operator.py
[2024-08-24T03:13:48.251+0000] {logging_mixin.py:190} INFO - [2024-08-24T03:13:48.251+0000] {dag.py:3211} INFO - Sync 1 DAGs
[2024-08-24T03:13:48.293+0000] {logging_mixin.py:190} INFO - [2024-08-24T03:13:48.292+0000] {dag.py:4138} INFO - Setting next_dagrun for example_branch_operator to 2024-08-23 00:00:00+00:00, run_after=2024-08-24 00:00:00+00:00
[2024-08-24T03:13:48.356+0000] {processor.py:208} INFO - Processing /home/airflow/.local/lib/python3.12/site-packages/airflow/example_dags/example_branch_operator.py took 0.221 seconds
[2024-08-24T03:14:18.637+0000] {processor.py:186} INFO - Started process (PID=734) to work on /home/airflow/.local/lib/python3.12/site-packages/airflow/example_dags/example_branch_operator.py
[2024-08-24T03:14:18.639+0000] {processor.py:914} INFO - Processing file /home/airflow/.local/lib/python3.12/site-packages/airflow/example_dags/example_branch_operator.py for tasks to queue
[2024-08-24T03:14:18.643+0000] {logging_mixin.py:190} INFO - [2024-08-24T03:14:18.642+0000] {dagbag.py:587} INFO - Filling up the DagBag from /home/airflow/.local/lib/python3.12/site-packages/airflow/example_dags/example_branch_operator.py
[2024-08-24T03:14:18.669+0000] {processor.py:925} INFO - DAG(s) 'example_branch_operator' retrieved from /home/airflow/.local/lib/python3.12/site-packages/airflow/example_dags/example_branch_operator.py
[2024-08-24T03:14:18.726+0000] {logging_mixin.py:190} INFO - [2024-08-24T03:14:18.725+0000] {dag.py:3211} INFO - Sync 1 DAGs
[2024-08-24T03:14:18.770+0000] {logging_mixin.py:190} INFO - [2024-08-24T03:14:18.770+0000] {dag.py:4138} INFO - Setting next_dagrun for example_branch_operator to 2024-08-23 00:00:00+00:00, run_after=2024-08-24 00:00:00+00:00
[2024-08-24T03:14:18.816+0000] {processor.py:208} INFO - Processing /home/airflow/.local/lib/python3.12/site-packages/airflow/example_dags/example_branch_operator.py took 0.188 seconds
[2024-08-24T03:14:49.343+0000] {processor.py:186} INFO - Started process (PID=796) to work on /home/airflow/.local/lib/python3.12/site-packages/airflow/example_dags/example_branch_operator.py
[2024-08-24T03:14:49.345+0000] {processor.py:914} INFO - Processing file /home/airflow/.local/lib/python3.12/site-packages/airflow/example_dags/example_branch_operator.py for tasks to queue
[2024-08-24T03:14:49.348+0000] {logging_mixin.py:190} INFO - [2024-08-24T03:14:49.348+0000] {dagbag.py:587} INFO - Filling up the DagBag from /home/airflow/.local/lib/python3.12/site-packages/airflow/example_dags/example_branch_operator.py
[2024-08-24T03:14:49.372+0000] {processor.py:925} INFO - DAG(s) 'example_branch_operator' retrieved from /home/airflow/.local/lib/python3.12/site-packages/airflow/example_dags/example_branch_operator.py
[2024-08-24T03:14:49.423+0000] {logging_mixin.py:190} INFO - [2024-08-24T03:14:49.422+0000] {dag.py:3211} INFO - Sync 1 DAGs
[2024-08-24T03:14:49.468+0000] {logging_mixin.py:190} INFO - [2024-08-24T03:14:49.468+0000] {dag.py:4138} INFO - Setting next_dagrun for example_branch_operator to 2024-08-23 00:00:00+00:00, run_after=2024-08-24 00:00:00+00:00
[2024-08-24T03:14:50.335+0000] {processor.py:208} INFO - Processing /home/airflow/.local/lib/python3.12/site-packages/airflow/example_dags/example_branch_operator.py took 1.000 seconds
[2024-08-24T03:15:20.939+0000] {processor.py:186} INFO - Started process (PID=860) to work on /home/airflow/.local/lib/python3.12/site-packages/airflow/example_dags/example_branch_operator.py
[2024-08-24T03:15:20.943+0000] {processor.py:914} INFO - Processing file /home/airflow/.local/lib/python3.12/site-packages/airflow/example_dags/example_branch_operator.py for tasks to queue
[2024-08-24T03:15:20.946+0000] {logging_mixin.py:190} INFO - [2024-08-24T03:15:20.946+0000] {dagbag.py:587} INFO - Filling up the DagBag from /home/airflow/.local/lib/python3.12/site-packages/airflow/example_dags/example_branch_operator.py
[2024-08-24T03:15:20.970+0000] {processor.py:925} INFO - DAG(s) 'example_branch_operator' retrieved from /home/airflow/.local/lib/python3.12/site-packages/airflow/example_dags/example_branch_operator.py
[2024-08-24T03:15:21.024+0000] {logging_mixin.py:190} INFO - [2024-08-24T03:15:21.023+0000] {dag.py:3211} INFO - Sync 1 DAGs
[2024-08-24T03:15:21.080+0000] {logging_mixin.py:190} INFO - [2024-08-24T03:15:21.080+0000] {dag.py:4138} INFO - Setting next_dagrun for example_branch_operator to 2024-08-23 00:00:00+00:00, run_after=2024-08-24 00:00:00+00:00
[2024-08-24T03:15:21.113+0000] {processor.py:208} INFO - Processing /home/airflow/.local/lib/python3.12/site-packages/airflow/example_dags/example_branch_operator.py took 0.182 seconds
[2024-08-24T03:16:01.123+0000] {processor.py:186} INFO - Started process (PID=923) to work on /home/airflow/.local/lib/python3.12/site-packages/airflow/example_dags/example_branch_operator.py
[2024-08-24T03:16:01.137+0000] {processor.py:914} INFO - Processing file /home/airflow/.local/lib/python3.12/site-packages/airflow/example_dags/example_branch_operator.py for tasks to queue
[2024-08-24T03:16:01.200+0000] {logging_mixin.py:190} INFO - [2024-08-24T03:16:01.198+0000] {dagbag.py:587} INFO - Filling up the DagBag from /home/airflow/.local/lib/python3.12/site-packages/airflow/example_dags/example_branch_operator.py
[2024-08-24T03:16:01.947+0000] {processor.py:925} INFO - DAG(s) 'example_branch_operator' retrieved from /home/airflow/.local/lib/python3.12/site-packages/airflow/example_dags/example_branch_operator.py
[2024-08-24T03:16:02.769+0000] {logging_mixin.py:190} INFO - [2024-08-24T03:16:02.768+0000] {dag.py:3211} INFO - Sync 1 DAGs
[2024-08-24T03:16:02.960+0000] {logging_mixin.py:190} INFO - [2024-08-24T03:16:02.960+0000] {dag.py:4138} INFO - Setting next_dagrun for example_branch_operator to 2024-08-23 00:00:00+00:00, run_after=2024-08-24 00:00:00+00:00
[2024-08-24T03:16:03.066+0000] {processor.py:208} INFO - Processing /home/airflow/.local/lib/python3.12/site-packages/airflow/example_dags/example_branch_operator.py took 2.058 seconds
[2024-08-24T03:22:00.801+0000] {processor.py:186} INFO - Started process (PID=89) to work on /home/airflow/.local/lib/python3.12/site-packages/airflow/example_dags/example_branch_operator.py
[2024-08-24T03:22:00.845+0000] {processor.py:914} INFO - Processing file /home/airflow/.local/lib/python3.12/site-packages/airflow/example_dags/example_branch_operator.py for tasks to queue
[2024-08-24T03:22:00.857+0000] {logging_mixin.py:190} INFO - [2024-08-24T03:22:00.849+0000] {dagbag.py:587} INFO - Filling up the DagBag from /home/airflow/.local/lib/python3.12/site-packages/airflow/example_dags/example_branch_operator.py
[2024-08-24T03:22:01.123+0000] {processor.py:925} INFO - DAG(s) 'example_branch_operator' retrieved from /home/airflow/.local/lib/python3.12/site-packages/airflow/example_dags/example_branch_operator.py
[2024-08-24T03:22:08.104+0000] {logging_mixin.py:190} INFO - [2024-08-24T03:22:08.103+0000] {dag.py:3211} INFO - Sync 1 DAGs
[2024-08-24T03:22:09.590+0000] {logging_mixin.py:190} INFO - [2024-08-24T03:22:09.590+0000] {dag.py:4138} INFO - Setting next_dagrun for example_branch_operator to 2024-08-23 00:00:00+00:00, run_after=2024-08-24 00:00:00+00:00
[2024-08-24T03:22:09.870+0000] {processor.py:208} INFO - Processing /home/airflow/.local/lib/python3.12/site-packages/airflow/example_dags/example_branch_operator.py took 9.336 seconds
[2024-08-24T03:36:50.245+0000] {processor.py:186} INFO - Started process (PID=66) to work on /home/airflow/.local/lib/python3.12/site-packages/airflow/example_dags/example_branch_operator.py
[2024-08-24T03:36:50.261+0000] {processor.py:914} INFO - Processing file /home/airflow/.local/lib/python3.12/site-packages/airflow/example_dags/example_branch_operator.py for tasks to queue
[2024-08-24T03:36:50.267+0000] {logging_mixin.py:190} INFO - [2024-08-24T03:36:50.266+0000] {dagbag.py:587} INFO - Filling up the DagBag from /home/airflow/.local/lib/python3.12/site-packages/airflow/example_dags/example_branch_operator.py
[2024-08-24T03:36:50.719+0000] {processor.py:925} INFO - DAG(s) 'example_branch_operator' retrieved from /home/airflow/.local/lib/python3.12/site-packages/airflow/example_dags/example_branch_operator.py
[2024-08-24T03:36:52.238+0000] {logging_mixin.py:190} INFO - [2024-08-24T03:36:52.236+0000] {dag.py:3211} INFO - Sync 1 DAGs
[2024-08-24T03:36:53.936+0000] {logging_mixin.py:190} INFO - [2024-08-24T03:36:53.935+0000] {dag.py:4138} INFO - Setting next_dagrun for example_branch_operator to 2024-08-23 00:00:00+00:00, run_after=2024-08-24 00:00:00+00:00
[2024-08-24T03:36:54.939+0000] {processor.py:208} INFO - Processing /home/airflow/.local/lib/python3.12/site-packages/airflow/example_dags/example_branch_operator.py took 4.730 seconds
[2024-08-24T18:11:22.170+0000] {processor.py:186} INFO - Started process (PID=65) to work on /home/airflow/.local/lib/python3.12/site-packages/airflow/example_dags/example_branch_operator.py
[2024-08-24T18:11:22.206+0000] {processor.py:914} INFO - Processing file /home/airflow/.local/lib/python3.12/site-packages/airflow/example_dags/example_branch_operator.py for tasks to queue
[2024-08-24T18:11:22.256+0000] {logging_mixin.py:190} INFO - [2024-08-24T18:11:22.242+0000] {dagbag.py:587} INFO - Filling up the DagBag from /home/airflow/.local/lib/python3.12/site-packages/airflow/example_dags/example_branch_operator.py
[2024-08-24T18:11:22.396+0000] {processor.py:925} INFO - DAG(s) 'example_branch_operator' retrieved from /home/airflow/.local/lib/python3.12/site-packages/airflow/example_dags/example_branch_operator.py
[2024-08-24T18:11:22.707+0000] {logging_mixin.py:190} INFO - [2024-08-24T18:11:22.707+0000] {dag.py:3211} INFO - Sync 1 DAGs
[2024-08-24T18:11:22.978+0000] {logging_mixin.py:190} INFO - [2024-08-24T18:11:22.978+0000] {dag.py:4138} INFO - Setting next_dagrun for example_branch_operator to 2024-08-23 00:00:00+00:00, run_after=2024-08-24 00:00:00+00:00
[2024-08-24T18:11:23.178+0000] {processor.py:208} INFO - Processing /home/airflow/.local/lib/python3.12/site-packages/airflow/example_dags/example_branch_operator.py took 1.107 seconds
[2024-08-24T18:11:54.900+0000] {processor.py:186} INFO - Started process (PID=128) to work on /home/airflow/.local/lib/python3.12/site-packages/airflow/example_dags/example_branch_operator.py
[2024-08-24T18:11:54.904+0000] {processor.py:914} INFO - Processing file /home/airflow/.local/lib/python3.12/site-packages/airflow/example_dags/example_branch_operator.py for tasks to queue
[2024-08-24T18:11:54.909+0000] {logging_mixin.py:190} INFO - [2024-08-24T18:11:54.908+0000] {dagbag.py:587} INFO - Filling up the DagBag from /home/airflow/.local/lib/python3.12/site-packages/airflow/example_dags/example_branch_operator.py
[2024-08-24T18:11:54.957+0000] {processor.py:925} INFO - DAG(s) 'example_branch_operator' retrieved from /home/airflow/.local/lib/python3.12/site-packages/airflow/example_dags/example_branch_operator.py
[2024-08-24T18:11:55.104+0000] {logging_mixin.py:190} INFO - [2024-08-24T18:11:55.103+0000] {dag.py:3211} INFO - Sync 1 DAGs
[2024-08-24T18:11:55.157+0000] {logging_mixin.py:190} INFO - [2024-08-24T18:11:55.156+0000] {dag.py:4138} INFO - Setting next_dagrun for example_branch_operator to 2024-08-23 00:00:00+00:00, run_after=2024-08-24 00:00:00+00:00
[2024-08-24T18:11:55.190+0000] {processor.py:208} INFO - Processing /home/airflow/.local/lib/python3.12/site-packages/airflow/example_dags/example_branch_operator.py took 0.303 seconds
[2024-08-24T18:12:26.387+0000] {processor.py:186} INFO - Started process (PID=192) to work on /home/airflow/.local/lib/python3.12/site-packages/airflow/example_dags/example_branch_operator.py
[2024-08-24T18:12:26.391+0000] {processor.py:914} INFO - Processing file /home/airflow/.local/lib/python3.12/site-packages/airflow/example_dags/example_branch_operator.py for tasks to queue
[2024-08-24T18:12:26.394+0000] {logging_mixin.py:190} INFO - [2024-08-24T18:12:26.394+0000] {dagbag.py:587} INFO - Filling up the DagBag from /home/airflow/.local/lib/python3.12/site-packages/airflow/example_dags/example_branch_operator.py
[2024-08-24T18:12:26.484+0000] {processor.py:925} INFO - DAG(s) 'example_branch_operator' retrieved from /home/airflow/.local/lib/python3.12/site-packages/airflow/example_dags/example_branch_operator.py
[2024-08-24T18:12:26.558+0000] {logging_mixin.py:190} INFO - [2024-08-24T18:12:26.557+0000] {dag.py:3211} INFO - Sync 1 DAGs
[2024-08-24T18:12:26.601+0000] {logging_mixin.py:190} INFO - [2024-08-24T18:12:26.601+0000] {dag.py:4138} INFO - Setting next_dagrun for example_branch_operator to 2024-08-23 00:00:00+00:00, run_after=2024-08-24 00:00:00+00:00
[2024-08-24T18:12:26.645+0000] {processor.py:208} INFO - Processing /home/airflow/.local/lib/python3.12/site-packages/airflow/example_dags/example_branch_operator.py took 0.272 seconds
[2024-08-24T18:12:58.015+0000] {processor.py:186} INFO - Started process (PID=254) to work on /home/airflow/.local/lib/python3.12/site-packages/airflow/example_dags/example_branch_operator.py
[2024-08-24T18:12:58.024+0000] {processor.py:914} INFO - Processing file /home/airflow/.local/lib/python3.12/site-packages/airflow/example_dags/example_branch_operator.py for tasks to queue
[2024-08-24T18:12:58.051+0000] {logging_mixin.py:190} INFO - [2024-08-24T18:12:58.050+0000] {dagbag.py:587} INFO - Filling up the DagBag from /home/airflow/.local/lib/python3.12/site-packages/airflow/example_dags/example_branch_operator.py
[2024-08-24T18:12:58.396+0000] {processor.py:925} INFO - DAG(s) 'example_branch_operator' retrieved from /home/airflow/.local/lib/python3.12/site-packages/airflow/example_dags/example_branch_operator.py
[2024-08-24T18:12:59.190+0000] {logging_mixin.py:190} INFO - [2024-08-24T18:12:59.189+0000] {dag.py:3211} INFO - Sync 1 DAGs
[2024-08-24T18:12:59.479+0000] {logging_mixin.py:190} INFO - [2024-08-24T18:12:59.444+0000] {dag.py:4138} INFO - Setting next_dagrun for example_branch_operator to 2024-08-23 00:00:00+00:00, run_after=2024-08-24 00:00:00+00:00
[2024-08-24T18:12:59.958+0000] {processor.py:208} INFO - Processing /home/airflow/.local/lib/python3.12/site-packages/airflow/example_dags/example_branch_operator.py took 1.971 seconds
[2024-08-24T18:13:45.852+0000] {processor.py:186} INFO - Started process (PID=324) to work on /home/airflow/.local/lib/python3.12/site-packages/airflow/example_dags/example_branch_operator.py
[2024-08-24T18:13:45.859+0000] {processor.py:914} INFO - Processing file /home/airflow/.local/lib/python3.12/site-packages/airflow/example_dags/example_branch_operator.py for tasks to queue
[2024-08-24T18:13:45.863+0000] {logging_mixin.py:190} INFO - [2024-08-24T18:13:45.862+0000] {dagbag.py:587} INFO - Filling up the DagBag from /home/airflow/.local/lib/python3.12/site-packages/airflow/example_dags/example_branch_operator.py
[2024-08-24T18:13:45.914+0000] {processor.py:925} INFO - DAG(s) 'example_branch_operator' retrieved from /home/airflow/.local/lib/python3.12/site-packages/airflow/example_dags/example_branch_operator.py
[2024-08-24T18:13:46.022+0000] {logging_mixin.py:190} INFO - [2024-08-24T18:13:46.021+0000] {dag.py:3211} INFO - Sync 1 DAGs
[2024-08-24T18:13:46.058+0000] {logging_mixin.py:190} INFO - [2024-08-24T18:13:46.058+0000] {dag.py:4138} INFO - Setting next_dagrun for example_branch_operator to 2024-08-23 00:00:00+00:00, run_after=2024-08-24 00:00:00+00:00
[2024-08-24T18:13:46.105+0000] {processor.py:208} INFO - Processing /home/airflow/.local/lib/python3.12/site-packages/airflow/example_dags/example_branch_operator.py took 0.261 seconds
[2024-08-24T18:14:21.436+0000] {processor.py:186} INFO - Started process (PID=388) to work on /home/airflow/.local/lib/python3.12/site-packages/airflow/example_dags/example_branch_operator.py
[2024-08-24T18:14:21.439+0000] {processor.py:914} INFO - Processing file /home/airflow/.local/lib/python3.12/site-packages/airflow/example_dags/example_branch_operator.py for tasks to queue
[2024-08-24T18:14:21.442+0000] {logging_mixin.py:190} INFO - [2024-08-24T18:14:21.441+0000] {dagbag.py:587} INFO - Filling up the DagBag from /home/airflow/.local/lib/python3.12/site-packages/airflow/example_dags/example_branch_operator.py
[2024-08-24T18:14:21.468+0000] {processor.py:925} INFO - DAG(s) 'example_branch_operator' retrieved from /home/airflow/.local/lib/python3.12/site-packages/airflow/example_dags/example_branch_operator.py
[2024-08-24T18:14:21.718+0000] {logging_mixin.py:190} INFO - [2024-08-24T18:14:21.718+0000] {dag.py:3211} INFO - Sync 1 DAGs
[2024-08-24T18:14:21.749+0000] {logging_mixin.py:190} INFO - [2024-08-24T18:14:21.749+0000] {dag.py:4138} INFO - Setting next_dagrun for example_branch_operator to 2024-08-23 00:00:00+00:00, run_after=2024-08-24 00:00:00+00:00
[2024-08-24T18:14:21.822+0000] {processor.py:208} INFO - Processing /home/airflow/.local/lib/python3.12/site-packages/airflow/example_dags/example_branch_operator.py took 0.395 seconds
