[2024-08-24T03:09:27.797+0000] {processor.py:186} INFO - Started process (PID=132) to work on /home/airflow/.local/lib/python3.12/site-packages/airflow/example_dags/example_inlet_event_extra.py
[2024-08-24T03:09:27.798+0000] {processor.py:914} INFO - Processing file /home/airflow/.local/lib/python3.12/site-packages/airflow/example_dags/example_inlet_event_extra.py for tasks to queue
[2024-08-24T03:09:27.803+0000] {logging_mixin.py:190} INFO - [2024-08-24T03:09:27.802+0000] {dagbag.py:587} INFO - Filling up the DagBag from /home/airflow/.local/lib/python3.12/site-packages/airflow/example_dags/example_inlet_event_extra.py
[2024-08-24T03:09:29.358+0000] {processor.py:925} INFO - DAG(s) 'read_dataset_event_from_classic', 'read_dataset_event' retrieved from /home/airflow/.local/lib/python3.12/site-packages/airflow/example_dags/example_inlet_event_extra.py
[2024-08-24T03:09:29.929+0000] {logging_mixin.py:190} INFO - [2024-08-24T03:09:29.927+0000] {override.py:1858} INFO - Created Permission View: can delete on DAG:read_dataset_event_from_classic
[2024-08-24T03:09:30.009+0000] {logging_mixin.py:190} INFO - [2024-08-24T03:09:30.008+0000] {override.py:1858} INFO - Created Permission View: can read on DAG:read_dataset_event_from_classic
[2024-08-24T03:09:30.045+0000] {logging_mixin.py:190} INFO - [2024-08-24T03:09:30.044+0000] {override.py:1858} INFO - Created Permission View: can edit on DAG:read_dataset_event_from_classic
[2024-08-24T03:09:30.132+0000] {logging_mixin.py:190} INFO - [2024-08-24T03:09:30.130+0000] {override.py:1858} INFO - Created Permission View: can delete on DAG:read_dataset_event
[2024-08-24T03:09:30.228+0000] {logging_mixin.py:190} INFO - [2024-08-24T03:09:30.225+0000] {override.py:1858} INFO - Created Permission View: can read on DAG:read_dataset_event
[2024-08-24T03:09:30.334+0000] {logging_mixin.py:190} INFO - [2024-08-24T03:09:30.333+0000] {override.py:1858} INFO - Created Permission View: can edit on DAG:read_dataset_event
[2024-08-24T03:09:30.334+0000] {logging_mixin.py:190} INFO - [2024-08-24T03:09:30.334+0000] {dag.py:3211} INFO - Sync 2 DAGs
[2024-08-24T03:09:30.440+0000] {logging_mixin.py:190} INFO - [2024-08-24T03:09:30.440+0000] {dag.py:3234} INFO - Creating ORM DAG for read_dataset_event
[2024-08-24T03:09:30.451+0000] {logging_mixin.py:190} INFO - [2024-08-24T03:09:30.450+0000] {dag.py:3234} INFO - Creating ORM DAG for read_dataset_event_from_classic
[2024-08-24T03:09:30.592+0000] {logging_mixin.py:190} INFO - [2024-08-24T03:09:30.591+0000] {dag.py:4138} INFO - Setting next_dagrun for read_dataset_event to 2024-08-23 00:00:00+00:00, run_after=2024-08-24 00:00:00+00:00
[2024-08-24T03:09:30.634+0000] {logging_mixin.py:190} INFO - [2024-08-24T03:09:30.634+0000] {dag.py:4138} INFO - Setting next_dagrun for read_dataset_event_from_classic to 2024-08-23 00:00:00+00:00, run_after=2024-08-24 00:00:00+00:00
[2024-08-24T03:09:30.890+0000] {processor.py:208} INFO - Processing /home/airflow/.local/lib/python3.12/site-packages/airflow/example_dags/example_inlet_event_extra.py took 3.124 seconds
[2024-08-24T03:10:01.630+0000] {processor.py:186} INFO - Started process (PID=196) to work on /home/airflow/.local/lib/python3.12/site-packages/airflow/example_dags/example_inlet_event_extra.py
[2024-08-24T03:10:01.632+0000] {processor.py:914} INFO - Processing file /home/airflow/.local/lib/python3.12/site-packages/airflow/example_dags/example_inlet_event_extra.py for tasks to queue
[2024-08-24T03:10:01.639+0000] {logging_mixin.py:190} INFO - [2024-08-24T03:10:01.638+0000] {dagbag.py:587} INFO - Filling up the DagBag from /home/airflow/.local/lib/python3.12/site-packages/airflow/example_dags/example_inlet_event_extra.py
[2024-08-24T03:10:01.963+0000] {processor.py:925} INFO - DAG(s) 'read_dataset_event', 'read_dataset_event_from_classic' retrieved from /home/airflow/.local/lib/python3.12/site-packages/airflow/example_dags/example_inlet_event_extra.py
[2024-08-24T03:10:02.025+0000] {logging_mixin.py:190} INFO - [2024-08-24T03:10:02.024+0000] {dag.py:3211} INFO - Sync 2 DAGs
[2024-08-24T03:10:02.095+0000] {logging_mixin.py:190} INFO - [2024-08-24T03:10:02.094+0000] {dag.py:4138} INFO - Setting next_dagrun for read_dataset_event to 2024-08-23 00:00:00+00:00, run_after=2024-08-24 00:00:00+00:00
[2024-08-24T03:10:02.107+0000] {logging_mixin.py:190} INFO - [2024-08-24T03:10:02.106+0000] {dag.py:4138} INFO - Setting next_dagrun for read_dataset_event_from_classic to 2024-08-23 00:00:00+00:00, run_after=2024-08-24 00:00:00+00:00
[2024-08-24T03:10:02.162+0000] {processor.py:208} INFO - Processing /home/airflow/.local/lib/python3.12/site-packages/airflow/example_dags/example_inlet_event_extra.py took 0.543 seconds
[2024-08-24T03:10:32.304+0000] {processor.py:186} INFO - Started process (PID=260) to work on /home/airflow/.local/lib/python3.12/site-packages/airflow/example_dags/example_inlet_event_extra.py
[2024-08-24T03:10:32.308+0000] {processor.py:914} INFO - Processing file /home/airflow/.local/lib/python3.12/site-packages/airflow/example_dags/example_inlet_event_extra.py for tasks to queue
[2024-08-24T03:10:32.313+0000] {logging_mixin.py:190} INFO - [2024-08-24T03:10:32.312+0000] {dagbag.py:587} INFO - Filling up the DagBag from /home/airflow/.local/lib/python3.12/site-packages/airflow/example_dags/example_inlet_event_extra.py
[2024-08-24T03:10:32.998+0000] {processor.py:925} INFO - DAG(s) 'read_dataset_event', 'read_dataset_event_from_classic' retrieved from /home/airflow/.local/lib/python3.12/site-packages/airflow/example_dags/example_inlet_event_extra.py
[2024-08-24T03:10:33.084+0000] {logging_mixin.py:190} INFO - [2024-08-24T03:10:33.084+0000] {dag.py:3211} INFO - Sync 2 DAGs
[2024-08-24T03:10:33.216+0000] {logging_mixin.py:190} INFO - [2024-08-24T03:10:33.215+0000] {dag.py:4138} INFO - Setting next_dagrun for read_dataset_event to 2024-08-23 00:00:00+00:00, run_after=2024-08-24 00:00:00+00:00
[2024-08-24T03:10:33.249+0000] {logging_mixin.py:190} INFO - [2024-08-24T03:10:33.249+0000] {dag.py:4138} INFO - Setting next_dagrun for read_dataset_event_from_classic to 2024-08-23 00:00:00+00:00, run_after=2024-08-24 00:00:00+00:00
[2024-08-24T03:10:33.481+0000] {processor.py:208} INFO - Processing /home/airflow/.local/lib/python3.12/site-packages/airflow/example_dags/example_inlet_event_extra.py took 1.206 seconds
[2024-08-24T03:11:03.961+0000] {processor.py:186} INFO - Started process (PID=323) to work on /home/airflow/.local/lib/python3.12/site-packages/airflow/example_dags/example_inlet_event_extra.py
[2024-08-24T03:11:03.963+0000] {processor.py:914} INFO - Processing file /home/airflow/.local/lib/python3.12/site-packages/airflow/example_dags/example_inlet_event_extra.py for tasks to queue
[2024-08-24T03:11:03.969+0000] {logging_mixin.py:190} INFO - [2024-08-24T03:11:03.968+0000] {dagbag.py:587} INFO - Filling up the DagBag from /home/airflow/.local/lib/python3.12/site-packages/airflow/example_dags/example_inlet_event_extra.py
[2024-08-24T03:11:04.461+0000] {processor.py:925} INFO - DAG(s) 'read_dataset_event_from_classic', 'read_dataset_event' retrieved from /home/airflow/.local/lib/python3.12/site-packages/airflow/example_dags/example_inlet_event_extra.py
[2024-08-24T03:11:04.559+0000] {logging_mixin.py:190} INFO - [2024-08-24T03:11:04.558+0000] {dag.py:3211} INFO - Sync 2 DAGs
[2024-08-24T03:11:04.697+0000] {logging_mixin.py:190} INFO - [2024-08-24T03:11:04.696+0000] {dag.py:4138} INFO - Setting next_dagrun for read_dataset_event to 2024-08-23 00:00:00+00:00, run_after=2024-08-24 00:00:00+00:00
[2024-08-24T03:11:04.710+0000] {logging_mixin.py:190} INFO - [2024-08-24T03:11:04.710+0000] {dag.py:4138} INFO - Setting next_dagrun for read_dataset_event_from_classic to 2024-08-23 00:00:00+00:00, run_after=2024-08-24 00:00:00+00:00
[2024-08-24T03:11:04.753+0000] {processor.py:208} INFO - Processing /home/airflow/.local/lib/python3.12/site-packages/airflow/example_dags/example_inlet_event_extra.py took 0.807 seconds
[2024-08-24T03:11:35.166+0000] {processor.py:186} INFO - Started process (PID=387) to work on /home/airflow/.local/lib/python3.12/site-packages/airflow/example_dags/example_inlet_event_extra.py
[2024-08-24T03:11:35.168+0000] {processor.py:914} INFO - Processing file /home/airflow/.local/lib/python3.12/site-packages/airflow/example_dags/example_inlet_event_extra.py for tasks to queue
[2024-08-24T03:11:35.171+0000] {logging_mixin.py:190} INFO - [2024-08-24T03:11:35.171+0000] {dagbag.py:587} INFO - Filling up the DagBag from /home/airflow/.local/lib/python3.12/site-packages/airflow/example_dags/example_inlet_event_extra.py
[2024-08-24T03:11:35.376+0000] {processor.py:925} INFO - DAG(s) 'read_dataset_event', 'read_dataset_event_from_classic' retrieved from /home/airflow/.local/lib/python3.12/site-packages/airflow/example_dags/example_inlet_event_extra.py
[2024-08-24T03:11:35.410+0000] {logging_mixin.py:190} INFO - [2024-08-24T03:11:35.409+0000] {dag.py:3211} INFO - Sync 2 DAGs
[2024-08-24T03:11:35.454+0000] {logging_mixin.py:190} INFO - [2024-08-24T03:11:35.453+0000] {dag.py:4138} INFO - Setting next_dagrun for read_dataset_event to 2024-08-23 00:00:00+00:00, run_after=2024-08-24 00:00:00+00:00
[2024-08-24T03:11:35.469+0000] {logging_mixin.py:190} INFO - [2024-08-24T03:11:35.468+0000] {dag.py:4138} INFO - Setting next_dagrun for read_dataset_event_from_classic to 2024-08-23 00:00:00+00:00, run_after=2024-08-24 00:00:00+00:00
[2024-08-24T03:11:35.503+0000] {processor.py:208} INFO - Processing /home/airflow/.local/lib/python3.12/site-packages/airflow/example_dags/example_inlet_event_extra.py took 0.347 seconds
[2024-08-24T03:12:05.986+0000] {processor.py:186} INFO - Started process (PID=450) to work on /home/airflow/.local/lib/python3.12/site-packages/airflow/example_dags/example_inlet_event_extra.py
[2024-08-24T03:12:06.002+0000] {processor.py:914} INFO - Processing file /home/airflow/.local/lib/python3.12/site-packages/airflow/example_dags/example_inlet_event_extra.py for tasks to queue
[2024-08-24T03:12:06.018+0000] {logging_mixin.py:190} INFO - [2024-08-24T03:12:06.017+0000] {dagbag.py:587} INFO - Filling up the DagBag from /home/airflow/.local/lib/python3.12/site-packages/airflow/example_dags/example_inlet_event_extra.py
[2024-08-24T03:12:07.289+0000] {processor.py:925} INFO - DAG(s) 'read_dataset_event_from_classic', 'read_dataset_event' retrieved from /home/airflow/.local/lib/python3.12/site-packages/airflow/example_dags/example_inlet_event_extra.py
[2024-08-24T03:12:07.538+0000] {logging_mixin.py:190} INFO - [2024-08-24T03:12:07.521+0000] {dag.py:3211} INFO - Sync 2 DAGs
[2024-08-24T03:12:07.706+0000] {logging_mixin.py:190} INFO - [2024-08-24T03:12:07.705+0000] {dag.py:4138} INFO - Setting next_dagrun for read_dataset_event to 2024-08-23 00:00:00+00:00, run_after=2024-08-24 00:00:00+00:00
[2024-08-24T03:12:07.712+0000] {logging_mixin.py:190} INFO - [2024-08-24T03:12:07.712+0000] {dag.py:4138} INFO - Setting next_dagrun for read_dataset_event_from_classic to 2024-08-23 00:00:00+00:00, run_after=2024-08-24 00:00:00+00:00
[2024-08-24T03:12:07.740+0000] {processor.py:208} INFO - Processing /home/airflow/.local/lib/python3.12/site-packages/airflow/example_dags/example_inlet_event_extra.py took 1.846 seconds
[2024-08-24T03:12:38.049+0000] {processor.py:186} INFO - Started process (PID=513) to work on /home/airflow/.local/lib/python3.12/site-packages/airflow/example_dags/example_inlet_event_extra.py
[2024-08-24T03:12:38.050+0000] {processor.py:914} INFO - Processing file /home/airflow/.local/lib/python3.12/site-packages/airflow/example_dags/example_inlet_event_extra.py for tasks to queue
[2024-08-24T03:12:38.056+0000] {logging_mixin.py:190} INFO - [2024-08-24T03:12:38.055+0000] {dagbag.py:587} INFO - Filling up the DagBag from /home/airflow/.local/lib/python3.12/site-packages/airflow/example_dags/example_inlet_event_extra.py
[2024-08-24T03:12:38.329+0000] {processor.py:925} INFO - DAG(s) 'read_dataset_event_from_classic', 'read_dataset_event' retrieved from /home/airflow/.local/lib/python3.12/site-packages/airflow/example_dags/example_inlet_event_extra.py
[2024-08-24T03:12:38.415+0000] {logging_mixin.py:190} INFO - [2024-08-24T03:12:38.415+0000] {dag.py:3211} INFO - Sync 2 DAGs
[2024-08-24T03:12:38.474+0000] {logging_mixin.py:190} INFO - [2024-08-24T03:12:38.474+0000] {dag.py:4138} INFO - Setting next_dagrun for read_dataset_event to 2024-08-23 00:00:00+00:00, run_after=2024-08-24 00:00:00+00:00
[2024-08-24T03:12:38.479+0000] {logging_mixin.py:190} INFO - [2024-08-24T03:12:38.479+0000] {dag.py:4138} INFO - Setting next_dagrun for read_dataset_event_from_classic to 2024-08-23 00:00:00+00:00, run_after=2024-08-24 00:00:00+00:00
[2024-08-24T03:12:38.497+0000] {processor.py:208} INFO - Processing /home/airflow/.local/lib/python3.12/site-packages/airflow/example_dags/example_inlet_event_extra.py took 0.460 seconds
[2024-08-24T03:13:08.744+0000] {processor.py:186} INFO - Started process (PID=576) to work on /home/airflow/.local/lib/python3.12/site-packages/airflow/example_dags/example_inlet_event_extra.py
[2024-08-24T03:13:08.754+0000] {processor.py:914} INFO - Processing file /home/airflow/.local/lib/python3.12/site-packages/airflow/example_dags/example_inlet_event_extra.py for tasks to queue
[2024-08-24T03:13:08.758+0000] {logging_mixin.py:190} INFO - [2024-08-24T03:13:08.757+0000] {dagbag.py:587} INFO - Filling up the DagBag from /home/airflow/.local/lib/python3.12/site-packages/airflow/example_dags/example_inlet_event_extra.py
[2024-08-24T03:13:09.194+0000] {processor.py:925} INFO - DAG(s) 'read_dataset_event', 'read_dataset_event_from_classic' retrieved from /home/airflow/.local/lib/python3.12/site-packages/airflow/example_dags/example_inlet_event_extra.py
[2024-08-24T03:13:09.251+0000] {logging_mixin.py:190} INFO - [2024-08-24T03:13:09.250+0000] {dag.py:3211} INFO - Sync 2 DAGs
[2024-08-24T03:13:09.399+0000] {logging_mixin.py:190} INFO - [2024-08-24T03:13:09.397+0000] {dag.py:4138} INFO - Setting next_dagrun for read_dataset_event to 2024-08-23 00:00:00+00:00, run_after=2024-08-24 00:00:00+00:00
[2024-08-24T03:13:09.451+0000] {logging_mixin.py:190} INFO - [2024-08-24T03:13:09.451+0000] {dag.py:4138} INFO - Setting next_dagrun for read_dataset_event_from_classic to 2024-08-23 00:00:00+00:00, run_after=2024-08-24 00:00:00+00:00
[2024-08-24T03:13:09.545+0000] {processor.py:208} INFO - Processing /home/airflow/.local/lib/python3.12/site-packages/airflow/example_dags/example_inlet_event_extra.py took 0.810 seconds
[2024-08-24T03:13:40.320+0000] {processor.py:186} INFO - Started process (PID=641) to work on /home/airflow/.local/lib/python3.12/site-packages/airflow/example_dags/example_inlet_event_extra.py
[2024-08-24T03:13:40.322+0000] {processor.py:914} INFO - Processing file /home/airflow/.local/lib/python3.12/site-packages/airflow/example_dags/example_inlet_event_extra.py for tasks to queue
[2024-08-24T03:13:40.326+0000] {logging_mixin.py:190} INFO - [2024-08-24T03:13:40.325+0000] {dagbag.py:587} INFO - Filling up the DagBag from /home/airflow/.local/lib/python3.12/site-packages/airflow/example_dags/example_inlet_event_extra.py
[2024-08-24T03:13:40.523+0000] {processor.py:925} INFO - DAG(s) 'read_dataset_event', 'read_dataset_event_from_classic' retrieved from /home/airflow/.local/lib/python3.12/site-packages/airflow/example_dags/example_inlet_event_extra.py
[2024-08-24T03:13:40.557+0000] {logging_mixin.py:190} INFO - [2024-08-24T03:13:40.557+0000] {dag.py:3211} INFO - Sync 2 DAGs
[2024-08-24T03:13:40.595+0000] {logging_mixin.py:190} INFO - [2024-08-24T03:13:40.594+0000] {dag.py:4138} INFO - Setting next_dagrun for read_dataset_event to 2024-08-23 00:00:00+00:00, run_after=2024-08-24 00:00:00+00:00
[2024-08-24T03:13:40.600+0000] {logging_mixin.py:190} INFO - [2024-08-24T03:13:40.600+0000] {dag.py:4138} INFO - Setting next_dagrun for read_dataset_event_from_classic to 2024-08-23 00:00:00+00:00, run_after=2024-08-24 00:00:00+00:00
[2024-08-24T03:13:40.632+0000] {processor.py:208} INFO - Processing /home/airflow/.local/lib/python3.12/site-packages/airflow/example_dags/example_inlet_event_extra.py took 0.324 seconds
[2024-08-24T03:14:10.820+0000] {processor.py:186} INFO - Started process (PID=704) to work on /home/airflow/.local/lib/python3.12/site-packages/airflow/example_dags/example_inlet_event_extra.py
[2024-08-24T03:14:10.822+0000] {processor.py:914} INFO - Processing file /home/airflow/.local/lib/python3.12/site-packages/airflow/example_dags/example_inlet_event_extra.py for tasks to queue
[2024-08-24T03:14:10.825+0000] {logging_mixin.py:190} INFO - [2024-08-24T03:14:10.825+0000] {dagbag.py:587} INFO - Filling up the DagBag from /home/airflow/.local/lib/python3.12/site-packages/airflow/example_dags/example_inlet_event_extra.py
[2024-08-24T03:14:11.019+0000] {processor.py:925} INFO - DAG(s) 'read_dataset_event', 'read_dataset_event_from_classic' retrieved from /home/airflow/.local/lib/python3.12/site-packages/airflow/example_dags/example_inlet_event_extra.py
[2024-08-24T03:14:11.071+0000] {logging_mixin.py:190} INFO - [2024-08-24T03:14:11.071+0000] {dag.py:3211} INFO - Sync 2 DAGs
[2024-08-24T03:14:11.113+0000] {logging_mixin.py:190} INFO - [2024-08-24T03:14:11.113+0000] {dag.py:4138} INFO - Setting next_dagrun for read_dataset_event to 2024-08-23 00:00:00+00:00, run_after=2024-08-24 00:00:00+00:00
[2024-08-24T03:14:11.124+0000] {logging_mixin.py:190} INFO - [2024-08-24T03:14:11.123+0000] {dag.py:4138} INFO - Setting next_dagrun for read_dataset_event_from_classic to 2024-08-23 00:00:00+00:00, run_after=2024-08-24 00:00:00+00:00
[2024-08-24T03:14:11.166+0000] {processor.py:208} INFO - Processing /home/airflow/.local/lib/python3.12/site-packages/airflow/example_dags/example_inlet_event_extra.py took 0.357 seconds
[2024-08-24T03:14:42.313+0000] {processor.py:186} INFO - Started process (PID=770) to work on /home/airflow/.local/lib/python3.12/site-packages/airflow/example_dags/example_inlet_event_extra.py
[2024-08-24T03:14:42.316+0000] {processor.py:914} INFO - Processing file /home/airflow/.local/lib/python3.12/site-packages/airflow/example_dags/example_inlet_event_extra.py for tasks to queue
[2024-08-24T03:14:42.327+0000] {logging_mixin.py:190} INFO - [2024-08-24T03:14:42.326+0000] {dagbag.py:587} INFO - Filling up the DagBag from /home/airflow/.local/lib/python3.12/site-packages/airflow/example_dags/example_inlet_event_extra.py
[2024-08-24T03:14:42.562+0000] {processor.py:925} INFO - DAG(s) 'read_dataset_event_from_classic', 'read_dataset_event' retrieved from /home/airflow/.local/lib/python3.12/site-packages/airflow/example_dags/example_inlet_event_extra.py
[2024-08-24T03:14:42.618+0000] {logging_mixin.py:190} INFO - [2024-08-24T03:14:42.617+0000] {dag.py:3211} INFO - Sync 2 DAGs
[2024-08-24T03:14:42.658+0000] {logging_mixin.py:190} INFO - [2024-08-24T03:14:42.658+0000] {dag.py:4138} INFO - Setting next_dagrun for read_dataset_event to 2024-08-23 00:00:00+00:00, run_after=2024-08-24 00:00:00+00:00
[2024-08-24T03:14:42.663+0000] {logging_mixin.py:190} INFO - [2024-08-24T03:14:42.663+0000] {dag.py:4138} INFO - Setting next_dagrun for read_dataset_event_from_classic to 2024-08-23 00:00:00+00:00, run_after=2024-08-24 00:00:00+00:00
[2024-08-24T03:14:42.683+0000] {processor.py:208} INFO - Processing /home/airflow/.local/lib/python3.12/site-packages/airflow/example_dags/example_inlet_event_extra.py took 0.387 seconds
[2024-08-24T03:15:13.257+0000] {processor.py:186} INFO - Started process (PID=832) to work on /home/airflow/.local/lib/python3.12/site-packages/airflow/example_dags/example_inlet_event_extra.py
[2024-08-24T03:15:13.260+0000] {processor.py:914} INFO - Processing file /home/airflow/.local/lib/python3.12/site-packages/airflow/example_dags/example_inlet_event_extra.py for tasks to queue
[2024-08-24T03:15:13.273+0000] {logging_mixin.py:190} INFO - [2024-08-24T03:15:13.272+0000] {dagbag.py:587} INFO - Filling up the DagBag from /home/airflow/.local/lib/python3.12/site-packages/airflow/example_dags/example_inlet_event_extra.py
[2024-08-24T03:15:14.191+0000] {processor.py:925} INFO - DAG(s) 'read_dataset_event_from_classic', 'read_dataset_event' retrieved from /home/airflow/.local/lib/python3.12/site-packages/airflow/example_dags/example_inlet_event_extra.py
[2024-08-24T03:15:14.325+0000] {logging_mixin.py:190} INFO - [2024-08-24T03:15:14.315+0000] {dag.py:3211} INFO - Sync 2 DAGs
[2024-08-24T03:15:14.380+0000] {logging_mixin.py:190} INFO - [2024-08-24T03:15:14.380+0000] {dag.py:4138} INFO - Setting next_dagrun for read_dataset_event to 2024-08-23 00:00:00+00:00, run_after=2024-08-24 00:00:00+00:00
[2024-08-24T03:15:14.388+0000] {logging_mixin.py:190} INFO - [2024-08-24T03:15:14.388+0000] {dag.py:4138} INFO - Setting next_dagrun for read_dataset_event_from_classic to 2024-08-23 00:00:00+00:00, run_after=2024-08-24 00:00:00+00:00
[2024-08-24T03:15:14.438+0000] {processor.py:208} INFO - Processing /home/airflow/.local/lib/python3.12/site-packages/airflow/example_dags/example_inlet_event_extra.py took 1.191 seconds
[2024-08-24T03:15:44.559+0000] {processor.py:186} INFO - Started process (PID=896) to work on /home/airflow/.local/lib/python3.12/site-packages/airflow/example_dags/example_inlet_event_extra.py
[2024-08-24T03:15:44.561+0000] {processor.py:914} INFO - Processing file /home/airflow/.local/lib/python3.12/site-packages/airflow/example_dags/example_inlet_event_extra.py for tasks to queue
[2024-08-24T03:15:44.569+0000] {logging_mixin.py:190} INFO - [2024-08-24T03:15:44.564+0000] {dagbag.py:587} INFO - Filling up the DagBag from /home/airflow/.local/lib/python3.12/site-packages/airflow/example_dags/example_inlet_event_extra.py
[2024-08-24T03:15:44.990+0000] {processor.py:925} INFO - DAG(s) 'read_dataset_event', 'read_dataset_event_from_classic' retrieved from /home/airflow/.local/lib/python3.12/site-packages/airflow/example_dags/example_inlet_event_extra.py
[2024-08-24T03:15:45.089+0000] {logging_mixin.py:190} INFO - [2024-08-24T03:15:45.088+0000] {dag.py:3211} INFO - Sync 2 DAGs
[2024-08-24T03:15:45.156+0000] {logging_mixin.py:190} INFO - [2024-08-24T03:15:45.154+0000] {dag.py:4138} INFO - Setting next_dagrun for read_dataset_event to 2024-08-23 00:00:00+00:00, run_after=2024-08-24 00:00:00+00:00
[2024-08-24T03:15:45.163+0000] {logging_mixin.py:190} INFO - [2024-08-24T03:15:45.163+0000] {dag.py:4138} INFO - Setting next_dagrun for read_dataset_event_from_classic to 2024-08-23 00:00:00+00:00, run_after=2024-08-24 00:00:00+00:00
[2024-08-24T03:15:45.228+0000] {processor.py:208} INFO - Processing /home/airflow/.local/lib/python3.12/site-packages/airflow/example_dags/example_inlet_event_extra.py took 0.679 seconds
[2024-08-24T03:26:41.149+0000] {processor.py:186} INFO - Started process (PID=139) to work on /home/airflow/.local/lib/python3.12/site-packages/airflow/example_dags/example_inlet_event_extra.py
[2024-08-24T03:26:41.166+0000] {processor.py:914} INFO - Processing file /home/airflow/.local/lib/python3.12/site-packages/airflow/example_dags/example_inlet_event_extra.py for tasks to queue
[2024-08-24T03:26:41.465+0000] {logging_mixin.py:190} INFO - [2024-08-24T03:26:41.450+0000] {dagbag.py:587} INFO - Filling up the DagBag from /home/airflow/.local/lib/python3.12/site-packages/airflow/example_dags/example_inlet_event_extra.py
[2024-08-24T03:27:18.392+0000] {logging_mixin.py:190} INFO - [2024-08-24T03:27:13.666+0000] {timeout.py:68} ERROR - Process timed out, PID: 139
[2024-08-24T18:11:32.229+0000] {processor.py:186} INFO - Started process (PID=91) to work on /home/airflow/.local/lib/python3.12/site-packages/airflow/example_dags/example_inlet_event_extra.py
[2024-08-24T18:11:32.240+0000] {processor.py:914} INFO - Processing file /home/airflow/.local/lib/python3.12/site-packages/airflow/example_dags/example_inlet_event_extra.py for tasks to queue
[2024-08-24T18:11:32.264+0000] {logging_mixin.py:190} INFO - [2024-08-24T18:11:32.263+0000] {dagbag.py:587} INFO - Filling up the DagBag from /home/airflow/.local/lib/python3.12/site-packages/airflow/example_dags/example_inlet_event_extra.py
[2024-08-24T18:11:32.666+0000] {processor.py:925} INFO - DAG(s) 'read_dataset_event_from_classic', 'read_dataset_event' retrieved from /home/airflow/.local/lib/python3.12/site-packages/airflow/example_dags/example_inlet_event_extra.py
[2024-08-24T18:11:33.131+0000] {logging_mixin.py:190} INFO - [2024-08-24T18:11:33.131+0000] {dag.py:3211} INFO - Sync 2 DAGs
[2024-08-24T18:11:33.182+0000] {logging_mixin.py:190} INFO - [2024-08-24T18:11:33.181+0000] {dag.py:4138} INFO - Setting next_dagrun for read_dataset_event to 2024-08-23 00:00:00+00:00, run_after=2024-08-24 00:00:00+00:00
[2024-08-24T18:11:33.221+0000] {logging_mixin.py:190} INFO - [2024-08-24T18:11:33.220+0000] {dag.py:4138} INFO - Setting next_dagrun for read_dataset_event_from_classic to 2024-08-23 00:00:00+00:00, run_after=2024-08-24 00:00:00+00:00
[2024-08-24T18:11:33.300+0000] {processor.py:208} INFO - Processing /home/airflow/.local/lib/python3.12/site-packages/airflow/example_dags/example_inlet_event_extra.py took 1.104 seconds
[2024-08-24T18:12:06.412+0000] {processor.py:186} INFO - Started process (PID=160) to work on /home/airflow/.local/lib/python3.12/site-packages/airflow/example_dags/example_inlet_event_extra.py
[2024-08-24T18:12:06.423+0000] {processor.py:914} INFO - Processing file /home/airflow/.local/lib/python3.12/site-packages/airflow/example_dags/example_inlet_event_extra.py for tasks to queue
[2024-08-24T18:12:06.435+0000] {logging_mixin.py:190} INFO - [2024-08-24T18:12:06.434+0000] {dagbag.py:587} INFO - Filling up the DagBag from /home/airflow/.local/lib/python3.12/site-packages/airflow/example_dags/example_inlet_event_extra.py
[2024-08-24T18:12:06.980+0000] {processor.py:925} INFO - DAG(s) 'read_dataset_event_from_classic', 'read_dataset_event' retrieved from /home/airflow/.local/lib/python3.12/site-packages/airflow/example_dags/example_inlet_event_extra.py
[2024-08-24T18:12:07.056+0000] {logging_mixin.py:190} INFO - [2024-08-24T18:12:07.055+0000] {dag.py:3211} INFO - Sync 2 DAGs
[2024-08-24T18:12:07.104+0000] {logging_mixin.py:190} INFO - [2024-08-24T18:12:07.103+0000] {dag.py:4138} INFO - Setting next_dagrun for read_dataset_event to 2024-08-23 00:00:00+00:00, run_after=2024-08-24 00:00:00+00:00
[2024-08-24T18:12:07.119+0000] {logging_mixin.py:190} INFO - [2024-08-24T18:12:07.118+0000] {dag.py:4138} INFO - Setting next_dagrun for read_dataset_event_from_classic to 2024-08-23 00:00:00+00:00, run_after=2024-08-24 00:00:00+00:00
[2024-08-24T18:12:07.173+0000] {processor.py:208} INFO - Processing /home/airflow/.local/lib/python3.12/site-packages/airflow/example_dags/example_inlet_event_extra.py took 0.774 seconds
[2024-08-24T18:12:38.056+0000] {processor.py:186} INFO - Started process (PID=223) to work on /home/airflow/.local/lib/python3.12/site-packages/airflow/example_dags/example_inlet_event_extra.py
[2024-08-24T18:12:38.058+0000] {processor.py:914} INFO - Processing file /home/airflow/.local/lib/python3.12/site-packages/airflow/example_dags/example_inlet_event_extra.py for tasks to queue
[2024-08-24T18:12:38.062+0000] {logging_mixin.py:190} INFO - [2024-08-24T18:12:38.061+0000] {dagbag.py:587} INFO - Filling up the DagBag from /home/airflow/.local/lib/python3.12/site-packages/airflow/example_dags/example_inlet_event_extra.py
[2024-08-24T18:12:39.317+0000] {processor.py:925} INFO - DAG(s) 'read_dataset_event_from_classic', 'read_dataset_event' retrieved from /home/airflow/.local/lib/python3.12/site-packages/airflow/example_dags/example_inlet_event_extra.py
[2024-08-24T18:12:39.609+0000] {logging_mixin.py:190} INFO - [2024-08-24T18:12:39.609+0000] {dag.py:3211} INFO - Sync 2 DAGs
[2024-08-24T18:12:39.784+0000] {logging_mixin.py:190} INFO - [2024-08-24T18:12:39.784+0000] {dag.py:4138} INFO - Setting next_dagrun for read_dataset_event to 2024-08-23 00:00:00+00:00, run_after=2024-08-24 00:00:00+00:00
[2024-08-24T18:12:39.808+0000] {logging_mixin.py:190} INFO - [2024-08-24T18:12:39.808+0000] {dag.py:4138} INFO - Setting next_dagrun for read_dataset_event_from_classic to 2024-08-23 00:00:00+00:00, run_after=2024-08-24 00:00:00+00:00
[2024-08-24T18:12:39.881+0000] {processor.py:208} INFO - Processing /home/airflow/.local/lib/python3.12/site-packages/airflow/example_dags/example_inlet_event_extra.py took 1.836 seconds
[2024-08-24T18:13:30.553+0000] {processor.py:186} INFO - Started process (PID=286) to work on /home/airflow/.local/lib/python3.12/site-packages/airflow/example_dags/example_inlet_event_extra.py
[2024-08-24T18:13:30.560+0000] {processor.py:914} INFO - Processing file /home/airflow/.local/lib/python3.12/site-packages/airflow/example_dags/example_inlet_event_extra.py for tasks to queue
[2024-08-24T18:13:30.574+0000] {logging_mixin.py:190} INFO - [2024-08-24T18:13:30.572+0000] {dagbag.py:587} INFO - Filling up the DagBag from /home/airflow/.local/lib/python3.12/site-packages/airflow/example_dags/example_inlet_event_extra.py
[2024-08-24T18:13:32.678+0000] {processor.py:925} INFO - DAG(s) 'read_dataset_event', 'read_dataset_event_from_classic' retrieved from /home/airflow/.local/lib/python3.12/site-packages/airflow/example_dags/example_inlet_event_extra.py
[2024-08-24T18:13:32.722+0000] {logging_mixin.py:190} INFO - [2024-08-24T18:13:32.722+0000] {dag.py:3211} INFO - Sync 2 DAGs
[2024-08-24T18:13:33.000+0000] {logging_mixin.py:190} INFO - [2024-08-24T18:13:33.000+0000] {dag.py:4138} INFO - Setting next_dagrun for read_dataset_event to 2024-08-23 00:00:00+00:00, run_after=2024-08-24 00:00:00+00:00
[2024-08-24T18:13:33.017+0000] {logging_mixin.py:190} INFO - [2024-08-24T18:13:33.017+0000] {dag.py:4138} INFO - Setting next_dagrun for read_dataset_event_from_classic to 2024-08-23 00:00:00+00:00, run_after=2024-08-24 00:00:00+00:00
[2024-08-24T18:13:33.295+0000] {processor.py:208} INFO - Processing /home/airflow/.local/lib/python3.12/site-packages/airflow/example_dags/example_inlet_event_extra.py took 2.801 seconds
[2024-08-24T18:14:11.244+0000] {processor.py:186} INFO - Started process (PID=350) to work on /home/airflow/.local/lib/python3.12/site-packages/airflow/example_dags/example_inlet_event_extra.py
[2024-08-24T18:14:11.251+0000] {processor.py:914} INFO - Processing file /home/airflow/.local/lib/python3.12/site-packages/airflow/example_dags/example_inlet_event_extra.py for tasks to queue
[2024-08-24T18:14:11.270+0000] {logging_mixin.py:190} INFO - [2024-08-24T18:14:11.267+0000] {dagbag.py:587} INFO - Filling up the DagBag from /home/airflow/.local/lib/python3.12/site-packages/airflow/example_dags/example_inlet_event_extra.py
[2024-08-24T18:14:11.933+0000] {processor.py:925} INFO - DAG(s) 'read_dataset_event', 'read_dataset_event_from_classic' retrieved from /home/airflow/.local/lib/python3.12/site-packages/airflow/example_dags/example_inlet_event_extra.py
[2024-08-24T18:14:12.035+0000] {logging_mixin.py:190} INFO - [2024-08-24T18:14:12.034+0000] {dag.py:3211} INFO - Sync 2 DAGs
[2024-08-24T18:14:12.127+0000] {logging_mixin.py:190} INFO - [2024-08-24T18:14:12.127+0000] {dag.py:4138} INFO - Setting next_dagrun for read_dataset_event to 2024-08-23 00:00:00+00:00, run_after=2024-08-24 00:00:00+00:00
[2024-08-24T18:14:12.140+0000] {logging_mixin.py:190} INFO - [2024-08-24T18:14:12.139+0000] {dag.py:4138} INFO - Setting next_dagrun for read_dataset_event_from_classic to 2024-08-23 00:00:00+00:00, run_after=2024-08-24 00:00:00+00:00
[2024-08-24T18:14:12.168+0000] {processor.py:208} INFO - Processing /home/airflow/.local/lib/python3.12/site-packages/airflow/example_dags/example_inlet_event_extra.py took 0.937 seconds
