[2024-08-24T03:09:20.050+0000] {processor.py:186} INFO - Started process (PID=128) to work on /home/airflow/.local/lib/python3.12/site-packages/airflow/example_dags/example_short_circuit_operator.py
[2024-08-24T03:09:20.084+0000] {processor.py:914} INFO - Processing file /home/airflow/.local/lib/python3.12/site-packages/airflow/example_dags/example_short_circuit_operator.py for tasks to queue
[2024-08-24T03:09:20.102+0000] {logging_mixin.py:190} INFO - [2024-08-24T03:09:20.101+0000] {dagbag.py:587} INFO - Filling up the DagBag from /home/airflow/.local/lib/python3.12/site-packages/airflow/example_dags/example_short_circuit_operator.py
[2024-08-24T03:09:20.283+0000] {processor.py:925} INFO - DAG(s) 'example_short_circuit_operator' retrieved from /home/airflow/.local/lib/python3.12/site-packages/airflow/example_dags/example_short_circuit_operator.py
[2024-08-24T03:09:22.247+0000] {logging_mixin.py:190} INFO - [2024-08-24T03:09:22.245+0000] {override.py:1858} INFO - Created Permission View: can delete on DAG:example_short_circuit_operator
[2024-08-24T03:09:22.343+0000] {logging_mixin.py:190} INFO - [2024-08-24T03:09:22.343+0000] {override.py:1858} INFO - Created Permission View: can read on DAG:example_short_circuit_operator
[2024-08-24T03:09:22.540+0000] {logging_mixin.py:190} INFO - [2024-08-24T03:09:22.540+0000] {override.py:1858} INFO - Created Permission View: can edit on DAG:example_short_circuit_operator
[2024-08-24T03:09:22.541+0000] {logging_mixin.py:190} INFO - [2024-08-24T03:09:22.541+0000] {dag.py:3211} INFO - Sync 1 DAGs
[2024-08-24T03:09:22.559+0000] {logging_mixin.py:190} INFO - [2024-08-24T03:09:22.558+0000] {dag.py:3234} INFO - Creating ORM DAG for example_short_circuit_operator
[2024-08-24T03:09:22.573+0000] {logging_mixin.py:190} INFO - [2024-08-24T03:09:22.573+0000] {dag.py:4138} INFO - Setting next_dagrun for example_short_circuit_operator to 2024-08-23 00:00:00+00:00, run_after=2024-08-24 00:00:00+00:00
[2024-08-24T03:09:22.636+0000] {processor.py:208} INFO - Processing /home/airflow/.local/lib/python3.12/site-packages/airflow/example_dags/example_short_circuit_operator.py took 2.703 seconds
[2024-08-24T03:09:53.737+0000] {processor.py:186} INFO - Started process (PID=191) to work on /home/airflow/.local/lib/python3.12/site-packages/airflow/example_dags/example_short_circuit_operator.py
[2024-08-24T03:09:53.739+0000] {processor.py:914} INFO - Processing file /home/airflow/.local/lib/python3.12/site-packages/airflow/example_dags/example_short_circuit_operator.py for tasks to queue
[2024-08-24T03:09:53.743+0000] {logging_mixin.py:190} INFO - [2024-08-24T03:09:53.743+0000] {dagbag.py:587} INFO - Filling up the DagBag from /home/airflow/.local/lib/python3.12/site-packages/airflow/example_dags/example_short_circuit_operator.py
[2024-08-24T03:09:53.767+0000] {processor.py:925} INFO - DAG(s) 'example_short_circuit_operator' retrieved from /home/airflow/.local/lib/python3.12/site-packages/airflow/example_dags/example_short_circuit_operator.py
[2024-08-24T03:09:53.821+0000] {logging_mixin.py:190} INFO - [2024-08-24T03:09:53.821+0000] {dag.py:3211} INFO - Sync 1 DAGs
[2024-08-24T03:09:53.869+0000] {logging_mixin.py:190} INFO - [2024-08-24T03:09:53.868+0000] {dag.py:4138} INFO - Setting next_dagrun for example_short_circuit_operator to 2024-08-23 00:00:00+00:00, run_after=2024-08-24 00:00:00+00:00
[2024-08-24T03:09:53.909+0000] {processor.py:208} INFO - Processing /home/airflow/.local/lib/python3.12/site-packages/airflow/example_dags/example_short_circuit_operator.py took 0.185 seconds
[2024-08-24T03:10:24.692+0000] {processor.py:186} INFO - Started process (PID=254) to work on /home/airflow/.local/lib/python3.12/site-packages/airflow/example_dags/example_short_circuit_operator.py
[2024-08-24T03:10:24.695+0000] {processor.py:914} INFO - Processing file /home/airflow/.local/lib/python3.12/site-packages/airflow/example_dags/example_short_circuit_operator.py for tasks to queue
[2024-08-24T03:10:24.698+0000] {logging_mixin.py:190} INFO - [2024-08-24T03:10:24.698+0000] {dagbag.py:587} INFO - Filling up the DagBag from /home/airflow/.local/lib/python3.12/site-packages/airflow/example_dags/example_short_circuit_operator.py
[2024-08-24T03:10:24.714+0000] {processor.py:925} INFO - DAG(s) 'example_short_circuit_operator' retrieved from /home/airflow/.local/lib/python3.12/site-packages/airflow/example_dags/example_short_circuit_operator.py
[2024-08-24T03:10:24.764+0000] {logging_mixin.py:190} INFO - [2024-08-24T03:10:24.764+0000] {dag.py:3211} INFO - Sync 1 DAGs
[2024-08-24T03:10:24.801+0000] {logging_mixin.py:190} INFO - [2024-08-24T03:10:24.798+0000] {dag.py:4138} INFO - Setting next_dagrun for example_short_circuit_operator to 2024-08-23 00:00:00+00:00, run_after=2024-08-24 00:00:00+00:00
[2024-08-24T03:10:24.873+0000] {processor.py:208} INFO - Processing /home/airflow/.local/lib/python3.12/site-packages/airflow/example_dags/example_short_circuit_operator.py took 0.200 seconds
[2024-08-24T03:10:55.162+0000] {processor.py:186} INFO - Started process (PID=317) to work on /home/airflow/.local/lib/python3.12/site-packages/airflow/example_dags/example_short_circuit_operator.py
[2024-08-24T03:10:55.165+0000] {processor.py:914} INFO - Processing file /home/airflow/.local/lib/python3.12/site-packages/airflow/example_dags/example_short_circuit_operator.py for tasks to queue
[2024-08-24T03:10:55.173+0000] {logging_mixin.py:190} INFO - [2024-08-24T03:10:55.171+0000] {dagbag.py:587} INFO - Filling up the DagBag from /home/airflow/.local/lib/python3.12/site-packages/airflow/example_dags/example_short_circuit_operator.py
[2024-08-24T03:10:55.194+0000] {processor.py:925} INFO - DAG(s) 'example_short_circuit_operator' retrieved from /home/airflow/.local/lib/python3.12/site-packages/airflow/example_dags/example_short_circuit_operator.py
[2024-08-24T03:10:55.253+0000] {logging_mixin.py:190} INFO - [2024-08-24T03:10:55.252+0000] {dag.py:3211} INFO - Sync 1 DAGs
[2024-08-24T03:10:55.290+0000] {logging_mixin.py:190} INFO - [2024-08-24T03:10:55.290+0000] {dag.py:4138} INFO - Setting next_dagrun for example_short_circuit_operator to 2024-08-23 00:00:00+00:00, run_after=2024-08-24 00:00:00+00:00
[2024-08-24T03:10:55.324+0000] {processor.py:208} INFO - Processing /home/airflow/.local/lib/python3.12/site-packages/airflow/example_dags/example_short_circuit_operator.py took 0.176 seconds
[2024-08-24T03:11:26.007+0000] {processor.py:186} INFO - Started process (PID=380) to work on /home/airflow/.local/lib/python3.12/site-packages/airflow/example_dags/example_short_circuit_operator.py
[2024-08-24T03:11:26.008+0000] {processor.py:914} INFO - Processing file /home/airflow/.local/lib/python3.12/site-packages/airflow/example_dags/example_short_circuit_operator.py for tasks to queue
[2024-08-24T03:11:26.013+0000] {logging_mixin.py:190} INFO - [2024-08-24T03:11:26.012+0000] {dagbag.py:587} INFO - Filling up the DagBag from /home/airflow/.local/lib/python3.12/site-packages/airflow/example_dags/example_short_circuit_operator.py
[2024-08-24T03:11:26.060+0000] {processor.py:925} INFO - DAG(s) 'example_short_circuit_operator' retrieved from /home/airflow/.local/lib/python3.12/site-packages/airflow/example_dags/example_short_circuit_operator.py
[2024-08-24T03:11:26.127+0000] {logging_mixin.py:190} INFO - [2024-08-24T03:11:26.126+0000] {dag.py:3211} INFO - Sync 1 DAGs
[2024-08-24T03:11:26.166+0000] {logging_mixin.py:190} INFO - [2024-08-24T03:11:26.165+0000] {dag.py:4138} INFO - Setting next_dagrun for example_short_circuit_operator to 2024-08-23 00:00:00+00:00, run_after=2024-08-24 00:00:00+00:00
[2024-08-24T03:11:26.219+0000] {processor.py:208} INFO - Processing /home/airflow/.local/lib/python3.12/site-packages/airflow/example_dags/example_short_circuit_operator.py took 0.221 seconds
[2024-08-24T03:11:56.922+0000] {processor.py:186} INFO - Started process (PID=442) to work on /home/airflow/.local/lib/python3.12/site-packages/airflow/example_dags/example_short_circuit_operator.py
[2024-08-24T03:11:56.941+0000] {processor.py:914} INFO - Processing file /home/airflow/.local/lib/python3.12/site-packages/airflow/example_dags/example_short_circuit_operator.py for tasks to queue
[2024-08-24T03:11:56.974+0000] {logging_mixin.py:190} INFO - [2024-08-24T03:11:56.973+0000] {dagbag.py:587} INFO - Filling up the DagBag from /home/airflow/.local/lib/python3.12/site-packages/airflow/example_dags/example_short_circuit_operator.py
[2024-08-24T03:11:57.010+0000] {processor.py:925} INFO - DAG(s) 'example_short_circuit_operator' retrieved from /home/airflow/.local/lib/python3.12/site-packages/airflow/example_dags/example_short_circuit_operator.py
[2024-08-24T03:11:57.107+0000] {logging_mixin.py:190} INFO - [2024-08-24T03:11:57.102+0000] {dag.py:3211} INFO - Sync 1 DAGs
[2024-08-24T03:11:57.440+0000] {logging_mixin.py:190} INFO - [2024-08-24T03:11:57.440+0000] {dag.py:4138} INFO - Setting next_dagrun for example_short_circuit_operator to 2024-08-23 00:00:00+00:00, run_after=2024-08-24 00:00:00+00:00
[2024-08-24T03:11:57.501+0000] {processor.py:208} INFO - Processing /home/airflow/.local/lib/python3.12/site-packages/airflow/example_dags/example_short_circuit_operator.py took 0.624 seconds
[2024-08-24T03:12:28.175+0000] {processor.py:186} INFO - Started process (PID=505) to work on /home/airflow/.local/lib/python3.12/site-packages/airflow/example_dags/example_short_circuit_operator.py
[2024-08-24T03:12:28.178+0000] {processor.py:914} INFO - Processing file /home/airflow/.local/lib/python3.12/site-packages/airflow/example_dags/example_short_circuit_operator.py for tasks to queue
[2024-08-24T03:12:28.187+0000] {logging_mixin.py:190} INFO - [2024-08-24T03:12:28.186+0000] {dagbag.py:587} INFO - Filling up the DagBag from /home/airflow/.local/lib/python3.12/site-packages/airflow/example_dags/example_short_circuit_operator.py
[2024-08-24T03:12:28.343+0000] {processor.py:925} INFO - DAG(s) 'example_short_circuit_operator' retrieved from /home/airflow/.local/lib/python3.12/site-packages/airflow/example_dags/example_short_circuit_operator.py
[2024-08-24T03:12:28.422+0000] {logging_mixin.py:190} INFO - [2024-08-24T03:12:28.419+0000] {dag.py:3211} INFO - Sync 1 DAGs
[2024-08-24T03:12:28.468+0000] {logging_mixin.py:190} INFO - [2024-08-24T03:12:28.467+0000] {dag.py:4138} INFO - Setting next_dagrun for example_short_circuit_operator to 2024-08-23 00:00:00+00:00, run_after=2024-08-24 00:00:00+00:00
[2024-08-24T03:12:28.505+0000] {processor.py:208} INFO - Processing /home/airflow/.local/lib/python3.12/site-packages/airflow/example_dags/example_short_circuit_operator.py took 0.361 seconds
[2024-08-24T03:12:58.580+0000] {processor.py:186} INFO - Started process (PID=568) to work on /home/airflow/.local/lib/python3.12/site-packages/airflow/example_dags/example_short_circuit_operator.py
[2024-08-24T03:12:58.588+0000] {processor.py:914} INFO - Processing file /home/airflow/.local/lib/python3.12/site-packages/airflow/example_dags/example_short_circuit_operator.py for tasks to queue
[2024-08-24T03:12:58.591+0000] {logging_mixin.py:190} INFO - [2024-08-24T03:12:58.591+0000] {dagbag.py:587} INFO - Filling up the DagBag from /home/airflow/.local/lib/python3.12/site-packages/airflow/example_dags/example_short_circuit_operator.py
[2024-08-24T03:12:58.610+0000] {processor.py:925} INFO - DAG(s) 'example_short_circuit_operator' retrieved from /home/airflow/.local/lib/python3.12/site-packages/airflow/example_dags/example_short_circuit_operator.py
[2024-08-24T03:12:58.652+0000] {logging_mixin.py:190} INFO - [2024-08-24T03:12:58.652+0000] {dag.py:3211} INFO - Sync 1 DAGs
[2024-08-24T03:12:58.698+0000] {logging_mixin.py:190} INFO - [2024-08-24T03:12:58.698+0000] {dag.py:4138} INFO - Setting next_dagrun for example_short_circuit_operator to 2024-08-23 00:00:00+00:00, run_after=2024-08-24 00:00:00+00:00
[2024-08-24T03:12:58.732+0000] {processor.py:208} INFO - Processing /home/airflow/.local/lib/python3.12/site-packages/airflow/example_dags/example_short_circuit_operator.py took 0.166 seconds
[2024-08-24T03:13:29.261+0000] {processor.py:186} INFO - Started process (PID=631) to work on /home/airflow/.local/lib/python3.12/site-packages/airflow/example_dags/example_short_circuit_operator.py
[2024-08-24T03:13:29.263+0000] {processor.py:914} INFO - Processing file /home/airflow/.local/lib/python3.12/site-packages/airflow/example_dags/example_short_circuit_operator.py for tasks to queue
[2024-08-24T03:13:29.267+0000] {logging_mixin.py:190} INFO - [2024-08-24T03:13:29.267+0000] {dagbag.py:587} INFO - Filling up the DagBag from /home/airflow/.local/lib/python3.12/site-packages/airflow/example_dags/example_short_circuit_operator.py
[2024-08-24T03:13:29.284+0000] {processor.py:925} INFO - DAG(s) 'example_short_circuit_operator' retrieved from /home/airflow/.local/lib/python3.12/site-packages/airflow/example_dags/example_short_circuit_operator.py
[2024-08-24T03:13:29.366+0000] {logging_mixin.py:190} INFO - [2024-08-24T03:13:29.365+0000] {dag.py:3211} INFO - Sync 1 DAGs
[2024-08-24T03:13:29.418+0000] {logging_mixin.py:190} INFO - [2024-08-24T03:13:29.417+0000] {dag.py:4138} INFO - Setting next_dagrun for example_short_circuit_operator to 2024-08-23 00:00:00+00:00, run_after=2024-08-24 00:00:00+00:00
[2024-08-24T03:13:29.451+0000] {processor.py:208} INFO - Processing /home/airflow/.local/lib/python3.12/site-packages/airflow/example_dags/example_short_circuit_operator.py took 0.200 seconds
[2024-08-24T03:13:59.524+0000] {processor.py:186} INFO - Started process (PID=693) to work on /home/airflow/.local/lib/python3.12/site-packages/airflow/example_dags/example_short_circuit_operator.py
[2024-08-24T03:13:59.525+0000] {processor.py:914} INFO - Processing file /home/airflow/.local/lib/python3.12/site-packages/airflow/example_dags/example_short_circuit_operator.py for tasks to queue
[2024-08-24T03:13:59.528+0000] {logging_mixin.py:190} INFO - [2024-08-24T03:13:59.528+0000] {dagbag.py:587} INFO - Filling up the DagBag from /home/airflow/.local/lib/python3.12/site-packages/airflow/example_dags/example_short_circuit_operator.py
[2024-08-24T03:13:59.542+0000] {processor.py:925} INFO - DAG(s) 'example_short_circuit_operator' retrieved from /home/airflow/.local/lib/python3.12/site-packages/airflow/example_dags/example_short_circuit_operator.py
[2024-08-24T03:13:59.600+0000] {logging_mixin.py:190} INFO - [2024-08-24T03:13:59.600+0000] {dag.py:3211} INFO - Sync 1 DAGs
[2024-08-24T03:13:59.644+0000] {logging_mixin.py:190} INFO - [2024-08-24T03:13:59.644+0000] {dag.py:4138} INFO - Setting next_dagrun for example_short_circuit_operator to 2024-08-23 00:00:00+00:00, run_after=2024-08-24 00:00:00+00:00
[2024-08-24T03:13:59.672+0000] {processor.py:208} INFO - Processing /home/airflow/.local/lib/python3.12/site-packages/airflow/example_dags/example_short_circuit_operator.py took 0.156 seconds
[2024-08-24T03:14:30.273+0000] {processor.py:186} INFO - Started process (PID=756) to work on /home/airflow/.local/lib/python3.12/site-packages/airflow/example_dags/example_short_circuit_operator.py
[2024-08-24T03:14:30.333+0000] {processor.py:914} INFO - Processing file /home/airflow/.local/lib/python3.12/site-packages/airflow/example_dags/example_short_circuit_operator.py for tasks to queue
[2024-08-24T03:14:30.338+0000] {logging_mixin.py:190} INFO - [2024-08-24T03:14:30.337+0000] {dagbag.py:587} INFO - Filling up the DagBag from /home/airflow/.local/lib/python3.12/site-packages/airflow/example_dags/example_short_circuit_operator.py
[2024-08-24T03:14:30.399+0000] {processor.py:925} INFO - DAG(s) 'example_short_circuit_operator' retrieved from /home/airflow/.local/lib/python3.12/site-packages/airflow/example_dags/example_short_circuit_operator.py
[2024-08-24T03:14:30.456+0000] {logging_mixin.py:190} INFO - [2024-08-24T03:14:30.456+0000] {dag.py:3211} INFO - Sync 1 DAGs
[2024-08-24T03:14:30.504+0000] {logging_mixin.py:190} INFO - [2024-08-24T03:14:30.504+0000] {dag.py:4138} INFO - Setting next_dagrun for example_short_circuit_operator to 2024-08-23 00:00:00+00:00, run_after=2024-08-24 00:00:00+00:00
[2024-08-24T03:14:30.542+0000] {processor.py:208} INFO - Processing /home/airflow/.local/lib/python3.12/site-packages/airflow/example_dags/example_short_circuit_operator.py took 0.331 seconds
[2024-08-24T03:15:00.674+0000] {processor.py:186} INFO - Started process (PID=818) to work on /home/airflow/.local/lib/python3.12/site-packages/airflow/example_dags/example_short_circuit_operator.py
[2024-08-24T03:15:00.676+0000] {processor.py:914} INFO - Processing file /home/airflow/.local/lib/python3.12/site-packages/airflow/example_dags/example_short_circuit_operator.py for tasks to queue
[2024-08-24T03:15:00.681+0000] {logging_mixin.py:190} INFO - [2024-08-24T03:15:00.680+0000] {dagbag.py:587} INFO - Filling up the DagBag from /home/airflow/.local/lib/python3.12/site-packages/airflow/example_dags/example_short_circuit_operator.py
[2024-08-24T03:15:00.702+0000] {processor.py:925} INFO - DAG(s) 'example_short_circuit_operator' retrieved from /home/airflow/.local/lib/python3.12/site-packages/airflow/example_dags/example_short_circuit_operator.py
[2024-08-24T03:15:00.758+0000] {logging_mixin.py:190} INFO - [2024-08-24T03:15:00.758+0000] {dag.py:3211} INFO - Sync 1 DAGs
[2024-08-24T03:15:00.808+0000] {logging_mixin.py:190} INFO - [2024-08-24T03:15:00.807+0000] {dag.py:4138} INFO - Setting next_dagrun for example_short_circuit_operator to 2024-08-23 00:00:00+00:00, run_after=2024-08-24 00:00:00+00:00
[2024-08-24T03:15:00.851+0000] {processor.py:208} INFO - Processing /home/airflow/.local/lib/python3.12/site-packages/airflow/example_dags/example_short_circuit_operator.py took 0.191 seconds
[2024-08-24T03:15:31.691+0000] {processor.py:186} INFO - Started process (PID=881) to work on /home/airflow/.local/lib/python3.12/site-packages/airflow/example_dags/example_short_circuit_operator.py
[2024-08-24T03:15:31.695+0000] {processor.py:914} INFO - Processing file /home/airflow/.local/lib/python3.12/site-packages/airflow/example_dags/example_short_circuit_operator.py for tasks to queue
[2024-08-24T03:15:31.699+0000] {logging_mixin.py:190} INFO - [2024-08-24T03:15:31.699+0000] {dagbag.py:587} INFO - Filling up the DagBag from /home/airflow/.local/lib/python3.12/site-packages/airflow/example_dags/example_short_circuit_operator.py
[2024-08-24T03:15:31.721+0000] {processor.py:925} INFO - DAG(s) 'example_short_circuit_operator' retrieved from /home/airflow/.local/lib/python3.12/site-packages/airflow/example_dags/example_short_circuit_operator.py
[2024-08-24T03:15:31.777+0000] {logging_mixin.py:190} INFO - [2024-08-24T03:15:31.777+0000] {dag.py:3211} INFO - Sync 1 DAGs
[2024-08-24T03:15:31.818+0000] {logging_mixin.py:190} INFO - [2024-08-24T03:15:31.818+0000] {dag.py:4138} INFO - Setting next_dagrun for example_short_circuit_operator to 2024-08-23 00:00:00+00:00, run_after=2024-08-24 00:00:00+00:00
[2024-08-24T03:15:31.849+0000] {processor.py:208} INFO - Processing /home/airflow/.local/lib/python3.12/site-packages/airflow/example_dags/example_short_circuit_operator.py took 0.171 seconds
[2024-08-24T03:24:45.545+0000] {processor.py:186} INFO - Started process (PID=135) to work on /home/airflow/.local/lib/python3.12/site-packages/airflow/example_dags/example_short_circuit_operator.py
[2024-08-24T03:24:45.723+0000] {processor.py:914} INFO - Processing file /home/airflow/.local/lib/python3.12/site-packages/airflow/example_dags/example_short_circuit_operator.py for tasks to queue
[2024-08-24T03:24:45.755+0000] {logging_mixin.py:190} INFO - [2024-08-24T03:24:45.755+0000] {dagbag.py:587} INFO - Filling up the DagBag from /home/airflow/.local/lib/python3.12/site-packages/airflow/example_dags/example_short_circuit_operator.py
[2024-08-24T03:24:46.819+0000] {processor.py:925} INFO - DAG(s) 'example_short_circuit_operator' retrieved from /home/airflow/.local/lib/python3.12/site-packages/airflow/example_dags/example_short_circuit_operator.py
[2024-08-24T03:24:48.143+0000] {logging_mixin.py:190} INFO - [2024-08-24T03:24:48.140+0000] {dag.py:3211} INFO - Sync 1 DAGs
[2024-08-24T03:24:48.332+0000] {logging_mixin.py:190} INFO - [2024-08-24T03:24:48.331+0000] {dag.py:4138} INFO - Setting next_dagrun for example_short_circuit_operator to 2024-08-23 00:00:00+00:00, run_after=2024-08-24 00:00:00+00:00
[2024-08-24T03:24:49.238+0000] {processor.py:208} INFO - Processing /home/airflow/.local/lib/python3.12/site-packages/airflow/example_dags/example_short_circuit_operator.py took 4.020 seconds
[2024-08-24T18:11:31.302+0000] {processor.py:186} INFO - Started process (PID=87) to work on /home/airflow/.local/lib/python3.12/site-packages/airflow/example_dags/example_short_circuit_operator.py
[2024-08-24T18:11:31.306+0000] {processor.py:914} INFO - Processing file /home/airflow/.local/lib/python3.12/site-packages/airflow/example_dags/example_short_circuit_operator.py for tasks to queue
[2024-08-24T18:11:31.310+0000] {logging_mixin.py:190} INFO - [2024-08-24T18:11:31.309+0000] {dagbag.py:587} INFO - Filling up the DagBag from /home/airflow/.local/lib/python3.12/site-packages/airflow/example_dags/example_short_circuit_operator.py
[2024-08-24T18:11:31.333+0000] {processor.py:925} INFO - DAG(s) 'example_short_circuit_operator' retrieved from /home/airflow/.local/lib/python3.12/site-packages/airflow/example_dags/example_short_circuit_operator.py
[2024-08-24T18:11:31.367+0000] {logging_mixin.py:190} INFO - [2024-08-24T18:11:31.367+0000] {dag.py:3211} INFO - Sync 1 DAGs
[2024-08-24T18:11:31.399+0000] {logging_mixin.py:190} INFO - [2024-08-24T18:11:31.399+0000] {dag.py:4138} INFO - Setting next_dagrun for example_short_circuit_operator to 2024-08-23 00:00:00+00:00, run_after=2024-08-24 00:00:00+00:00
[2024-08-24T18:11:31.431+0000] {processor.py:208} INFO - Processing /home/airflow/.local/lib/python3.12/site-packages/airflow/example_dags/example_short_circuit_operator.py took 0.161 seconds
[2024-08-24T18:12:05.122+0000] {processor.py:186} INFO - Started process (PID=150) to work on /home/airflow/.local/lib/python3.12/site-packages/airflow/example_dags/example_short_circuit_operator.py
[2024-08-24T18:12:05.126+0000] {processor.py:914} INFO - Processing file /home/airflow/.local/lib/python3.12/site-packages/airflow/example_dags/example_short_circuit_operator.py for tasks to queue
[2024-08-24T18:12:05.142+0000] {logging_mixin.py:190} INFO - [2024-08-24T18:12:05.141+0000] {dagbag.py:587} INFO - Filling up the DagBag from /home/airflow/.local/lib/python3.12/site-packages/airflow/example_dags/example_short_circuit_operator.py
[2024-08-24T18:12:05.217+0000] {processor.py:925} INFO - DAG(s) 'example_short_circuit_operator' retrieved from /home/airflow/.local/lib/python3.12/site-packages/airflow/example_dags/example_short_circuit_operator.py
[2024-08-24T18:12:05.303+0000] {logging_mixin.py:190} INFO - [2024-08-24T18:12:05.303+0000] {dag.py:3211} INFO - Sync 1 DAGs
[2024-08-24T18:12:05.373+0000] {logging_mixin.py:190} INFO - [2024-08-24T18:12:05.373+0000] {dag.py:4138} INFO - Setting next_dagrun for example_short_circuit_operator to 2024-08-23 00:00:00+00:00, run_after=2024-08-24 00:00:00+00:00
[2024-08-24T18:12:05.467+0000] {processor.py:208} INFO - Processing /home/airflow/.local/lib/python3.12/site-packages/airflow/example_dags/example_short_circuit_operator.py took 0.355 seconds
[2024-08-24T18:12:36.703+0000] {processor.py:186} INFO - Started process (PID=219) to work on /home/airflow/.local/lib/python3.12/site-packages/airflow/example_dags/example_short_circuit_operator.py
[2024-08-24T18:12:36.706+0000] {processor.py:914} INFO - Processing file /home/airflow/.local/lib/python3.12/site-packages/airflow/example_dags/example_short_circuit_operator.py for tasks to queue
[2024-08-24T18:12:36.710+0000] {logging_mixin.py:190} INFO - [2024-08-24T18:12:36.709+0000] {dagbag.py:587} INFO - Filling up the DagBag from /home/airflow/.local/lib/python3.12/site-packages/airflow/example_dags/example_short_circuit_operator.py
[2024-08-24T18:12:36.731+0000] {processor.py:925} INFO - DAG(s) 'example_short_circuit_operator' retrieved from /home/airflow/.local/lib/python3.12/site-packages/airflow/example_dags/example_short_circuit_operator.py
[2024-08-24T18:12:36.823+0000] {logging_mixin.py:190} INFO - [2024-08-24T18:12:36.823+0000] {dag.py:3211} INFO - Sync 1 DAGs
[2024-08-24T18:12:36.966+0000] {logging_mixin.py:190} INFO - [2024-08-24T18:12:36.964+0000] {dag.py:4138} INFO - Setting next_dagrun for example_short_circuit_operator to 2024-08-23 00:00:00+00:00, run_after=2024-08-24 00:00:00+00:00
[2024-08-24T18:12:37.017+0000] {processor.py:208} INFO - Processing /home/airflow/.local/lib/python3.12/site-packages/airflow/example_dags/example_short_circuit_operator.py took 0.349 seconds
[2024-08-24T18:13:21.373+0000] {processor.py:186} INFO - Started process (PID=282) to work on /home/airflow/.local/lib/python3.12/site-packages/airflow/example_dags/example_short_circuit_operator.py
[2024-08-24T18:13:21.388+0000] {processor.py:914} INFO - Processing file /home/airflow/.local/lib/python3.12/site-packages/airflow/example_dags/example_short_circuit_operator.py for tasks to queue
[2024-08-24T18:13:21.396+0000] {logging_mixin.py:190} INFO - [2024-08-24T18:13:21.396+0000] {dagbag.py:587} INFO - Filling up the DagBag from /home/airflow/.local/lib/python3.12/site-packages/airflow/example_dags/example_short_circuit_operator.py
[2024-08-24T18:13:21.430+0000] {processor.py:925} INFO - DAG(s) 'example_short_circuit_operator' retrieved from /home/airflow/.local/lib/python3.12/site-packages/airflow/example_dags/example_short_circuit_operator.py
[2024-08-24T18:13:21.502+0000] {logging_mixin.py:190} INFO - [2024-08-24T18:13:21.502+0000] {dag.py:3211} INFO - Sync 1 DAGs
[2024-08-24T18:13:21.570+0000] {logging_mixin.py:190} INFO - [2024-08-24T18:13:21.565+0000] {dag.py:4138} INFO - Setting next_dagrun for example_short_circuit_operator to 2024-08-23 00:00:00+00:00, run_after=2024-08-24 00:00:00+00:00
[2024-08-24T18:13:21.641+0000] {processor.py:208} INFO - Processing /home/airflow/.local/lib/python3.12/site-packages/airflow/example_dags/example_short_circuit_operator.py took 0.289 seconds
[2024-08-24T18:14:06.221+0000] {processor.py:186} INFO - Started process (PID=345) to work on /home/airflow/.local/lib/python3.12/site-packages/airflow/example_dags/example_short_circuit_operator.py
[2024-08-24T18:14:06.243+0000] {processor.py:914} INFO - Processing file /home/airflow/.local/lib/python3.12/site-packages/airflow/example_dags/example_short_circuit_operator.py for tasks to queue
[2024-08-24T18:14:06.254+0000] {logging_mixin.py:190} INFO - [2024-08-24T18:14:06.253+0000] {dagbag.py:587} INFO - Filling up the DagBag from /home/airflow/.local/lib/python3.12/site-packages/airflow/example_dags/example_short_circuit_operator.py
[2024-08-24T18:14:06.340+0000] {processor.py:925} INFO - DAG(s) 'example_short_circuit_operator' retrieved from /home/airflow/.local/lib/python3.12/site-packages/airflow/example_dags/example_short_circuit_operator.py
[2024-08-24T18:14:06.461+0000] {logging_mixin.py:190} INFO - [2024-08-24T18:14:06.460+0000] {dag.py:3211} INFO - Sync 1 DAGs
[2024-08-24T18:14:06.543+0000] {logging_mixin.py:190} INFO - [2024-08-24T18:14:06.542+0000] {dag.py:4138} INFO - Setting next_dagrun for example_short_circuit_operator to 2024-08-23 00:00:00+00:00, run_after=2024-08-24 00:00:00+00:00
[2024-08-24T18:14:06.599+0000] {processor.py:208} INFO - Processing /home/airflow/.local/lib/python3.12/site-packages/airflow/example_dags/example_short_circuit_operator.py took 0.391 seconds
