[2024-08-24T03:06:11.112+0000] {processor.py:186} INFO - Started process (PID=64) to work on /home/airflow/.local/lib/python3.12/site-packages/airflow/example_dags/example_bash_decorator.py
[2024-08-24T03:06:11.113+0000] {processor.py:914} INFO - Processing file /home/airflow/.local/lib/python3.12/site-packages/airflow/example_dags/example_bash_decorator.py for tasks to queue
[2024-08-24T03:06:11.118+0000] {logging_mixin.py:190} INFO - [2024-08-24T03:06:11.117+0000] {dagbag.py:587} INFO - Filling up the DagBag from /home/airflow/.local/lib/python3.12/site-packages/airflow/example_dags/example_bash_decorator.py
[2024-08-24T03:06:11.515+0000] {processor.py:925} INFO - DAG(s) 'example_bash_decorator' retrieved from /home/airflow/.local/lib/python3.12/site-packages/airflow/example_dags/example_bash_decorator.py
[2024-08-24T03:06:14.960+0000] {logging_mixin.py:190} INFO - [2024-08-24T03:06:14.959+0000] {override.py:1858} INFO - Created Permission View: can delete on DAG:example_bash_decorator
[2024-08-24T03:06:15.061+0000] {logging_mixin.py:190} INFO - [2024-08-24T03:06:15.060+0000] {override.py:1858} INFO - Created Permission View: can read on DAG:example_bash_decorator
[2024-08-24T03:06:15.403+0000] {logging_mixin.py:190} INFO - [2024-08-24T03:06:15.402+0000] {override.py:1858} INFO - Created Permission View: can edit on DAG:example_bash_decorator
[2024-08-24T03:06:15.404+0000] {logging_mixin.py:190} INFO - [2024-08-24T03:06:15.404+0000] {dag.py:3211} INFO - Sync 1 DAGs
[2024-08-24T03:06:15.687+0000] {logging_mixin.py:190} INFO - [2024-08-24T03:06:15.687+0000] {dag.py:3234} INFO - Creating ORM DAG for example_bash_decorator
[2024-08-24T03:06:15.695+0000] {logging_mixin.py:190} INFO - [2024-08-24T03:06:15.694+0000] {dag.py:4138} INFO - Setting next_dagrun for example_bash_decorator to None, run_after=None
[2024-08-24T03:06:16.222+0000] {processor.py:208} INFO - Processing /home/airflow/.local/lib/python3.12/site-packages/airflow/example_dags/example_bash_decorator.py took 5.132 seconds
[2024-08-24T03:09:36.656+0000] {processor.py:186} INFO - Started process (PID=150) to work on /home/airflow/.local/lib/python3.12/site-packages/airflow/example_dags/example_bash_decorator.py
[2024-08-24T03:09:36.660+0000] {processor.py:914} INFO - Processing file /home/airflow/.local/lib/python3.12/site-packages/airflow/example_dags/example_bash_decorator.py for tasks to queue
[2024-08-24T03:09:36.663+0000] {logging_mixin.py:190} INFO - [2024-08-24T03:09:36.663+0000] {dagbag.py:587} INFO - Filling up the DagBag from /home/airflow/.local/lib/python3.12/site-packages/airflow/example_dags/example_bash_decorator.py
[2024-08-24T03:09:36.686+0000] {processor.py:925} INFO - DAG(s) 'example_bash_decorator' retrieved from /home/airflow/.local/lib/python3.12/site-packages/airflow/example_dags/example_bash_decorator.py
[2024-08-24T03:09:36.719+0000] {logging_mixin.py:190} INFO - [2024-08-24T03:09:36.718+0000] {dag.py:3211} INFO - Sync 1 DAGs
[2024-08-24T03:09:36.736+0000] {logging_mixin.py:190} INFO - [2024-08-24T03:09:36.735+0000] {dag.py:4138} INFO - Setting next_dagrun for example_bash_decorator to None, run_after=None
[2024-08-24T03:09:36.809+0000] {processor.py:208} INFO - Processing /home/airflow/.local/lib/python3.12/site-packages/airflow/example_dags/example_bash_decorator.py took 0.182 seconds
[2024-08-24T03:10:07.135+0000] {processor.py:186} INFO - Started process (PID=214) to work on /home/airflow/.local/lib/python3.12/site-packages/airflow/example_dags/example_bash_decorator.py
[2024-08-24T03:10:07.139+0000] {processor.py:914} INFO - Processing file /home/airflow/.local/lib/python3.12/site-packages/airflow/example_dags/example_bash_decorator.py for tasks to queue
[2024-08-24T03:10:07.148+0000] {logging_mixin.py:190} INFO - [2024-08-24T03:10:07.147+0000] {dagbag.py:587} INFO - Filling up the DagBag from /home/airflow/.local/lib/python3.12/site-packages/airflow/example_dags/example_bash_decorator.py
[2024-08-24T03:10:07.196+0000] {processor.py:925} INFO - DAG(s) 'example_bash_decorator' retrieved from /home/airflow/.local/lib/python3.12/site-packages/airflow/example_dags/example_bash_decorator.py
[2024-08-24T03:10:07.279+0000] {logging_mixin.py:190} INFO - [2024-08-24T03:10:07.278+0000] {dag.py:3211} INFO - Sync 1 DAGs
[2024-08-24T03:10:07.313+0000] {logging_mixin.py:190} INFO - [2024-08-24T03:10:07.312+0000] {dag.py:4138} INFO - Setting next_dagrun for example_bash_decorator to None, run_after=None
[2024-08-24T03:10:07.371+0000] {processor.py:208} INFO - Processing /home/airflow/.local/lib/python3.12/site-packages/airflow/example_dags/example_bash_decorator.py took 0.245 seconds
[2024-08-24T03:10:37.511+0000] {processor.py:186} INFO - Started process (PID=275) to work on /home/airflow/.local/lib/python3.12/site-packages/airflow/example_dags/example_bash_decorator.py
[2024-08-24T03:10:37.514+0000] {processor.py:914} INFO - Processing file /home/airflow/.local/lib/python3.12/site-packages/airflow/example_dags/example_bash_decorator.py for tasks to queue
[2024-08-24T03:10:37.518+0000] {logging_mixin.py:190} INFO - [2024-08-24T03:10:37.517+0000] {dagbag.py:587} INFO - Filling up the DagBag from /home/airflow/.local/lib/python3.12/site-packages/airflow/example_dags/example_bash_decorator.py
[2024-08-24T03:10:37.556+0000] {processor.py:925} INFO - DAG(s) 'example_bash_decorator' retrieved from /home/airflow/.local/lib/python3.12/site-packages/airflow/example_dags/example_bash_decorator.py
[2024-08-24T03:10:37.616+0000] {logging_mixin.py:190} INFO - [2024-08-24T03:10:37.616+0000] {dag.py:3211} INFO - Sync 1 DAGs
[2024-08-24T03:10:37.641+0000] {logging_mixin.py:190} INFO - [2024-08-24T03:10:37.641+0000] {dag.py:4138} INFO - Setting next_dagrun for example_bash_decorator to None, run_after=None
[2024-08-24T03:10:37.665+0000] {processor.py:208} INFO - Processing /home/airflow/.local/lib/python3.12/site-packages/airflow/example_dags/example_bash_decorator.py took 0.172 seconds
[2024-08-24T03:11:08.373+0000] {processor.py:186} INFO - Started process (PID=336) to work on /home/airflow/.local/lib/python3.12/site-packages/airflow/example_dags/example_bash_decorator.py
[2024-08-24T03:11:08.379+0000] {processor.py:914} INFO - Processing file /home/airflow/.local/lib/python3.12/site-packages/airflow/example_dags/example_bash_decorator.py for tasks to queue
[2024-08-24T03:11:08.456+0000] {logging_mixin.py:190} INFO - [2024-08-24T03:11:08.455+0000] {dagbag.py:587} INFO - Filling up the DagBag from /home/airflow/.local/lib/python3.12/site-packages/airflow/example_dags/example_bash_decorator.py
[2024-08-24T03:11:08.575+0000] {processor.py:925} INFO - DAG(s) 'example_bash_decorator' retrieved from /home/airflow/.local/lib/python3.12/site-packages/airflow/example_dags/example_bash_decorator.py
[2024-08-24T03:11:08.720+0000] {logging_mixin.py:190} INFO - [2024-08-24T03:11:08.720+0000] {dag.py:3211} INFO - Sync 1 DAGs
[2024-08-24T03:11:08.743+0000] {logging_mixin.py:190} INFO - [2024-08-24T03:11:08.743+0000] {dag.py:4138} INFO - Setting next_dagrun for example_bash_decorator to None, run_after=None
[2024-08-24T03:11:08.769+0000] {processor.py:208} INFO - Processing /home/airflow/.local/lib/python3.12/site-packages/airflow/example_dags/example_bash_decorator.py took 0.406 seconds
[2024-08-24T03:11:38.960+0000] {processor.py:186} INFO - Started process (PID=399) to work on /home/airflow/.local/lib/python3.12/site-packages/airflow/example_dags/example_bash_decorator.py
[2024-08-24T03:11:38.963+0000] {processor.py:914} INFO - Processing file /home/airflow/.local/lib/python3.12/site-packages/airflow/example_dags/example_bash_decorator.py for tasks to queue
[2024-08-24T03:11:38.968+0000] {logging_mixin.py:190} INFO - [2024-08-24T03:11:38.968+0000] {dagbag.py:587} INFO - Filling up the DagBag from /home/airflow/.local/lib/python3.12/site-packages/airflow/example_dags/example_bash_decorator.py
[2024-08-24T03:11:38.997+0000] {processor.py:925} INFO - DAG(s) 'example_bash_decorator' retrieved from /home/airflow/.local/lib/python3.12/site-packages/airflow/example_dags/example_bash_decorator.py
[2024-08-24T03:11:39.048+0000] {logging_mixin.py:190} INFO - [2024-08-24T03:11:39.047+0000] {dag.py:3211} INFO - Sync 1 DAGs
[2024-08-24T03:11:39.072+0000] {logging_mixin.py:190} INFO - [2024-08-24T03:11:39.072+0000] {dag.py:4138} INFO - Setting next_dagrun for example_bash_decorator to None, run_after=None
[2024-08-24T03:11:39.116+0000] {processor.py:208} INFO - Processing /home/airflow/.local/lib/python3.12/site-packages/airflow/example_dags/example_bash_decorator.py took 0.169 seconds
[2024-08-24T03:12:09.621+0000] {processor.py:186} INFO - Started process (PID=460) to work on /home/airflow/.local/lib/python3.12/site-packages/airflow/example_dags/example_bash_decorator.py
[2024-08-24T03:12:09.627+0000] {processor.py:914} INFO - Processing file /home/airflow/.local/lib/python3.12/site-packages/airflow/example_dags/example_bash_decorator.py for tasks to queue
[2024-08-24T03:12:09.631+0000] {logging_mixin.py:190} INFO - [2024-08-24T03:12:09.630+0000] {dagbag.py:587} INFO - Filling up the DagBag from /home/airflow/.local/lib/python3.12/site-packages/airflow/example_dags/example_bash_decorator.py
[2024-08-24T03:12:09.710+0000] {processor.py:925} INFO - DAG(s) 'example_bash_decorator' retrieved from /home/airflow/.local/lib/python3.12/site-packages/airflow/example_dags/example_bash_decorator.py
[2024-08-24T03:12:09.767+0000] {logging_mixin.py:190} INFO - [2024-08-24T03:12:09.767+0000] {dag.py:3211} INFO - Sync 1 DAGs
[2024-08-24T03:12:09.795+0000] {logging_mixin.py:190} INFO - [2024-08-24T03:12:09.795+0000] {dag.py:4138} INFO - Setting next_dagrun for example_bash_decorator to None, run_after=None
[2024-08-24T03:12:09.819+0000] {processor.py:208} INFO - Processing /home/airflow/.local/lib/python3.12/site-packages/airflow/example_dags/example_bash_decorator.py took 0.209 seconds
[2024-08-24T03:12:40.269+0000] {processor.py:186} INFO - Started process (PID=523) to work on /home/airflow/.local/lib/python3.12/site-packages/airflow/example_dags/example_bash_decorator.py
[2024-08-24T03:12:40.270+0000] {processor.py:914} INFO - Processing file /home/airflow/.local/lib/python3.12/site-packages/airflow/example_dags/example_bash_decorator.py for tasks to queue
[2024-08-24T03:12:40.274+0000] {logging_mixin.py:190} INFO - [2024-08-24T03:12:40.273+0000] {dagbag.py:587} INFO - Filling up the DagBag from /home/airflow/.local/lib/python3.12/site-packages/airflow/example_dags/example_bash_decorator.py
[2024-08-24T03:12:40.295+0000] {processor.py:925} INFO - DAG(s) 'example_bash_decorator' retrieved from /home/airflow/.local/lib/python3.12/site-packages/airflow/example_dags/example_bash_decorator.py
[2024-08-24T03:12:40.348+0000] {logging_mixin.py:190} INFO - [2024-08-24T03:12:40.348+0000] {dag.py:3211} INFO - Sync 1 DAGs
[2024-08-24T03:12:40.377+0000] {logging_mixin.py:190} INFO - [2024-08-24T03:12:40.376+0000] {dag.py:4138} INFO - Setting next_dagrun for example_bash_decorator to None, run_after=None
[2024-08-24T03:12:40.419+0000] {processor.py:208} INFO - Processing /home/airflow/.local/lib/python3.12/site-packages/airflow/example_dags/example_bash_decorator.py took 0.159 seconds
[2024-08-24T03:13:10.544+0000] {processor.py:186} INFO - Started process (PID=584) to work on /home/airflow/.local/lib/python3.12/site-packages/airflow/example_dags/example_bash_decorator.py
[2024-08-24T03:13:10.547+0000] {processor.py:914} INFO - Processing file /home/airflow/.local/lib/python3.12/site-packages/airflow/example_dags/example_bash_decorator.py for tasks to queue
[2024-08-24T03:13:10.557+0000] {logging_mixin.py:190} INFO - [2024-08-24T03:13:10.555+0000] {dagbag.py:587} INFO - Filling up the DagBag from /home/airflow/.local/lib/python3.12/site-packages/airflow/example_dags/example_bash_decorator.py
[2024-08-24T03:13:10.611+0000] {processor.py:925} INFO - DAG(s) 'example_bash_decorator' retrieved from /home/airflow/.local/lib/python3.12/site-packages/airflow/example_dags/example_bash_decorator.py
[2024-08-24T03:13:10.691+0000] {logging_mixin.py:190} INFO - [2024-08-24T03:13:10.691+0000] {dag.py:3211} INFO - Sync 1 DAGs
[2024-08-24T03:13:10.707+0000] {logging_mixin.py:190} INFO - [2024-08-24T03:13:10.707+0000] {dag.py:4138} INFO - Setting next_dagrun for example_bash_decorator to None, run_after=None
[2024-08-24T03:13:10.737+0000] {processor.py:208} INFO - Processing /home/airflow/.local/lib/python3.12/site-packages/airflow/example_dags/example_bash_decorator.py took 0.218 seconds
[2024-08-24T03:13:40.908+0000] {processor.py:186} INFO - Started process (PID=646) to work on /home/airflow/.local/lib/python3.12/site-packages/airflow/example_dags/example_bash_decorator.py
[2024-08-24T03:13:40.912+0000] {processor.py:914} INFO - Processing file /home/airflow/.local/lib/python3.12/site-packages/airflow/example_dags/example_bash_decorator.py for tasks to queue
[2024-08-24T03:13:40.917+0000] {logging_mixin.py:190} INFO - [2024-08-24T03:13:40.916+0000] {dagbag.py:587} INFO - Filling up the DagBag from /home/airflow/.local/lib/python3.12/site-packages/airflow/example_dags/example_bash_decorator.py
[2024-08-24T03:13:40.956+0000] {processor.py:925} INFO - DAG(s) 'example_bash_decorator' retrieved from /home/airflow/.local/lib/python3.12/site-packages/airflow/example_dags/example_bash_decorator.py
[2024-08-24T03:13:41.024+0000] {logging_mixin.py:190} INFO - [2024-08-24T03:13:41.019+0000] {dag.py:3211} INFO - Sync 1 DAGs
[2024-08-24T03:13:41.048+0000] {logging_mixin.py:190} INFO - [2024-08-24T03:13:41.048+0000] {dag.py:4138} INFO - Setting next_dagrun for example_bash_decorator to None, run_after=None
[2024-08-24T03:13:41.082+0000] {processor.py:208} INFO - Processing /home/airflow/.local/lib/python3.12/site-packages/airflow/example_dags/example_bash_decorator.py took 0.182 seconds
[2024-08-24T03:14:11.234+0000] {processor.py:186} INFO - Started process (PID=706) to work on /home/airflow/.local/lib/python3.12/site-packages/airflow/example_dags/example_bash_decorator.py
[2024-08-24T03:14:11.235+0000] {processor.py:914} INFO - Processing file /home/airflow/.local/lib/python3.12/site-packages/airflow/example_dags/example_bash_decorator.py for tasks to queue
[2024-08-24T03:14:11.238+0000] {logging_mixin.py:190} INFO - [2024-08-24T03:14:11.238+0000] {dagbag.py:587} INFO - Filling up the DagBag from /home/airflow/.local/lib/python3.12/site-packages/airflow/example_dags/example_bash_decorator.py
[2024-08-24T03:14:11.265+0000] {processor.py:925} INFO - DAG(s) 'example_bash_decorator' retrieved from /home/airflow/.local/lib/python3.12/site-packages/airflow/example_dags/example_bash_decorator.py
[2024-08-24T03:14:11.301+0000] {logging_mixin.py:190} INFO - [2024-08-24T03:14:11.300+0000] {dag.py:3211} INFO - Sync 1 DAGs
[2024-08-24T03:14:11.321+0000] {logging_mixin.py:190} INFO - [2024-08-24T03:14:11.321+0000] {dag.py:4138} INFO - Setting next_dagrun for example_bash_decorator to None, run_after=None
[2024-08-24T03:14:11.350+0000] {processor.py:208} INFO - Processing /home/airflow/.local/lib/python3.12/site-packages/airflow/example_dags/example_bash_decorator.py took 0.128 seconds
[2024-08-24T03:14:42.083+0000] {processor.py:186} INFO - Started process (PID=768) to work on /home/airflow/.local/lib/python3.12/site-packages/airflow/example_dags/example_bash_decorator.py
[2024-08-24T03:14:42.085+0000] {processor.py:914} INFO - Processing file /home/airflow/.local/lib/python3.12/site-packages/airflow/example_dags/example_bash_decorator.py for tasks to queue
[2024-08-24T03:14:42.091+0000] {logging_mixin.py:190} INFO - [2024-08-24T03:14:42.090+0000] {dagbag.py:587} INFO - Filling up the DagBag from /home/airflow/.local/lib/python3.12/site-packages/airflow/example_dags/example_bash_decorator.py
[2024-08-24T03:14:42.123+0000] {processor.py:925} INFO - DAG(s) 'example_bash_decorator' retrieved from /home/airflow/.local/lib/python3.12/site-packages/airflow/example_dags/example_bash_decorator.py
[2024-08-24T03:14:42.163+0000] {logging_mixin.py:190} INFO - [2024-08-24T03:14:42.162+0000] {dag.py:3211} INFO - Sync 1 DAGs
[2024-08-24T03:14:42.188+0000] {logging_mixin.py:190} INFO - [2024-08-24T03:14:42.187+0000] {dag.py:4138} INFO - Setting next_dagrun for example_bash_decorator to None, run_after=None
[2024-08-24T03:14:42.221+0000] {processor.py:208} INFO - Processing /home/airflow/.local/lib/python3.12/site-packages/airflow/example_dags/example_bash_decorator.py took 0.148 seconds
[2024-08-24T03:15:12.834+0000] {processor.py:186} INFO - Started process (PID=830) to work on /home/airflow/.local/lib/python3.12/site-packages/airflow/example_dags/example_bash_decorator.py
[2024-08-24T03:15:12.846+0000] {processor.py:914} INFO - Processing file /home/airflow/.local/lib/python3.12/site-packages/airflow/example_dags/example_bash_decorator.py for tasks to queue
[2024-08-24T03:15:12.850+0000] {logging_mixin.py:190} INFO - [2024-08-24T03:15:12.849+0000] {dagbag.py:587} INFO - Filling up the DagBag from /home/airflow/.local/lib/python3.12/site-packages/airflow/example_dags/example_bash_decorator.py
[2024-08-24T03:15:12.940+0000] {processor.py:925} INFO - DAG(s) 'example_bash_decorator' retrieved from /home/airflow/.local/lib/python3.12/site-packages/airflow/example_dags/example_bash_decorator.py
[2024-08-24T03:15:13.037+0000] {logging_mixin.py:190} INFO - [2024-08-24T03:15:13.037+0000] {dag.py:3211} INFO - Sync 1 DAGs
[2024-08-24T03:15:13.106+0000] {logging_mixin.py:190} INFO - [2024-08-24T03:15:13.104+0000] {dag.py:4138} INFO - Setting next_dagrun for example_bash_decorator to None, run_after=None
[2024-08-24T03:15:13.168+0000] {processor.py:208} INFO - Processing /home/airflow/.local/lib/python3.12/site-packages/airflow/example_dags/example_bash_decorator.py took 0.361 seconds
[2024-08-24T03:15:43.332+0000] {processor.py:186} INFO - Started process (PID=893) to work on /home/airflow/.local/lib/python3.12/site-packages/airflow/example_dags/example_bash_decorator.py
[2024-08-24T03:15:43.344+0000] {processor.py:914} INFO - Processing file /home/airflow/.local/lib/python3.12/site-packages/airflow/example_dags/example_bash_decorator.py for tasks to queue
[2024-08-24T03:15:43.355+0000] {logging_mixin.py:190} INFO - [2024-08-24T03:15:43.353+0000] {dagbag.py:587} INFO - Filling up the DagBag from /home/airflow/.local/lib/python3.12/site-packages/airflow/example_dags/example_bash_decorator.py
[2024-08-24T03:15:43.426+0000] {processor.py:925} INFO - DAG(s) 'example_bash_decorator' retrieved from /home/airflow/.local/lib/python3.12/site-packages/airflow/example_dags/example_bash_decorator.py
[2024-08-24T03:15:43.595+0000] {logging_mixin.py:190} INFO - [2024-08-24T03:15:43.594+0000] {dag.py:3211} INFO - Sync 1 DAGs
[2024-08-24T03:15:43.631+0000] {logging_mixin.py:190} INFO - [2024-08-24T03:15:43.629+0000] {dag.py:4138} INFO - Setting next_dagrun for example_bash_decorator to None, run_after=None
[2024-08-24T03:15:43.683+0000] {processor.py:208} INFO - Processing /home/airflow/.local/lib/python3.12/site-packages/airflow/example_dags/example_bash_decorator.py took 0.359 seconds
[2024-08-24T03:21:25.250+0000] {processor.py:186} INFO - Started process (PID=70) to work on /home/airflow/.local/lib/python3.12/site-packages/airflow/example_dags/example_bash_decorator.py
[2024-08-24T03:21:25.275+0000] {processor.py:914} INFO - Processing file /home/airflow/.local/lib/python3.12/site-packages/airflow/example_dags/example_bash_decorator.py for tasks to queue
[2024-08-24T03:21:25.278+0000] {logging_mixin.py:190} INFO - [2024-08-24T03:21:25.278+0000] {dagbag.py:587} INFO - Filling up the DagBag from /home/airflow/.local/lib/python3.12/site-packages/airflow/example_dags/example_bash_decorator.py
[2024-08-24T03:21:25.888+0000] {processor.py:925} INFO - DAG(s) 'example_bash_decorator' retrieved from /home/airflow/.local/lib/python3.12/site-packages/airflow/example_dags/example_bash_decorator.py
[2024-08-24T03:21:30.067+0000] {logging_mixin.py:190} INFO - [2024-08-24T03:21:30.066+0000] {dag.py:3211} INFO - Sync 1 DAGs
[2024-08-24T03:21:30.390+0000] {logging_mixin.py:190} INFO - [2024-08-24T03:21:30.390+0000] {dag.py:4138} INFO - Setting next_dagrun for example_bash_decorator to None, run_after=None
[2024-08-24T03:21:31.215+0000] {processor.py:208} INFO - Processing /home/airflow/.local/lib/python3.12/site-packages/airflow/example_dags/example_bash_decorator.py took 5.979 seconds
[2024-08-24T03:36:36.776+0000] {processor.py:186} INFO - Started process (PID=53) to work on /home/airflow/.local/lib/python3.12/site-packages/airflow/example_dags/example_bash_decorator.py
[2024-08-24T03:36:36.779+0000] {processor.py:914} INFO - Processing file /home/airflow/.local/lib/python3.12/site-packages/airflow/example_dags/example_bash_decorator.py for tasks to queue
[2024-08-24T03:36:36.782+0000] {logging_mixin.py:190} INFO - [2024-08-24T03:36:36.781+0000] {dagbag.py:587} INFO - Filling up the DagBag from /home/airflow/.local/lib/python3.12/site-packages/airflow/example_dags/example_bash_decorator.py
[2024-08-24T03:36:36.841+0000] {processor.py:925} INFO - DAG(s) 'example_bash_decorator' retrieved from /home/airflow/.local/lib/python3.12/site-packages/airflow/example_dags/example_bash_decorator.py
[2024-08-24T03:36:38.163+0000] {logging_mixin.py:190} INFO - [2024-08-24T03:36:38.162+0000] {dag.py:3211} INFO - Sync 1 DAGs
[2024-08-24T03:36:38.216+0000] {logging_mixin.py:190} INFO - [2024-08-24T03:36:38.216+0000] {dag.py:4138} INFO - Setting next_dagrun for example_bash_decorator to None, run_after=None
[2024-08-24T03:36:38.297+0000] {processor.py:208} INFO - Processing /home/airflow/.local/lib/python3.12/site-packages/airflow/example_dags/example_bash_decorator.py took 1.537 seconds
[2024-08-24T18:08:32.984+0000] {processor.py:186} INFO - Started process (PID=59) to work on /home/airflow/.local/lib/python3.12/site-packages/airflow/example_dags/example_bash_decorator.py
[2024-08-24T18:08:32.988+0000] {processor.py:914} INFO - Processing file /home/airflow/.local/lib/python3.12/site-packages/airflow/example_dags/example_bash_decorator.py for tasks to queue
[2024-08-24T18:08:32.996+0000] {logging_mixin.py:190} INFO - [2024-08-24T18:08:32.995+0000] {dagbag.py:587} INFO - Filling up the DagBag from /home/airflow/.local/lib/python3.12/site-packages/airflow/example_dags/example_bash_decorator.py
[2024-08-24T18:08:33.170+0000] {processor.py:925} INFO - DAG(s) 'example_bash_decorator' retrieved from /home/airflow/.local/lib/python3.12/site-packages/airflow/example_dags/example_bash_decorator.py
[2024-08-24T18:08:35.936+0000] {logging_mixin.py:190} INFO - [2024-08-24T18:08:35.936+0000] {dag.py:3211} INFO - Sync 1 DAGs
[2024-08-24T18:08:36.088+0000] {logging_mixin.py:190} INFO - [2024-08-24T18:08:36.087+0000] {dag.py:4138} INFO - Setting next_dagrun for example_bash_decorator to None, run_after=None
[2024-08-24T18:08:36.306+0000] {processor.py:208} INFO - Processing /home/airflow/.local/lib/python3.12/site-packages/airflow/example_dags/example_bash_decorator.py took 3.372 seconds
[2024-08-24T18:11:11.953+0000] {processor.py:186} INFO - Started process (PID=52) to work on /home/airflow/.local/lib/python3.12/site-packages/airflow/example_dags/example_bash_decorator.py
[2024-08-24T18:11:11.956+0000] {processor.py:914} INFO - Processing file /home/airflow/.local/lib/python3.12/site-packages/airflow/example_dags/example_bash_decorator.py for tasks to queue
[2024-08-24T18:11:11.958+0000] {logging_mixin.py:190} INFO - [2024-08-24T18:11:11.958+0000] {dagbag.py:587} INFO - Filling up the DagBag from /home/airflow/.local/lib/python3.12/site-packages/airflow/example_dags/example_bash_decorator.py
[2024-08-24T18:11:11.989+0000] {processor.py:925} INFO - DAG(s) 'example_bash_decorator' retrieved from /home/airflow/.local/lib/python3.12/site-packages/airflow/example_dags/example_bash_decorator.py
[2024-08-24T18:11:13.289+0000] {logging_mixin.py:190} INFO - [2024-08-24T18:11:13.288+0000] {dag.py:3211} INFO - Sync 1 DAGs
[2024-08-24T18:11:13.357+0000] {logging_mixin.py:190} INFO - [2024-08-24T18:11:13.345+0000] {dag.py:4138} INFO - Setting next_dagrun for example_bash_decorator to None, run_after=None
[2024-08-24T18:11:13.488+0000] {processor.py:208} INFO - Processing /home/airflow/.local/lib/python3.12/site-packages/airflow/example_dags/example_bash_decorator.py took 1.545 seconds
[2024-08-24T18:11:45.283+0000] {processor.py:186} INFO - Started process (PID=116) to work on /home/airflow/.local/lib/python3.12/site-packages/airflow/example_dags/example_bash_decorator.py
[2024-08-24T18:11:45.290+0000] {processor.py:914} INFO - Processing file /home/airflow/.local/lib/python3.12/site-packages/airflow/example_dags/example_bash_decorator.py for tasks to queue
[2024-08-24T18:11:45.301+0000] {logging_mixin.py:190} INFO - [2024-08-24T18:11:45.294+0000] {dagbag.py:587} INFO - Filling up the DagBag from /home/airflow/.local/lib/python3.12/site-packages/airflow/example_dags/example_bash_decorator.py
[2024-08-24T18:11:45.341+0000] {processor.py:925} INFO - DAG(s) 'example_bash_decorator' retrieved from /home/airflow/.local/lib/python3.12/site-packages/airflow/example_dags/example_bash_decorator.py
[2024-08-24T18:11:45.657+0000] {logging_mixin.py:190} INFO - [2024-08-24T18:11:45.656+0000] {dag.py:3211} INFO - Sync 1 DAGs
[2024-08-24T18:11:45.801+0000] {logging_mixin.py:190} INFO - [2024-08-24T18:11:45.801+0000] {dag.py:4138} INFO - Setting next_dagrun for example_bash_decorator to None, run_after=None
[2024-08-24T18:11:45.990+0000] {processor.py:208} INFO - Processing /home/airflow/.local/lib/python3.12/site-packages/airflow/example_dags/example_bash_decorator.py took 0.719 seconds
[2024-08-24T18:12:16.510+0000] {processor.py:186} INFO - Started process (PID=179) to work on /home/airflow/.local/lib/python3.12/site-packages/airflow/example_dags/example_bash_decorator.py
[2024-08-24T18:12:16.515+0000] {processor.py:914} INFO - Processing file /home/airflow/.local/lib/python3.12/site-packages/airflow/example_dags/example_bash_decorator.py for tasks to queue
[2024-08-24T18:12:16.518+0000] {logging_mixin.py:190} INFO - [2024-08-24T18:12:16.517+0000] {dagbag.py:587} INFO - Filling up the DagBag from /home/airflow/.local/lib/python3.12/site-packages/airflow/example_dags/example_bash_decorator.py
[2024-08-24T18:12:16.543+0000] {processor.py:925} INFO - DAG(s) 'example_bash_decorator' retrieved from /home/airflow/.local/lib/python3.12/site-packages/airflow/example_dags/example_bash_decorator.py
[2024-08-24T18:12:16.587+0000] {logging_mixin.py:190} INFO - [2024-08-24T18:12:16.587+0000] {dag.py:3211} INFO - Sync 1 DAGs
[2024-08-24T18:12:16.608+0000] {logging_mixin.py:190} INFO - [2024-08-24T18:12:16.608+0000] {dag.py:4138} INFO - Setting next_dagrun for example_bash_decorator to None, run_after=None
[2024-08-24T18:12:16.642+0000] {processor.py:208} INFO - Processing /home/airflow/.local/lib/python3.12/site-packages/airflow/example_dags/example_bash_decorator.py took 0.140 seconds
[2024-08-24T18:12:49.103+0000] {processor.py:186} INFO - Started process (PID=242) to work on /home/airflow/.local/lib/python3.12/site-packages/airflow/example_dags/example_bash_decorator.py
[2024-08-24T18:12:49.109+0000] {processor.py:914} INFO - Processing file /home/airflow/.local/lib/python3.12/site-packages/airflow/example_dags/example_bash_decorator.py for tasks to queue
[2024-08-24T18:12:49.118+0000] {logging_mixin.py:190} INFO - [2024-08-24T18:12:49.116+0000] {dagbag.py:587} INFO - Filling up the DagBag from /home/airflow/.local/lib/python3.12/site-packages/airflow/example_dags/example_bash_decorator.py
[2024-08-24T18:12:49.419+0000] {processor.py:925} INFO - DAG(s) 'example_bash_decorator' retrieved from /home/airflow/.local/lib/python3.12/site-packages/airflow/example_dags/example_bash_decorator.py
[2024-08-24T18:12:49.735+0000] {logging_mixin.py:190} INFO - [2024-08-24T18:12:49.733+0000] {dag.py:3211} INFO - Sync 1 DAGs
[2024-08-24T18:12:49.796+0000] {logging_mixin.py:190} INFO - [2024-08-24T18:12:49.796+0000] {dag.py:4138} INFO - Setting next_dagrun for example_bash_decorator to None, run_after=None
[2024-08-24T18:12:49.869+0000] {processor.py:208} INFO - Processing /home/airflow/.local/lib/python3.12/site-packages/airflow/example_dags/example_bash_decorator.py took 0.787 seconds
[2024-08-24T18:13:38.857+0000] {processor.py:186} INFO - Started process (PID=304) to work on /home/airflow/.local/lib/python3.12/site-packages/airflow/example_dags/example_bash_decorator.py
[2024-08-24T18:13:38.873+0000] {processor.py:914} INFO - Processing file /home/airflow/.local/lib/python3.12/site-packages/airflow/example_dags/example_bash_decorator.py for tasks to queue
[2024-08-24T18:13:38.885+0000] {logging_mixin.py:190} INFO - [2024-08-24T18:13:38.884+0000] {dagbag.py:587} INFO - Filling up the DagBag from /home/airflow/.local/lib/python3.12/site-packages/airflow/example_dags/example_bash_decorator.py
[2024-08-24T18:13:38.928+0000] {processor.py:925} INFO - DAG(s) 'example_bash_decorator' retrieved from /home/airflow/.local/lib/python3.12/site-packages/airflow/example_dags/example_bash_decorator.py
[2024-08-24T18:13:39.106+0000] {logging_mixin.py:190} INFO - [2024-08-24T18:13:39.105+0000] {dag.py:3211} INFO - Sync 1 DAGs
[2024-08-24T18:13:39.736+0000] {logging_mixin.py:190} INFO - [2024-08-24T18:13:39.731+0000] {dag.py:4138} INFO - Setting next_dagrun for example_bash_decorator to None, run_after=None
[2024-08-24T18:13:40.044+0000] {processor.py:208} INFO - Processing /home/airflow/.local/lib/python3.12/site-packages/airflow/example_dags/example_bash_decorator.py took 1.196 seconds
[2024-08-24T18:14:15.819+0000] {processor.py:186} INFO - Started process (PID=369) to work on /home/airflow/.local/lib/python3.12/site-packages/airflow/example_dags/example_bash_decorator.py
[2024-08-24T18:14:15.829+0000] {processor.py:914} INFO - Processing file /home/airflow/.local/lib/python3.12/site-packages/airflow/example_dags/example_bash_decorator.py for tasks to queue
[2024-08-24T18:14:15.833+0000] {logging_mixin.py:190} INFO - [2024-08-24T18:14:15.832+0000] {dagbag.py:587} INFO - Filling up the DagBag from /home/airflow/.local/lib/python3.12/site-packages/airflow/example_dags/example_bash_decorator.py
[2024-08-24T18:14:15.879+0000] {processor.py:925} INFO - DAG(s) 'example_bash_decorator' retrieved from /home/airflow/.local/lib/python3.12/site-packages/airflow/example_dags/example_bash_decorator.py
[2024-08-24T18:14:16.115+0000] {logging_mixin.py:190} INFO - [2024-08-24T18:14:16.114+0000] {dag.py:3211} INFO - Sync 1 DAGs
[2024-08-24T18:14:16.212+0000] {logging_mixin.py:190} INFO - [2024-08-24T18:14:16.212+0000] {dag.py:4138} INFO - Setting next_dagrun for example_bash_decorator to None, run_after=None
[2024-08-24T18:14:16.281+0000] {processor.py:208} INFO - Processing /home/airflow/.local/lib/python3.12/site-packages/airflow/example_dags/example_bash_decorator.py took 0.486 seconds
