[2024-08-24T03:09:07.410+0000] {processor.py:186} INFO - Started process (PID=111) to work on /home/airflow/.local/lib/python3.12/site-packages/airflow/example_dags/example_complex.py
[2024-08-24T03:09:07.427+0000] {processor.py:914} INFO - Processing file /home/airflow/.local/lib/python3.12/site-packages/airflow/example_dags/example_complex.py for tasks to queue
[2024-08-24T03:09:07.662+0000] {logging_mixin.py:190} INFO - [2024-08-24T03:09:07.602+0000] {dagbag.py:587} INFO - Filling up the DagBag from /home/airflow/.local/lib/python3.12/site-packages/airflow/example_dags/example_complex.py
[2024-08-24T03:09:08.114+0000] {processor.py:925} INFO - DAG(s) 'example_complex' retrieved from /home/airflow/.local/lib/python3.12/site-packages/airflow/example_dags/example_complex.py
[2024-08-24T03:09:11.819+0000] {logging_mixin.py:190} INFO - [2024-08-24T03:09:11.817+0000] {override.py:1858} INFO - Created Permission View: can delete on DAG:example_complex
[2024-08-24T03:09:11.957+0000] {logging_mixin.py:190} INFO - [2024-08-24T03:09:11.957+0000] {override.py:1858} INFO - Created Permission View: can read on DAG:example_complex
[2024-08-24T03:09:12.136+0000] {logging_mixin.py:190} INFO - [2024-08-24T03:09:12.135+0000] {override.py:1858} INFO - Created Permission View: can edit on DAG:example_complex
[2024-08-24T03:09:12.136+0000] {logging_mixin.py:190} INFO - [2024-08-24T03:09:12.136+0000] {dag.py:3211} INFO - Sync 1 DAGs
[2024-08-24T03:09:12.307+0000] {logging_mixin.py:190} INFO - [2024-08-24T03:09:12.305+0000] {dag.py:3234} INFO - Creating ORM DAG for example_complex
[2024-08-24T03:09:12.354+0000] {logging_mixin.py:190} INFO - [2024-08-24T03:09:12.354+0000] {dag.py:4138} INFO - Setting next_dagrun for example_complex to None, run_after=None
[2024-08-24T03:09:12.549+0000] {processor.py:208} INFO - Processing /home/airflow/.local/lib/python3.12/site-packages/airflow/example_dags/example_complex.py took 5.459 seconds
[2024-08-24T03:09:43.029+0000] {processor.py:186} INFO - Started process (PID=181) to work on /home/airflow/.local/lib/python3.12/site-packages/airflow/example_dags/example_complex.py
[2024-08-24T03:09:43.068+0000] {processor.py:914} INFO - Processing file /home/airflow/.local/lib/python3.12/site-packages/airflow/example_dags/example_complex.py for tasks to queue
[2024-08-24T03:09:43.073+0000] {logging_mixin.py:190} INFO - [2024-08-24T03:09:43.072+0000] {dagbag.py:587} INFO - Filling up the DagBag from /home/airflow/.local/lib/python3.12/site-packages/airflow/example_dags/example_complex.py
[2024-08-24T03:09:43.103+0000] {processor.py:925} INFO - DAG(s) 'example_complex' retrieved from /home/airflow/.local/lib/python3.12/site-packages/airflow/example_dags/example_complex.py
[2024-08-24T03:09:43.194+0000] {logging_mixin.py:190} INFO - [2024-08-24T03:09:43.194+0000] {dag.py:3211} INFO - Sync 1 DAGs
[2024-08-24T03:09:43.213+0000] {logging_mixin.py:190} INFO - [2024-08-24T03:09:43.213+0000] {dag.py:4138} INFO - Setting next_dagrun for example_complex to None, run_after=None
[2024-08-24T03:09:43.234+0000] {processor.py:208} INFO - Processing /home/airflow/.local/lib/python3.12/site-packages/airflow/example_dags/example_complex.py took 0.242 seconds
[2024-08-24T03:10:13.785+0000] {processor.py:186} INFO - Started process (PID=244) to work on /home/airflow/.local/lib/python3.12/site-packages/airflow/example_dags/example_complex.py
[2024-08-24T03:10:13.788+0000] {processor.py:914} INFO - Processing file /home/airflow/.local/lib/python3.12/site-packages/airflow/example_dags/example_complex.py for tasks to queue
[2024-08-24T03:10:13.791+0000] {logging_mixin.py:190} INFO - [2024-08-24T03:10:13.791+0000] {dagbag.py:587} INFO - Filling up the DagBag from /home/airflow/.local/lib/python3.12/site-packages/airflow/example_dags/example_complex.py
[2024-08-24T03:10:13.812+0000] {processor.py:925} INFO - DAG(s) 'example_complex' retrieved from /home/airflow/.local/lib/python3.12/site-packages/airflow/example_dags/example_complex.py
[2024-08-24T03:10:13.865+0000] {logging_mixin.py:190} INFO - [2024-08-24T03:10:13.865+0000] {dag.py:3211} INFO - Sync 1 DAGs
[2024-08-24T03:10:13.884+0000] {logging_mixin.py:190} INFO - [2024-08-24T03:10:13.884+0000] {dag.py:4138} INFO - Setting next_dagrun for example_complex to None, run_after=None
[2024-08-24T03:10:13.917+0000] {processor.py:208} INFO - Processing /home/airflow/.local/lib/python3.12/site-packages/airflow/example_dags/example_complex.py took 0.141 seconds
[2024-08-24T03:10:44.449+0000] {processor.py:186} INFO - Started process (PID=307) to work on /home/airflow/.local/lib/python3.12/site-packages/airflow/example_dags/example_complex.py
[2024-08-24T03:10:44.451+0000] {processor.py:914} INFO - Processing file /home/airflow/.local/lib/python3.12/site-packages/airflow/example_dags/example_complex.py for tasks to queue
[2024-08-24T03:10:44.455+0000] {logging_mixin.py:190} INFO - [2024-08-24T03:10:44.454+0000] {dagbag.py:587} INFO - Filling up the DagBag from /home/airflow/.local/lib/python3.12/site-packages/airflow/example_dags/example_complex.py
[2024-08-24T03:10:44.473+0000] {processor.py:925} INFO - DAG(s) 'example_complex' retrieved from /home/airflow/.local/lib/python3.12/site-packages/airflow/example_dags/example_complex.py
[2024-08-24T03:10:44.533+0000] {logging_mixin.py:190} INFO - [2024-08-24T03:10:44.533+0000] {dag.py:3211} INFO - Sync 1 DAGs
[2024-08-24T03:10:44.552+0000] {logging_mixin.py:190} INFO - [2024-08-24T03:10:44.552+0000] {dag.py:4138} INFO - Setting next_dagrun for example_complex to None, run_after=None
[2024-08-24T03:10:44.600+0000] {processor.py:208} INFO - Processing /home/airflow/.local/lib/python3.12/site-packages/airflow/example_dags/example_complex.py took 0.160 seconds
[2024-08-24T03:11:15.177+0000] {processor.py:186} INFO - Started process (PID=370) to work on /home/airflow/.local/lib/python3.12/site-packages/airflow/example_dags/example_complex.py
[2024-08-24T03:11:15.178+0000] {processor.py:914} INFO - Processing file /home/airflow/.local/lib/python3.12/site-packages/airflow/example_dags/example_complex.py for tasks to queue
[2024-08-24T03:11:15.181+0000] {logging_mixin.py:190} INFO - [2024-08-24T03:11:15.181+0000] {dagbag.py:587} INFO - Filling up the DagBag from /home/airflow/.local/lib/python3.12/site-packages/airflow/example_dags/example_complex.py
[2024-08-24T03:11:15.198+0000] {processor.py:925} INFO - DAG(s) 'example_complex' retrieved from /home/airflow/.local/lib/python3.12/site-packages/airflow/example_dags/example_complex.py
[2024-08-24T03:11:15.252+0000] {logging_mixin.py:190} INFO - [2024-08-24T03:11:15.252+0000] {dag.py:3211} INFO - Sync 1 DAGs
[2024-08-24T03:11:15.271+0000] {logging_mixin.py:190} INFO - [2024-08-24T03:11:15.270+0000] {dag.py:4138} INFO - Setting next_dagrun for example_complex to None, run_after=None
[2024-08-24T03:11:15.292+0000] {processor.py:208} INFO - Processing /home/airflow/.local/lib/python3.12/site-packages/airflow/example_dags/example_complex.py took 0.123 seconds
[2024-08-24T03:11:47.316+0000] {processor.py:186} INFO - Started process (PID=432) to work on /home/airflow/.local/lib/python3.12/site-packages/airflow/example_dags/example_complex.py
[2024-08-24T03:11:47.318+0000] {processor.py:914} INFO - Processing file /home/airflow/.local/lib/python3.12/site-packages/airflow/example_dags/example_complex.py for tasks to queue
[2024-08-24T03:11:47.359+0000] {logging_mixin.py:190} INFO - [2024-08-24T03:11:47.359+0000] {dagbag.py:587} INFO - Filling up the DagBag from /home/airflow/.local/lib/python3.12/site-packages/airflow/example_dags/example_complex.py
[2024-08-24T03:11:47.480+0000] {processor.py:925} INFO - DAG(s) 'example_complex' retrieved from /home/airflow/.local/lib/python3.12/site-packages/airflow/example_dags/example_complex.py
[2024-08-24T03:11:48.142+0000] {logging_mixin.py:190} INFO - [2024-08-24T03:11:48.126+0000] {dag.py:3211} INFO - Sync 1 DAGs
[2024-08-24T03:11:48.186+0000] {logging_mixin.py:190} INFO - [2024-08-24T03:11:48.186+0000] {dag.py:4138} INFO - Setting next_dagrun for example_complex to None, run_after=None
[2024-08-24T03:11:48.366+0000] {processor.py:208} INFO - Processing /home/airflow/.local/lib/python3.12/site-packages/airflow/example_dags/example_complex.py took 1.074 seconds
[2024-08-24T03:12:18.539+0000] {processor.py:186} INFO - Started process (PID=494) to work on /home/airflow/.local/lib/python3.12/site-packages/airflow/example_dags/example_complex.py
[2024-08-24T03:12:18.541+0000] {processor.py:914} INFO - Processing file /home/airflow/.local/lib/python3.12/site-packages/airflow/example_dags/example_complex.py for tasks to queue
[2024-08-24T03:12:18.546+0000] {logging_mixin.py:190} INFO - [2024-08-24T03:12:18.545+0000] {dagbag.py:587} INFO - Filling up the DagBag from /home/airflow/.local/lib/python3.12/site-packages/airflow/example_dags/example_complex.py
[2024-08-24T03:12:18.568+0000] {processor.py:925} INFO - DAG(s) 'example_complex' retrieved from /home/airflow/.local/lib/python3.12/site-packages/airflow/example_dags/example_complex.py
[2024-08-24T03:12:18.620+0000] {logging_mixin.py:190} INFO - [2024-08-24T03:12:18.620+0000] {dag.py:3211} INFO - Sync 1 DAGs
[2024-08-24T03:12:18.641+0000] {logging_mixin.py:190} INFO - [2024-08-24T03:12:18.640+0000] {dag.py:4138} INFO - Setting next_dagrun for example_complex to None, run_after=None
[2024-08-24T03:12:18.668+0000] {processor.py:208} INFO - Processing /home/airflow/.local/lib/python3.12/site-packages/airflow/example_dags/example_complex.py took 0.143 seconds
[2024-08-24T03:12:48.709+0000] {processor.py:186} INFO - Started process (PID=557) to work on /home/airflow/.local/lib/python3.12/site-packages/airflow/example_dags/example_complex.py
[2024-08-24T03:12:48.710+0000] {processor.py:914} INFO - Processing file /home/airflow/.local/lib/python3.12/site-packages/airflow/example_dags/example_complex.py for tasks to queue
[2024-08-24T03:12:48.714+0000] {logging_mixin.py:190} INFO - [2024-08-24T03:12:48.714+0000] {dagbag.py:587} INFO - Filling up the DagBag from /home/airflow/.local/lib/python3.12/site-packages/airflow/example_dags/example_complex.py
[2024-08-24T03:12:48.733+0000] {processor.py:925} INFO - DAG(s) 'example_complex' retrieved from /home/airflow/.local/lib/python3.12/site-packages/airflow/example_dags/example_complex.py
[2024-08-24T03:12:48.788+0000] {logging_mixin.py:190} INFO - [2024-08-24T03:12:48.788+0000] {dag.py:3211} INFO - Sync 1 DAGs
[2024-08-24T03:12:48.811+0000] {logging_mixin.py:190} INFO - [2024-08-24T03:12:48.810+0000] {dag.py:4138} INFO - Setting next_dagrun for example_complex to None, run_after=None
[2024-08-24T03:12:48.843+0000] {processor.py:208} INFO - Processing /home/airflow/.local/lib/python3.12/site-packages/airflow/example_dags/example_complex.py took 0.146 seconds
[2024-08-24T03:13:18.955+0000] {processor.py:186} INFO - Started process (PID=620) to work on /home/airflow/.local/lib/python3.12/site-packages/airflow/example_dags/example_complex.py
[2024-08-24T03:13:18.957+0000] {processor.py:914} INFO - Processing file /home/airflow/.local/lib/python3.12/site-packages/airflow/example_dags/example_complex.py for tasks to queue
[2024-08-24T03:13:18.960+0000] {logging_mixin.py:190} INFO - [2024-08-24T03:13:18.959+0000] {dagbag.py:587} INFO - Filling up the DagBag from /home/airflow/.local/lib/python3.12/site-packages/airflow/example_dags/example_complex.py
[2024-08-24T03:13:18.976+0000] {processor.py:925} INFO - DAG(s) 'example_complex' retrieved from /home/airflow/.local/lib/python3.12/site-packages/airflow/example_dags/example_complex.py
[2024-08-24T03:13:19.013+0000] {logging_mixin.py:190} INFO - [2024-08-24T03:13:19.013+0000] {dag.py:3211} INFO - Sync 1 DAGs
[2024-08-24T03:13:19.030+0000] {logging_mixin.py:190} INFO - [2024-08-24T03:13:19.030+0000] {dag.py:4138} INFO - Setting next_dagrun for example_complex to None, run_after=None
[2024-08-24T03:13:19.075+0000] {processor.py:208} INFO - Processing /home/airflow/.local/lib/python3.12/site-packages/airflow/example_dags/example_complex.py took 0.128 seconds
[2024-08-24T03:13:50.015+0000] {processor.py:186} INFO - Started process (PID=682) to work on /home/airflow/.local/lib/python3.12/site-packages/airflow/example_dags/example_complex.py
[2024-08-24T03:13:50.017+0000] {processor.py:914} INFO - Processing file /home/airflow/.local/lib/python3.12/site-packages/airflow/example_dags/example_complex.py for tasks to queue
[2024-08-24T03:13:50.021+0000] {logging_mixin.py:190} INFO - [2024-08-24T03:13:50.021+0000] {dagbag.py:587} INFO - Filling up the DagBag from /home/airflow/.local/lib/python3.12/site-packages/airflow/example_dags/example_complex.py
[2024-08-24T03:13:50.036+0000] {processor.py:925} INFO - DAG(s) 'example_complex' retrieved from /home/airflow/.local/lib/python3.12/site-packages/airflow/example_dags/example_complex.py
[2024-08-24T03:13:50.082+0000] {logging_mixin.py:190} INFO - [2024-08-24T03:13:50.082+0000] {dag.py:3211} INFO - Sync 1 DAGs
[2024-08-24T03:13:50.098+0000] {logging_mixin.py:190} INFO - [2024-08-24T03:13:50.097+0000] {dag.py:4138} INFO - Setting next_dagrun for example_complex to None, run_after=None
[2024-08-24T03:13:50.125+0000] {processor.py:208} INFO - Processing /home/airflow/.local/lib/python3.12/site-packages/airflow/example_dags/example_complex.py took 0.160 seconds
[2024-08-24T03:14:20.227+0000] {processor.py:186} INFO - Started process (PID=745) to work on /home/airflow/.local/lib/python3.12/site-packages/airflow/example_dags/example_complex.py
[2024-08-24T03:14:20.228+0000] {processor.py:914} INFO - Processing file /home/airflow/.local/lib/python3.12/site-packages/airflow/example_dags/example_complex.py for tasks to queue
[2024-08-24T03:14:20.232+0000] {logging_mixin.py:190} INFO - [2024-08-24T03:14:20.232+0000] {dagbag.py:587} INFO - Filling up the DagBag from /home/airflow/.local/lib/python3.12/site-packages/airflow/example_dags/example_complex.py
[2024-08-24T03:14:20.250+0000] {processor.py:925} INFO - DAG(s) 'example_complex' retrieved from /home/airflow/.local/lib/python3.12/site-packages/airflow/example_dags/example_complex.py
[2024-08-24T03:14:20.305+0000] {logging_mixin.py:190} INFO - [2024-08-24T03:14:20.305+0000] {dag.py:3211} INFO - Sync 1 DAGs
[2024-08-24T03:14:20.330+0000] {logging_mixin.py:190} INFO - [2024-08-24T03:14:20.330+0000] {dag.py:4138} INFO - Setting next_dagrun for example_complex to None, run_after=None
[2024-08-24T03:14:20.368+0000] {processor.py:208} INFO - Processing /home/airflow/.local/lib/python3.12/site-packages/airflow/example_dags/example_complex.py took 0.152 seconds
[2024-08-24T03:14:51.520+0000] {processor.py:186} INFO - Started process (PID=807) to work on /home/airflow/.local/lib/python3.12/site-packages/airflow/example_dags/example_complex.py
[2024-08-24T03:14:51.522+0000] {processor.py:914} INFO - Processing file /home/airflow/.local/lib/python3.12/site-packages/airflow/example_dags/example_complex.py for tasks to queue
[2024-08-24T03:14:51.525+0000] {logging_mixin.py:190} INFO - [2024-08-24T03:14:51.525+0000] {dagbag.py:587} INFO - Filling up the DagBag from /home/airflow/.local/lib/python3.12/site-packages/airflow/example_dags/example_complex.py
[2024-08-24T03:14:51.542+0000] {processor.py:925} INFO - DAG(s) 'example_complex' retrieved from /home/airflow/.local/lib/python3.12/site-packages/airflow/example_dags/example_complex.py
[2024-08-24T03:14:51.584+0000] {logging_mixin.py:190} INFO - [2024-08-24T03:14:51.584+0000] {dag.py:3211} INFO - Sync 1 DAGs
[2024-08-24T03:14:51.606+0000] {logging_mixin.py:190} INFO - [2024-08-24T03:14:51.605+0000] {dag.py:4138} INFO - Setting next_dagrun for example_complex to None, run_after=None
[2024-08-24T03:14:51.634+0000] {processor.py:208} INFO - Processing /home/airflow/.local/lib/python3.12/site-packages/airflow/example_dags/example_complex.py took 0.122 seconds
[2024-08-24T03:15:22.333+0000] {processor.py:186} INFO - Started process (PID=870) to work on /home/airflow/.local/lib/python3.12/site-packages/airflow/example_dags/example_complex.py
[2024-08-24T03:15:22.336+0000] {processor.py:914} INFO - Processing file /home/airflow/.local/lib/python3.12/site-packages/airflow/example_dags/example_complex.py for tasks to queue
[2024-08-24T03:15:22.339+0000] {logging_mixin.py:190} INFO - [2024-08-24T03:15:22.339+0000] {dagbag.py:587} INFO - Filling up the DagBag from /home/airflow/.local/lib/python3.12/site-packages/airflow/example_dags/example_complex.py
[2024-08-24T03:15:22.355+0000] {processor.py:925} INFO - DAG(s) 'example_complex' retrieved from /home/airflow/.local/lib/python3.12/site-packages/airflow/example_dags/example_complex.py
[2024-08-24T03:15:22.400+0000] {logging_mixin.py:190} INFO - [2024-08-24T03:15:22.400+0000] {dag.py:3211} INFO - Sync 1 DAGs
[2024-08-24T03:15:22.418+0000] {logging_mixin.py:190} INFO - [2024-08-24T03:15:22.418+0000] {dag.py:4138} INFO - Setting next_dagrun for example_complex to None, run_after=None
[2024-08-24T03:15:22.448+0000] {processor.py:208} INFO - Processing /home/airflow/.local/lib/python3.12/site-packages/airflow/example_dags/example_complex.py took 0.125 seconds
[2024-08-24T03:23:31.980+0000] {processor.py:186} INFO - Started process (PID=112) to work on /home/airflow/.local/lib/python3.12/site-packages/airflow/example_dags/example_complex.py
[2024-08-24T03:23:32.131+0000] {processor.py:914} INFO - Processing file /home/airflow/.local/lib/python3.12/site-packages/airflow/example_dags/example_complex.py for tasks to queue
[2024-08-24T03:23:32.173+0000] {logging_mixin.py:190} INFO - [2024-08-24T03:23:32.172+0000] {dagbag.py:587} INFO - Filling up the DagBag from /home/airflow/.local/lib/python3.12/site-packages/airflow/example_dags/example_complex.py
[2024-08-24T03:23:32.505+0000] {processor.py:925} INFO - DAG(s) 'example_complex' retrieved from /home/airflow/.local/lib/python3.12/site-packages/airflow/example_dags/example_complex.py
[2024-08-24T03:23:37.490+0000] {logging_mixin.py:190} INFO - [2024-08-24T03:23:37.465+0000] {dag.py:3211} INFO - Sync 1 DAGs
[2024-08-24T03:23:43.132+0000] {logging_mixin.py:190} INFO - [2024-08-24T03:23:43.131+0000] {dag.py:4138} INFO - Setting next_dagrun for example_complex to None, run_after=None
[2024-08-24T03:23:46.010+0000] {processor.py:208} INFO - Processing /home/airflow/.local/lib/python3.12/site-packages/airflow/example_dags/example_complex.py took 14.170 seconds
[2024-08-24T03:37:03.858+0000] {processor.py:186} INFO - Started process (PID=83) to work on /home/airflow/.local/lib/python3.12/site-packages/airflow/example_dags/example_complex.py
[2024-08-24T03:37:03.889+0000] {processor.py:914} INFO - Processing file /home/airflow/.local/lib/python3.12/site-packages/airflow/example_dags/example_complex.py for tasks to queue
[2024-08-24T03:37:03.892+0000] {logging_mixin.py:190} INFO - [2024-08-24T03:37:03.892+0000] {dagbag.py:587} INFO - Filling up the DagBag from /home/airflow/.local/lib/python3.12/site-packages/airflow/example_dags/example_complex.py
[2024-08-24T03:37:03.913+0000] {processor.py:925} INFO - DAG(s) 'example_complex' retrieved from /home/airflow/.local/lib/python3.12/site-packages/airflow/example_dags/example_complex.py
[2024-08-24T03:37:04.329+0000] {logging_mixin.py:190} INFO - [2024-08-24T03:37:04.327+0000] {dag.py:3211} INFO - Sync 1 DAGs
[2024-08-24T03:37:06.053+0000] {logging_mixin.py:190} INFO - [2024-08-24T03:37:06.053+0000] {dag.py:4138} INFO - Setting next_dagrun for example_complex to None, run_after=None
[2024-08-24T03:37:06.256+0000] {processor.py:208} INFO - Processing /home/airflow/.local/lib/python3.12/site-packages/airflow/example_dags/example_complex.py took 2.428 seconds
[2024-08-24T18:11:28.731+0000] {processor.py:186} INFO - Started process (PID=76) to work on /home/airflow/.local/lib/python3.12/site-packages/airflow/example_dags/example_complex.py
[2024-08-24T18:11:28.739+0000] {processor.py:914} INFO - Processing file /home/airflow/.local/lib/python3.12/site-packages/airflow/example_dags/example_complex.py for tasks to queue
[2024-08-24T18:11:28.743+0000] {logging_mixin.py:190} INFO - [2024-08-24T18:11:28.742+0000] {dagbag.py:587} INFO - Filling up the DagBag from /home/airflow/.local/lib/python3.12/site-packages/airflow/example_dags/example_complex.py
[2024-08-24T18:11:28.785+0000] {processor.py:925} INFO - DAG(s) 'example_complex' retrieved from /home/airflow/.local/lib/python3.12/site-packages/airflow/example_dags/example_complex.py
[2024-08-24T18:11:28.959+0000] {logging_mixin.py:190} INFO - [2024-08-24T18:11:28.959+0000] {dag.py:3211} INFO - Sync 1 DAGs
[2024-08-24T18:11:28.988+0000] {logging_mixin.py:190} INFO - [2024-08-24T18:11:28.988+0000] {dag.py:4138} INFO - Setting next_dagrun for example_complex to None, run_after=None
[2024-08-24T18:11:29.039+0000] {processor.py:208} INFO - Processing /home/airflow/.local/lib/python3.12/site-packages/airflow/example_dags/example_complex.py took 0.421 seconds
[2024-08-24T18:12:00.065+0000] {processor.py:186} INFO - Started process (PID=139) to work on /home/airflow/.local/lib/python3.12/site-packages/airflow/example_dags/example_complex.py
[2024-08-24T18:12:00.070+0000] {processor.py:914} INFO - Processing file /home/airflow/.local/lib/python3.12/site-packages/airflow/example_dags/example_complex.py for tasks to queue
[2024-08-24T18:12:00.074+0000] {logging_mixin.py:190} INFO - [2024-08-24T18:12:00.073+0000] {dagbag.py:587} INFO - Filling up the DagBag from /home/airflow/.local/lib/python3.12/site-packages/airflow/example_dags/example_complex.py
[2024-08-24T18:12:00.096+0000] {processor.py:925} INFO - DAG(s) 'example_complex' retrieved from /home/airflow/.local/lib/python3.12/site-packages/airflow/example_dags/example_complex.py
[2024-08-24T18:12:00.874+0000] {logging_mixin.py:190} INFO - [2024-08-24T18:12:00.874+0000] {dag.py:3211} INFO - Sync 1 DAGs
[2024-08-24T18:12:00.923+0000] {logging_mixin.py:190} INFO - [2024-08-24T18:12:00.922+0000] {dag.py:4138} INFO - Setting next_dagrun for example_complex to None, run_after=None
[2024-08-24T18:12:00.976+0000] {processor.py:208} INFO - Processing /home/airflow/.local/lib/python3.12/site-packages/airflow/example_dags/example_complex.py took 0.941 seconds
[2024-08-24T18:12:31.240+0000] {processor.py:186} INFO - Started process (PID=201) to work on /home/airflow/.local/lib/python3.12/site-packages/airflow/example_dags/example_complex.py
[2024-08-24T18:12:31.245+0000] {processor.py:914} INFO - Processing file /home/airflow/.local/lib/python3.12/site-packages/airflow/example_dags/example_complex.py for tasks to queue
[2024-08-24T18:12:31.250+0000] {logging_mixin.py:190} INFO - [2024-08-24T18:12:31.248+0000] {dagbag.py:587} INFO - Filling up the DagBag from /home/airflow/.local/lib/python3.12/site-packages/airflow/example_dags/example_complex.py
[2024-08-24T18:12:31.277+0000] {processor.py:925} INFO - DAG(s) 'example_complex' retrieved from /home/airflow/.local/lib/python3.12/site-packages/airflow/example_dags/example_complex.py
[2024-08-24T18:12:31.334+0000] {logging_mixin.py:190} INFO - [2024-08-24T18:12:31.334+0000] {dag.py:3211} INFO - Sync 1 DAGs
[2024-08-24T18:12:31.356+0000] {logging_mixin.py:190} INFO - [2024-08-24T18:12:31.356+0000] {dag.py:4138} INFO - Setting next_dagrun for example_complex to None, run_after=None
[2024-08-24T18:12:31.397+0000] {processor.py:208} INFO - Processing /home/airflow/.local/lib/python3.12/site-packages/airflow/example_dags/example_complex.py took 0.165 seconds
[2024-08-24T18:13:09.030+0000] {processor.py:186} INFO - Started process (PID=271) to work on /home/airflow/.local/lib/python3.12/site-packages/airflow/example_dags/example_complex.py
[2024-08-24T18:13:09.044+0000] {processor.py:914} INFO - Processing file /home/airflow/.local/lib/python3.12/site-packages/airflow/example_dags/example_complex.py for tasks to queue
[2024-08-24T18:13:09.069+0000] {logging_mixin.py:190} INFO - [2024-08-24T18:13:09.051+0000] {dagbag.py:587} INFO - Filling up the DagBag from /home/airflow/.local/lib/python3.12/site-packages/airflow/example_dags/example_complex.py
[2024-08-24T18:13:09.427+0000] {processor.py:925} INFO - DAG(s) 'example_complex' retrieved from /home/airflow/.local/lib/python3.12/site-packages/airflow/example_dags/example_complex.py
[2024-08-24T18:13:10.890+0000] {logging_mixin.py:190} INFO - [2024-08-24T18:13:10.847+0000] {dag.py:3211} INFO - Sync 1 DAGs
[2024-08-24T18:13:10.967+0000] {logging_mixin.py:190} INFO - [2024-08-24T18:13:10.967+0000] {dag.py:4138} INFO - Setting next_dagrun for example_complex to None, run_after=None
[2024-08-24T18:13:11.159+0000] {processor.py:208} INFO - Processing /home/airflow/.local/lib/python3.12/site-packages/airflow/example_dags/example_complex.py took 2.165 seconds
[2024-08-24T18:13:53.221+0000] {processor.py:186} INFO - Started process (PID=335) to work on /home/airflow/.local/lib/python3.12/site-packages/airflow/example_dags/example_complex.py
[2024-08-24T18:13:53.225+0000] {processor.py:914} INFO - Processing file /home/airflow/.local/lib/python3.12/site-packages/airflow/example_dags/example_complex.py for tasks to queue
[2024-08-24T18:13:53.231+0000] {logging_mixin.py:190} INFO - [2024-08-24T18:13:53.230+0000] {dagbag.py:587} INFO - Filling up the DagBag from /home/airflow/.local/lib/python3.12/site-packages/airflow/example_dags/example_complex.py
[2024-08-24T18:13:53.308+0000] {processor.py:925} INFO - DAG(s) 'example_complex' retrieved from /home/airflow/.local/lib/python3.12/site-packages/airflow/example_dags/example_complex.py
[2024-08-24T18:13:53.639+0000] {logging_mixin.py:190} INFO - [2024-08-24T18:13:53.638+0000] {dag.py:3211} INFO - Sync 1 DAGs
[2024-08-24T18:13:53.665+0000] {logging_mixin.py:190} INFO - [2024-08-24T18:13:53.664+0000] {dag.py:4138} INFO - Setting next_dagrun for example_complex to None, run_after=None
[2024-08-24T18:13:53.781+0000] {processor.py:208} INFO - Processing /home/airflow/.local/lib/python3.12/site-packages/airflow/example_dags/example_complex.py took 0.575 seconds
[2024-08-24T18:14:24.438+0000] {processor.py:186} INFO - Started process (PID=398) to work on /home/airflow/.local/lib/python3.12/site-packages/airflow/example_dags/example_complex.py
[2024-08-24T18:14:24.442+0000] {processor.py:914} INFO - Processing file /home/airflow/.local/lib/python3.12/site-packages/airflow/example_dags/example_complex.py for tasks to queue
[2024-08-24T18:14:24.454+0000] {logging_mixin.py:190} INFO - [2024-08-24T18:14:24.451+0000] {dagbag.py:587} INFO - Filling up the DagBag from /home/airflow/.local/lib/python3.12/site-packages/airflow/example_dags/example_complex.py
[2024-08-24T18:14:24.478+0000] {processor.py:925} INFO - DAG(s) 'example_complex' retrieved from /home/airflow/.local/lib/python3.12/site-packages/airflow/example_dags/example_complex.py
[2024-08-24T18:14:24.628+0000] {logging_mixin.py:190} INFO - [2024-08-24T18:14:24.627+0000] {dag.py:3211} INFO - Sync 1 DAGs
[2024-08-24T18:14:24.675+0000] {logging_mixin.py:190} INFO - [2024-08-24T18:14:24.674+0000] {dag.py:4138} INFO - Setting next_dagrun for example_complex to None, run_after=None
[2024-08-24T18:14:24.728+0000] {processor.py:208} INFO - Processing /home/airflow/.local/lib/python3.12/site-packages/airflow/example_dags/example_complex.py took 0.299 seconds
