[2024-08-24T03:09:29.587+0000] {processor.py:186} INFO - Started process (PID=133) to work on /home/airflow/.local/lib/python3.12/site-packages/airflow/example_dags/example_python_decorator.py
[2024-08-24T03:09:29.588+0000] {processor.py:914} INFO - Processing file /home/airflow/.local/lib/python3.12/site-packages/airflow/example_dags/example_python_decorator.py for tasks to queue
[2024-08-24T03:09:29.591+0000] {logging_mixin.py:190} INFO - [2024-08-24T03:09:29.591+0000] {dagbag.py:587} INFO - Filling up the DagBag from /home/airflow/.local/lib/python3.12/site-packages/airflow/example_dags/example_python_decorator.py
[2024-08-24T03:09:29.749+0000] {processor.py:925} INFO - DAG(s) 'example_python_decorator' retrieved from /home/airflow/.local/lib/python3.12/site-packages/airflow/example_dags/example_python_decorator.py
[2024-08-24T03:09:30.925+0000] {logging_mixin.py:190} INFO - [2024-08-24T03:09:30.924+0000] {override.py:1858} INFO - Created Permission View: can delete on DAG:example_python_decorator
[2024-08-24T03:09:30.964+0000] {logging_mixin.py:190} INFO - [2024-08-24T03:09:30.963+0000] {override.py:1858} INFO - Created Permission View: can read on DAG:example_python_decorator
[2024-08-24T03:09:30.979+0000] {logging_mixin.py:190} INFO - [2024-08-24T03:09:30.979+0000] {override.py:1858} INFO - Created Permission View: can edit on DAG:example_python_decorator
[2024-08-24T03:09:30.980+0000] {logging_mixin.py:190} INFO - [2024-08-24T03:09:30.980+0000] {dag.py:3211} INFO - Sync 1 DAGs
[2024-08-24T03:09:31.016+0000] {logging_mixin.py:190} INFO - [2024-08-24T03:09:31.015+0000] {dag.py:3234} INFO - Creating ORM DAG for example_python_decorator
[2024-08-24T03:09:31.016+0000] {logging_mixin.py:190} INFO - [2024-08-24T03:09:31.016+0000] {dag.py:4138} INFO - Setting next_dagrun for example_python_decorator to None, run_after=None
[2024-08-24T03:09:31.048+0000] {processor.py:208} INFO - Processing /home/airflow/.local/lib/python3.12/site-packages/airflow/example_dags/example_python_decorator.py took 1.510 seconds
[2024-08-24T03:10:01.636+0000] {processor.py:186} INFO - Started process (PID=197) to work on /home/airflow/.local/lib/python3.12/site-packages/airflow/example_dags/example_python_decorator.py
[2024-08-24T03:10:01.638+0000] {processor.py:914} INFO - Processing file /home/airflow/.local/lib/python3.12/site-packages/airflow/example_dags/example_python_decorator.py for tasks to queue
[2024-08-24T03:10:01.645+0000] {logging_mixin.py:190} INFO - [2024-08-24T03:10:01.644+0000] {dagbag.py:587} INFO - Filling up the DagBag from /home/airflow/.local/lib/python3.12/site-packages/airflow/example_dags/example_python_decorator.py
[2024-08-24T03:10:01.666+0000] {processor.py:925} INFO - DAG(s) 'example_python_decorator' retrieved from /home/airflow/.local/lib/python3.12/site-packages/airflow/example_dags/example_python_decorator.py
[2024-08-24T03:10:01.696+0000] {logging_mixin.py:190} INFO - [2024-08-24T03:10:01.696+0000] {dag.py:3211} INFO - Sync 1 DAGs
[2024-08-24T03:10:01.716+0000] {logging_mixin.py:190} INFO - [2024-08-24T03:10:01.716+0000] {dag.py:4138} INFO - Setting next_dagrun for example_python_decorator to None, run_after=None
[2024-08-24T03:10:01.740+0000] {processor.py:208} INFO - Processing /home/airflow/.local/lib/python3.12/site-packages/airflow/example_dags/example_python_decorator.py took 0.113 seconds
[2024-08-24T03:10:32.094+0000] {processor.py:186} INFO - Started process (PID=259) to work on /home/airflow/.local/lib/python3.12/site-packages/airflow/example_dags/example_python_decorator.py
[2024-08-24T03:10:32.096+0000] {processor.py:914} INFO - Processing file /home/airflow/.local/lib/python3.12/site-packages/airflow/example_dags/example_python_decorator.py for tasks to queue
[2024-08-24T03:10:32.100+0000] {logging_mixin.py:190} INFO - [2024-08-24T03:10:32.099+0000] {dagbag.py:587} INFO - Filling up the DagBag from /home/airflow/.local/lib/python3.12/site-packages/airflow/example_dags/example_python_decorator.py
[2024-08-24T03:10:32.126+0000] {processor.py:925} INFO - DAG(s) 'example_python_decorator' retrieved from /home/airflow/.local/lib/python3.12/site-packages/airflow/example_dags/example_python_decorator.py
[2024-08-24T03:10:32.209+0000] {logging_mixin.py:190} INFO - [2024-08-24T03:10:32.186+0000] {dag.py:3211} INFO - Sync 1 DAGs
[2024-08-24T03:10:32.226+0000] {logging_mixin.py:190} INFO - [2024-08-24T03:10:32.226+0000] {dag.py:4138} INFO - Setting next_dagrun for example_python_decorator to None, run_after=None
[2024-08-24T03:10:32.333+0000] {processor.py:208} INFO - Processing /home/airflow/.local/lib/python3.12/site-packages/airflow/example_dags/example_python_decorator.py took 0.251 seconds
[2024-08-24T03:11:02.875+0000] {processor.py:186} INFO - Started process (PID=322) to work on /home/airflow/.local/lib/python3.12/site-packages/airflow/example_dags/example_python_decorator.py
[2024-08-24T03:11:02.878+0000] {processor.py:914} INFO - Processing file /home/airflow/.local/lib/python3.12/site-packages/airflow/example_dags/example_python_decorator.py for tasks to queue
[2024-08-24T03:11:02.889+0000] {logging_mixin.py:190} INFO - [2024-08-24T03:11:02.888+0000] {dagbag.py:587} INFO - Filling up the DagBag from /home/airflow/.local/lib/python3.12/site-packages/airflow/example_dags/example_python_decorator.py
[2024-08-24T03:11:02.908+0000] {processor.py:925} INFO - DAG(s) 'example_python_decorator' retrieved from /home/airflow/.local/lib/python3.12/site-packages/airflow/example_dags/example_python_decorator.py
[2024-08-24T03:11:02.949+0000] {logging_mixin.py:190} INFO - [2024-08-24T03:11:02.949+0000] {dag.py:3211} INFO - Sync 1 DAGs
[2024-08-24T03:11:02.975+0000] {logging_mixin.py:190} INFO - [2024-08-24T03:11:02.974+0000] {dag.py:4138} INFO - Setting next_dagrun for example_python_decorator to None, run_after=None
[2024-08-24T03:11:03.005+0000] {processor.py:208} INFO - Processing /home/airflow/.local/lib/python3.12/site-packages/airflow/example_dags/example_python_decorator.py took 0.140 seconds
[2024-08-24T03:11:33.968+0000] {processor.py:186} INFO - Started process (PID=385) to work on /home/airflow/.local/lib/python3.12/site-packages/airflow/example_dags/example_python_decorator.py
[2024-08-24T03:11:33.970+0000] {processor.py:914} INFO - Processing file /home/airflow/.local/lib/python3.12/site-packages/airflow/example_dags/example_python_decorator.py for tasks to queue
[2024-08-24T03:11:33.974+0000] {logging_mixin.py:190} INFO - [2024-08-24T03:11:33.973+0000] {dagbag.py:587} INFO - Filling up the DagBag from /home/airflow/.local/lib/python3.12/site-packages/airflow/example_dags/example_python_decorator.py
[2024-08-24T03:11:33.999+0000] {processor.py:925} INFO - DAG(s) 'example_python_decorator' retrieved from /home/airflow/.local/lib/python3.12/site-packages/airflow/example_dags/example_python_decorator.py
[2024-08-24T03:11:34.039+0000] {logging_mixin.py:190} INFO - [2024-08-24T03:11:34.038+0000] {dag.py:3211} INFO - Sync 1 DAGs
[2024-08-24T03:11:34.066+0000] {logging_mixin.py:190} INFO - [2024-08-24T03:11:34.066+0000] {dag.py:4138} INFO - Setting next_dagrun for example_python_decorator to None, run_after=None
[2024-08-24T03:11:34.098+0000] {processor.py:208} INFO - Processing /home/airflow/.local/lib/python3.12/site-packages/airflow/example_dags/example_python_decorator.py took 0.140 seconds
[2024-08-24T03:12:04.883+0000] {processor.py:186} INFO - Started process (PID=447) to work on /home/airflow/.local/lib/python3.12/site-packages/airflow/example_dags/example_python_decorator.py
[2024-08-24T03:12:04.886+0000] {processor.py:914} INFO - Processing file /home/airflow/.local/lib/python3.12/site-packages/airflow/example_dags/example_python_decorator.py for tasks to queue
[2024-08-24T03:12:04.890+0000] {logging_mixin.py:190} INFO - [2024-08-24T03:12:04.889+0000] {dagbag.py:587} INFO - Filling up the DagBag from /home/airflow/.local/lib/python3.12/site-packages/airflow/example_dags/example_python_decorator.py
[2024-08-24T03:12:04.981+0000] {processor.py:925} INFO - DAG(s) 'example_python_decorator' retrieved from /home/airflow/.local/lib/python3.12/site-packages/airflow/example_dags/example_python_decorator.py
[2024-08-24T03:12:05.499+0000] {logging_mixin.py:190} INFO - [2024-08-24T03:12:05.456+0000] {dag.py:3211} INFO - Sync 1 DAGs
[2024-08-24T03:12:05.546+0000] {logging_mixin.py:190} INFO - [2024-08-24T03:12:05.545+0000] {dag.py:4138} INFO - Setting next_dagrun for example_python_decorator to None, run_after=None
[2024-08-24T03:12:05.744+0000] {processor.py:208} INFO - Processing /home/airflow/.local/lib/python3.12/site-packages/airflow/example_dags/example_python_decorator.py took 0.907 seconds
[2024-08-24T03:12:36.025+0000] {processor.py:186} INFO - Started process (PID=511) to work on /home/airflow/.local/lib/python3.12/site-packages/airflow/example_dags/example_python_decorator.py
[2024-08-24T03:12:36.028+0000] {processor.py:914} INFO - Processing file /home/airflow/.local/lib/python3.12/site-packages/airflow/example_dags/example_python_decorator.py for tasks to queue
[2024-08-24T03:12:36.033+0000] {logging_mixin.py:190} INFO - [2024-08-24T03:12:36.033+0000] {dagbag.py:587} INFO - Filling up the DagBag from /home/airflow/.local/lib/python3.12/site-packages/airflow/example_dags/example_python_decorator.py
[2024-08-24T03:12:36.081+0000] {processor.py:925} INFO - DAG(s) 'example_python_decorator' retrieved from /home/airflow/.local/lib/python3.12/site-packages/airflow/example_dags/example_python_decorator.py
[2024-08-24T03:12:36.126+0000] {logging_mixin.py:190} INFO - [2024-08-24T03:12:36.126+0000] {dag.py:3211} INFO - Sync 1 DAGs
[2024-08-24T03:12:36.145+0000] {logging_mixin.py:190} INFO - [2024-08-24T03:12:36.144+0000] {dag.py:4138} INFO - Setting next_dagrun for example_python_decorator to None, run_after=None
[2024-08-24T03:12:36.188+0000] {processor.py:208} INFO - Processing /home/airflow/.local/lib/python3.12/site-packages/airflow/example_dags/example_python_decorator.py took 0.176 seconds
[2024-08-24T03:13:06.276+0000] {processor.py:186} INFO - Started process (PID=574) to work on /home/airflow/.local/lib/python3.12/site-packages/airflow/example_dags/example_python_decorator.py
[2024-08-24T03:13:06.279+0000] {processor.py:914} INFO - Processing file /home/airflow/.local/lib/python3.12/site-packages/airflow/example_dags/example_python_decorator.py for tasks to queue
[2024-08-24T03:13:06.287+0000] {logging_mixin.py:190} INFO - [2024-08-24T03:13:06.286+0000] {dagbag.py:587} INFO - Filling up the DagBag from /home/airflow/.local/lib/python3.12/site-packages/airflow/example_dags/example_python_decorator.py
[2024-08-24T03:13:06.342+0000] {processor.py:925} INFO - DAG(s) 'example_python_decorator' retrieved from /home/airflow/.local/lib/python3.12/site-packages/airflow/example_dags/example_python_decorator.py
[2024-08-24T03:13:06.471+0000] {logging_mixin.py:190} INFO - [2024-08-24T03:13:06.470+0000] {dag.py:3211} INFO - Sync 1 DAGs
[2024-08-24T03:13:06.540+0000] {logging_mixin.py:190} INFO - [2024-08-24T03:13:06.539+0000] {dag.py:4138} INFO - Setting next_dagrun for example_python_decorator to None, run_after=None
[2024-08-24T03:13:06.630+0000] {processor.py:208} INFO - Processing /home/airflow/.local/lib/python3.12/site-packages/airflow/example_dags/example_python_decorator.py took 0.374 seconds
[2024-08-24T03:13:36.813+0000] {processor.py:186} INFO - Started process (PID=636) to work on /home/airflow/.local/lib/python3.12/site-packages/airflow/example_dags/example_python_decorator.py
[2024-08-24T03:13:36.815+0000] {processor.py:914} INFO - Processing file /home/airflow/.local/lib/python3.12/site-packages/airflow/example_dags/example_python_decorator.py for tasks to queue
[2024-08-24T03:13:36.820+0000] {logging_mixin.py:190} INFO - [2024-08-24T03:13:36.819+0000] {dagbag.py:587} INFO - Filling up the DagBag from /home/airflow/.local/lib/python3.12/site-packages/airflow/example_dags/example_python_decorator.py
[2024-08-24T03:13:36.846+0000] {processor.py:925} INFO - DAG(s) 'example_python_decorator' retrieved from /home/airflow/.local/lib/python3.12/site-packages/airflow/example_dags/example_python_decorator.py
[2024-08-24T03:13:36.885+0000] {logging_mixin.py:190} INFO - [2024-08-24T03:13:36.885+0000] {dag.py:3211} INFO - Sync 1 DAGs
[2024-08-24T03:13:36.904+0000] {logging_mixin.py:190} INFO - [2024-08-24T03:13:36.904+0000] {dag.py:4138} INFO - Setting next_dagrun for example_python_decorator to None, run_after=None
[2024-08-24T03:13:36.935+0000] {processor.py:208} INFO - Processing /home/airflow/.local/lib/python3.12/site-packages/airflow/example_dags/example_python_decorator.py took 0.131 seconds
[2024-08-24T03:14:07.284+0000] {processor.py:186} INFO - Started process (PID=697) to work on /home/airflow/.local/lib/python3.12/site-packages/airflow/example_dags/example_python_decorator.py
[2024-08-24T03:14:07.285+0000] {processor.py:914} INFO - Processing file /home/airflow/.local/lib/python3.12/site-packages/airflow/example_dags/example_python_decorator.py for tasks to queue
[2024-08-24T03:14:07.288+0000] {logging_mixin.py:190} INFO - [2024-08-24T03:14:07.288+0000] {dagbag.py:587} INFO - Filling up the DagBag from /home/airflow/.local/lib/python3.12/site-packages/airflow/example_dags/example_python_decorator.py
[2024-08-24T03:14:07.320+0000] {processor.py:925} INFO - DAG(s) 'example_python_decorator' retrieved from /home/airflow/.local/lib/python3.12/site-packages/airflow/example_dags/example_python_decorator.py
[2024-08-24T03:14:07.381+0000] {logging_mixin.py:190} INFO - [2024-08-24T03:14:07.381+0000] {dag.py:3211} INFO - Sync 1 DAGs
[2024-08-24T03:14:07.412+0000] {logging_mixin.py:190} INFO - [2024-08-24T03:14:07.412+0000] {dag.py:4138} INFO - Setting next_dagrun for example_python_decorator to None, run_after=None
[2024-08-24T03:14:07.445+0000] {processor.py:208} INFO - Processing /home/airflow/.local/lib/python3.12/site-packages/airflow/example_dags/example_python_decorator.py took 0.177 seconds
[2024-08-24T03:14:37.592+0000] {processor.py:186} INFO - Started process (PID=760) to work on /home/airflow/.local/lib/python3.12/site-packages/airflow/example_dags/example_python_decorator.py
[2024-08-24T03:14:37.594+0000] {processor.py:914} INFO - Processing file /home/airflow/.local/lib/python3.12/site-packages/airflow/example_dags/example_python_decorator.py for tasks to queue
[2024-08-24T03:14:37.600+0000] {logging_mixin.py:190} INFO - [2024-08-24T03:14:37.599+0000] {dagbag.py:587} INFO - Filling up the DagBag from /home/airflow/.local/lib/python3.12/site-packages/airflow/example_dags/example_python_decorator.py
[2024-08-24T03:14:37.641+0000] {processor.py:925} INFO - DAG(s) 'example_python_decorator' retrieved from /home/airflow/.local/lib/python3.12/site-packages/airflow/example_dags/example_python_decorator.py
[2024-08-24T03:14:37.681+0000] {logging_mixin.py:190} INFO - [2024-08-24T03:14:37.680+0000] {dag.py:3211} INFO - Sync 1 DAGs
[2024-08-24T03:14:37.706+0000] {logging_mixin.py:190} INFO - [2024-08-24T03:14:37.706+0000] {dag.py:4138} INFO - Setting next_dagrun for example_python_decorator to None, run_after=None
[2024-08-24T03:14:37.733+0000] {processor.py:208} INFO - Processing /home/airflow/.local/lib/python3.12/site-packages/airflow/example_dags/example_python_decorator.py took 0.156 seconds
[2024-08-24T03:15:08.442+0000] {processor.py:186} INFO - Started process (PID=822) to work on /home/airflow/.local/lib/python3.12/site-packages/airflow/example_dags/example_python_decorator.py
[2024-08-24T03:15:08.443+0000] {processor.py:914} INFO - Processing file /home/airflow/.local/lib/python3.12/site-packages/airflow/example_dags/example_python_decorator.py for tasks to queue
[2024-08-24T03:15:08.446+0000] {logging_mixin.py:190} INFO - [2024-08-24T03:15:08.445+0000] {dagbag.py:587} INFO - Filling up the DagBag from /home/airflow/.local/lib/python3.12/site-packages/airflow/example_dags/example_python_decorator.py
[2024-08-24T03:15:08.484+0000] {processor.py:925} INFO - DAG(s) 'example_python_decorator' retrieved from /home/airflow/.local/lib/python3.12/site-packages/airflow/example_dags/example_python_decorator.py
[2024-08-24T03:15:08.537+0000] {logging_mixin.py:190} INFO - [2024-08-24T03:15:08.537+0000] {dag.py:3211} INFO - Sync 1 DAGs
[2024-08-24T03:15:08.556+0000] {logging_mixin.py:190} INFO - [2024-08-24T03:15:08.556+0000] {dag.py:4138} INFO - Setting next_dagrun for example_python_decorator to None, run_after=None
[2024-08-24T03:15:08.606+0000] {processor.py:208} INFO - Processing /home/airflow/.local/lib/python3.12/site-packages/airflow/example_dags/example_python_decorator.py took 0.206 seconds
[2024-08-24T03:15:39.118+0000] {processor.py:186} INFO - Started process (PID=885) to work on /home/airflow/.local/lib/python3.12/site-packages/airflow/example_dags/example_python_decorator.py
[2024-08-24T03:15:39.121+0000] {processor.py:914} INFO - Processing file /home/airflow/.local/lib/python3.12/site-packages/airflow/example_dags/example_python_decorator.py for tasks to queue
[2024-08-24T03:15:39.124+0000] {logging_mixin.py:190} INFO - [2024-08-24T03:15:39.124+0000] {dagbag.py:587} INFO - Filling up the DagBag from /home/airflow/.local/lib/python3.12/site-packages/airflow/example_dags/example_python_decorator.py
[2024-08-24T03:15:39.149+0000] {processor.py:925} INFO - DAG(s) 'example_python_decorator' retrieved from /home/airflow/.local/lib/python3.12/site-packages/airflow/example_dags/example_python_decorator.py
[2024-08-24T03:15:39.193+0000] {logging_mixin.py:190} INFO - [2024-08-24T03:15:39.192+0000] {dag.py:3211} INFO - Sync 1 DAGs
[2024-08-24T03:15:39.211+0000] {logging_mixin.py:190} INFO - [2024-08-24T03:15:39.211+0000] {dag.py:4138} INFO - Setting next_dagrun for example_python_decorator to None, run_after=None
[2024-08-24T03:15:39.247+0000] {processor.py:208} INFO - Processing /home/airflow/.local/lib/python3.12/site-packages/airflow/example_dags/example_python_decorator.py took 0.142 seconds
[2024-08-24T03:27:28.594+0000] {processor.py:186} INFO - Started process (PID=140) to work on /home/airflow/.local/lib/python3.12/site-packages/airflow/example_dags/example_python_decorator.py
[2024-08-24T03:27:28.717+0000] {processor.py:914} INFO - Processing file /home/airflow/.local/lib/python3.12/site-packages/airflow/example_dags/example_python_decorator.py for tasks to queue
[2024-08-24T03:27:28.784+0000] {logging_mixin.py:190} INFO - [2024-08-24T03:27:28.737+0000] {dagbag.py:587} INFO - Filling up the DagBag from /home/airflow/.local/lib/python3.12/site-packages/airflow/example_dags/example_python_decorator.py
[2024-08-24T03:27:46.085+0000] {processor.py:925} INFO - DAG(s) 'example_python_decorator' retrieved from /home/airflow/.local/lib/python3.12/site-packages/airflow/example_dags/example_python_decorator.py
[2024-08-24T18:11:32.389+0000] {processor.py:186} INFO - Started process (PID=92) to work on /home/airflow/.local/lib/python3.12/site-packages/airflow/example_dags/example_python_decorator.py
[2024-08-24T18:11:32.393+0000] {processor.py:914} INFO - Processing file /home/airflow/.local/lib/python3.12/site-packages/airflow/example_dags/example_python_decorator.py for tasks to queue
[2024-08-24T18:11:32.396+0000] {logging_mixin.py:190} INFO - [2024-08-24T18:11:32.395+0000] {dagbag.py:587} INFO - Filling up the DagBag from /home/airflow/.local/lib/python3.12/site-packages/airflow/example_dags/example_python_decorator.py
[2024-08-24T18:11:32.412+0000] {processor.py:925} INFO - DAG(s) 'example_python_decorator' retrieved from /home/airflow/.local/lib/python3.12/site-packages/airflow/example_dags/example_python_decorator.py
[2024-08-24T18:11:33.066+0000] {logging_mixin.py:190} INFO - [2024-08-24T18:11:33.066+0000] {dag.py:3211} INFO - Sync 1 DAGs
[2024-08-24T18:11:33.087+0000] {logging_mixin.py:190} INFO - [2024-08-24T18:11:33.086+0000] {dag.py:4138} INFO - Setting next_dagrun for example_python_decorator to None, run_after=None
[2024-08-24T18:11:33.125+0000] {processor.py:208} INFO - Processing /home/airflow/.local/lib/python3.12/site-packages/airflow/example_dags/example_python_decorator.py took 0.745 seconds
[2024-08-24T18:12:06.425+0000] {processor.py:186} INFO - Started process (PID=161) to work on /home/airflow/.local/lib/python3.12/site-packages/airflow/example_dags/example_python_decorator.py
[2024-08-24T18:12:06.430+0000] {processor.py:914} INFO - Processing file /home/airflow/.local/lib/python3.12/site-packages/airflow/example_dags/example_python_decorator.py for tasks to queue
[2024-08-24T18:12:06.440+0000] {logging_mixin.py:190} INFO - [2024-08-24T18:12:06.439+0000] {dagbag.py:587} INFO - Filling up the DagBag from /home/airflow/.local/lib/python3.12/site-packages/airflow/example_dags/example_python_decorator.py
[2024-08-24T18:12:06.492+0000] {processor.py:925} INFO - DAG(s) 'example_python_decorator' retrieved from /home/airflow/.local/lib/python3.12/site-packages/airflow/example_dags/example_python_decorator.py
[2024-08-24T18:12:06.556+0000] {logging_mixin.py:190} INFO - [2024-08-24T18:12:06.555+0000] {dag.py:3211} INFO - Sync 1 DAGs
[2024-08-24T18:12:06.662+0000] {logging_mixin.py:190} INFO - [2024-08-24T18:12:06.661+0000] {dag.py:4138} INFO - Setting next_dagrun for example_python_decorator to None, run_after=None
[2024-08-24T18:12:06.785+0000] {processor.py:208} INFO - Processing /home/airflow/.local/lib/python3.12/site-packages/airflow/example_dags/example_python_decorator.py took 0.375 seconds
[2024-08-24T18:12:38.123+0000] {processor.py:186} INFO - Started process (PID=224) to work on /home/airflow/.local/lib/python3.12/site-packages/airflow/example_dags/example_python_decorator.py
[2024-08-24T18:12:38.124+0000] {processor.py:914} INFO - Processing file /home/airflow/.local/lib/python3.12/site-packages/airflow/example_dags/example_python_decorator.py for tasks to queue
[2024-08-24T18:12:38.128+0000] {logging_mixin.py:190} INFO - [2024-08-24T18:12:38.127+0000] {dagbag.py:587} INFO - Filling up the DagBag from /home/airflow/.local/lib/python3.12/site-packages/airflow/example_dags/example_python_decorator.py
[2024-08-24T18:12:38.157+0000] {processor.py:925} INFO - DAG(s) 'example_python_decorator' retrieved from /home/airflow/.local/lib/python3.12/site-packages/airflow/example_dags/example_python_decorator.py
[2024-08-24T18:12:38.190+0000] {logging_mixin.py:190} INFO - [2024-08-24T18:12:38.189+0000] {dag.py:3211} INFO - Sync 1 DAGs
[2024-08-24T18:12:38.214+0000] {logging_mixin.py:190} INFO - [2024-08-24T18:12:38.214+0000] {dag.py:4138} INFO - Setting next_dagrun for example_python_decorator to None, run_after=None
[2024-08-24T18:12:38.290+0000] {processor.py:208} INFO - Processing /home/airflow/.local/lib/python3.12/site-packages/airflow/example_dags/example_python_decorator.py took 0.176 seconds
[2024-08-24T18:13:31.835+0000] {processor.py:186} INFO - Started process (PID=287) to work on /home/airflow/.local/lib/python3.12/site-packages/airflow/example_dags/example_python_decorator.py
[2024-08-24T18:13:31.843+0000] {processor.py:914} INFO - Processing file /home/airflow/.local/lib/python3.12/site-packages/airflow/example_dags/example_python_decorator.py for tasks to queue
[2024-08-24T18:13:31.877+0000] {logging_mixin.py:190} INFO - [2024-08-24T18:13:31.864+0000] {dagbag.py:587} INFO - Filling up the DagBag from /home/airflow/.local/lib/python3.12/site-packages/airflow/example_dags/example_python_decorator.py
[2024-08-24T18:13:32.024+0000] {processor.py:925} INFO - DAG(s) 'example_python_decorator' retrieved from /home/airflow/.local/lib/python3.12/site-packages/airflow/example_dags/example_python_decorator.py
[2024-08-24T18:13:32.275+0000] {logging_mixin.py:190} INFO - [2024-08-24T18:13:32.275+0000] {dag.py:3211} INFO - Sync 1 DAGs
[2024-08-24T18:13:32.300+0000] {logging_mixin.py:190} INFO - [2024-08-24T18:13:32.300+0000] {dag.py:4138} INFO - Setting next_dagrun for example_python_decorator to None, run_after=None
[2024-08-24T18:13:32.389+0000] {processor.py:208} INFO - Processing /home/airflow/.local/lib/python3.12/site-packages/airflow/example_dags/example_python_decorator.py took 0.699 seconds
[2024-08-24T18:14:11.849+0000] {processor.py:186} INFO - Started process (PID=351) to work on /home/airflow/.local/lib/python3.12/site-packages/airflow/example_dags/example_python_decorator.py
[2024-08-24T18:14:11.853+0000] {processor.py:914} INFO - Processing file /home/airflow/.local/lib/python3.12/site-packages/airflow/example_dags/example_python_decorator.py for tasks to queue
[2024-08-24T18:14:11.857+0000] {logging_mixin.py:190} INFO - [2024-08-24T18:14:11.856+0000] {dagbag.py:587} INFO - Filling up the DagBag from /home/airflow/.local/lib/python3.12/site-packages/airflow/example_dags/example_python_decorator.py
[2024-08-24T18:14:11.911+0000] {processor.py:925} INFO - DAG(s) 'example_python_decorator' retrieved from /home/airflow/.local/lib/python3.12/site-packages/airflow/example_dags/example_python_decorator.py
[2024-08-24T18:14:12.031+0000] {logging_mixin.py:190} INFO - [2024-08-24T18:14:12.031+0000] {dag.py:3211} INFO - Sync 1 DAGs
[2024-08-24T18:14:12.076+0000] {logging_mixin.py:190} INFO - [2024-08-24T18:14:12.075+0000] {dag.py:4138} INFO - Setting next_dagrun for example_python_decorator to None, run_after=None
[2024-08-24T18:14:12.159+0000] {processor.py:208} INFO - Processing /home/airflow/.local/lib/python3.12/site-packages/airflow/example_dags/example_python_decorator.py took 0.325 seconds
