[2024-08-24T03:08:48.291+0000] {processor.py:186} INFO - Started process (PID=107) to work on /home/airflow/.local/lib/python3.12/site-packages/airflow/example_dags/example_datasets.py
[2024-08-24T03:08:48.292+0000] {processor.py:914} INFO - Processing file /home/airflow/.local/lib/python3.12/site-packages/airflow/example_dags/example_datasets.py for tasks to queue
[2024-08-24T03:08:48.295+0000] {logging_mixin.py:190} INFO - [2024-08-24T03:08:48.295+0000] {dagbag.py:587} INFO - Filling up the DagBag from /home/airflow/.local/lib/python3.12/site-packages/airflow/example_dags/example_datasets.py
[2024-08-24T03:08:57.633+0000] {processor.py:925} INFO - DAG(s) 'conditional_dataset_and_time_based_timetable', 'dataset_consumes_unknown_never_scheduled', 'consume_1_and_2_with_dataset_expressions', 'dataset_consumes_1_never_scheduled', 'consume_1_or_both_2_and_3_with_dataset_expressions', 'dataset_produces_1', 'dataset_consumes_1_and_2', 'dataset_produces_2', 'consume_1_or_2_with_dataset_expressions', 'dataset_consumes_1' retrieved from /home/airflow/.local/lib/python3.12/site-packages/airflow/example_dags/example_datasets.py
[2024-08-24T03:09:01.470+0000] {logging_mixin.py:190} INFO - [2024-08-24T03:09:01.468+0000] {override.py:1858} INFO - Created Permission View: can delete on DAG:conditional_dataset_and_time_based_timetable
[2024-08-24T03:09:01.577+0000] {logging_mixin.py:190} INFO - [2024-08-24T03:09:01.577+0000] {override.py:1858} INFO - Created Permission View: can read on DAG:conditional_dataset_and_time_based_timetable
[2024-08-24T03:09:01.633+0000] {logging_mixin.py:190} INFO - [2024-08-24T03:09:01.633+0000] {override.py:1858} INFO - Created Permission View: can edit on DAG:conditional_dataset_and_time_based_timetable
[2024-08-24T03:09:02.226+0000] {logging_mixin.py:190} INFO - [2024-08-24T03:09:02.224+0000] {override.py:1858} INFO - Created Permission View: can delete on DAG:dataset_consumes_unknown_never_scheduled
[2024-08-24T03:09:02.552+0000] {logging_mixin.py:190} INFO - [2024-08-24T03:09:02.545+0000] {override.py:1858} INFO - Created Permission View: can read on DAG:dataset_consumes_unknown_never_scheduled
[2024-08-24T03:09:02.670+0000] {logging_mixin.py:190} INFO - [2024-08-24T03:09:02.670+0000] {override.py:1858} INFO - Created Permission View: can edit on DAG:dataset_consumes_unknown_never_scheduled
[2024-08-24T03:09:03.135+0000] {logging_mixin.py:190} INFO - [2024-08-24T03:09:03.134+0000] {override.py:1858} INFO - Created Permission View: can delete on DAG:consume_1_and_2_with_dataset_expressions
[2024-08-24T03:09:03.361+0000] {logging_mixin.py:190} INFO - [2024-08-24T03:09:03.361+0000] {override.py:1858} INFO - Created Permission View: can read on DAG:consume_1_and_2_with_dataset_expressions
[2024-08-24T03:09:03.562+0000] {logging_mixin.py:190} INFO - [2024-08-24T03:09:03.561+0000] {override.py:1858} INFO - Created Permission View: can edit on DAG:consume_1_and_2_with_dataset_expressions
[2024-08-24T03:09:03.698+0000] {logging_mixin.py:190} INFO - [2024-08-24T03:09:03.697+0000] {override.py:1858} INFO - Created Permission View: can delete on DAG:dataset_consumes_1_never_scheduled
[2024-08-24T03:09:03.898+0000] {logging_mixin.py:190} INFO - [2024-08-24T03:09:03.897+0000] {override.py:1858} INFO - Created Permission View: can read on DAG:dataset_consumes_1_never_scheduled
[2024-08-24T03:09:03.969+0000] {logging_mixin.py:190} INFO - [2024-08-24T03:09:03.968+0000] {override.py:1858} INFO - Created Permission View: can edit on DAG:dataset_consumes_1_never_scheduled
[2024-08-24T03:09:04.457+0000] {logging_mixin.py:190} INFO - [2024-08-24T03:09:04.416+0000] {override.py:1858} INFO - Created Permission View: can delete on DAG:consume_1_or_both_2_and_3_with_dataset_expressions
[2024-08-24T03:09:04.508+0000] {logging_mixin.py:190} INFO - [2024-08-24T03:09:04.507+0000] {override.py:1858} INFO - Created Permission View: can read on DAG:consume_1_or_both_2_and_3_with_dataset_expressions
[2024-08-24T03:09:04.672+0000] {logging_mixin.py:190} INFO - [2024-08-24T03:09:04.671+0000] {override.py:1858} INFO - Created Permission View: can edit on DAG:consume_1_or_both_2_and_3_with_dataset_expressions
[2024-08-24T03:09:04.778+0000] {logging_mixin.py:190} INFO - [2024-08-24T03:09:04.778+0000] {override.py:1858} INFO - Created Permission View: can delete on DAG:dataset_produces_1
[2024-08-24T03:09:04.840+0000] {logging_mixin.py:190} INFO - [2024-08-24T03:09:04.838+0000] {override.py:1858} INFO - Created Permission View: can read on DAG:dataset_produces_1
[2024-08-24T03:09:04.915+0000] {logging_mixin.py:190} INFO - [2024-08-24T03:09:04.914+0000] {override.py:1858} INFO - Created Permission View: can edit on DAG:dataset_produces_1
[2024-08-24T03:09:05.073+0000] {logging_mixin.py:190} INFO - [2024-08-24T03:09:05.069+0000] {override.py:1858} INFO - Created Permission View: can delete on DAG:dataset_consumes_1_and_2
[2024-08-24T03:09:05.117+0000] {logging_mixin.py:190} INFO - [2024-08-24T03:09:05.117+0000] {override.py:1858} INFO - Created Permission View: can read on DAG:dataset_consumes_1_and_2
[2024-08-24T03:09:05.196+0000] {logging_mixin.py:190} INFO - [2024-08-24T03:09:05.195+0000] {override.py:1858} INFO - Created Permission View: can edit on DAG:dataset_consumes_1_and_2
[2024-08-24T03:09:05.394+0000] {logging_mixin.py:190} INFO - [2024-08-24T03:09:05.394+0000] {override.py:1858} INFO - Created Permission View: can delete on DAG:dataset_produces_2
[2024-08-24T03:09:05.770+0000] {logging_mixin.py:190} INFO - [2024-08-24T03:09:05.769+0000] {override.py:1858} INFO - Created Permission View: can read on DAG:dataset_produces_2
[2024-08-24T03:09:05.916+0000] {logging_mixin.py:190} INFO - [2024-08-24T03:09:05.915+0000] {override.py:1858} INFO - Created Permission View: can edit on DAG:dataset_produces_2
[2024-08-24T03:09:06.549+0000] {logging_mixin.py:190} INFO - [2024-08-24T03:09:06.549+0000] {override.py:1858} INFO - Created Permission View: can delete on DAG:consume_1_or_2_with_dataset_expressions
[2024-08-24T03:09:07.228+0000] {logging_mixin.py:190} INFO - [2024-08-24T03:09:07.214+0000] {override.py:1858} INFO - Created Permission View: can read on DAG:consume_1_or_2_with_dataset_expressions
[2024-08-24T03:09:07.417+0000] {logging_mixin.py:190} INFO - [2024-08-24T03:09:07.416+0000] {override.py:1858} INFO - Created Permission View: can edit on DAG:consume_1_or_2_with_dataset_expressions
[2024-08-24T03:09:07.497+0000] {logging_mixin.py:190} INFO - [2024-08-24T03:09:07.496+0000] {override.py:1858} INFO - Created Permission View: can delete on DAG:dataset_consumes_1
[2024-08-24T03:09:07.798+0000] {logging_mixin.py:190} INFO - [2024-08-24T03:09:07.797+0000] {override.py:1858} INFO - Created Permission View: can read on DAG:dataset_consumes_1
[2024-08-24T03:09:07.993+0000] {logging_mixin.py:190} INFO - [2024-08-24T03:09:07.964+0000] {override.py:1858} INFO - Created Permission View: can edit on DAG:dataset_consumes_1
[2024-08-24T03:09:07.995+0000] {logging_mixin.py:190} INFO - [2024-08-24T03:09:07.995+0000] {dag.py:3211} INFO - Sync 10 DAGs
[2024-08-24T03:09:08.401+0000] {logging_mixin.py:190} INFO - [2024-08-24T03:09:08.400+0000] {dag.py:3234} INFO - Creating ORM DAG for consume_1_or_both_2_and_3_with_dataset_expressions
[2024-08-24T03:09:08.408+0000] {logging_mixin.py:190} INFO - [2024-08-24T03:09:08.407+0000] {dag.py:3234} INFO - Creating ORM DAG for dataset_produces_2
[2024-08-24T03:09:08.408+0000] {logging_mixin.py:190} INFO - [2024-08-24T03:09:08.408+0000] {dag.py:3234} INFO - Creating ORM DAG for conditional_dataset_and_time_based_timetable
[2024-08-24T03:09:08.409+0000] {logging_mixin.py:190} INFO - [2024-08-24T03:09:08.409+0000] {dag.py:3234} INFO - Creating ORM DAG for dataset_consumes_1_never_scheduled
[2024-08-24T03:09:08.409+0000] {logging_mixin.py:190} INFO - [2024-08-24T03:09:08.409+0000] {dag.py:3234} INFO - Creating ORM DAG for dataset_produces_1
[2024-08-24T03:09:08.409+0000] {logging_mixin.py:190} INFO - [2024-08-24T03:09:08.409+0000] {dag.py:3234} INFO - Creating ORM DAG for consume_1_or_2_with_dataset_expressions
[2024-08-24T03:09:08.410+0000] {logging_mixin.py:190} INFO - [2024-08-24T03:09:08.410+0000] {dag.py:3234} INFO - Creating ORM DAG for dataset_consumes_1
[2024-08-24T03:09:08.410+0000] {logging_mixin.py:190} INFO - [2024-08-24T03:09:08.410+0000] {dag.py:3234} INFO - Creating ORM DAG for consume_1_and_2_with_dataset_expressions
[2024-08-24T03:09:08.411+0000] {logging_mixin.py:190} INFO - [2024-08-24T03:09:08.411+0000] {dag.py:3234} INFO - Creating ORM DAG for dataset_consumes_1_and_2
[2024-08-24T03:09:08.411+0000] {logging_mixin.py:190} INFO - [2024-08-24T03:09:08.411+0000] {dag.py:3234} INFO - Creating ORM DAG for dataset_consumes_unknown_never_scheduled
[2024-08-24T03:09:08.511+0000] {logging_mixin.py:190} INFO - [2024-08-24T03:09:08.510+0000] {dag.py:4138} INFO - Setting next_dagrun for conditional_dataset_and_time_based_timetable to 2024-08-21 01:00:00+00:00, run_after=2024-08-21 01:00:00+00:00
[2024-08-24T03:09:08.518+0000] {logging_mixin.py:190} INFO - [2024-08-24T03:09:08.517+0000] {dag.py:4138} INFO - Setting next_dagrun for consume_1_and_2_with_dataset_expressions to None, run_after=None
[2024-08-24T03:09:08.518+0000] {logging_mixin.py:190} INFO - [2024-08-24T03:09:08.518+0000] {dag.py:4138} INFO - Setting next_dagrun for consume_1_or_2_with_dataset_expressions to None, run_after=None
[2024-08-24T03:09:08.519+0000] {logging_mixin.py:190} INFO - [2024-08-24T03:09:08.519+0000] {dag.py:4138} INFO - Setting next_dagrun for consume_1_or_both_2_and_3_with_dataset_expressions to None, run_after=None
[2024-08-24T03:09:08.520+0000] {logging_mixin.py:190} INFO - [2024-08-24T03:09:08.519+0000] {dag.py:4138} INFO - Setting next_dagrun for dataset_consumes_1 to None, run_after=None
[2024-08-24T03:09:08.520+0000] {logging_mixin.py:190} INFO - [2024-08-24T03:09:08.520+0000] {dag.py:4138} INFO - Setting next_dagrun for dataset_consumes_1_and_2 to None, run_after=None
[2024-08-24T03:09:08.521+0000] {logging_mixin.py:190} INFO - [2024-08-24T03:09:08.520+0000] {dag.py:4138} INFO - Setting next_dagrun for dataset_consumes_1_never_scheduled to None, run_after=None
[2024-08-24T03:09:08.521+0000] {logging_mixin.py:190} INFO - [2024-08-24T03:09:08.521+0000] {dag.py:4138} INFO - Setting next_dagrun for dataset_consumes_unknown_never_scheduled to None, run_after=None
[2024-08-24T03:09:08.534+0000] {logging_mixin.py:190} INFO - [2024-08-24T03:09:08.534+0000] {dag.py:4138} INFO - Setting next_dagrun for dataset_produces_1 to 2024-08-23 00:00:00+00:00, run_after=2024-08-24 00:00:00+00:00
[2024-08-24T03:09:08.541+0000] {logging_mixin.py:190} INFO - [2024-08-24T03:09:08.541+0000] {dag.py:4138} INFO - Setting next_dagrun for dataset_produces_2 to None, run_after=None
[2024-08-24T03:09:09.041+0000] {processor.py:208} INFO - Processing /home/airflow/.local/lib/python3.12/site-packages/airflow/example_dags/example_datasets.py took 21.085 seconds
[2024-08-24T03:09:40.321+0000] {processor.py:186} INFO - Started process (PID=173) to work on /home/airflow/.local/lib/python3.12/site-packages/airflow/example_dags/example_datasets.py
[2024-08-24T03:09:40.324+0000] {processor.py:914} INFO - Processing file /home/airflow/.local/lib/python3.12/site-packages/airflow/example_dags/example_datasets.py for tasks to queue
[2024-08-24T03:09:40.327+0000] {logging_mixin.py:190} INFO - [2024-08-24T03:09:40.327+0000] {dagbag.py:587} INFO - Filling up the DagBag from /home/airflow/.local/lib/python3.12/site-packages/airflow/example_dags/example_datasets.py
[2024-08-24T03:09:40.542+0000] {processor.py:925} INFO - DAG(s) 'dataset_produces_1', 'dataset_consumes_1', 'consume_1_or_both_2_and_3_with_dataset_expressions', 'dataset_consumes_1_and_2', 'dataset_consumes_1_never_scheduled', 'dataset_consumes_unknown_never_scheduled', 'consume_1_or_2_with_dataset_expressions', 'consume_1_and_2_with_dataset_expressions', 'dataset_produces_2', 'conditional_dataset_and_time_based_timetable' retrieved from /home/airflow/.local/lib/python3.12/site-packages/airflow/example_dags/example_datasets.py
[2024-08-24T03:09:40.630+0000] {logging_mixin.py:190} INFO - [2024-08-24T03:09:40.629+0000] {dag.py:3211} INFO - Sync 10 DAGs
[2024-08-24T03:09:40.664+0000] {logging_mixin.py:190} INFO - [2024-08-24T03:09:40.664+0000] {dag.py:4138} INFO - Setting next_dagrun for conditional_dataset_and_time_based_timetable to 2024-08-21 01:00:00+00:00, run_after=2024-08-21 01:00:00+00:00
[2024-08-24T03:09:40.670+0000] {logging_mixin.py:190} INFO - [2024-08-24T03:09:40.670+0000] {dag.py:4138} INFO - Setting next_dagrun for consume_1_and_2_with_dataset_expressions to None, run_after=None
[2024-08-24T03:09:40.672+0000] {logging_mixin.py:190} INFO - [2024-08-24T03:09:40.672+0000] {dag.py:4138} INFO - Setting next_dagrun for consume_1_or_2_with_dataset_expressions to None, run_after=None
[2024-08-24T03:09:40.674+0000] {logging_mixin.py:190} INFO - [2024-08-24T03:09:40.674+0000] {dag.py:4138} INFO - Setting next_dagrun for consume_1_or_both_2_and_3_with_dataset_expressions to None, run_after=None
[2024-08-24T03:09:40.676+0000] {logging_mixin.py:190} INFO - [2024-08-24T03:09:40.676+0000] {dag.py:4138} INFO - Setting next_dagrun for dataset_consumes_1 to None, run_after=None
[2024-08-24T03:09:40.678+0000] {logging_mixin.py:190} INFO - [2024-08-24T03:09:40.677+0000] {dag.py:4138} INFO - Setting next_dagrun for dataset_consumes_1_and_2 to None, run_after=None
[2024-08-24T03:09:40.679+0000] {logging_mixin.py:190} INFO - [2024-08-24T03:09:40.679+0000] {dag.py:4138} INFO - Setting next_dagrun for dataset_consumes_1_never_scheduled to None, run_after=None
[2024-08-24T03:09:40.681+0000] {logging_mixin.py:190} INFO - [2024-08-24T03:09:40.681+0000] {dag.py:4138} INFO - Setting next_dagrun for dataset_consumes_unknown_never_scheduled to None, run_after=None
[2024-08-24T03:09:40.684+0000] {logging_mixin.py:190} INFO - [2024-08-24T03:09:40.684+0000] {dag.py:4138} INFO - Setting next_dagrun for dataset_produces_1 to 2024-08-23 00:00:00+00:00, run_after=2024-08-24 00:00:00+00:00
[2024-08-24T03:09:40.685+0000] {logging_mixin.py:190} INFO - [2024-08-24T03:09:40.685+0000] {dag.py:4138} INFO - Setting next_dagrun for dataset_produces_2 to None, run_after=None
[2024-08-24T03:09:40.770+0000] {processor.py:208} INFO - Processing /home/airflow/.local/lib/python3.12/site-packages/airflow/example_dags/example_datasets.py took 0.457 seconds
[2024-08-24T03:10:11.650+0000] {processor.py:186} INFO - Started process (PID=237) to work on /home/airflow/.local/lib/python3.12/site-packages/airflow/example_dags/example_datasets.py
[2024-08-24T03:10:11.652+0000] {processor.py:914} INFO - Processing file /home/airflow/.local/lib/python3.12/site-packages/airflow/example_dags/example_datasets.py for tasks to queue
[2024-08-24T03:10:11.656+0000] {logging_mixin.py:190} INFO - [2024-08-24T03:10:11.655+0000] {dagbag.py:587} INFO - Filling up the DagBag from /home/airflow/.local/lib/python3.12/site-packages/airflow/example_dags/example_datasets.py
[2024-08-24T03:10:11.869+0000] {processor.py:925} INFO - DAG(s) 'dataset_consumes_1', 'consume_1_or_2_with_dataset_expressions', 'dataset_consumes_1_and_2', 'consume_1_or_both_2_and_3_with_dataset_expressions', 'conditional_dataset_and_time_based_timetable', 'dataset_consumes_unknown_never_scheduled', 'dataset_produces_2', 'dataset_produces_1', 'dataset_consumes_1_never_scheduled', 'consume_1_and_2_with_dataset_expressions' retrieved from /home/airflow/.local/lib/python3.12/site-packages/airflow/example_dags/example_datasets.py
[2024-08-24T03:10:11.932+0000] {logging_mixin.py:190} INFO - [2024-08-24T03:10:11.931+0000] {dag.py:3211} INFO - Sync 10 DAGs
[2024-08-24T03:10:11.975+0000] {logging_mixin.py:190} INFO - [2024-08-24T03:10:11.975+0000] {dag.py:4138} INFO - Setting next_dagrun for conditional_dataset_and_time_based_timetable to 2024-08-21 01:00:00+00:00, run_after=2024-08-21 01:00:00+00:00
[2024-08-24T03:10:11.980+0000] {logging_mixin.py:190} INFO - [2024-08-24T03:10:11.980+0000] {dag.py:4138} INFO - Setting next_dagrun for consume_1_and_2_with_dataset_expressions to None, run_after=None
[2024-08-24T03:10:11.983+0000] {logging_mixin.py:190} INFO - [2024-08-24T03:10:11.983+0000] {dag.py:4138} INFO - Setting next_dagrun for consume_1_or_2_with_dataset_expressions to None, run_after=None
[2024-08-24T03:10:11.985+0000] {logging_mixin.py:190} INFO - [2024-08-24T03:10:11.985+0000] {dag.py:4138} INFO - Setting next_dagrun for consume_1_or_both_2_and_3_with_dataset_expressions to None, run_after=None
[2024-08-24T03:10:11.987+0000] {logging_mixin.py:190} INFO - [2024-08-24T03:10:11.987+0000] {dag.py:4138} INFO - Setting next_dagrun for dataset_consumes_1 to None, run_after=None
[2024-08-24T03:10:11.989+0000] {logging_mixin.py:190} INFO - [2024-08-24T03:10:11.989+0000] {dag.py:4138} INFO - Setting next_dagrun for dataset_consumes_1_and_2 to None, run_after=None
[2024-08-24T03:10:11.991+0000] {logging_mixin.py:190} INFO - [2024-08-24T03:10:11.990+0000] {dag.py:4138} INFO - Setting next_dagrun for dataset_consumes_1_never_scheduled to None, run_after=None
[2024-08-24T03:10:11.992+0000] {logging_mixin.py:190} INFO - [2024-08-24T03:10:11.992+0000] {dag.py:4138} INFO - Setting next_dagrun for dataset_consumes_unknown_never_scheduled to None, run_after=None
[2024-08-24T03:10:11.995+0000] {logging_mixin.py:190} INFO - [2024-08-24T03:10:11.995+0000] {dag.py:4138} INFO - Setting next_dagrun for dataset_produces_1 to 2024-08-23 00:00:00+00:00, run_after=2024-08-24 00:00:00+00:00
[2024-08-24T03:10:11.997+0000] {logging_mixin.py:190} INFO - [2024-08-24T03:10:11.997+0000] {dag.py:4138} INFO - Setting next_dagrun for dataset_produces_2 to None, run_after=None
[2024-08-24T03:10:12.055+0000] {processor.py:208} INFO - Processing /home/airflow/.local/lib/python3.12/site-packages/airflow/example_dags/example_datasets.py took 0.413 seconds
[2024-08-24T03:10:42.864+0000] {processor.py:186} INFO - Started process (PID=306) to work on /home/airflow/.local/lib/python3.12/site-packages/airflow/example_dags/example_datasets.py
[2024-08-24T03:10:42.867+0000] {processor.py:914} INFO - Processing file /home/airflow/.local/lib/python3.12/site-packages/airflow/example_dags/example_datasets.py for tasks to queue
[2024-08-24T03:10:42.872+0000] {logging_mixin.py:190} INFO - [2024-08-24T03:10:42.871+0000] {dagbag.py:587} INFO - Filling up the DagBag from /home/airflow/.local/lib/python3.12/site-packages/airflow/example_dags/example_datasets.py
[2024-08-24T03:10:43.116+0000] {processor.py:925} INFO - DAG(s) 'dataset_consumes_1', 'dataset_consumes_1_never_scheduled', 'dataset_consumes_unknown_never_scheduled', 'dataset_produces_2', 'consume_1_or_2_with_dataset_expressions', 'dataset_consumes_1_and_2', 'dataset_produces_1', 'consume_1_or_both_2_and_3_with_dataset_expressions', 'conditional_dataset_and_time_based_timetable', 'consume_1_and_2_with_dataset_expressions' retrieved from /home/airflow/.local/lib/python3.12/site-packages/airflow/example_dags/example_datasets.py
[2024-08-24T03:10:43.198+0000] {logging_mixin.py:190} INFO - [2024-08-24T03:10:43.198+0000] {dag.py:3211} INFO - Sync 10 DAGs
[2024-08-24T03:10:43.261+0000] {logging_mixin.py:190} INFO - [2024-08-24T03:10:43.260+0000] {dag.py:4138} INFO - Setting next_dagrun for conditional_dataset_and_time_based_timetable to 2024-08-21 01:00:00+00:00, run_after=2024-08-21 01:00:00+00:00
[2024-08-24T03:10:43.269+0000] {logging_mixin.py:190} INFO - [2024-08-24T03:10:43.268+0000] {dag.py:4138} INFO - Setting next_dagrun for consume_1_and_2_with_dataset_expressions to None, run_after=None
[2024-08-24T03:10:43.272+0000] {logging_mixin.py:190} INFO - [2024-08-24T03:10:43.272+0000] {dag.py:4138} INFO - Setting next_dagrun for consume_1_or_2_with_dataset_expressions to None, run_after=None
[2024-08-24T03:10:43.274+0000] {logging_mixin.py:190} INFO - [2024-08-24T03:10:43.274+0000] {dag.py:4138} INFO - Setting next_dagrun for consume_1_or_both_2_and_3_with_dataset_expressions to None, run_after=None
[2024-08-24T03:10:43.276+0000] {logging_mixin.py:190} INFO - [2024-08-24T03:10:43.276+0000] {dag.py:4138} INFO - Setting next_dagrun for dataset_consumes_1 to None, run_after=None
[2024-08-24T03:10:43.278+0000] {logging_mixin.py:190} INFO - [2024-08-24T03:10:43.278+0000] {dag.py:4138} INFO - Setting next_dagrun for dataset_consumes_1_and_2 to None, run_after=None
[2024-08-24T03:10:43.280+0000] {logging_mixin.py:190} INFO - [2024-08-24T03:10:43.280+0000] {dag.py:4138} INFO - Setting next_dagrun for dataset_consumes_1_never_scheduled to None, run_after=None
[2024-08-24T03:10:43.282+0000] {logging_mixin.py:190} INFO - [2024-08-24T03:10:43.282+0000] {dag.py:4138} INFO - Setting next_dagrun for dataset_consumes_unknown_never_scheduled to None, run_after=None
[2024-08-24T03:10:43.286+0000] {logging_mixin.py:190} INFO - [2024-08-24T03:10:43.286+0000] {dag.py:4138} INFO - Setting next_dagrun for dataset_produces_1 to 2024-08-23 00:00:00+00:00, run_after=2024-08-24 00:00:00+00:00
[2024-08-24T03:10:43.288+0000] {logging_mixin.py:190} INFO - [2024-08-24T03:10:43.288+0000] {dag.py:4138} INFO - Setting next_dagrun for dataset_produces_2 to None, run_after=None
[2024-08-24T03:10:43.392+0000] {processor.py:208} INFO - Processing /home/airflow/.local/lib/python3.12/site-packages/airflow/example_dags/example_datasets.py took 0.550 seconds
[2024-08-24T03:11:14.493+0000] {processor.py:186} INFO - Started process (PID=369) to work on /home/airflow/.local/lib/python3.12/site-packages/airflow/example_dags/example_datasets.py
[2024-08-24T03:11:14.495+0000] {processor.py:914} INFO - Processing file /home/airflow/.local/lib/python3.12/site-packages/airflow/example_dags/example_datasets.py for tasks to queue
[2024-08-24T03:11:14.505+0000] {logging_mixin.py:190} INFO - [2024-08-24T03:11:14.504+0000] {dagbag.py:587} INFO - Filling up the DagBag from /home/airflow/.local/lib/python3.12/site-packages/airflow/example_dags/example_datasets.py
[2024-08-24T03:11:14.930+0000] {processor.py:925} INFO - DAG(s) 'dataset_consumes_1', 'dataset_produces_1', 'dataset_consumes_1_and_2', 'dataset_produces_2', 'dataset_consumes_unknown_never_scheduled', 'consume_1_or_2_with_dataset_expressions', 'consume_1_and_2_with_dataset_expressions', 'consume_1_or_both_2_and_3_with_dataset_expressions', 'dataset_consumes_1_never_scheduled', 'conditional_dataset_and_time_based_timetable' retrieved from /home/airflow/.local/lib/python3.12/site-packages/airflow/example_dags/example_datasets.py
[2024-08-24T03:11:15.000+0000] {logging_mixin.py:190} INFO - [2024-08-24T03:11:14.999+0000] {dag.py:3211} INFO - Sync 10 DAGs
[2024-08-24T03:11:15.042+0000] {logging_mixin.py:190} INFO - [2024-08-24T03:11:15.042+0000] {dag.py:4138} INFO - Setting next_dagrun for conditional_dataset_and_time_based_timetable to 2024-08-21 01:00:00+00:00, run_after=2024-08-21 01:00:00+00:00
[2024-08-24T03:11:15.047+0000] {logging_mixin.py:190} INFO - [2024-08-24T03:11:15.047+0000] {dag.py:4138} INFO - Setting next_dagrun for consume_1_and_2_with_dataset_expressions to None, run_after=None
[2024-08-24T03:11:15.051+0000] {logging_mixin.py:190} INFO - [2024-08-24T03:11:15.051+0000] {dag.py:4138} INFO - Setting next_dagrun for consume_1_or_2_with_dataset_expressions to None, run_after=None
[2024-08-24T03:11:15.053+0000] {logging_mixin.py:190} INFO - [2024-08-24T03:11:15.052+0000] {dag.py:4138} INFO - Setting next_dagrun for consume_1_or_both_2_and_3_with_dataset_expressions to None, run_after=None
[2024-08-24T03:11:15.055+0000] {logging_mixin.py:190} INFO - [2024-08-24T03:11:15.055+0000] {dag.py:4138} INFO - Setting next_dagrun for dataset_consumes_1 to None, run_after=None
[2024-08-24T03:11:15.058+0000] {logging_mixin.py:190} INFO - [2024-08-24T03:11:15.058+0000] {dag.py:4138} INFO - Setting next_dagrun for dataset_consumes_1_and_2 to None, run_after=None
[2024-08-24T03:11:15.060+0000] {logging_mixin.py:190} INFO - [2024-08-24T03:11:15.060+0000] {dag.py:4138} INFO - Setting next_dagrun for dataset_consumes_1_never_scheduled to None, run_after=None
[2024-08-24T03:11:15.063+0000] {logging_mixin.py:190} INFO - [2024-08-24T03:11:15.062+0000] {dag.py:4138} INFO - Setting next_dagrun for dataset_consumes_unknown_never_scheduled to None, run_after=None
[2024-08-24T03:11:15.066+0000] {logging_mixin.py:190} INFO - [2024-08-24T03:11:15.066+0000] {dag.py:4138} INFO - Setting next_dagrun for dataset_produces_1 to 2024-08-23 00:00:00+00:00, run_after=2024-08-24 00:00:00+00:00
[2024-08-24T03:11:15.068+0000] {logging_mixin.py:190} INFO - [2024-08-24T03:11:15.068+0000] {dag.py:4138} INFO - Setting next_dagrun for dataset_produces_2 to None, run_after=None
[2024-08-24T03:11:15.143+0000] {processor.py:208} INFO - Processing /home/airflow/.local/lib/python3.12/site-packages/airflow/example_dags/example_datasets.py took 0.658 seconds
[2024-08-24T03:11:46.311+0000] {processor.py:186} INFO - Started process (PID=429) to work on /home/airflow/.local/lib/python3.12/site-packages/airflow/example_dags/example_datasets.py
[2024-08-24T03:11:46.318+0000] {processor.py:914} INFO - Processing file /home/airflow/.local/lib/python3.12/site-packages/airflow/example_dags/example_datasets.py for tasks to queue
[2024-08-24T03:11:46.326+0000] {logging_mixin.py:190} INFO - [2024-08-24T03:11:46.326+0000] {dagbag.py:587} INFO - Filling up the DagBag from /home/airflow/.local/lib/python3.12/site-packages/airflow/example_dags/example_datasets.py
[2024-08-24T03:11:48.247+0000] {processor.py:925} INFO - DAG(s) 'dataset_produces_2', 'consume_1_or_both_2_and_3_with_dataset_expressions', 'consume_1_or_2_with_dataset_expressions', 'dataset_consumes_1_and_2', 'conditional_dataset_and_time_based_timetable', 'consume_1_and_2_with_dataset_expressions', 'dataset_consumes_unknown_never_scheduled', 'dataset_produces_1', 'dataset_consumes_1_never_scheduled', 'dataset_consumes_1' retrieved from /home/airflow/.local/lib/python3.12/site-packages/airflow/example_dags/example_datasets.py
[2024-08-24T03:11:48.322+0000] {logging_mixin.py:190} INFO - [2024-08-24T03:11:48.321+0000] {dag.py:3211} INFO - Sync 10 DAGs
[2024-08-24T03:11:48.379+0000] {logging_mixin.py:190} INFO - [2024-08-24T03:11:48.376+0000] {dag.py:4138} INFO - Setting next_dagrun for conditional_dataset_and_time_based_timetable to 2024-08-21 01:00:00+00:00, run_after=2024-08-21 01:00:00+00:00
[2024-08-24T03:11:48.391+0000] {logging_mixin.py:190} INFO - [2024-08-24T03:11:48.390+0000] {dag.py:4138} INFO - Setting next_dagrun for consume_1_and_2_with_dataset_expressions to None, run_after=None
[2024-08-24T03:11:48.393+0000] {logging_mixin.py:190} INFO - [2024-08-24T03:11:48.393+0000] {dag.py:4138} INFO - Setting next_dagrun for consume_1_or_2_with_dataset_expressions to None, run_after=None
[2024-08-24T03:11:48.399+0000] {logging_mixin.py:190} INFO - [2024-08-24T03:11:48.394+0000] {dag.py:4138} INFO - Setting next_dagrun for consume_1_or_both_2_and_3_with_dataset_expressions to None, run_after=None
[2024-08-24T03:11:48.402+0000] {logging_mixin.py:190} INFO - [2024-08-24T03:11:48.402+0000] {dag.py:4138} INFO - Setting next_dagrun for dataset_consumes_1 to None, run_after=None
[2024-08-24T03:11:48.404+0000] {logging_mixin.py:190} INFO - [2024-08-24T03:11:48.403+0000] {dag.py:4138} INFO - Setting next_dagrun for dataset_consumes_1_and_2 to None, run_after=None
[2024-08-24T03:11:48.406+0000] {logging_mixin.py:190} INFO - [2024-08-24T03:11:48.406+0000] {dag.py:4138} INFO - Setting next_dagrun for dataset_consumes_1_never_scheduled to None, run_after=None
[2024-08-24T03:11:48.408+0000] {logging_mixin.py:190} INFO - [2024-08-24T03:11:48.408+0000] {dag.py:4138} INFO - Setting next_dagrun for dataset_consumes_unknown_never_scheduled to None, run_after=None
[2024-08-24T03:11:48.410+0000] {logging_mixin.py:190} INFO - [2024-08-24T03:11:48.410+0000] {dag.py:4138} INFO - Setting next_dagrun for dataset_produces_1 to 2024-08-23 00:00:00+00:00, run_after=2024-08-24 00:00:00+00:00
[2024-08-24T03:11:48.412+0000] {logging_mixin.py:190} INFO - [2024-08-24T03:11:48.411+0000] {dag.py:4138} INFO - Setting next_dagrun for dataset_produces_2 to None, run_after=None
[2024-08-24T03:11:48.581+0000] {processor.py:208} INFO - Processing /home/airflow/.local/lib/python3.12/site-packages/airflow/example_dags/example_datasets.py took 2.304 seconds
[2024-08-24T03:12:18.705+0000] {processor.py:186} INFO - Started process (PID=495) to work on /home/airflow/.local/lib/python3.12/site-packages/airflow/example_dags/example_datasets.py
[2024-08-24T03:12:18.708+0000] {processor.py:914} INFO - Processing file /home/airflow/.local/lib/python3.12/site-packages/airflow/example_dags/example_datasets.py for tasks to queue
[2024-08-24T03:12:18.712+0000] {logging_mixin.py:190} INFO - [2024-08-24T03:12:18.711+0000] {dagbag.py:587} INFO - Filling up the DagBag from /home/airflow/.local/lib/python3.12/site-packages/airflow/example_dags/example_datasets.py
[2024-08-24T03:12:18.937+0000] {processor.py:925} INFO - DAG(s) 'consume_1_or_2_with_dataset_expressions', 'consume_1_and_2_with_dataset_expressions', 'consume_1_or_both_2_and_3_with_dataset_expressions', 'conditional_dataset_and_time_based_timetable', 'dataset_consumes_1_never_scheduled', 'dataset_consumes_1', 'dataset_consumes_unknown_never_scheduled', 'dataset_consumes_1_and_2', 'dataset_produces_1', 'dataset_produces_2' retrieved from /home/airflow/.local/lib/python3.12/site-packages/airflow/example_dags/example_datasets.py
[2024-08-24T03:12:19.086+0000] {logging_mixin.py:190} INFO - [2024-08-24T03:12:19.086+0000] {dag.py:3211} INFO - Sync 10 DAGs
[2024-08-24T03:12:19.133+0000] {logging_mixin.py:190} INFO - [2024-08-24T03:12:19.133+0000] {dag.py:4138} INFO - Setting next_dagrun for conditional_dataset_and_time_based_timetable to 2024-08-21 01:00:00+00:00, run_after=2024-08-21 01:00:00+00:00
[2024-08-24T03:12:19.140+0000] {logging_mixin.py:190} INFO - [2024-08-24T03:12:19.140+0000] {dag.py:4138} INFO - Setting next_dagrun for consume_1_and_2_with_dataset_expressions to None, run_after=None
[2024-08-24T03:12:19.143+0000] {logging_mixin.py:190} INFO - [2024-08-24T03:12:19.143+0000] {dag.py:4138} INFO - Setting next_dagrun for consume_1_or_2_with_dataset_expressions to None, run_after=None
[2024-08-24T03:12:19.145+0000] {logging_mixin.py:190} INFO - [2024-08-24T03:12:19.145+0000] {dag.py:4138} INFO - Setting next_dagrun for consume_1_or_both_2_and_3_with_dataset_expressions to None, run_after=None
[2024-08-24T03:12:19.148+0000] {logging_mixin.py:190} INFO - [2024-08-24T03:12:19.148+0000] {dag.py:4138} INFO - Setting next_dagrun for dataset_consumes_1 to None, run_after=None
[2024-08-24T03:12:19.150+0000] {logging_mixin.py:190} INFO - [2024-08-24T03:12:19.150+0000] {dag.py:4138} INFO - Setting next_dagrun for dataset_consumes_1_and_2 to None, run_after=None
[2024-08-24T03:12:19.153+0000] {logging_mixin.py:190} INFO - [2024-08-24T03:12:19.152+0000] {dag.py:4138} INFO - Setting next_dagrun for dataset_consumes_1_never_scheduled to None, run_after=None
[2024-08-24T03:12:19.155+0000] {logging_mixin.py:190} INFO - [2024-08-24T03:12:19.155+0000] {dag.py:4138} INFO - Setting next_dagrun for dataset_consumes_unknown_never_scheduled to None, run_after=None
[2024-08-24T03:12:19.159+0000] {logging_mixin.py:190} INFO - [2024-08-24T03:12:19.159+0000] {dag.py:4138} INFO - Setting next_dagrun for dataset_produces_1 to 2024-08-23 00:00:00+00:00, run_after=2024-08-24 00:00:00+00:00
[2024-08-24T03:12:19.161+0000] {logging_mixin.py:190} INFO - [2024-08-24T03:12:19.161+0000] {dag.py:4138} INFO - Setting next_dagrun for dataset_produces_2 to None, run_after=None
[2024-08-24T03:12:19.238+0000] {processor.py:208} INFO - Processing /home/airflow/.local/lib/python3.12/site-packages/airflow/example_dags/example_datasets.py took 0.542 seconds
[2024-08-24T03:12:49.762+0000] {processor.py:186} INFO - Started process (PID=558) to work on /home/airflow/.local/lib/python3.12/site-packages/airflow/example_dags/example_datasets.py
[2024-08-24T03:12:49.763+0000] {processor.py:914} INFO - Processing file /home/airflow/.local/lib/python3.12/site-packages/airflow/example_dags/example_datasets.py for tasks to queue
[2024-08-24T03:12:49.767+0000] {logging_mixin.py:190} INFO - [2024-08-24T03:12:49.766+0000] {dagbag.py:587} INFO - Filling up the DagBag from /home/airflow/.local/lib/python3.12/site-packages/airflow/example_dags/example_datasets.py
[2024-08-24T03:12:49.971+0000] {processor.py:925} INFO - DAG(s) 'dataset_produces_1', 'dataset_consumes_1_never_scheduled', 'dataset_consumes_1_and_2', 'dataset_produces_2', 'dataset_consumes_1', 'conditional_dataset_and_time_based_timetable', 'dataset_consumes_unknown_never_scheduled', 'consume_1_or_both_2_and_3_with_dataset_expressions', 'consume_1_or_2_with_dataset_expressions', 'consume_1_and_2_with_dataset_expressions' retrieved from /home/airflow/.local/lib/python3.12/site-packages/airflow/example_dags/example_datasets.py
[2024-08-24T03:12:50.043+0000] {logging_mixin.py:190} INFO - [2024-08-24T03:12:50.043+0000] {dag.py:3211} INFO - Sync 10 DAGs
[2024-08-24T03:12:50.081+0000] {logging_mixin.py:190} INFO - [2024-08-24T03:12:50.081+0000] {dag.py:4138} INFO - Setting next_dagrun for conditional_dataset_and_time_based_timetable to 2024-08-21 01:00:00+00:00, run_after=2024-08-21 01:00:00+00:00
[2024-08-24T03:12:50.088+0000] {logging_mixin.py:190} INFO - [2024-08-24T03:12:50.088+0000] {dag.py:4138} INFO - Setting next_dagrun for consume_1_and_2_with_dataset_expressions to None, run_after=None
[2024-08-24T03:12:50.092+0000] {logging_mixin.py:190} INFO - [2024-08-24T03:12:50.091+0000] {dag.py:4138} INFO - Setting next_dagrun for consume_1_or_2_with_dataset_expressions to None, run_after=None
[2024-08-24T03:12:50.094+0000] {logging_mixin.py:190} INFO - [2024-08-24T03:12:50.094+0000] {dag.py:4138} INFO - Setting next_dagrun for consume_1_or_both_2_and_3_with_dataset_expressions to None, run_after=None
[2024-08-24T03:12:50.096+0000] {logging_mixin.py:190} INFO - [2024-08-24T03:12:50.096+0000] {dag.py:4138} INFO - Setting next_dagrun for dataset_consumes_1 to None, run_after=None
[2024-08-24T03:12:50.099+0000] {logging_mixin.py:190} INFO - [2024-08-24T03:12:50.098+0000] {dag.py:4138} INFO - Setting next_dagrun for dataset_consumes_1_and_2 to None, run_after=None
[2024-08-24T03:12:50.102+0000] {logging_mixin.py:190} INFO - [2024-08-24T03:12:50.101+0000] {dag.py:4138} INFO - Setting next_dagrun for dataset_consumes_1_never_scheduled to None, run_after=None
[2024-08-24T03:12:50.104+0000] {logging_mixin.py:190} INFO - [2024-08-24T03:12:50.103+0000] {dag.py:4138} INFO - Setting next_dagrun for dataset_consumes_unknown_never_scheduled to None, run_after=None
[2024-08-24T03:12:50.108+0000] {logging_mixin.py:190} INFO - [2024-08-24T03:12:50.107+0000] {dag.py:4138} INFO - Setting next_dagrun for dataset_produces_1 to 2024-08-23 00:00:00+00:00, run_after=2024-08-24 00:00:00+00:00
[2024-08-24T03:12:50.110+0000] {logging_mixin.py:190} INFO - [2024-08-24T03:12:50.110+0000] {dag.py:4138} INFO - Setting next_dagrun for dataset_produces_2 to None, run_after=None
[2024-08-24T03:12:50.184+0000] {processor.py:208} INFO - Processing /home/airflow/.local/lib/python3.12/site-packages/airflow/example_dags/example_datasets.py took 0.436 seconds
[2024-08-24T03:13:20.990+0000] {processor.py:186} INFO - Started process (PID=621) to work on /home/airflow/.local/lib/python3.12/site-packages/airflow/example_dags/example_datasets.py
[2024-08-24T03:13:20.994+0000] {processor.py:914} INFO - Processing file /home/airflow/.local/lib/python3.12/site-packages/airflow/example_dags/example_datasets.py for tasks to queue
[2024-08-24T03:13:21.000+0000] {logging_mixin.py:190} INFO - [2024-08-24T03:13:20.999+0000] {dagbag.py:587} INFO - Filling up the DagBag from /home/airflow/.local/lib/python3.12/site-packages/airflow/example_dags/example_datasets.py
[2024-08-24T03:13:21.244+0000] {processor.py:925} INFO - DAG(s) 'dataset_produces_1', 'conditional_dataset_and_time_based_timetable', 'dataset_consumes_1_never_scheduled', 'dataset_consumes_unknown_never_scheduled', 'dataset_produces_2', 'consume_1_and_2_with_dataset_expressions', 'consume_1_or_both_2_and_3_with_dataset_expressions', 'dataset_consumes_1', 'consume_1_or_2_with_dataset_expressions', 'dataset_consumes_1_and_2' retrieved from /home/airflow/.local/lib/python3.12/site-packages/airflow/example_dags/example_datasets.py
[2024-08-24T03:13:21.320+0000] {logging_mixin.py:190} INFO - [2024-08-24T03:13:21.319+0000] {dag.py:3211} INFO - Sync 10 DAGs
[2024-08-24T03:13:21.359+0000] {logging_mixin.py:190} INFO - [2024-08-24T03:13:21.359+0000] {dag.py:4138} INFO - Setting next_dagrun for conditional_dataset_and_time_based_timetable to 2024-08-21 01:00:00+00:00, run_after=2024-08-21 01:00:00+00:00
[2024-08-24T03:13:21.366+0000] {logging_mixin.py:190} INFO - [2024-08-24T03:13:21.366+0000] {dag.py:4138} INFO - Setting next_dagrun for consume_1_and_2_with_dataset_expressions to None, run_after=None
[2024-08-24T03:13:21.368+0000] {logging_mixin.py:190} INFO - [2024-08-24T03:13:21.368+0000] {dag.py:4138} INFO - Setting next_dagrun for consume_1_or_2_with_dataset_expressions to None, run_after=None
[2024-08-24T03:13:21.369+0000] {logging_mixin.py:190} INFO - [2024-08-24T03:13:21.369+0000] {dag.py:4138} INFO - Setting next_dagrun for consume_1_or_both_2_and_3_with_dataset_expressions to None, run_after=None
[2024-08-24T03:13:21.370+0000] {logging_mixin.py:190} INFO - [2024-08-24T03:13:21.370+0000] {dag.py:4138} INFO - Setting next_dagrun for dataset_consumes_1 to None, run_after=None
[2024-08-24T03:13:21.371+0000] {logging_mixin.py:190} INFO - [2024-08-24T03:13:21.371+0000] {dag.py:4138} INFO - Setting next_dagrun for dataset_consumes_1_and_2 to None, run_after=None
[2024-08-24T03:13:21.372+0000] {logging_mixin.py:190} INFO - [2024-08-24T03:13:21.372+0000] {dag.py:4138} INFO - Setting next_dagrun for dataset_consumes_1_never_scheduled to None, run_after=None
[2024-08-24T03:13:21.373+0000] {logging_mixin.py:190} INFO - [2024-08-24T03:13:21.373+0000] {dag.py:4138} INFO - Setting next_dagrun for dataset_consumes_unknown_never_scheduled to None, run_after=None
[2024-08-24T03:13:21.376+0000] {logging_mixin.py:190} INFO - [2024-08-24T03:13:21.375+0000] {dag.py:4138} INFO - Setting next_dagrun for dataset_produces_1 to 2024-08-23 00:00:00+00:00, run_after=2024-08-24 00:00:00+00:00
[2024-08-24T03:13:21.377+0000] {logging_mixin.py:190} INFO - [2024-08-24T03:13:21.377+0000] {dag.py:4138} INFO - Setting next_dagrun for dataset_produces_2 to None, run_after=None
[2024-08-24T03:13:21.418+0000] {processor.py:208} INFO - Processing /home/airflow/.local/lib/python3.12/site-packages/airflow/example_dags/example_datasets.py took 0.436 seconds
[2024-08-24T03:13:52.083+0000] {processor.py:186} INFO - Started process (PID=683) to work on /home/airflow/.local/lib/python3.12/site-packages/airflow/example_dags/example_datasets.py
[2024-08-24T03:13:52.090+0000] {processor.py:914} INFO - Processing file /home/airflow/.local/lib/python3.12/site-packages/airflow/example_dags/example_datasets.py for tasks to queue
[2024-08-24T03:13:52.100+0000] {logging_mixin.py:190} INFO - [2024-08-24T03:13:52.099+0000] {dagbag.py:587} INFO - Filling up the DagBag from /home/airflow/.local/lib/python3.12/site-packages/airflow/example_dags/example_datasets.py
[2024-08-24T03:13:52.876+0000] {processor.py:925} INFO - DAG(s) 'consume_1_or_both_2_and_3_with_dataset_expressions', 'dataset_consumes_1_never_scheduled', 'dataset_produces_1', 'dataset_produces_2', 'conditional_dataset_and_time_based_timetable', 'consume_1_and_2_with_dataset_expressions', 'dataset_consumes_1', 'dataset_consumes_unknown_never_scheduled', 'dataset_consumes_1_and_2', 'consume_1_or_2_with_dataset_expressions' retrieved from /home/airflow/.local/lib/python3.12/site-packages/airflow/example_dags/example_datasets.py
[2024-08-24T03:13:53.052+0000] {logging_mixin.py:190} INFO - [2024-08-24T03:13:53.052+0000] {dag.py:3211} INFO - Sync 10 DAGs
[2024-08-24T03:13:53.086+0000] {logging_mixin.py:190} INFO - [2024-08-24T03:13:53.086+0000] {dag.py:4138} INFO - Setting next_dagrun for conditional_dataset_and_time_based_timetable to 2024-08-21 01:00:00+00:00, run_after=2024-08-21 01:00:00+00:00
[2024-08-24T03:13:53.091+0000] {logging_mixin.py:190} INFO - [2024-08-24T03:13:53.091+0000] {dag.py:4138} INFO - Setting next_dagrun for consume_1_and_2_with_dataset_expressions to None, run_after=None
[2024-08-24T03:13:53.094+0000] {logging_mixin.py:190} INFO - [2024-08-24T03:13:53.094+0000] {dag.py:4138} INFO - Setting next_dagrun for consume_1_or_2_with_dataset_expressions to None, run_after=None
[2024-08-24T03:13:53.098+0000] {logging_mixin.py:190} INFO - [2024-08-24T03:13:53.098+0000] {dag.py:4138} INFO - Setting next_dagrun for consume_1_or_both_2_and_3_with_dataset_expressions to None, run_after=None
[2024-08-24T03:13:53.100+0000] {logging_mixin.py:190} INFO - [2024-08-24T03:13:53.100+0000] {dag.py:4138} INFO - Setting next_dagrun for dataset_consumes_1 to None, run_after=None
[2024-08-24T03:13:53.105+0000] {logging_mixin.py:190} INFO - [2024-08-24T03:13:53.105+0000] {dag.py:4138} INFO - Setting next_dagrun for dataset_consumes_1_and_2 to None, run_after=None
[2024-08-24T03:13:53.107+0000] {logging_mixin.py:190} INFO - [2024-08-24T03:13:53.107+0000] {dag.py:4138} INFO - Setting next_dagrun for dataset_consumes_1_never_scheduled to None, run_after=None
[2024-08-24T03:13:53.109+0000] {logging_mixin.py:190} INFO - [2024-08-24T03:13:53.109+0000] {dag.py:4138} INFO - Setting next_dagrun for dataset_consumes_unknown_never_scheduled to None, run_after=None
[2024-08-24T03:13:53.112+0000] {logging_mixin.py:190} INFO - [2024-08-24T03:13:53.112+0000] {dag.py:4138} INFO - Setting next_dagrun for dataset_produces_1 to 2024-08-23 00:00:00+00:00, run_after=2024-08-24 00:00:00+00:00
[2024-08-24T03:13:53.114+0000] {logging_mixin.py:190} INFO - [2024-08-24T03:13:53.114+0000] {dag.py:4138} INFO - Setting next_dagrun for dataset_produces_2 to None, run_after=None
[2024-08-24T03:13:53.176+0000] {processor.py:208} INFO - Processing /home/airflow/.local/lib/python3.12/site-packages/airflow/example_dags/example_datasets.py took 1.112 seconds
[2024-08-24T03:14:23.494+0000] {processor.py:186} INFO - Started process (PID=747) to work on /home/airflow/.local/lib/python3.12/site-packages/airflow/example_dags/example_datasets.py
[2024-08-24T03:14:23.496+0000] {processor.py:914} INFO - Processing file /home/airflow/.local/lib/python3.12/site-packages/airflow/example_dags/example_datasets.py for tasks to queue
[2024-08-24T03:14:23.500+0000] {logging_mixin.py:190} INFO - [2024-08-24T03:14:23.500+0000] {dagbag.py:587} INFO - Filling up the DagBag from /home/airflow/.local/lib/python3.12/site-packages/airflow/example_dags/example_datasets.py
[2024-08-24T03:14:23.710+0000] {processor.py:925} INFO - DAG(s) 'consume_1_and_2_with_dataset_expressions', 'dataset_consumes_1', 'consume_1_or_both_2_and_3_with_dataset_expressions', 'conditional_dataset_and_time_based_timetable', 'dataset_consumes_unknown_never_scheduled', 'consume_1_or_2_with_dataset_expressions', 'dataset_produces_1', 'dataset_produces_2', 'dataset_consumes_1_never_scheduled', 'dataset_consumes_1_and_2' retrieved from /home/airflow/.local/lib/python3.12/site-packages/airflow/example_dags/example_datasets.py
[2024-08-24T03:14:23.829+0000] {logging_mixin.py:190} INFO - [2024-08-24T03:14:23.829+0000] {dag.py:3211} INFO - Sync 10 DAGs
[2024-08-24T03:14:23.882+0000] {logging_mixin.py:190} INFO - [2024-08-24T03:14:23.881+0000] {dag.py:4138} INFO - Setting next_dagrun for conditional_dataset_and_time_based_timetable to 2024-08-21 01:00:00+00:00, run_after=2024-08-21 01:00:00+00:00
[2024-08-24T03:14:23.889+0000] {logging_mixin.py:190} INFO - [2024-08-24T03:14:23.889+0000] {dag.py:4138} INFO - Setting next_dagrun for consume_1_and_2_with_dataset_expressions to None, run_after=None
[2024-08-24T03:14:23.891+0000] {logging_mixin.py:190} INFO - [2024-08-24T03:14:23.891+0000] {dag.py:4138} INFO - Setting next_dagrun for consume_1_or_2_with_dataset_expressions to None, run_after=None
[2024-08-24T03:14:23.893+0000] {logging_mixin.py:190} INFO - [2024-08-24T03:14:23.893+0000] {dag.py:4138} INFO - Setting next_dagrun for consume_1_or_both_2_and_3_with_dataset_expressions to None, run_after=None
[2024-08-24T03:14:23.894+0000] {logging_mixin.py:190} INFO - [2024-08-24T03:14:23.894+0000] {dag.py:4138} INFO - Setting next_dagrun for dataset_consumes_1 to None, run_after=None
[2024-08-24T03:14:23.896+0000] {logging_mixin.py:190} INFO - [2024-08-24T03:14:23.896+0000] {dag.py:4138} INFO - Setting next_dagrun for dataset_consumes_1_and_2 to None, run_after=None
[2024-08-24T03:14:23.898+0000] {logging_mixin.py:190} INFO - [2024-08-24T03:14:23.897+0000] {dag.py:4138} INFO - Setting next_dagrun for dataset_consumes_1_never_scheduled to None, run_after=None
[2024-08-24T03:14:23.899+0000] {logging_mixin.py:190} INFO - [2024-08-24T03:14:23.899+0000] {dag.py:4138} INFO - Setting next_dagrun for dataset_consumes_unknown_never_scheduled to None, run_after=None
[2024-08-24T03:14:23.902+0000] {logging_mixin.py:190} INFO - [2024-08-24T03:14:23.901+0000] {dag.py:4138} INFO - Setting next_dagrun for dataset_produces_1 to 2024-08-23 00:00:00+00:00, run_after=2024-08-24 00:00:00+00:00
[2024-08-24T03:14:23.903+0000] {logging_mixin.py:190} INFO - [2024-08-24T03:14:23.903+0000] {dag.py:4138} INFO - Setting next_dagrun for dataset_produces_2 to None, run_after=None
[2024-08-24T03:14:23.956+0000] {processor.py:208} INFO - Processing /home/airflow/.local/lib/python3.12/site-packages/airflow/example_dags/example_datasets.py took 0.472 seconds
[2024-08-24T03:14:54.713+0000] {processor.py:186} INFO - Started process (PID=809) to work on /home/airflow/.local/lib/python3.12/site-packages/airflow/example_dags/example_datasets.py
[2024-08-24T03:14:54.716+0000] {processor.py:914} INFO - Processing file /home/airflow/.local/lib/python3.12/site-packages/airflow/example_dags/example_datasets.py for tasks to queue
[2024-08-24T03:14:54.722+0000] {logging_mixin.py:190} INFO - [2024-08-24T03:14:54.721+0000] {dagbag.py:587} INFO - Filling up the DagBag from /home/airflow/.local/lib/python3.12/site-packages/airflow/example_dags/example_datasets.py
[2024-08-24T03:14:54.913+0000] {processor.py:925} INFO - DAG(s) 'dataset_consumes_1_never_scheduled', 'dataset_produces_2', 'conditional_dataset_and_time_based_timetable', 'consume_1_or_both_2_and_3_with_dataset_expressions', 'dataset_consumes_1', 'dataset_produces_1', 'consume_1_and_2_with_dataset_expressions', 'dataset_consumes_1_and_2', 'consume_1_or_2_with_dataset_expressions', 'dataset_consumes_unknown_never_scheduled' retrieved from /home/airflow/.local/lib/python3.12/site-packages/airflow/example_dags/example_datasets.py
[2024-08-24T03:14:55.028+0000] {logging_mixin.py:190} INFO - [2024-08-24T03:14:55.027+0000] {dag.py:3211} INFO - Sync 10 DAGs
[2024-08-24T03:14:55.060+0000] {logging_mixin.py:190} INFO - [2024-08-24T03:14:55.059+0000] {dag.py:4138} INFO - Setting next_dagrun for conditional_dataset_and_time_based_timetable to 2024-08-21 01:00:00+00:00, run_after=2024-08-21 01:00:00+00:00
[2024-08-24T03:14:55.064+0000] {logging_mixin.py:190} INFO - [2024-08-24T03:14:55.064+0000] {dag.py:4138} INFO - Setting next_dagrun for consume_1_and_2_with_dataset_expressions to None, run_after=None
[2024-08-24T03:14:55.066+0000] {logging_mixin.py:190} INFO - [2024-08-24T03:14:55.066+0000] {dag.py:4138} INFO - Setting next_dagrun for consume_1_or_2_with_dataset_expressions to None, run_after=None
[2024-08-24T03:14:55.068+0000] {logging_mixin.py:190} INFO - [2024-08-24T03:14:55.068+0000] {dag.py:4138} INFO - Setting next_dagrun for consume_1_or_both_2_and_3_with_dataset_expressions to None, run_after=None
[2024-08-24T03:14:55.070+0000] {logging_mixin.py:190} INFO - [2024-08-24T03:14:55.070+0000] {dag.py:4138} INFO - Setting next_dagrun for dataset_consumes_1 to None, run_after=None
[2024-08-24T03:14:55.072+0000] {logging_mixin.py:190} INFO - [2024-08-24T03:14:55.072+0000] {dag.py:4138} INFO - Setting next_dagrun for dataset_consumes_1_and_2 to None, run_after=None
[2024-08-24T03:14:55.074+0000] {logging_mixin.py:190} INFO - [2024-08-24T03:14:55.074+0000] {dag.py:4138} INFO - Setting next_dagrun for dataset_consumes_1_never_scheduled to None, run_after=None
[2024-08-24T03:14:55.076+0000] {logging_mixin.py:190} INFO - [2024-08-24T03:14:55.076+0000] {dag.py:4138} INFO - Setting next_dagrun for dataset_consumes_unknown_never_scheduled to None, run_after=None
[2024-08-24T03:14:55.078+0000] {logging_mixin.py:190} INFO - [2024-08-24T03:14:55.078+0000] {dag.py:4138} INFO - Setting next_dagrun for dataset_produces_1 to 2024-08-23 00:00:00+00:00, run_after=2024-08-24 00:00:00+00:00
[2024-08-24T03:14:55.080+0000] {logging_mixin.py:190} INFO - [2024-08-24T03:14:55.080+0000] {dag.py:4138} INFO - Setting next_dagrun for dataset_produces_2 to None, run_after=None
[2024-08-24T03:14:55.141+0000] {processor.py:208} INFO - Processing /home/airflow/.local/lib/python3.12/site-packages/airflow/example_dags/example_datasets.py took 0.439 seconds
[2024-08-24T03:15:25.574+0000] {processor.py:186} INFO - Started process (PID=872) to work on /home/airflow/.local/lib/python3.12/site-packages/airflow/example_dags/example_datasets.py
[2024-08-24T03:15:25.580+0000] {processor.py:914} INFO - Processing file /home/airflow/.local/lib/python3.12/site-packages/airflow/example_dags/example_datasets.py for tasks to queue
[2024-08-24T03:15:25.584+0000] {logging_mixin.py:190} INFO - [2024-08-24T03:15:25.584+0000] {dagbag.py:587} INFO - Filling up the DagBag from /home/airflow/.local/lib/python3.12/site-packages/airflow/example_dags/example_datasets.py
[2024-08-24T03:15:25.815+0000] {processor.py:925} INFO - DAG(s) 'conditional_dataset_and_time_based_timetable', 'dataset_consumes_unknown_never_scheduled', 'dataset_produces_2', 'dataset_consumes_1_never_scheduled', 'dataset_produces_1', 'dataset_consumes_1', 'dataset_consumes_1_and_2', 'consume_1_or_2_with_dataset_expressions', 'consume_1_or_both_2_and_3_with_dataset_expressions', 'consume_1_and_2_with_dataset_expressions' retrieved from /home/airflow/.local/lib/python3.12/site-packages/airflow/example_dags/example_datasets.py
[2024-08-24T03:15:25.887+0000] {logging_mixin.py:190} INFO - [2024-08-24T03:15:25.887+0000] {dag.py:3211} INFO - Sync 10 DAGs
[2024-08-24T03:15:25.925+0000] {logging_mixin.py:190} INFO - [2024-08-24T03:15:25.924+0000] {dag.py:4138} INFO - Setting next_dagrun for conditional_dataset_and_time_based_timetable to 2024-08-21 01:00:00+00:00, run_after=2024-08-21 01:00:00+00:00
[2024-08-24T03:15:25.930+0000] {logging_mixin.py:190} INFO - [2024-08-24T03:15:25.930+0000] {dag.py:4138} INFO - Setting next_dagrun for consume_1_and_2_with_dataset_expressions to None, run_after=None
[2024-08-24T03:15:25.932+0000] {logging_mixin.py:190} INFO - [2024-08-24T03:15:25.932+0000] {dag.py:4138} INFO - Setting next_dagrun for consume_1_or_2_with_dataset_expressions to None, run_after=None
[2024-08-24T03:15:25.934+0000] {logging_mixin.py:190} INFO - [2024-08-24T03:15:25.934+0000] {dag.py:4138} INFO - Setting next_dagrun for consume_1_or_both_2_and_3_with_dataset_expressions to None, run_after=None
[2024-08-24T03:15:25.936+0000] {logging_mixin.py:190} INFO - [2024-08-24T03:15:25.936+0000] {dag.py:4138} INFO - Setting next_dagrun for dataset_consumes_1 to None, run_after=None
[2024-08-24T03:15:25.938+0000] {logging_mixin.py:190} INFO - [2024-08-24T03:15:25.938+0000] {dag.py:4138} INFO - Setting next_dagrun for dataset_consumes_1_and_2 to None, run_after=None
[2024-08-24T03:15:25.940+0000] {logging_mixin.py:190} INFO - [2024-08-24T03:15:25.940+0000] {dag.py:4138} INFO - Setting next_dagrun for dataset_consumes_1_never_scheduled to None, run_after=None
[2024-08-24T03:15:25.941+0000] {logging_mixin.py:190} INFO - [2024-08-24T03:15:25.941+0000] {dag.py:4138} INFO - Setting next_dagrun for dataset_consumes_unknown_never_scheduled to None, run_after=None
[2024-08-24T03:15:25.944+0000] {logging_mixin.py:190} INFO - [2024-08-24T03:15:25.944+0000] {dag.py:4138} INFO - Setting next_dagrun for dataset_produces_1 to 2024-08-23 00:00:00+00:00, run_after=2024-08-24 00:00:00+00:00
[2024-08-24T03:15:25.946+0000] {logging_mixin.py:190} INFO - [2024-08-24T03:15:25.946+0000] {dag.py:4138} INFO - Setting next_dagrun for dataset_produces_2 to None, run_after=None
[2024-08-24T03:15:26.023+0000] {processor.py:208} INFO - Processing /home/airflow/.local/lib/python3.12/site-packages/airflow/example_dags/example_datasets.py took 0.461 seconds
[2024-08-24T03:22:32.438+0000] {processor.py:186} INFO - Started process (PID=102) to work on /home/airflow/.local/lib/python3.12/site-packages/airflow/example_dags/example_datasets.py
[2024-08-24T03:22:32.454+0000] {processor.py:914} INFO - Processing file /home/airflow/.local/lib/python3.12/site-packages/airflow/example_dags/example_datasets.py for tasks to queue
[2024-08-24T03:22:32.477+0000] {logging_mixin.py:190} INFO - [2024-08-24T03:22:32.464+0000] {dagbag.py:587} INFO - Filling up the DagBag from /home/airflow/.local/lib/python3.12/site-packages/airflow/example_dags/example_datasets.py
[2024-08-24T03:22:59.358+0000] {processor.py:925} INFO - DAG(s) 'conditional_dataset_and_time_based_timetable', 'dataset_consumes_unknown_never_scheduled', 'dataset_consumes_1_and_2', 'dataset_produces_1', 'dataset_produces_2', 'dataset_consumes_1', 'consume_1_and_2_with_dataset_expressions', 'dataset_consumes_1_never_scheduled', 'consume_1_or_both_2_and_3_with_dataset_expressions', 'consume_1_or_2_with_dataset_expressions' retrieved from /home/airflow/.local/lib/python3.12/site-packages/airflow/example_dags/example_datasets.py
[2024-08-24T03:23:02.386+0000] {logging_mixin.py:190} INFO - [2024-08-24T03:23:02.382+0000] {dag.py:3211} INFO - Sync 10 DAGs
[2024-08-24T03:23:09.247+0000] {logging_mixin.py:190} INFO - [2024-08-24T03:23:09.246+0000] {dag.py:4138} INFO - Setting next_dagrun for conditional_dataset_and_time_based_timetable to 2024-08-21 01:00:00+00:00, run_after=2024-08-21 01:00:00+00:00
[2024-08-24T03:23:09.518+0000] {logging_mixin.py:190} INFO - [2024-08-24T03:23:09.517+0000] {dag.py:4138} INFO - Setting next_dagrun for consume_1_and_2_with_dataset_expressions to None, run_after=None
[2024-08-24T03:23:09.530+0000] {logging_mixin.py:190} INFO - [2024-08-24T03:23:09.530+0000] {dag.py:4138} INFO - Setting next_dagrun for consume_1_or_2_with_dataset_expressions to None, run_after=None
[2024-08-24T03:23:09.543+0000] {logging_mixin.py:190} INFO - [2024-08-24T03:23:09.543+0000] {dag.py:4138} INFO - Setting next_dagrun for consume_1_or_both_2_and_3_with_dataset_expressions to None, run_after=None
[2024-08-24T03:23:09.551+0000] {logging_mixin.py:190} INFO - [2024-08-24T03:23:09.548+0000] {dag.py:4138} INFO - Setting next_dagrun for dataset_consumes_1 to None, run_after=None
[2024-08-24T03:23:11.990+0000] {logging_mixin.py:190} INFO - [2024-08-24T03:23:11.989+0000] {dag.py:4138} INFO - Setting next_dagrun for dataset_consumes_1_and_2 to None, run_after=None
[2024-08-24T03:23:11.997+0000] {logging_mixin.py:190} INFO - [2024-08-24T03:23:11.997+0000] {dag.py:4138} INFO - Setting next_dagrun for dataset_consumes_1_never_scheduled to None, run_after=None
[2024-08-24T03:23:12.012+0000] {logging_mixin.py:190} INFO - [2024-08-24T03:23:12.012+0000] {dag.py:4138} INFO - Setting next_dagrun for dataset_consumes_unknown_never_scheduled to None, run_after=None
[2024-08-24T03:23:12.023+0000] {logging_mixin.py:190} INFO - [2024-08-24T03:23:12.023+0000] {dag.py:4138} INFO - Setting next_dagrun for dataset_produces_1 to 2024-08-23 00:00:00+00:00, run_after=2024-08-24 00:00:00+00:00
[2024-08-24T03:23:12.037+0000] {logging_mixin.py:190} INFO - [2024-08-24T03:23:12.037+0000] {dag.py:4138} INFO - Setting next_dagrun for dataset_produces_2 to None, run_after=None
[2024-08-24T03:23:22.511+0000] {processor.py:208} INFO - Processing /home/airflow/.local/lib/python3.12/site-packages/airflow/example_dags/example_datasets.py took 50.170 seconds
[2024-08-24T03:36:58.664+0000] {processor.py:186} INFO - Started process (PID=73) to work on /home/airflow/.local/lib/python3.12/site-packages/airflow/example_dags/example_datasets.py
[2024-08-24T03:36:58.989+0000] {processor.py:914} INFO - Processing file /home/airflow/.local/lib/python3.12/site-packages/airflow/example_dags/example_datasets.py for tasks to queue
[2024-08-24T03:36:59.022+0000] {logging_mixin.py:190} INFO - [2024-08-24T03:36:59.021+0000] {dagbag.py:587} INFO - Filling up the DagBag from /home/airflow/.local/lib/python3.12/site-packages/airflow/example_dags/example_datasets.py
[2024-08-24T03:37:01.343+0000] {processor.py:925} INFO - DAG(s) 'dataset_consumes_1_never_scheduled', 'consume_1_or_2_with_dataset_expressions', 'consume_1_or_both_2_and_3_with_dataset_expressions', 'dataset_consumes_1', 'consume_1_and_2_with_dataset_expressions', 'conditional_dataset_and_time_based_timetable', 'dataset_consumes_1_and_2', 'dataset_produces_1', 'dataset_consumes_unknown_never_scheduled', 'dataset_produces_2' retrieved from /home/airflow/.local/lib/python3.12/site-packages/airflow/example_dags/example_datasets.py
[2024-08-24T03:37:02.407+0000] {logging_mixin.py:190} INFO - [2024-08-24T03:37:02.406+0000] {dag.py:3211} INFO - Sync 10 DAGs
[2024-08-24T03:37:03.009+0000] {logging_mixin.py:190} INFO - [2024-08-24T03:37:03.008+0000] {dag.py:4138} INFO - Setting next_dagrun for conditional_dataset_and_time_based_timetable to 2024-08-21 01:00:00+00:00, run_after=2024-08-21 01:00:00+00:00
[2024-08-24T03:37:03.014+0000] {logging_mixin.py:190} INFO - [2024-08-24T03:37:03.013+0000] {dag.py:4138} INFO - Setting next_dagrun for consume_1_and_2_with_dataset_expressions to None, run_after=None
[2024-08-24T03:37:03.015+0000] {logging_mixin.py:190} INFO - [2024-08-24T03:37:03.015+0000] {dag.py:4138} INFO - Setting next_dagrun for consume_1_or_2_with_dataset_expressions to None, run_after=None
[2024-08-24T03:37:03.016+0000] {logging_mixin.py:190} INFO - [2024-08-24T03:37:03.016+0000] {dag.py:4138} INFO - Setting next_dagrun for consume_1_or_both_2_and_3_with_dataset_expressions to None, run_after=None
[2024-08-24T03:37:03.018+0000] {logging_mixin.py:190} INFO - [2024-08-24T03:37:03.018+0000] {dag.py:4138} INFO - Setting next_dagrun for dataset_consumes_1 to None, run_after=None
[2024-08-24T03:37:03.019+0000] {logging_mixin.py:190} INFO - [2024-08-24T03:37:03.019+0000] {dag.py:4138} INFO - Setting next_dagrun for dataset_consumes_1_and_2 to None, run_after=None
[2024-08-24T03:37:03.021+0000] {logging_mixin.py:190} INFO - [2024-08-24T03:37:03.020+0000] {dag.py:4138} INFO - Setting next_dagrun for dataset_consumes_1_never_scheduled to None, run_after=None
[2024-08-24T03:37:03.022+0000] {logging_mixin.py:190} INFO - [2024-08-24T03:37:03.022+0000] {dag.py:4138} INFO - Setting next_dagrun for dataset_consumes_unknown_never_scheduled to None, run_after=None
[2024-08-24T03:37:03.025+0000] {logging_mixin.py:190} INFO - [2024-08-24T03:37:03.025+0000] {dag.py:4138} INFO - Setting next_dagrun for dataset_produces_1 to 2024-08-23 00:00:00+00:00, run_after=2024-08-24 00:00:00+00:00
[2024-08-24T03:37:03.027+0000] {logging_mixin.py:190} INFO - [2024-08-24T03:37:03.026+0000] {dag.py:4138} INFO - Setting next_dagrun for dataset_produces_2 to None, run_after=None
[2024-08-24T03:37:03.121+0000] {processor.py:208} INFO - Processing /home/airflow/.local/lib/python3.12/site-packages/airflow/example_dags/example_datasets.py took 5.024 seconds
[2024-08-24T18:11:25.816+0000] {processor.py:186} INFO - Started process (PID=72) to work on /home/airflow/.local/lib/python3.12/site-packages/airflow/example_dags/example_datasets.py
[2024-08-24T18:11:25.822+0000] {processor.py:914} INFO - Processing file /home/airflow/.local/lib/python3.12/site-packages/airflow/example_dags/example_datasets.py for tasks to queue
[2024-08-24T18:11:25.847+0000] {logging_mixin.py:190} INFO - [2024-08-24T18:11:25.846+0000] {dagbag.py:587} INFO - Filling up the DagBag from /home/airflow/.local/lib/python3.12/site-packages/airflow/example_dags/example_datasets.py
[2024-08-24T18:11:27.066+0000] {processor.py:925} INFO - DAG(s) 'consume_1_or_both_2_and_3_with_dataset_expressions', 'consume_1_and_2_with_dataset_expressions', 'dataset_consumes_1_and_2', 'consume_1_or_2_with_dataset_expressions', 'conditional_dataset_and_time_based_timetable', 'dataset_consumes_1', 'dataset_consumes_unknown_never_scheduled', 'dataset_produces_2', 'dataset_consumes_1_never_scheduled', 'dataset_produces_1' retrieved from /home/airflow/.local/lib/python3.12/site-packages/airflow/example_dags/example_datasets.py
[2024-08-24T18:11:27.697+0000] {logging_mixin.py:190} INFO - [2024-08-24T18:11:27.696+0000] {dag.py:3211} INFO - Sync 10 DAGs
[2024-08-24T18:11:27.939+0000] {logging_mixin.py:190} INFO - [2024-08-24T18:11:27.939+0000] {dag.py:4138} INFO - Setting next_dagrun for conditional_dataset_and_time_based_timetable to 2024-08-21 01:00:00+00:00, run_after=2024-08-21 01:00:00+00:00
[2024-08-24T18:11:27.988+0000] {logging_mixin.py:190} INFO - [2024-08-24T18:11:27.987+0000] {dag.py:4138} INFO - Setting next_dagrun for consume_1_and_2_with_dataset_expressions to None, run_after=None
[2024-08-24T18:11:27.998+0000] {logging_mixin.py:190} INFO - [2024-08-24T18:11:27.997+0000] {dag.py:4138} INFO - Setting next_dagrun for consume_1_or_2_with_dataset_expressions to None, run_after=None
[2024-08-24T18:11:28.006+0000] {logging_mixin.py:190} INFO - [2024-08-24T18:11:28.005+0000] {dag.py:4138} INFO - Setting next_dagrun for consume_1_or_both_2_and_3_with_dataset_expressions to None, run_after=None
[2024-08-24T18:11:28.009+0000] {logging_mixin.py:190} INFO - [2024-08-24T18:11:28.009+0000] {dag.py:4138} INFO - Setting next_dagrun for dataset_consumes_1 to None, run_after=None
[2024-08-24T18:11:28.017+0000] {logging_mixin.py:190} INFO - [2024-08-24T18:11:28.017+0000] {dag.py:4138} INFO - Setting next_dagrun for dataset_consumes_1_and_2 to None, run_after=None
[2024-08-24T18:11:28.031+0000] {logging_mixin.py:190} INFO - [2024-08-24T18:11:28.030+0000] {dag.py:4138} INFO - Setting next_dagrun for dataset_consumes_1_never_scheduled to None, run_after=None
[2024-08-24T18:11:28.033+0000] {logging_mixin.py:190} INFO - [2024-08-24T18:11:28.032+0000] {dag.py:4138} INFO - Setting next_dagrun for dataset_consumes_unknown_never_scheduled to None, run_after=None
[2024-08-24T18:11:28.037+0000] {logging_mixin.py:190} INFO - [2024-08-24T18:11:28.036+0000] {dag.py:4138} INFO - Setting next_dagrun for dataset_produces_1 to 2024-08-23 00:00:00+00:00, run_after=2024-08-24 00:00:00+00:00
[2024-08-24T18:11:28.041+0000] {logging_mixin.py:190} INFO - [2024-08-24T18:11:28.041+0000] {dag.py:4138} INFO - Setting next_dagrun for dataset_produces_2 to None, run_after=None
[2024-08-24T18:11:28.136+0000] {processor.py:208} INFO - Processing /home/airflow/.local/lib/python3.12/site-packages/airflow/example_dags/example_datasets.py took 2.338 seconds
[2024-08-24T18:11:58.814+0000] {processor.py:186} INFO - Started process (PID=136) to work on /home/airflow/.local/lib/python3.12/site-packages/airflow/example_dags/example_datasets.py
[2024-08-24T18:11:58.817+0000] {processor.py:914} INFO - Processing file /home/airflow/.local/lib/python3.12/site-packages/airflow/example_dags/example_datasets.py for tasks to queue
[2024-08-24T18:11:58.847+0000] {logging_mixin.py:190} INFO - [2024-08-24T18:11:58.824+0000] {dagbag.py:587} INFO - Filling up the DagBag from /home/airflow/.local/lib/python3.12/site-packages/airflow/example_dags/example_datasets.py
[2024-08-24T18:12:00.359+0000] {processor.py:925} INFO - DAG(s) 'dataset_produces_1', 'dataset_produces_2', 'consume_1_and_2_with_dataset_expressions', 'consume_1_or_both_2_and_3_with_dataset_expressions', 'conditional_dataset_and_time_based_timetable', 'dataset_consumes_1', 'dataset_consumes_unknown_never_scheduled', 'consume_1_or_2_with_dataset_expressions', 'dataset_consumes_1_never_scheduled', 'dataset_consumes_1_and_2' retrieved from /home/airflow/.local/lib/python3.12/site-packages/airflow/example_dags/example_datasets.py
[2024-08-24T18:12:00.602+0000] {logging_mixin.py:190} INFO - [2024-08-24T18:12:00.600+0000] {dag.py:3211} INFO - Sync 10 DAGs
[2024-08-24T18:12:00.859+0000] {logging_mixin.py:190} INFO - [2024-08-24T18:12:00.859+0000] {dag.py:4138} INFO - Setting next_dagrun for conditional_dataset_and_time_based_timetable to 2024-08-21 01:00:00+00:00, run_after=2024-08-21 01:00:00+00:00
[2024-08-24T18:12:00.951+0000] {logging_mixin.py:190} INFO - [2024-08-24T18:12:00.949+0000] {dag.py:4138} INFO - Setting next_dagrun for consume_1_and_2_with_dataset_expressions to None, run_after=None
[2024-08-24T18:12:00.959+0000] {logging_mixin.py:190} INFO - [2024-08-24T18:12:00.958+0000] {dag.py:4138} INFO - Setting next_dagrun for consume_1_or_2_with_dataset_expressions to None, run_after=None
[2024-08-24T18:12:00.966+0000] {logging_mixin.py:190} INFO - [2024-08-24T18:12:00.966+0000] {dag.py:4138} INFO - Setting next_dagrun for consume_1_or_both_2_and_3_with_dataset_expressions to None, run_after=None
[2024-08-24T18:12:00.969+0000] {logging_mixin.py:190} INFO - [2024-08-24T18:12:00.969+0000] {dag.py:4138} INFO - Setting next_dagrun for dataset_consumes_1 to None, run_after=None
[2024-08-24T18:12:00.972+0000] {logging_mixin.py:190} INFO - [2024-08-24T18:12:00.971+0000] {dag.py:4138} INFO - Setting next_dagrun for dataset_consumes_1_and_2 to None, run_after=None
[2024-08-24T18:12:00.974+0000] {logging_mixin.py:190} INFO - [2024-08-24T18:12:00.974+0000] {dag.py:4138} INFO - Setting next_dagrun for dataset_consumes_1_never_scheduled to None, run_after=None
[2024-08-24T18:12:00.981+0000] {logging_mixin.py:190} INFO - [2024-08-24T18:12:00.981+0000] {dag.py:4138} INFO - Setting next_dagrun for dataset_consumes_unknown_never_scheduled to None, run_after=None
[2024-08-24T18:12:00.990+0000] {logging_mixin.py:190} INFO - [2024-08-24T18:12:00.989+0000] {dag.py:4138} INFO - Setting next_dagrun for dataset_produces_1 to 2024-08-23 00:00:00+00:00, run_after=2024-08-24 00:00:00+00:00
[2024-08-24T18:12:01.045+0000] {logging_mixin.py:190} INFO - [2024-08-24T18:12:01.019+0000] {dag.py:4138} INFO - Setting next_dagrun for dataset_produces_2 to None, run_after=None
[2024-08-24T18:12:02.412+0000] {processor.py:208} INFO - Processing /home/airflow/.local/lib/python3.12/site-packages/airflow/example_dags/example_datasets.py took 3.617 seconds
[2024-08-24T18:12:32.483+0000] {processor.py:186} INFO - Started process (PID=203) to work on /home/airflow/.local/lib/python3.12/site-packages/airflow/example_dags/example_datasets.py
[2024-08-24T18:12:32.486+0000] {processor.py:914} INFO - Processing file /home/airflow/.local/lib/python3.12/site-packages/airflow/example_dags/example_datasets.py for tasks to queue
[2024-08-24T18:12:32.489+0000] {logging_mixin.py:190} INFO - [2024-08-24T18:12:32.488+0000] {dagbag.py:587} INFO - Filling up the DagBag from /home/airflow/.local/lib/python3.12/site-packages/airflow/example_dags/example_datasets.py
[2024-08-24T18:12:34.125+0000] {processor.py:925} INFO - DAG(s) 'dataset_produces_2', 'dataset_consumes_1', 'dataset_consumes_1_never_scheduled', 'consume_1_and_2_with_dataset_expressions', 'dataset_consumes_unknown_never_scheduled', 'dataset_consumes_1_and_2', 'consume_1_or_both_2_and_3_with_dataset_expressions', 'dataset_produces_1', 'consume_1_or_2_with_dataset_expressions', 'conditional_dataset_and_time_based_timetable' retrieved from /home/airflow/.local/lib/python3.12/site-packages/airflow/example_dags/example_datasets.py
[2024-08-24T18:12:34.345+0000] {logging_mixin.py:190} INFO - [2024-08-24T18:12:34.345+0000] {dag.py:3211} INFO - Sync 10 DAGs
[2024-08-24T18:12:34.454+0000] {logging_mixin.py:190} INFO - [2024-08-24T18:12:34.453+0000] {dag.py:4138} INFO - Setting next_dagrun for conditional_dataset_and_time_based_timetable to 2024-08-21 01:00:00+00:00, run_after=2024-08-21 01:00:00+00:00
[2024-08-24T18:12:34.473+0000] {logging_mixin.py:190} INFO - [2024-08-24T18:12:34.472+0000] {dag.py:4138} INFO - Setting next_dagrun for consume_1_and_2_with_dataset_expressions to None, run_after=None
[2024-08-24T18:12:34.482+0000] {logging_mixin.py:190} INFO - [2024-08-24T18:12:34.482+0000] {dag.py:4138} INFO - Setting next_dagrun for consume_1_or_2_with_dataset_expressions to None, run_after=None
[2024-08-24T18:12:34.484+0000] {logging_mixin.py:190} INFO - [2024-08-24T18:12:34.484+0000] {dag.py:4138} INFO - Setting next_dagrun for consume_1_or_both_2_and_3_with_dataset_expressions to None, run_after=None
[2024-08-24T18:12:34.486+0000] {logging_mixin.py:190} INFO - [2024-08-24T18:12:34.486+0000] {dag.py:4138} INFO - Setting next_dagrun for dataset_consumes_1 to None, run_after=None
[2024-08-24T18:12:34.488+0000] {logging_mixin.py:190} INFO - [2024-08-24T18:12:34.488+0000] {dag.py:4138} INFO - Setting next_dagrun for dataset_consumes_1_and_2 to None, run_after=None
[2024-08-24T18:12:34.492+0000] {logging_mixin.py:190} INFO - [2024-08-24T18:12:34.492+0000] {dag.py:4138} INFO - Setting next_dagrun for dataset_consumes_1_never_scheduled to None, run_after=None
[2024-08-24T18:12:34.495+0000] {logging_mixin.py:190} INFO - [2024-08-24T18:12:34.494+0000] {dag.py:4138} INFO - Setting next_dagrun for dataset_consumes_unknown_never_scheduled to None, run_after=None
[2024-08-24T18:12:34.499+0000] {logging_mixin.py:190} INFO - [2024-08-24T18:12:34.499+0000] {dag.py:4138} INFO - Setting next_dagrun for dataset_produces_1 to 2024-08-23 00:00:00+00:00, run_after=2024-08-24 00:00:00+00:00
[2024-08-24T18:12:34.502+0000] {logging_mixin.py:190} INFO - [2024-08-24T18:12:34.501+0000] {dag.py:4138} INFO - Setting next_dagrun for dataset_produces_2 to None, run_after=None
[2024-08-24T18:12:34.577+0000] {processor.py:208} INFO - Processing /home/airflow/.local/lib/python3.12/site-packages/airflow/example_dags/example_datasets.py took 2.105 seconds
[2024-08-24T18:13:05.741+0000] {processor.py:186} INFO - Started process (PID=264) to work on /home/airflow/.local/lib/python3.12/site-packages/airflow/example_dags/example_datasets.py
[2024-08-24T18:13:05.751+0000] {processor.py:914} INFO - Processing file /home/airflow/.local/lib/python3.12/site-packages/airflow/example_dags/example_datasets.py for tasks to queue
[2024-08-24T18:13:05.768+0000] {logging_mixin.py:190} INFO - [2024-08-24T18:13:05.768+0000] {dagbag.py:587} INFO - Filling up the DagBag from /home/airflow/.local/lib/python3.12/site-packages/airflow/example_dags/example_datasets.py
[2024-08-24T18:13:11.670+0000] {processor.py:925} INFO - DAG(s) 'dataset_produces_2', 'consume_1_or_2_with_dataset_expressions', 'consume_1_or_both_2_and_3_with_dataset_expressions', 'dataset_consumes_1_never_scheduled', 'dataset_consumes_unknown_never_scheduled', 'dataset_produces_1', 'dataset_consumes_1', 'conditional_dataset_and_time_based_timetable', 'dataset_consumes_1_and_2', 'consume_1_and_2_with_dataset_expressions' retrieved from /home/airflow/.local/lib/python3.12/site-packages/airflow/example_dags/example_datasets.py
[2024-08-24T18:13:12.248+0000] {logging_mixin.py:190} INFO - [2024-08-24T18:13:12.236+0000] {dag.py:3211} INFO - Sync 10 DAGs
[2024-08-24T18:13:12.651+0000] {logging_mixin.py:190} INFO - [2024-08-24T18:13:12.646+0000] {dag.py:4138} INFO - Setting next_dagrun for conditional_dataset_and_time_based_timetable to 2024-08-21 01:00:00+00:00, run_after=2024-08-21 01:00:00+00:00
[2024-08-24T18:13:13.101+0000] {logging_mixin.py:190} INFO - [2024-08-24T18:13:13.093+0000] {dag.py:4138} INFO - Setting next_dagrun for consume_1_and_2_with_dataset_expressions to None, run_after=None
[2024-08-24T18:13:13.154+0000] {logging_mixin.py:190} INFO - [2024-08-24T18:13:13.153+0000] {dag.py:4138} INFO - Setting next_dagrun for consume_1_or_2_with_dataset_expressions to None, run_after=None
[2024-08-24T18:13:13.173+0000] {logging_mixin.py:190} INFO - [2024-08-24T18:13:13.173+0000] {dag.py:4138} INFO - Setting next_dagrun for consume_1_or_both_2_and_3_with_dataset_expressions to None, run_after=None
[2024-08-24T18:13:13.204+0000] {logging_mixin.py:190} INFO - [2024-08-24T18:13:13.204+0000] {dag.py:4138} INFO - Setting next_dagrun for dataset_consumes_1 to None, run_after=None
[2024-08-24T18:13:13.263+0000] {logging_mixin.py:190} INFO - [2024-08-24T18:13:13.262+0000] {dag.py:4138} INFO - Setting next_dagrun for dataset_consumes_1_and_2 to None, run_after=None
[2024-08-24T18:13:13.281+0000] {logging_mixin.py:190} INFO - [2024-08-24T18:13:13.280+0000] {dag.py:4138} INFO - Setting next_dagrun for dataset_consumes_1_never_scheduled to None, run_after=None
[2024-08-24T18:13:13.292+0000] {logging_mixin.py:190} INFO - [2024-08-24T18:13:13.291+0000] {dag.py:4138} INFO - Setting next_dagrun for dataset_consumes_unknown_never_scheduled to None, run_after=None
[2024-08-24T18:13:13.311+0000] {logging_mixin.py:190} INFO - [2024-08-24T18:13:13.310+0000] {dag.py:4138} INFO - Setting next_dagrun for dataset_produces_1 to 2024-08-23 00:00:00+00:00, run_after=2024-08-24 00:00:00+00:00
[2024-08-24T18:13:13.317+0000] {logging_mixin.py:190} INFO - [2024-08-24T18:13:13.316+0000] {dag.py:4138} INFO - Setting next_dagrun for dataset_produces_2 to None, run_after=None
[2024-08-24T18:13:13.773+0000] {processor.py:208} INFO - Processing /home/airflow/.local/lib/python3.12/site-packages/airflow/example_dags/example_datasets.py took 8.138 seconds
[2024-08-24T18:13:53.211+0000] {processor.py:186} INFO - Started process (PID=334) to work on /home/airflow/.local/lib/python3.12/site-packages/airflow/example_dags/example_datasets.py
[2024-08-24T18:13:53.217+0000] {processor.py:914} INFO - Processing file /home/airflow/.local/lib/python3.12/site-packages/airflow/example_dags/example_datasets.py for tasks to queue
[2024-08-24T18:13:53.225+0000] {logging_mixin.py:190} INFO - [2024-08-24T18:13:53.222+0000] {dagbag.py:587} INFO - Filling up the DagBag from /home/airflow/.local/lib/python3.12/site-packages/airflow/example_dags/example_datasets.py
[2024-08-24T18:13:58.425+0000] {processor.py:925} INFO - DAG(s) 'dataset_consumes_unknown_never_scheduled', 'consume_1_and_2_with_dataset_expressions', 'dataset_consumes_1', 'dataset_produces_1', 'dataset_produces_2', 'dataset_consumes_1_never_scheduled', 'consume_1_or_both_2_and_3_with_dataset_expressions', 'dataset_consumes_1_and_2', 'consume_1_or_2_with_dataset_expressions', 'conditional_dataset_and_time_based_timetable' retrieved from /home/airflow/.local/lib/python3.12/site-packages/airflow/example_dags/example_datasets.py
[2024-08-24T18:13:58.605+0000] {logging_mixin.py:190} INFO - [2024-08-24T18:13:58.605+0000] {dag.py:3211} INFO - Sync 10 DAGs
[2024-08-24T18:13:58.687+0000] {logging_mixin.py:190} INFO - [2024-08-24T18:13:58.687+0000] {dag.py:4138} INFO - Setting next_dagrun for conditional_dataset_and_time_based_timetable to 2024-08-21 01:00:00+00:00, run_after=2024-08-21 01:00:00+00:00
[2024-08-24T18:13:58.693+0000] {logging_mixin.py:190} INFO - [2024-08-24T18:13:58.693+0000] {dag.py:4138} INFO - Setting next_dagrun for consume_1_and_2_with_dataset_expressions to None, run_after=None
[2024-08-24T18:13:58.697+0000] {logging_mixin.py:190} INFO - [2024-08-24T18:13:58.696+0000] {dag.py:4138} INFO - Setting next_dagrun for consume_1_or_2_with_dataset_expressions to None, run_after=None
[2024-08-24T18:13:58.699+0000] {logging_mixin.py:190} INFO - [2024-08-24T18:13:58.699+0000] {dag.py:4138} INFO - Setting next_dagrun for consume_1_or_both_2_and_3_with_dataset_expressions to None, run_after=None
[2024-08-24T18:13:58.702+0000] {logging_mixin.py:190} INFO - [2024-08-24T18:13:58.701+0000] {dag.py:4138} INFO - Setting next_dagrun for dataset_consumes_1 to None, run_after=None
[2024-08-24T18:13:58.703+0000] {logging_mixin.py:190} INFO - [2024-08-24T18:13:58.703+0000] {dag.py:4138} INFO - Setting next_dagrun for dataset_consumes_1_and_2 to None, run_after=None
[2024-08-24T18:13:58.706+0000] {logging_mixin.py:190} INFO - [2024-08-24T18:13:58.705+0000] {dag.py:4138} INFO - Setting next_dagrun for dataset_consumes_1_never_scheduled to None, run_after=None
[2024-08-24T18:13:58.708+0000] {logging_mixin.py:190} INFO - [2024-08-24T18:13:58.708+0000] {dag.py:4138} INFO - Setting next_dagrun for dataset_consumes_unknown_never_scheduled to None, run_after=None
[2024-08-24T18:13:58.713+0000] {logging_mixin.py:190} INFO - [2024-08-24T18:13:58.713+0000] {dag.py:4138} INFO - Setting next_dagrun for dataset_produces_1 to 2024-08-23 00:00:00+00:00, run_after=2024-08-24 00:00:00+00:00
[2024-08-24T18:13:58.715+0000] {logging_mixin.py:190} INFO - [2024-08-24T18:13:58.715+0000] {dag.py:4138} INFO - Setting next_dagrun for dataset_produces_2 to None, run_after=None
[2024-08-24T18:13:58.768+0000] {processor.py:208} INFO - Processing /home/airflow/.local/lib/python3.12/site-packages/airflow/example_dags/example_datasets.py took 5.616 seconds
[2024-08-24T18:14:28.869+0000] {processor.py:186} INFO - Started process (PID=400) to work on /home/airflow/.local/lib/python3.12/site-packages/airflow/example_dags/example_datasets.py
[2024-08-24T18:14:28.872+0000] {processor.py:914} INFO - Processing file /home/airflow/.local/lib/python3.12/site-packages/airflow/example_dags/example_datasets.py for tasks to queue
[2024-08-24T18:14:28.876+0000] {logging_mixin.py:190} INFO - [2024-08-24T18:14:28.875+0000] {dagbag.py:587} INFO - Filling up the DagBag from /home/airflow/.local/lib/python3.12/site-packages/airflow/example_dags/example_datasets.py
[2024-08-24T18:14:29.120+0000] {processor.py:925} INFO - DAG(s) 'dataset_produces_2', 'conditional_dataset_and_time_based_timetable', 'consume_1_and_2_with_dataset_expressions', 'dataset_consumes_1', 'dataset_consumes_unknown_never_scheduled', 'dataset_produces_1', 'consume_1_or_both_2_and_3_with_dataset_expressions', 'dataset_consumes_1_never_scheduled', 'consume_1_or_2_with_dataset_expressions', 'dataset_consumes_1_and_2' retrieved from /home/airflow/.local/lib/python3.12/site-packages/airflow/example_dags/example_datasets.py
[2024-08-24T18:14:29.211+0000] {logging_mixin.py:190} INFO - [2024-08-24T18:14:29.210+0000] {dag.py:3211} INFO - Sync 10 DAGs
[2024-08-24T18:14:29.249+0000] {logging_mixin.py:190} INFO - [2024-08-24T18:14:29.248+0000] {dag.py:4138} INFO - Setting next_dagrun for conditional_dataset_and_time_based_timetable to 2024-08-21 01:00:00+00:00, run_after=2024-08-21 01:00:00+00:00
[2024-08-24T18:14:29.254+0000] {logging_mixin.py:190} INFO - [2024-08-24T18:14:29.254+0000] {dag.py:4138} INFO - Setting next_dagrun for consume_1_and_2_with_dataset_expressions to None, run_after=None
[2024-08-24T18:14:29.256+0000] {logging_mixin.py:190} INFO - [2024-08-24T18:14:29.256+0000] {dag.py:4138} INFO - Setting next_dagrun for consume_1_or_2_with_dataset_expressions to None, run_after=None
[2024-08-24T18:14:29.257+0000] {logging_mixin.py:190} INFO - [2024-08-24T18:14:29.257+0000] {dag.py:4138} INFO - Setting next_dagrun for consume_1_or_both_2_and_3_with_dataset_expressions to None, run_after=None
[2024-08-24T18:14:29.258+0000] {logging_mixin.py:190} INFO - [2024-08-24T18:14:29.258+0000] {dag.py:4138} INFO - Setting next_dagrun for dataset_consumes_1 to None, run_after=None
[2024-08-24T18:14:29.259+0000] {logging_mixin.py:190} INFO - [2024-08-24T18:14:29.259+0000] {dag.py:4138} INFO - Setting next_dagrun for dataset_consumes_1_and_2 to None, run_after=None
[2024-08-24T18:14:29.260+0000] {logging_mixin.py:190} INFO - [2024-08-24T18:14:29.260+0000] {dag.py:4138} INFO - Setting next_dagrun for dataset_consumes_1_never_scheduled to None, run_after=None
[2024-08-24T18:14:29.261+0000] {logging_mixin.py:190} INFO - [2024-08-24T18:14:29.261+0000] {dag.py:4138} INFO - Setting next_dagrun for dataset_consumes_unknown_never_scheduled to None, run_after=None
[2024-08-24T18:14:29.263+0000] {logging_mixin.py:190} INFO - [2024-08-24T18:14:29.263+0000] {dag.py:4138} INFO - Setting next_dagrun for dataset_produces_1 to 2024-08-23 00:00:00+00:00, run_after=2024-08-24 00:00:00+00:00
[2024-08-24T18:14:29.264+0000] {logging_mixin.py:190} INFO - [2024-08-24T18:14:29.264+0000] {dag.py:4138} INFO - Setting next_dagrun for dataset_produces_2 to None, run_after=None
[2024-08-24T18:14:29.312+0000] {processor.py:208} INFO - Processing /home/airflow/.local/lib/python3.12/site-packages/airflow/example_dags/example_datasets.py took 0.454 seconds
