[2024-08-24T03:09:32.263+0000] {processor.py:186} INFO - Started process (PID=136) to work on /home/airflow/.local/lib/python3.12/site-packages/airflow/example_dags/example_latest_only_with_trigger.py
[2024-08-24T03:09:32.273+0000] {processor.py:914} INFO - Processing file /home/airflow/.local/lib/python3.12/site-packages/airflow/example_dags/example_latest_only_with_trigger.py for tasks to queue
[2024-08-24T03:09:32.276+0000] {logging_mixin.py:190} INFO - [2024-08-24T03:09:32.275+0000] {dagbag.py:587} INFO - Filling up the DagBag from /home/airflow/.local/lib/python3.12/site-packages/airflow/example_dags/example_latest_only_with_trigger.py
[2024-08-24T03:09:32.296+0000] {processor.py:925} INFO - DAG(s) 'latest_only_with_trigger' retrieved from /home/airflow/.local/lib/python3.12/site-packages/airflow/example_dags/example_latest_only_with_trigger.py
[2024-08-24T03:09:32.694+0000] {logging_mixin.py:190} INFO - [2024-08-24T03:09:32.692+0000] {override.py:1858} INFO - Created Permission View: can delete on DAG:latest_only_with_trigger
[2024-08-24T03:09:32.805+0000] {logging_mixin.py:190} INFO - [2024-08-24T03:09:32.802+0000] {override.py:1858} INFO - Created Permission View: can read on DAG:latest_only_with_trigger
[2024-08-24T03:09:32.831+0000] {logging_mixin.py:190} INFO - [2024-08-24T03:09:32.830+0000] {override.py:1858} INFO - Created Permission View: can edit on DAG:latest_only_with_trigger
[2024-08-24T03:09:32.837+0000] {logging_mixin.py:190} INFO - [2024-08-24T03:09:32.833+0000] {dag.py:3211} INFO - Sync 1 DAGs
[2024-08-24T03:09:33.028+0000] {logging_mixin.py:190} INFO - [2024-08-24T03:09:33.026+0000] {dag.py:3234} INFO - Creating ORM DAG for latest_only_with_trigger
[2024-08-24T03:09:33.065+0000] {logging_mixin.py:190} INFO - [2024-08-24T03:09:33.065+0000] {dag.py:4138} INFO - Setting next_dagrun for latest_only_with_trigger to 2024-08-23 20:00:00+00:00, run_after=2024-08-24 00:00:00+00:00
[2024-08-24T03:09:33.131+0000] {processor.py:208} INFO - Processing /home/airflow/.local/lib/python3.12/site-packages/airflow/example_dags/example_latest_only_with_trigger.py took 0.902 seconds
[2024-08-24T03:10:03.290+0000] {processor.py:186} INFO - Started process (PID=200) to work on /home/airflow/.local/lib/python3.12/site-packages/airflow/example_dags/example_latest_only_with_trigger.py
[2024-08-24T03:10:03.295+0000] {processor.py:914} INFO - Processing file /home/airflow/.local/lib/python3.12/site-packages/airflow/example_dags/example_latest_only_with_trigger.py for tasks to queue
[2024-08-24T03:10:03.299+0000] {logging_mixin.py:190} INFO - [2024-08-24T03:10:03.298+0000] {dagbag.py:587} INFO - Filling up the DagBag from /home/airflow/.local/lib/python3.12/site-packages/airflow/example_dags/example_latest_only_with_trigger.py
[2024-08-24T03:10:03.350+0000] {processor.py:925} INFO - DAG(s) 'latest_only_with_trigger' retrieved from /home/airflow/.local/lib/python3.12/site-packages/airflow/example_dags/example_latest_only_with_trigger.py
[2024-08-24T03:10:03.458+0000] {logging_mixin.py:190} INFO - [2024-08-24T03:10:03.454+0000] {dag.py:3211} INFO - Sync 1 DAGs
[2024-08-24T03:10:03.512+0000] {logging_mixin.py:190} INFO - [2024-08-24T03:10:03.512+0000] {dag.py:4138} INFO - Setting next_dagrun for latest_only_with_trigger to 2024-08-23 20:00:00+00:00, run_after=2024-08-24 00:00:00+00:00
[2024-08-24T03:10:03.568+0000] {processor.py:208} INFO - Processing /home/airflow/.local/lib/python3.12/site-packages/airflow/example_dags/example_latest_only_with_trigger.py took 0.307 seconds
[2024-08-24T03:10:33.836+0000] {processor.py:186} INFO - Started process (PID=263) to work on /home/airflow/.local/lib/python3.12/site-packages/airflow/example_dags/example_latest_only_with_trigger.py
[2024-08-24T03:10:33.973+0000] {processor.py:914} INFO - Processing file /home/airflow/.local/lib/python3.12/site-packages/airflow/example_dags/example_latest_only_with_trigger.py for tasks to queue
[2024-08-24T03:10:33.981+0000] {logging_mixin.py:190} INFO - [2024-08-24T03:10:33.980+0000] {dagbag.py:587} INFO - Filling up the DagBag from /home/airflow/.local/lib/python3.12/site-packages/airflow/example_dags/example_latest_only_with_trigger.py
[2024-08-24T03:10:33.996+0000] {processor.py:925} INFO - DAG(s) 'latest_only_with_trigger' retrieved from /home/airflow/.local/lib/python3.12/site-packages/airflow/example_dags/example_latest_only_with_trigger.py
[2024-08-24T03:10:34.100+0000] {logging_mixin.py:190} INFO - [2024-08-24T03:10:34.099+0000] {dag.py:3211} INFO - Sync 1 DAGs
[2024-08-24T03:10:34.134+0000] {logging_mixin.py:190} INFO - [2024-08-24T03:10:34.134+0000] {dag.py:4138} INFO - Setting next_dagrun for latest_only_with_trigger to 2024-08-23 20:00:00+00:00, run_after=2024-08-24 00:00:00+00:00
[2024-08-24T03:10:34.201+0000] {processor.py:208} INFO - Processing /home/airflow/.local/lib/python3.12/site-packages/airflow/example_dags/example_latest_only_with_trigger.py took 0.400 seconds
[2024-08-24T03:11:04.385+0000] {processor.py:186} INFO - Started process (PID=326) to work on /home/airflow/.local/lib/python3.12/site-packages/airflow/example_dags/example_latest_only_with_trigger.py
[2024-08-24T03:11:04.386+0000] {processor.py:914} INFO - Processing file /home/airflow/.local/lib/python3.12/site-packages/airflow/example_dags/example_latest_only_with_trigger.py for tasks to queue
[2024-08-24T03:11:04.391+0000] {logging_mixin.py:190} INFO - [2024-08-24T03:11:04.390+0000] {dagbag.py:587} INFO - Filling up the DagBag from /home/airflow/.local/lib/python3.12/site-packages/airflow/example_dags/example_latest_only_with_trigger.py
[2024-08-24T03:11:04.407+0000] {processor.py:925} INFO - DAG(s) 'latest_only_with_trigger' retrieved from /home/airflow/.local/lib/python3.12/site-packages/airflow/example_dags/example_latest_only_with_trigger.py
[2024-08-24T03:11:04.453+0000] {logging_mixin.py:190} INFO - [2024-08-24T03:11:04.453+0000] {dag.py:3211} INFO - Sync 1 DAGs
[2024-08-24T03:11:04.521+0000] {logging_mixin.py:190} INFO - [2024-08-24T03:11:04.521+0000] {dag.py:4138} INFO - Setting next_dagrun for latest_only_with_trigger to 2024-08-23 20:00:00+00:00, run_after=2024-08-24 00:00:00+00:00
[2024-08-24T03:11:04.549+0000] {processor.py:208} INFO - Processing /home/airflow/.local/lib/python3.12/site-packages/airflow/example_dags/example_latest_only_with_trigger.py took 0.179 seconds
[2024-08-24T03:11:35.346+0000] {processor.py:186} INFO - Started process (PID=389) to work on /home/airflow/.local/lib/python3.12/site-packages/airflow/example_dags/example_latest_only_with_trigger.py
[2024-08-24T03:11:35.348+0000] {processor.py:914} INFO - Processing file /home/airflow/.local/lib/python3.12/site-packages/airflow/example_dags/example_latest_only_with_trigger.py for tasks to queue
[2024-08-24T03:11:35.352+0000] {logging_mixin.py:190} INFO - [2024-08-24T03:11:35.351+0000] {dagbag.py:587} INFO - Filling up the DagBag from /home/airflow/.local/lib/python3.12/site-packages/airflow/example_dags/example_latest_only_with_trigger.py
[2024-08-24T03:11:35.362+0000] {processor.py:925} INFO - DAG(s) 'latest_only_with_trigger' retrieved from /home/airflow/.local/lib/python3.12/site-packages/airflow/example_dags/example_latest_only_with_trigger.py
[2024-08-24T03:11:35.397+0000] {logging_mixin.py:190} INFO - [2024-08-24T03:11:35.396+0000] {dag.py:3211} INFO - Sync 1 DAGs
[2024-08-24T03:11:35.429+0000] {logging_mixin.py:190} INFO - [2024-08-24T03:11:35.429+0000] {dag.py:4138} INFO - Setting next_dagrun for latest_only_with_trigger to 2024-08-23 20:00:00+00:00, run_after=2024-08-24 00:00:00+00:00
[2024-08-24T03:11:35.454+0000] {processor.py:208} INFO - Processing /home/airflow/.local/lib/python3.12/site-packages/airflow/example_dags/example_latest_only_with_trigger.py took 0.118 seconds
[2024-08-24T03:12:07.019+0000] {processor.py:186} INFO - Started process (PID=451) to work on /home/airflow/.local/lib/python3.12/site-packages/airflow/example_dags/example_latest_only_with_trigger.py
[2024-08-24T03:12:07.020+0000] {processor.py:914} INFO - Processing file /home/airflow/.local/lib/python3.12/site-packages/airflow/example_dags/example_latest_only_with_trigger.py for tasks to queue
[2024-08-24T03:12:07.031+0000] {logging_mixin.py:190} INFO - [2024-08-24T03:12:07.026+0000] {dagbag.py:587} INFO - Filling up the DagBag from /home/airflow/.local/lib/python3.12/site-packages/airflow/example_dags/example_latest_only_with_trigger.py
[2024-08-24T03:12:07.180+0000] {processor.py:925} INFO - DAG(s) 'latest_only_with_trigger' retrieved from /home/airflow/.local/lib/python3.12/site-packages/airflow/example_dags/example_latest_only_with_trigger.py
[2024-08-24T03:12:07.297+0000] {logging_mixin.py:190} INFO - [2024-08-24T03:12:07.297+0000] {dag.py:3211} INFO - Sync 1 DAGs
[2024-08-24T03:12:07.341+0000] {logging_mixin.py:190} INFO - [2024-08-24T03:12:07.341+0000] {dag.py:4138} INFO - Setting next_dagrun for latest_only_with_trigger to 2024-08-23 20:00:00+00:00, run_after=2024-08-24 00:00:00+00:00
[2024-08-24T03:12:07.372+0000] {processor.py:208} INFO - Processing /home/airflow/.local/lib/python3.12/site-packages/airflow/example_dags/example_latest_only_with_trigger.py took 0.400 seconds
[2024-08-24T03:12:38.053+0000] {processor.py:186} INFO - Started process (PID=514) to work on /home/airflow/.local/lib/python3.12/site-packages/airflow/example_dags/example_latest_only_with_trigger.py
[2024-08-24T03:12:38.055+0000] {processor.py:914} INFO - Processing file /home/airflow/.local/lib/python3.12/site-packages/airflow/example_dags/example_latest_only_with_trigger.py for tasks to queue
[2024-08-24T03:12:38.059+0000] {logging_mixin.py:190} INFO - [2024-08-24T03:12:38.058+0000] {dagbag.py:587} INFO - Filling up the DagBag from /home/airflow/.local/lib/python3.12/site-packages/airflow/example_dags/example_latest_only_with_trigger.py
[2024-08-24T03:12:38.075+0000] {processor.py:925} INFO - DAG(s) 'latest_only_with_trigger' retrieved from /home/airflow/.local/lib/python3.12/site-packages/airflow/example_dags/example_latest_only_with_trigger.py
[2024-08-24T03:12:38.109+0000] {logging_mixin.py:190} INFO - [2024-08-24T03:12:38.108+0000] {dag.py:3211} INFO - Sync 1 DAGs
[2024-08-24T03:12:38.152+0000] {logging_mixin.py:190} INFO - [2024-08-24T03:12:38.152+0000] {dag.py:4138} INFO - Setting next_dagrun for latest_only_with_trigger to 2024-08-23 20:00:00+00:00, run_after=2024-08-24 00:00:00+00:00
[2024-08-24T03:12:38.187+0000] {processor.py:208} INFO - Processing /home/airflow/.local/lib/python3.12/site-packages/airflow/example_dags/example_latest_only_with_trigger.py took 0.142 seconds
[2024-08-24T03:13:08.752+0000] {processor.py:186} INFO - Started process (PID=577) to work on /home/airflow/.local/lib/python3.12/site-packages/airflow/example_dags/example_latest_only_with_trigger.py
[2024-08-24T03:13:08.753+0000] {processor.py:914} INFO - Processing file /home/airflow/.local/lib/python3.12/site-packages/airflow/example_dags/example_latest_only_with_trigger.py for tasks to queue
[2024-08-24T03:13:08.756+0000] {logging_mixin.py:190} INFO - [2024-08-24T03:13:08.756+0000] {dagbag.py:587} INFO - Filling up the DagBag from /home/airflow/.local/lib/python3.12/site-packages/airflow/example_dags/example_latest_only_with_trigger.py
[2024-08-24T03:13:08.767+0000] {processor.py:925} INFO - DAG(s) 'latest_only_with_trigger' retrieved from /home/airflow/.local/lib/python3.12/site-packages/airflow/example_dags/example_latest_only_with_trigger.py
[2024-08-24T03:13:08.826+0000] {logging_mixin.py:190} INFO - [2024-08-24T03:13:08.826+0000] {dag.py:3211} INFO - Sync 1 DAGs
[2024-08-24T03:13:08.857+0000] {logging_mixin.py:190} INFO - [2024-08-24T03:13:08.857+0000] {dag.py:4138} INFO - Setting next_dagrun for latest_only_with_trigger to 2024-08-23 20:00:00+00:00, run_after=2024-08-24 00:00:00+00:00
[2024-08-24T03:13:08.916+0000] {processor.py:208} INFO - Processing /home/airflow/.local/lib/python3.12/site-packages/airflow/example_dags/example_latest_only_with_trigger.py took 0.171 seconds
[2024-08-24T03:13:39.187+0000] {processor.py:186} INFO - Started process (PID=639) to work on /home/airflow/.local/lib/python3.12/site-packages/airflow/example_dags/example_latest_only_with_trigger.py
[2024-08-24T03:13:39.189+0000] {processor.py:914} INFO - Processing file /home/airflow/.local/lib/python3.12/site-packages/airflow/example_dags/example_latest_only_with_trigger.py for tasks to queue
[2024-08-24T03:13:39.193+0000] {logging_mixin.py:190} INFO - [2024-08-24T03:13:39.192+0000] {dagbag.py:587} INFO - Filling up the DagBag from /home/airflow/.local/lib/python3.12/site-packages/airflow/example_dags/example_latest_only_with_trigger.py
[2024-08-24T03:13:39.206+0000] {processor.py:925} INFO - DAG(s) 'latest_only_with_trigger' retrieved from /home/airflow/.local/lib/python3.12/site-packages/airflow/example_dags/example_latest_only_with_trigger.py
[2024-08-24T03:13:39.242+0000] {logging_mixin.py:190} INFO - [2024-08-24T03:13:39.242+0000] {dag.py:3211} INFO - Sync 1 DAGs
[2024-08-24T03:13:39.279+0000] {logging_mixin.py:190} INFO - [2024-08-24T03:13:39.279+0000] {dag.py:4138} INFO - Setting next_dagrun for latest_only_with_trigger to 2024-08-23 20:00:00+00:00, run_after=2024-08-24 00:00:00+00:00
[2024-08-24T03:13:39.306+0000] {processor.py:208} INFO - Processing /home/airflow/.local/lib/python3.12/site-packages/airflow/example_dags/example_latest_only_with_trigger.py took 0.127 seconds
[2024-08-24T03:14:09.547+0000] {processor.py:186} INFO - Started process (PID=701) to work on /home/airflow/.local/lib/python3.12/site-packages/airflow/example_dags/example_latest_only_with_trigger.py
[2024-08-24T03:14:09.548+0000] {processor.py:914} INFO - Processing file /home/airflow/.local/lib/python3.12/site-packages/airflow/example_dags/example_latest_only_with_trigger.py for tasks to queue
[2024-08-24T03:14:09.552+0000] {logging_mixin.py:190} INFO - [2024-08-24T03:14:09.551+0000] {dagbag.py:587} INFO - Filling up the DagBag from /home/airflow/.local/lib/python3.12/site-packages/airflow/example_dags/example_latest_only_with_trigger.py
[2024-08-24T03:14:09.565+0000] {processor.py:925} INFO - DAG(s) 'latest_only_with_trigger' retrieved from /home/airflow/.local/lib/python3.12/site-packages/airflow/example_dags/example_latest_only_with_trigger.py
[2024-08-24T03:14:09.608+0000] {logging_mixin.py:190} INFO - [2024-08-24T03:14:09.608+0000] {dag.py:3211} INFO - Sync 1 DAGs
[2024-08-24T03:14:09.645+0000] {logging_mixin.py:190} INFO - [2024-08-24T03:14:09.644+0000] {dag.py:4138} INFO - Setting next_dagrun for latest_only_with_trigger to 2024-08-23 20:00:00+00:00, run_after=2024-08-24 00:00:00+00:00
[2024-08-24T03:14:09.681+0000] {processor.py:208} INFO - Processing /home/airflow/.local/lib/python3.12/site-packages/airflow/example_dags/example_latest_only_with_trigger.py took 0.143 seconds
[2024-08-24T03:14:39.954+0000] {processor.py:186} INFO - Started process (PID=764) to work on /home/airflow/.local/lib/python3.12/site-packages/airflow/example_dags/example_latest_only_with_trigger.py
[2024-08-24T03:14:39.956+0000] {processor.py:914} INFO - Processing file /home/airflow/.local/lib/python3.12/site-packages/airflow/example_dags/example_latest_only_with_trigger.py for tasks to queue
[2024-08-24T03:14:39.960+0000] {logging_mixin.py:190} INFO - [2024-08-24T03:14:39.959+0000] {dagbag.py:587} INFO - Filling up the DagBag from /home/airflow/.local/lib/python3.12/site-packages/airflow/example_dags/example_latest_only_with_trigger.py
[2024-08-24T03:14:39.972+0000] {processor.py:925} INFO - DAG(s) 'latest_only_with_trigger' retrieved from /home/airflow/.local/lib/python3.12/site-packages/airflow/example_dags/example_latest_only_with_trigger.py
[2024-08-24T03:14:40.023+0000] {logging_mixin.py:190} INFO - [2024-08-24T03:14:40.023+0000] {dag.py:3211} INFO - Sync 1 DAGs
[2024-08-24T03:14:40.062+0000] {logging_mixin.py:190} INFO - [2024-08-24T03:14:40.062+0000] {dag.py:4138} INFO - Setting next_dagrun for latest_only_with_trigger to 2024-08-23 20:00:00+00:00, run_after=2024-08-24 00:00:00+00:00
[2024-08-24T03:14:40.097+0000] {processor.py:208} INFO - Processing /home/airflow/.local/lib/python3.12/site-packages/airflow/example_dags/example_latest_only_with_trigger.py took 0.153 seconds
[2024-08-24T03:15:10.567+0000] {processor.py:186} INFO - Started process (PID=826) to work on /home/airflow/.local/lib/python3.12/site-packages/airflow/example_dags/example_latest_only_with_trigger.py
[2024-08-24T03:15:10.572+0000] {processor.py:914} INFO - Processing file /home/airflow/.local/lib/python3.12/site-packages/airflow/example_dags/example_latest_only_with_trigger.py for tasks to queue
[2024-08-24T03:15:10.584+0000] {logging_mixin.py:190} INFO - [2024-08-24T03:15:10.583+0000] {dagbag.py:587} INFO - Filling up the DagBag from /home/airflow/.local/lib/python3.12/site-packages/airflow/example_dags/example_latest_only_with_trigger.py
[2024-08-24T03:15:10.613+0000] {processor.py:925} INFO - DAG(s) 'latest_only_with_trigger' retrieved from /home/airflow/.local/lib/python3.12/site-packages/airflow/example_dags/example_latest_only_with_trigger.py
[2024-08-24T03:15:10.666+0000] {logging_mixin.py:190} INFO - [2024-08-24T03:15:10.666+0000] {dag.py:3211} INFO - Sync 1 DAGs
[2024-08-24T03:15:10.703+0000] {logging_mixin.py:190} INFO - [2024-08-24T03:15:10.703+0000] {dag.py:4138} INFO - Setting next_dagrun for latest_only_with_trigger to 2024-08-23 20:00:00+00:00, run_after=2024-08-24 00:00:00+00:00
[2024-08-24T03:15:10.746+0000] {processor.py:208} INFO - Processing /home/airflow/.local/lib/python3.12/site-packages/airflow/example_dags/example_latest_only_with_trigger.py took 0.192 seconds
[2024-08-24T03:15:41.036+0000] {processor.py:186} INFO - Started process (PID=889) to work on /home/airflow/.local/lib/python3.12/site-packages/airflow/example_dags/example_latest_only_with_trigger.py
[2024-08-24T03:15:41.038+0000] {processor.py:914} INFO - Processing file /home/airflow/.local/lib/python3.12/site-packages/airflow/example_dags/example_latest_only_with_trigger.py for tasks to queue
[2024-08-24T03:15:41.041+0000] {logging_mixin.py:190} INFO - [2024-08-24T03:15:41.041+0000] {dagbag.py:587} INFO - Filling up the DagBag from /home/airflow/.local/lib/python3.12/site-packages/airflow/example_dags/example_latest_only_with_trigger.py
[2024-08-24T03:15:41.054+0000] {processor.py:925} INFO - DAG(s) 'latest_only_with_trigger' retrieved from /home/airflow/.local/lib/python3.12/site-packages/airflow/example_dags/example_latest_only_with_trigger.py
[2024-08-24T03:15:41.096+0000] {logging_mixin.py:190} INFO - [2024-08-24T03:15:41.096+0000] {dag.py:3211} INFO - Sync 1 DAGs
[2024-08-24T03:15:41.168+0000] {logging_mixin.py:190} INFO - [2024-08-24T03:15:41.167+0000] {dag.py:4138} INFO - Setting next_dagrun for latest_only_with_trigger to 2024-08-23 20:00:00+00:00, run_after=2024-08-24 00:00:00+00:00
[2024-08-24T03:15:41.202+0000] {processor.py:208} INFO - Processing /home/airflow/.local/lib/python3.12/site-packages/airflow/example_dags/example_latest_only_with_trigger.py took 0.177 seconds
[2024-08-24T03:28:20.190+0000] {processor.py:186} INFO - Started process (PID=143) to work on /home/airflow/.local/lib/python3.12/site-packages/airflow/example_dags/example_latest_only_with_trigger.py
[2024-08-24T03:28:20.248+0000] {processor.py:914} INFO - Processing file /home/airflow/.local/lib/python3.12/site-packages/airflow/example_dags/example_latest_only_with_trigger.py for tasks to queue
[2024-08-24T03:28:20.277+0000] {logging_mixin.py:190} INFO - [2024-08-24T03:28:20.264+0000] {dagbag.py:587} INFO - Filling up the DagBag from /home/airflow/.local/lib/python3.12/site-packages/airflow/example_dags/example_latest_only_with_trigger.py
[2024-08-24T03:28:27.788+0000] {processor.py:925} INFO - DAG(s) 'latest_only_with_trigger' retrieved from /home/airflow/.local/lib/python3.12/site-packages/airflow/example_dags/example_latest_only_with_trigger.py
[2024-08-24T03:29:16.219+0000] {logging_mixin.py:190} INFO - [2024-08-24T03:29:14.175+0000] {dag.py:3211} INFO - Sync 1 DAGs
[2024-08-24T18:11:33.507+0000] {processor.py:186} INFO - Started process (PID=95) to work on /home/airflow/.local/lib/python3.12/site-packages/airflow/example_dags/example_latest_only_with_trigger.py
[2024-08-24T18:11:33.510+0000] {processor.py:914} INFO - Processing file /home/airflow/.local/lib/python3.12/site-packages/airflow/example_dags/example_latest_only_with_trigger.py for tasks to queue
[2024-08-24T18:11:33.514+0000] {logging_mixin.py:190} INFO - [2024-08-24T18:11:33.513+0000] {dagbag.py:587} INFO - Filling up the DagBag from /home/airflow/.local/lib/python3.12/site-packages/airflow/example_dags/example_latest_only_with_trigger.py
[2024-08-24T18:11:33.526+0000] {processor.py:925} INFO - DAG(s) 'latest_only_with_trigger' retrieved from /home/airflow/.local/lib/python3.12/site-packages/airflow/example_dags/example_latest_only_with_trigger.py
[2024-08-24T18:11:33.580+0000] {logging_mixin.py:190} INFO - [2024-08-24T18:11:33.579+0000] {dag.py:3211} INFO - Sync 1 DAGs
[2024-08-24T18:11:33.625+0000] {logging_mixin.py:190} INFO - [2024-08-24T18:11:33.624+0000] {dag.py:4138} INFO - Setting next_dagrun for latest_only_with_trigger to 2024-08-24 12:00:00+00:00, run_after=2024-08-24 16:00:00+00:00
[2024-08-24T18:11:33.648+0000] {processor.py:208} INFO - Processing /home/airflow/.local/lib/python3.12/site-packages/airflow/example_dags/example_latest_only_with_trigger.py took 0.148 seconds
[2024-08-24T18:12:07.451+0000] {processor.py:186} INFO - Started process (PID=164) to work on /home/airflow/.local/lib/python3.12/site-packages/airflow/example_dags/example_latest_only_with_trigger.py
[2024-08-24T18:12:07.458+0000] {processor.py:914} INFO - Processing file /home/airflow/.local/lib/python3.12/site-packages/airflow/example_dags/example_latest_only_with_trigger.py for tasks to queue
[2024-08-24T18:12:07.468+0000] {logging_mixin.py:190} INFO - [2024-08-24T18:12:07.468+0000] {dagbag.py:587} INFO - Filling up the DagBag from /home/airflow/.local/lib/python3.12/site-packages/airflow/example_dags/example_latest_only_with_trigger.py
[2024-08-24T18:12:07.499+0000] {processor.py:925} INFO - DAG(s) 'latest_only_with_trigger' retrieved from /home/airflow/.local/lib/python3.12/site-packages/airflow/example_dags/example_latest_only_with_trigger.py
[2024-08-24T18:12:07.555+0000] {logging_mixin.py:190} INFO - [2024-08-24T18:12:07.554+0000] {dag.py:3211} INFO - Sync 1 DAGs
[2024-08-24T18:12:07.616+0000] {logging_mixin.py:190} INFO - [2024-08-24T18:12:07.615+0000] {dag.py:4138} INFO - Setting next_dagrun for latest_only_with_trigger to 2024-08-24 12:00:00+00:00, run_after=2024-08-24 16:00:00+00:00
[2024-08-24T18:12:07.656+0000] {processor.py:208} INFO - Processing /home/airflow/.local/lib/python3.12/site-packages/airflow/example_dags/example_latest_only_with_trigger.py took 0.213 seconds
[2024-08-24T18:12:40.211+0000] {processor.py:186} INFO - Started process (PID=227) to work on /home/airflow/.local/lib/python3.12/site-packages/airflow/example_dags/example_latest_only_with_trigger.py
[2024-08-24T18:12:40.244+0000] {processor.py:914} INFO - Processing file /home/airflow/.local/lib/python3.12/site-packages/airflow/example_dags/example_latest_only_with_trigger.py for tasks to queue
[2024-08-24T18:12:40.300+0000] {logging_mixin.py:190} INFO - [2024-08-24T18:12:40.299+0000] {dagbag.py:587} INFO - Filling up the DagBag from /home/airflow/.local/lib/python3.12/site-packages/airflow/example_dags/example_latest_only_with_trigger.py
[2024-08-24T18:12:40.322+0000] {processor.py:925} INFO - DAG(s) 'latest_only_with_trigger' retrieved from /home/airflow/.local/lib/python3.12/site-packages/airflow/example_dags/example_latest_only_with_trigger.py
[2024-08-24T18:12:40.473+0000] {logging_mixin.py:190} INFO - [2024-08-24T18:12:40.473+0000] {dag.py:3211} INFO - Sync 1 DAGs
[2024-08-24T18:12:40.821+0000] {logging_mixin.py:190} INFO - [2024-08-24T18:12:40.820+0000] {dag.py:4138} INFO - Setting next_dagrun for latest_only_with_trigger to 2024-08-24 12:00:00+00:00, run_after=2024-08-24 16:00:00+00:00
[2024-08-24T18:12:41.205+0000] {processor.py:208} INFO - Processing /home/airflow/.local/lib/python3.12/site-packages/airflow/example_dags/example_latest_only_with_trigger.py took 1.012 seconds
[2024-08-24T18:13:33.689+0000] {processor.py:186} INFO - Started process (PID=290) to work on /home/airflow/.local/lib/python3.12/site-packages/airflow/example_dags/example_latest_only_with_trigger.py
[2024-08-24T18:13:33.703+0000] {processor.py:914} INFO - Processing file /home/airflow/.local/lib/python3.12/site-packages/airflow/example_dags/example_latest_only_with_trigger.py for tasks to queue
[2024-08-24T18:13:33.706+0000] {logging_mixin.py:190} INFO - [2024-08-24T18:13:33.706+0000] {dagbag.py:587} INFO - Filling up the DagBag from /home/airflow/.local/lib/python3.12/site-packages/airflow/example_dags/example_latest_only_with_trigger.py
[2024-08-24T18:13:33.733+0000] {processor.py:925} INFO - DAG(s) 'latest_only_with_trigger' retrieved from /home/airflow/.local/lib/python3.12/site-packages/airflow/example_dags/example_latest_only_with_trigger.py
[2024-08-24T18:13:33.911+0000] {logging_mixin.py:190} INFO - [2024-08-24T18:13:33.910+0000] {dag.py:3211} INFO - Sync 1 DAGs
[2024-08-24T18:13:34.025+0000] {logging_mixin.py:190} INFO - [2024-08-24T18:13:34.024+0000] {dag.py:4138} INFO - Setting next_dagrun for latest_only_with_trigger to 2024-08-24 12:00:00+00:00, run_after=2024-08-24 16:00:00+00:00
[2024-08-24T18:13:34.249+0000] {processor.py:208} INFO - Processing /home/airflow/.local/lib/python3.12/site-packages/airflow/example_dags/example_latest_only_with_trigger.py took 0.588 seconds
[2024-08-24T18:14:12.796+0000] {processor.py:186} INFO - Started process (PID=354) to work on /home/airflow/.local/lib/python3.12/site-packages/airflow/example_dags/example_latest_only_with_trigger.py
[2024-08-24T18:14:12.803+0000] {processor.py:914} INFO - Processing file /home/airflow/.local/lib/python3.12/site-packages/airflow/example_dags/example_latest_only_with_trigger.py for tasks to queue
[2024-08-24T18:14:12.807+0000] {logging_mixin.py:190} INFO - [2024-08-24T18:14:12.806+0000] {dagbag.py:587} INFO - Filling up the DagBag from /home/airflow/.local/lib/python3.12/site-packages/airflow/example_dags/example_latest_only_with_trigger.py
[2024-08-24T18:14:12.837+0000] {processor.py:925} INFO - DAG(s) 'latest_only_with_trigger' retrieved from /home/airflow/.local/lib/python3.12/site-packages/airflow/example_dags/example_latest_only_with_trigger.py
[2024-08-24T18:14:12.939+0000] {logging_mixin.py:190} INFO - [2024-08-24T18:14:12.928+0000] {dag.py:3211} INFO - Sync 1 DAGs
[2024-08-24T18:14:13.189+0000] {logging_mixin.py:190} INFO - [2024-08-24T18:14:13.189+0000] {dag.py:4138} INFO - Setting next_dagrun for latest_only_with_trigger to 2024-08-24 12:00:00+00:00, run_after=2024-08-24 16:00:00+00:00
[2024-08-24T18:14:13.561+0000] {processor.py:208} INFO - Processing /home/airflow/.local/lib/python3.12/site-packages/airflow/example_dags/example_latest_only_with_trigger.py took 0.780 seconds
