[2024-08-24T03:09:23.366+0000] {processor.py:186} INFO - Started process (PID=129) to work on /home/airflow/.local/lib/python3.12/site-packages/airflow/example_dags/example_python_operator.py
[2024-08-24T03:09:23.379+0000] {processor.py:914} INFO - Processing file /home/airflow/.local/lib/python3.12/site-packages/airflow/example_dags/example_python_operator.py for tasks to queue
[2024-08-24T03:09:23.393+0000] {logging_mixin.py:190} INFO - [2024-08-24T03:09:23.392+0000] {dagbag.py:587} INFO - Filling up the DagBag from /home/airflow/.local/lib/python3.12/site-packages/airflow/example_dags/example_python_operator.py
[2024-08-24T03:09:23.462+0000] {processor.py:925} INFO - DAG(s) 'example_python_operator' retrieved from /home/airflow/.local/lib/python3.12/site-packages/airflow/example_dags/example_python_operator.py
[2024-08-24T03:09:24.765+0000] {logging_mixin.py:190} INFO - [2024-08-24T03:09:24.758+0000] {override.py:1858} INFO - Created Permission View: can delete on DAG:example_python_operator
[2024-08-24T03:09:24.811+0000] {logging_mixin.py:190} INFO - [2024-08-24T03:09:24.810+0000] {override.py:1858} INFO - Created Permission View: can read on DAG:example_python_operator
[2024-08-24T03:09:24.880+0000] {logging_mixin.py:190} INFO - [2024-08-24T03:09:24.879+0000] {override.py:1858} INFO - Created Permission View: can edit on DAG:example_python_operator
[2024-08-24T03:09:24.881+0000] {logging_mixin.py:190} INFO - [2024-08-24T03:09:24.880+0000] {dag.py:3211} INFO - Sync 1 DAGs
[2024-08-24T03:09:24.948+0000] {logging_mixin.py:190} INFO - [2024-08-24T03:09:24.948+0000] {dag.py:3234} INFO - Creating ORM DAG for example_python_operator
[2024-08-24T03:09:24.950+0000] {logging_mixin.py:190} INFO - [2024-08-24T03:09:24.949+0000] {dag.py:4138} INFO - Setting next_dagrun for example_python_operator to None, run_after=None
[2024-08-24T03:09:25.140+0000] {processor.py:208} INFO - Processing /home/airflow/.local/lib/python3.12/site-packages/airflow/example_dags/example_python_operator.py took 1.809 seconds
[2024-08-24T03:09:55.782+0000] {processor.py:186} INFO - Started process (PID=192) to work on /home/airflow/.local/lib/python3.12/site-packages/airflow/example_dags/example_python_operator.py
[2024-08-24T03:09:55.784+0000] {processor.py:914} INFO - Processing file /home/airflow/.local/lib/python3.12/site-packages/airflow/example_dags/example_python_operator.py for tasks to queue
[2024-08-24T03:09:55.788+0000] {logging_mixin.py:190} INFO - [2024-08-24T03:09:55.788+0000] {dagbag.py:587} INFO - Filling up the DagBag from /home/airflow/.local/lib/python3.12/site-packages/airflow/example_dags/example_python_operator.py
[2024-08-24T03:09:55.832+0000] {processor.py:925} INFO - DAG(s) 'example_python_operator' retrieved from /home/airflow/.local/lib/python3.12/site-packages/airflow/example_dags/example_python_operator.py
[2024-08-24T03:09:55.885+0000] {logging_mixin.py:190} INFO - [2024-08-24T03:09:55.885+0000] {dag.py:3211} INFO - Sync 1 DAGs
[2024-08-24T03:09:55.916+0000] {logging_mixin.py:190} INFO - [2024-08-24T03:09:55.915+0000] {dag.py:4138} INFO - Setting next_dagrun for example_python_operator to None, run_after=None
[2024-08-24T03:09:55.956+0000] {processor.py:208} INFO - Processing /home/airflow/.local/lib/python3.12/site-packages/airflow/example_dags/example_python_operator.py took 0.185 seconds
[2024-08-24T03:10:26.753+0000] {processor.py:186} INFO - Started process (PID=255) to work on /home/airflow/.local/lib/python3.12/site-packages/airflow/example_dags/example_python_operator.py
[2024-08-24T03:10:26.759+0000] {processor.py:914} INFO - Processing file /home/airflow/.local/lib/python3.12/site-packages/airflow/example_dags/example_python_operator.py for tasks to queue
[2024-08-24T03:10:26.763+0000] {logging_mixin.py:190} INFO - [2024-08-24T03:10:26.762+0000] {dagbag.py:587} INFO - Filling up the DagBag from /home/airflow/.local/lib/python3.12/site-packages/airflow/example_dags/example_python_operator.py
[2024-08-24T03:10:26.841+0000] {processor.py:925} INFO - DAG(s) 'example_python_operator' retrieved from /home/airflow/.local/lib/python3.12/site-packages/airflow/example_dags/example_python_operator.py
[2024-08-24T03:10:26.922+0000] {logging_mixin.py:190} INFO - [2024-08-24T03:10:26.922+0000] {dag.py:3211} INFO - Sync 1 DAGs
[2024-08-24T03:10:26.942+0000] {logging_mixin.py:190} INFO - [2024-08-24T03:10:26.942+0000] {dag.py:4138} INFO - Setting next_dagrun for example_python_operator to None, run_after=None
[2024-08-24T03:10:26.966+0000] {processor.py:208} INFO - Processing /home/airflow/.local/lib/python3.12/site-packages/airflow/example_dags/example_python_operator.py took 0.227 seconds
[2024-08-24T03:10:57.370+0000] {processor.py:186} INFO - Started process (PID=318) to work on /home/airflow/.local/lib/python3.12/site-packages/airflow/example_dags/example_python_operator.py
[2024-08-24T03:10:57.375+0000] {processor.py:914} INFO - Processing file /home/airflow/.local/lib/python3.12/site-packages/airflow/example_dags/example_python_operator.py for tasks to queue
[2024-08-24T03:10:57.379+0000] {logging_mixin.py:190} INFO - [2024-08-24T03:10:57.378+0000] {dagbag.py:587} INFO - Filling up the DagBag from /home/airflow/.local/lib/python3.12/site-packages/airflow/example_dags/example_python_operator.py
[2024-08-24T03:10:57.396+0000] {processor.py:925} INFO - DAG(s) 'example_python_operator' retrieved from /home/airflow/.local/lib/python3.12/site-packages/airflow/example_dags/example_python_operator.py
[2024-08-24T03:10:57.431+0000] {logging_mixin.py:190} INFO - [2024-08-24T03:10:57.431+0000] {dag.py:3211} INFO - Sync 1 DAGs
[2024-08-24T03:10:57.451+0000] {logging_mixin.py:190} INFO - [2024-08-24T03:10:57.450+0000] {dag.py:4138} INFO - Setting next_dagrun for example_python_operator to None, run_after=None
[2024-08-24T03:10:57.483+0000] {processor.py:208} INFO - Processing /home/airflow/.local/lib/python3.12/site-packages/airflow/example_dags/example_python_operator.py took 0.128 seconds
[2024-08-24T03:11:28.068+0000] {processor.py:186} INFO - Started process (PID=381) to work on /home/airflow/.local/lib/python3.12/site-packages/airflow/example_dags/example_python_operator.py
[2024-08-24T03:11:28.070+0000] {processor.py:914} INFO - Processing file /home/airflow/.local/lib/python3.12/site-packages/airflow/example_dags/example_python_operator.py for tasks to queue
[2024-08-24T03:11:28.075+0000] {logging_mixin.py:190} INFO - [2024-08-24T03:11:28.074+0000] {dagbag.py:587} INFO - Filling up the DagBag from /home/airflow/.local/lib/python3.12/site-packages/airflow/example_dags/example_python_operator.py
[2024-08-24T03:11:28.104+0000] {processor.py:925} INFO - DAG(s) 'example_python_operator' retrieved from /home/airflow/.local/lib/python3.12/site-packages/airflow/example_dags/example_python_operator.py
[2024-08-24T03:11:28.158+0000] {logging_mixin.py:190} INFO - [2024-08-24T03:11:28.158+0000] {dag.py:3211} INFO - Sync 1 DAGs
[2024-08-24T03:11:28.182+0000] {logging_mixin.py:190} INFO - [2024-08-24T03:11:28.181+0000] {dag.py:4138} INFO - Setting next_dagrun for example_python_operator to None, run_after=None
[2024-08-24T03:11:28.226+0000] {processor.py:208} INFO - Processing /home/airflow/.local/lib/python3.12/site-packages/airflow/example_dags/example_python_operator.py took 0.170 seconds
[2024-08-24T03:11:58.585+0000] {processor.py:186} INFO - Started process (PID=443) to work on /home/airflow/.local/lib/python3.12/site-packages/airflow/example_dags/example_python_operator.py
[2024-08-24T03:11:58.596+0000] {processor.py:914} INFO - Processing file /home/airflow/.local/lib/python3.12/site-packages/airflow/example_dags/example_python_operator.py for tasks to queue
[2024-08-24T03:11:58.605+0000] {logging_mixin.py:190} INFO - [2024-08-24T03:11:58.602+0000] {dagbag.py:587} INFO - Filling up the DagBag from /home/airflow/.local/lib/python3.12/site-packages/airflow/example_dags/example_python_operator.py
[2024-08-24T03:11:58.772+0000] {processor.py:925} INFO - DAG(s) 'example_python_operator' retrieved from /home/airflow/.local/lib/python3.12/site-packages/airflow/example_dags/example_python_operator.py
[2024-08-24T03:11:58.872+0000] {logging_mixin.py:190} INFO - [2024-08-24T03:11:58.871+0000] {dag.py:3211} INFO - Sync 1 DAGs
[2024-08-24T03:11:58.930+0000] {logging_mixin.py:190} INFO - [2024-08-24T03:11:58.927+0000] {dag.py:4138} INFO - Setting next_dagrun for example_python_operator to None, run_after=None
[2024-08-24T03:11:59.025+0000] {processor.py:208} INFO - Processing /home/airflow/.local/lib/python3.12/site-packages/airflow/example_dags/example_python_operator.py took 0.457 seconds
[2024-08-24T03:12:29.209+0000] {processor.py:186} INFO - Started process (PID=506) to work on /home/airflow/.local/lib/python3.12/site-packages/airflow/example_dags/example_python_operator.py
[2024-08-24T03:12:29.211+0000] {processor.py:914} INFO - Processing file /home/airflow/.local/lib/python3.12/site-packages/airflow/example_dags/example_python_operator.py for tasks to queue
[2024-08-24T03:12:29.217+0000] {logging_mixin.py:190} INFO - [2024-08-24T03:12:29.215+0000] {dagbag.py:587} INFO - Filling up the DagBag from /home/airflow/.local/lib/python3.12/site-packages/airflow/example_dags/example_python_operator.py
[2024-08-24T03:12:29.247+0000] {processor.py:925} INFO - DAG(s) 'example_python_operator' retrieved from /home/airflow/.local/lib/python3.12/site-packages/airflow/example_dags/example_python_operator.py
[2024-08-24T03:12:29.312+0000] {logging_mixin.py:190} INFO - [2024-08-24T03:12:29.311+0000] {dag.py:3211} INFO - Sync 1 DAGs
[2024-08-24T03:12:29.357+0000] {logging_mixin.py:190} INFO - [2024-08-24T03:12:29.356+0000] {dag.py:4138} INFO - Setting next_dagrun for example_python_operator to None, run_after=None
[2024-08-24T03:12:29.414+0000] {processor.py:208} INFO - Processing /home/airflow/.local/lib/python3.12/site-packages/airflow/example_dags/example_python_operator.py took 0.228 seconds
[2024-08-24T03:12:59.755+0000] {processor.py:186} INFO - Started process (PID=569) to work on /home/airflow/.local/lib/python3.12/site-packages/airflow/example_dags/example_python_operator.py
[2024-08-24T03:12:59.757+0000] {processor.py:914} INFO - Processing file /home/airflow/.local/lib/python3.12/site-packages/airflow/example_dags/example_python_operator.py for tasks to queue
[2024-08-24T03:12:59.762+0000] {logging_mixin.py:190} INFO - [2024-08-24T03:12:59.761+0000] {dagbag.py:587} INFO - Filling up the DagBag from /home/airflow/.local/lib/python3.12/site-packages/airflow/example_dags/example_python_operator.py
[2024-08-24T03:12:59.781+0000] {processor.py:925} INFO - DAG(s) 'example_python_operator' retrieved from /home/airflow/.local/lib/python3.12/site-packages/airflow/example_dags/example_python_operator.py
[2024-08-24T03:12:59.822+0000] {logging_mixin.py:190} INFO - [2024-08-24T03:12:59.821+0000] {dag.py:3211} INFO - Sync 1 DAGs
[2024-08-24T03:12:59.844+0000] {logging_mixin.py:190} INFO - [2024-08-24T03:12:59.843+0000] {dag.py:4138} INFO - Setting next_dagrun for example_python_operator to None, run_after=None
[2024-08-24T03:12:59.872+0000] {processor.py:208} INFO - Processing /home/airflow/.local/lib/python3.12/site-packages/airflow/example_dags/example_python_operator.py took 0.130 seconds
[2024-08-24T03:13:30.439+0000] {processor.py:186} INFO - Started process (PID=632) to work on /home/airflow/.local/lib/python3.12/site-packages/airflow/example_dags/example_python_operator.py
[2024-08-24T03:13:30.442+0000] {processor.py:914} INFO - Processing file /home/airflow/.local/lib/python3.12/site-packages/airflow/example_dags/example_python_operator.py for tasks to queue
[2024-08-24T03:13:30.447+0000] {logging_mixin.py:190} INFO - [2024-08-24T03:13:30.447+0000] {dagbag.py:587} INFO - Filling up the DagBag from /home/airflow/.local/lib/python3.12/site-packages/airflow/example_dags/example_python_operator.py
[2024-08-24T03:13:30.472+0000] {processor.py:925} INFO - DAG(s) 'example_python_operator' retrieved from /home/airflow/.local/lib/python3.12/site-packages/airflow/example_dags/example_python_operator.py
[2024-08-24T03:13:30.538+0000] {logging_mixin.py:190} INFO - [2024-08-24T03:13:30.537+0000] {dag.py:3211} INFO - Sync 1 DAGs
[2024-08-24T03:13:30.606+0000] {logging_mixin.py:190} INFO - [2024-08-24T03:13:30.605+0000] {dag.py:4138} INFO - Setting next_dagrun for example_python_operator to None, run_after=None
[2024-08-24T03:13:30.663+0000] {processor.py:208} INFO - Processing /home/airflow/.local/lib/python3.12/site-packages/airflow/example_dags/example_python_operator.py took 0.237 seconds
[2024-08-24T03:14:00.730+0000] {processor.py:186} INFO - Started process (PID=694) to work on /home/airflow/.local/lib/python3.12/site-packages/airflow/example_dags/example_python_operator.py
[2024-08-24T03:14:00.731+0000] {processor.py:914} INFO - Processing file /home/airflow/.local/lib/python3.12/site-packages/airflow/example_dags/example_python_operator.py for tasks to queue
[2024-08-24T03:14:00.736+0000] {logging_mixin.py:190} INFO - [2024-08-24T03:14:00.735+0000] {dagbag.py:587} INFO - Filling up the DagBag from /home/airflow/.local/lib/python3.12/site-packages/airflow/example_dags/example_python_operator.py
[2024-08-24T03:14:00.760+0000] {processor.py:925} INFO - DAG(s) 'example_python_operator' retrieved from /home/airflow/.local/lib/python3.12/site-packages/airflow/example_dags/example_python_operator.py
[2024-08-24T03:14:00.795+0000] {logging_mixin.py:190} INFO - [2024-08-24T03:14:00.794+0000] {dag.py:3211} INFO - Sync 1 DAGs
[2024-08-24T03:14:00.814+0000] {logging_mixin.py:190} INFO - [2024-08-24T03:14:00.814+0000] {dag.py:4138} INFO - Setting next_dagrun for example_python_operator to None, run_after=None
[2024-08-24T03:14:00.838+0000] {processor.py:208} INFO - Processing /home/airflow/.local/lib/python3.12/site-packages/airflow/example_dags/example_python_operator.py took 0.120 seconds
[2024-08-24T03:14:31.253+0000] {processor.py:186} INFO - Started process (PID=757) to work on /home/airflow/.local/lib/python3.12/site-packages/airflow/example_dags/example_python_operator.py
[2024-08-24T03:14:31.256+0000] {processor.py:914} INFO - Processing file /home/airflow/.local/lib/python3.12/site-packages/airflow/example_dags/example_python_operator.py for tasks to queue
[2024-08-24T03:14:31.263+0000] {logging_mixin.py:190} INFO - [2024-08-24T03:14:31.263+0000] {dagbag.py:587} INFO - Filling up the DagBag from /home/airflow/.local/lib/python3.12/site-packages/airflow/example_dags/example_python_operator.py
[2024-08-24T03:14:31.282+0000] {processor.py:925} INFO - DAG(s) 'example_python_operator' retrieved from /home/airflow/.local/lib/python3.12/site-packages/airflow/example_dags/example_python_operator.py
[2024-08-24T03:14:31.320+0000] {logging_mixin.py:190} INFO - [2024-08-24T03:14:31.319+0000] {dag.py:3211} INFO - Sync 1 DAGs
[2024-08-24T03:14:31.338+0000] {logging_mixin.py:190} INFO - [2024-08-24T03:14:31.337+0000] {dag.py:4138} INFO - Setting next_dagrun for example_python_operator to None, run_after=None
[2024-08-24T03:14:31.373+0000] {processor.py:208} INFO - Processing /home/airflow/.local/lib/python3.12/site-packages/airflow/example_dags/example_python_operator.py took 0.136 seconds
[2024-08-24T03:15:01.835+0000] {processor.py:186} INFO - Started process (PID=819) to work on /home/airflow/.local/lib/python3.12/site-packages/airflow/example_dags/example_python_operator.py
[2024-08-24T03:15:01.837+0000] {processor.py:914} INFO - Processing file /home/airflow/.local/lib/python3.12/site-packages/airflow/example_dags/example_python_operator.py for tasks to queue
[2024-08-24T03:15:01.841+0000] {logging_mixin.py:190} INFO - [2024-08-24T03:15:01.840+0000] {dagbag.py:587} INFO - Filling up the DagBag from /home/airflow/.local/lib/python3.12/site-packages/airflow/example_dags/example_python_operator.py
[2024-08-24T03:15:01.863+0000] {processor.py:925} INFO - DAG(s) 'example_python_operator' retrieved from /home/airflow/.local/lib/python3.12/site-packages/airflow/example_dags/example_python_operator.py
[2024-08-24T03:15:01.910+0000] {logging_mixin.py:190} INFO - [2024-08-24T03:15:01.909+0000] {dag.py:3211} INFO - Sync 1 DAGs
[2024-08-24T03:15:01.942+0000] {logging_mixin.py:190} INFO - [2024-08-24T03:15:01.942+0000] {dag.py:4138} INFO - Setting next_dagrun for example_python_operator to None, run_after=None
[2024-08-24T03:15:01.981+0000] {processor.py:208} INFO - Processing /home/airflow/.local/lib/python3.12/site-packages/airflow/example_dags/example_python_operator.py took 0.156 seconds
[2024-08-24T03:15:32.735+0000] {processor.py:186} INFO - Started process (PID=882) to work on /home/airflow/.local/lib/python3.12/site-packages/airflow/example_dags/example_python_operator.py
[2024-08-24T03:15:32.742+0000] {processor.py:914} INFO - Processing file /home/airflow/.local/lib/python3.12/site-packages/airflow/example_dags/example_python_operator.py for tasks to queue
[2024-08-24T03:15:32.747+0000] {logging_mixin.py:190} INFO - [2024-08-24T03:15:32.746+0000] {dagbag.py:587} INFO - Filling up the DagBag from /home/airflow/.local/lib/python3.12/site-packages/airflow/example_dags/example_python_operator.py
[2024-08-24T03:15:32.774+0000] {processor.py:925} INFO - DAG(s) 'example_python_operator' retrieved from /home/airflow/.local/lib/python3.12/site-packages/airflow/example_dags/example_python_operator.py
[2024-08-24T03:15:32.809+0000] {logging_mixin.py:190} INFO - [2024-08-24T03:15:32.809+0000] {dag.py:3211} INFO - Sync 1 DAGs
[2024-08-24T03:15:32.828+0000] {logging_mixin.py:190} INFO - [2024-08-24T03:15:32.828+0000] {dag.py:4138} INFO - Setting next_dagrun for example_python_operator to None, run_after=None
[2024-08-24T03:15:32.860+0000] {processor.py:208} INFO - Processing /home/airflow/.local/lib/python3.12/site-packages/airflow/example_dags/example_python_operator.py took 0.138 seconds
[2024-08-24T03:24:50.729+0000] {processor.py:186} INFO - Started process (PID=136) to work on /home/airflow/.local/lib/python3.12/site-packages/airflow/example_dags/example_python_operator.py
[2024-08-24T03:24:50.744+0000] {processor.py:914} INFO - Processing file /home/airflow/.local/lib/python3.12/site-packages/airflow/example_dags/example_python_operator.py for tasks to queue
[2024-08-24T03:24:50.757+0000] {logging_mixin.py:190} INFO - [2024-08-24T03:24:50.756+0000] {dagbag.py:587} INFO - Filling up the DagBag from /home/airflow/.local/lib/python3.12/site-packages/airflow/example_dags/example_python_operator.py
[2024-08-24T03:24:53.243+0000] {processor.py:925} INFO - DAG(s) 'example_python_operator' retrieved from /home/airflow/.local/lib/python3.12/site-packages/airflow/example_dags/example_python_operator.py
[2024-08-24T03:25:23.544+0000] {logging_mixin.py:190} INFO - [2024-08-24T03:25:23.536+0000] {dag.py:3211} INFO - Sync 1 DAGs
[2024-08-24T03:26:23.105+0000] {logging_mixin.py:190} INFO - [2024-08-24T03:26:23.097+0000] {dag.py:4138} INFO - Setting next_dagrun for example_python_operator to None, run_after=None
[2024-08-24T03:26:39.137+0000] {processor.py:208} INFO - Processing /home/airflow/.local/lib/python3.12/site-packages/airflow/example_dags/example_python_operator.py took 108.433 seconds
[2024-08-24T18:11:31.507+0000] {processor.py:186} INFO - Started process (PID=88) to work on /home/airflow/.local/lib/python3.12/site-packages/airflow/example_dags/example_python_operator.py
[2024-08-24T18:11:31.511+0000] {processor.py:914} INFO - Processing file /home/airflow/.local/lib/python3.12/site-packages/airflow/example_dags/example_python_operator.py for tasks to queue
[2024-08-24T18:11:31.515+0000] {logging_mixin.py:190} INFO - [2024-08-24T18:11:31.514+0000] {dagbag.py:587} INFO - Filling up the DagBag from /home/airflow/.local/lib/python3.12/site-packages/airflow/example_dags/example_python_operator.py
[2024-08-24T18:11:31.538+0000] {processor.py:925} INFO - DAG(s) 'example_python_operator' retrieved from /home/airflow/.local/lib/python3.12/site-packages/airflow/example_dags/example_python_operator.py
[2024-08-24T18:11:31.802+0000] {logging_mixin.py:190} INFO - [2024-08-24T18:11:31.802+0000] {dag.py:3211} INFO - Sync 1 DAGs
[2024-08-24T18:11:31.819+0000] {logging_mixin.py:190} INFO - [2024-08-24T18:11:31.819+0000] {dag.py:4138} INFO - Setting next_dagrun for example_python_operator to None, run_after=None
[2024-08-24T18:11:31.860+0000] {processor.py:208} INFO - Processing /home/airflow/.local/lib/python3.12/site-packages/airflow/example_dags/example_python_operator.py took 0.367 seconds
[2024-08-24T18:12:05.366+0000] {processor.py:186} INFO - Started process (PID=151) to work on /home/airflow/.local/lib/python3.12/site-packages/airflow/example_dags/example_python_operator.py
[2024-08-24T18:12:05.379+0000] {processor.py:914} INFO - Processing file /home/airflow/.local/lib/python3.12/site-packages/airflow/example_dags/example_python_operator.py for tasks to queue
[2024-08-24T18:12:05.388+0000] {logging_mixin.py:190} INFO - [2024-08-24T18:12:05.388+0000] {dagbag.py:587} INFO - Filling up the DagBag from /home/airflow/.local/lib/python3.12/site-packages/airflow/example_dags/example_python_operator.py
[2024-08-24T18:12:05.464+0000] {processor.py:925} INFO - DAG(s) 'example_python_operator' retrieved from /home/airflow/.local/lib/python3.12/site-packages/airflow/example_dags/example_python_operator.py
[2024-08-24T18:12:05.690+0000] {logging_mixin.py:190} INFO - [2024-08-24T18:12:05.689+0000] {dag.py:3211} INFO - Sync 1 DAGs
[2024-08-24T18:12:05.845+0000] {logging_mixin.py:190} INFO - [2024-08-24T18:12:05.843+0000] {dag.py:4138} INFO - Setting next_dagrun for example_python_operator to None, run_after=None
[2024-08-24T18:12:06.015+0000] {processor.py:208} INFO - Processing /home/airflow/.local/lib/python3.12/site-packages/airflow/example_dags/example_python_operator.py took 0.677 seconds
[2024-08-24T18:12:37.276+0000] {processor.py:186} INFO - Started process (PID=220) to work on /home/airflow/.local/lib/python3.12/site-packages/airflow/example_dags/example_python_operator.py
[2024-08-24T18:12:37.282+0000] {processor.py:914} INFO - Processing file /home/airflow/.local/lib/python3.12/site-packages/airflow/example_dags/example_python_operator.py for tasks to queue
[2024-08-24T18:12:37.292+0000] {logging_mixin.py:190} INFO - [2024-08-24T18:12:37.288+0000] {dagbag.py:587} INFO - Filling up the DagBag from /home/airflow/.local/lib/python3.12/site-packages/airflow/example_dags/example_python_operator.py
[2024-08-24T18:12:37.423+0000] {processor.py:925} INFO - DAG(s) 'example_python_operator' retrieved from /home/airflow/.local/lib/python3.12/site-packages/airflow/example_dags/example_python_operator.py
[2024-08-24T18:12:37.765+0000] {logging_mixin.py:190} INFO - [2024-08-24T18:12:37.764+0000] {dag.py:3211} INFO - Sync 1 DAGs
[2024-08-24T18:12:37.803+0000] {logging_mixin.py:190} INFO - [2024-08-24T18:12:37.803+0000] {dag.py:4138} INFO - Setting next_dagrun for example_python_operator to None, run_after=None
[2024-08-24T18:12:37.849+0000] {processor.py:208} INFO - Processing /home/airflow/.local/lib/python3.12/site-packages/airflow/example_dags/example_python_operator.py took 0.643 seconds
[2024-08-24T18:13:21.924+0000] {processor.py:186} INFO - Started process (PID=283) to work on /home/airflow/.local/lib/python3.12/site-packages/airflow/example_dags/example_python_operator.py
[2024-08-24T18:13:21.941+0000] {processor.py:914} INFO - Processing file /home/airflow/.local/lib/python3.12/site-packages/airflow/example_dags/example_python_operator.py for tasks to queue
[2024-08-24T18:13:21.958+0000] {logging_mixin.py:190} INFO - [2024-08-24T18:13:21.958+0000] {dagbag.py:587} INFO - Filling up the DagBag from /home/airflow/.local/lib/python3.12/site-packages/airflow/example_dags/example_python_operator.py
[2024-08-24T18:13:22.179+0000] {processor.py:925} INFO - DAG(s) 'example_python_operator' retrieved from /home/airflow/.local/lib/python3.12/site-packages/airflow/example_dags/example_python_operator.py
[2024-08-24T18:13:22.362+0000] {logging_mixin.py:190} INFO - [2024-08-24T18:13:22.358+0000] {dag.py:3211} INFO - Sync 1 DAGs
[2024-08-24T18:13:22.493+0000] {logging_mixin.py:190} INFO - [2024-08-24T18:13:22.492+0000] {dag.py:4138} INFO - Setting next_dagrun for example_python_operator to None, run_after=None
[2024-08-24T18:13:23.008+0000] {processor.py:208} INFO - Processing /home/airflow/.local/lib/python3.12/site-packages/airflow/example_dags/example_python_operator.py took 1.148 seconds
[2024-08-24T18:14:07.638+0000] {processor.py:186} INFO - Started process (PID=347) to work on /home/airflow/.local/lib/python3.12/site-packages/airflow/example_dags/example_python_operator.py
[2024-08-24T18:14:07.833+0000] {processor.py:914} INFO - Processing file /home/airflow/.local/lib/python3.12/site-packages/airflow/example_dags/example_python_operator.py for tasks to queue
[2024-08-24T18:14:07.851+0000] {logging_mixin.py:190} INFO - [2024-08-24T18:14:07.850+0000] {dagbag.py:587} INFO - Filling up the DagBag from /home/airflow/.local/lib/python3.12/site-packages/airflow/example_dags/example_python_operator.py
[2024-08-24T18:14:08.222+0000] {processor.py:925} INFO - DAG(s) 'example_python_operator' retrieved from /home/airflow/.local/lib/python3.12/site-packages/airflow/example_dags/example_python_operator.py
[2024-08-24T18:14:09.220+0000] {logging_mixin.py:190} INFO - [2024-08-24T18:14:09.215+0000] {dag.py:3211} INFO - Sync 1 DAGs
[2024-08-24T18:14:09.667+0000] {logging_mixin.py:190} INFO - [2024-08-24T18:14:09.667+0000] {dag.py:4138} INFO - Setting next_dagrun for example_python_operator to None, run_after=None
[2024-08-24T18:14:10.016+0000] {processor.py:208} INFO - Processing /home/airflow/.local/lib/python3.12/site-packages/airflow/example_dags/example_python_operator.py took 2.387 seconds
