[2024-08-24T03:06:24.666+0000] {processor.py:186} INFO - Started process (PID=68) to work on /home/airflow/.local/lib/python3.12/site-packages/airflow/example_dags/example_subdag_operator.py
[2024-08-24T03:06:24.667+0000] {processor.py:914} INFO - Processing file /home/airflow/.local/lib/python3.12/site-packages/airflow/example_dags/example_subdag_operator.py for tasks to queue
[2024-08-24T03:06:24.670+0000] {logging_mixin.py:190} INFO - [2024-08-24T03:06:24.670+0000] {dagbag.py:587} INFO - Filling up the DagBag from /home/airflow/.local/lib/python3.12/site-packages/airflow/example_dags/example_subdag_operator.py
[2024-08-24T03:06:26.055+0000] {processor.py:925} INFO - DAG(s) 'example_subdag_operator.section-1', 'example_subdag_operator.section-2', 'example_subdag_operator' retrieved from /home/airflow/.local/lib/python3.12/site-packages/airflow/example_dags/example_subdag_operator.py
[2024-08-24T03:06:29.814+0000] {logging_mixin.py:190} INFO - [2024-08-24T03:06:29.811+0000] {override.py:1858} INFO - Created Permission View: can delete on DAG:example_subdag_operator
[2024-08-24T03:06:29.977+0000] {logging_mixin.py:190} INFO - [2024-08-24T03:06:29.976+0000] {override.py:1858} INFO - Created Permission View: can read on DAG:example_subdag_operator
[2024-08-24T03:06:30.417+0000] {logging_mixin.py:190} INFO - [2024-08-24T03:06:30.417+0000] {override.py:1858} INFO - Created Permission View: can edit on DAG:example_subdag_operator
[2024-08-24T03:06:30.418+0000] {logging_mixin.py:190} INFO - [2024-08-24T03:06:30.418+0000] {dag.py:3211} INFO - Sync 3 DAGs
[2024-08-24T03:06:30.525+0000] {logging_mixin.py:190} INFO - [2024-08-24T03:06:30.524+0000] {dag.py:3234} INFO - Creating ORM DAG for example_subdag_operator
[2024-08-24T03:06:30.526+0000] {logging_mixin.py:190} INFO - [2024-08-24T03:06:30.525+0000] {dag.py:3234} INFO - Creating ORM DAG for example_subdag_operator.section-1
[2024-08-24T03:06:30.526+0000] {logging_mixin.py:190} INFO - [2024-08-24T03:06:30.526+0000] {dag.py:3234} INFO - Creating ORM DAG for example_subdag_operator.section-2
[2024-08-24T03:06:30.583+0000] {logging_mixin.py:190} INFO - [2024-08-24T03:06:30.582+0000] {dag.py:4138} INFO - Setting next_dagrun for example_subdag_operator to 2022-01-01 00:00:00+00:00, run_after=2022-01-01 00:00:00+00:00
[2024-08-24T03:06:30.584+0000] {logging_mixin.py:190} INFO - [2024-08-24T03:06:30.584+0000] {dag.py:4138} INFO - Setting next_dagrun for example_subdag_operator.section-1 to None, run_after=None
[2024-08-24T03:06:30.585+0000] {logging_mixin.py:190} INFO - [2024-08-24T03:06:30.584+0000] {dag.py:4138} INFO - Setting next_dagrun for example_subdag_operator.section-2 to None, run_after=None
[2024-08-24T03:06:30.642+0000] {logging_mixin.py:190} INFO - [2024-08-24T03:06:30.642+0000] {dag.py:3211} INFO - Sync 2 DAGs
[2024-08-24T03:06:30.866+0000] {logging_mixin.py:190} INFO - [2024-08-24T03:06:30.852+0000] {dag.py:4138} INFO - Setting next_dagrun for example_subdag_operator.section-1 to None, run_after=None
[2024-08-24T03:06:31.938+0000] {logging_mixin.py:190} INFO - [2024-08-24T03:06:31.937+0000] {dag.py:4138} INFO - Setting next_dagrun for example_subdag_operator.section-2 to None, run_after=None
[2024-08-24T03:06:33.181+0000] {processor.py:208} INFO - Processing /home/airflow/.local/lib/python3.12/site-packages/airflow/example_dags/example_subdag_operator.py took 8.522 seconds
[2024-08-24T03:09:37.410+0000] {processor.py:186} INFO - Started process (PID=154) to work on /home/airflow/.local/lib/python3.12/site-packages/airflow/example_dags/example_subdag_operator.py
[2024-08-24T03:09:37.414+0000] {processor.py:914} INFO - Processing file /home/airflow/.local/lib/python3.12/site-packages/airflow/example_dags/example_subdag_operator.py for tasks to queue
[2024-08-24T03:09:37.420+0000] {logging_mixin.py:190} INFO - [2024-08-24T03:09:37.419+0000] {dagbag.py:587} INFO - Filling up the DagBag from /home/airflow/.local/lib/python3.12/site-packages/airflow/example_dags/example_subdag_operator.py
[2024-08-24T03:09:37.494+0000] {processor.py:925} INFO - DAG(s) 'example_subdag_operator.section-1', 'example_subdag_operator.section-2', 'example_subdag_operator' retrieved from /home/airflow/.local/lib/python3.12/site-packages/airflow/example_dags/example_subdag_operator.py
[2024-08-24T03:09:37.537+0000] {logging_mixin.py:190} INFO - [2024-08-24T03:09:37.536+0000] {dag.py:3211} INFO - Sync 3 DAGs
[2024-08-24T03:09:37.580+0000] {logging_mixin.py:190} INFO - [2024-08-24T03:09:37.579+0000] {dag.py:4138} INFO - Setting next_dagrun for example_subdag_operator to 2022-01-01 00:00:00+00:00, run_after=2022-01-01 00:00:00+00:00
[2024-08-24T03:09:37.586+0000] {logging_mixin.py:190} INFO - [2024-08-24T03:09:37.586+0000] {dag.py:4138} INFO - Setting next_dagrun for example_subdag_operator.section-1 to None, run_after=None
[2024-08-24T03:09:37.588+0000] {logging_mixin.py:190} INFO - [2024-08-24T03:09:37.588+0000] {dag.py:4138} INFO - Setting next_dagrun for example_subdag_operator.section-2 to None, run_after=None
[2024-08-24T03:09:37.606+0000] {logging_mixin.py:190} INFO - [2024-08-24T03:09:37.605+0000] {dag.py:3211} INFO - Sync 2 DAGs
[2024-08-24T03:09:37.618+0000] {logging_mixin.py:190} INFO - [2024-08-24T03:09:37.617+0000] {dag.py:4138} INFO - Setting next_dagrun for example_subdag_operator.section-1 to None, run_after=None
[2024-08-24T03:09:37.619+0000] {logging_mixin.py:190} INFO - [2024-08-24T03:09:37.619+0000] {dag.py:4138} INFO - Setting next_dagrun for example_subdag_operator.section-2 to None, run_after=None
[2024-08-24T03:09:37.644+0000] {processor.py:208} INFO - Processing /home/airflow/.local/lib/python3.12/site-packages/airflow/example_dags/example_subdag_operator.py took 0.248 seconds
[2024-08-24T03:10:07.796+0000] {processor.py:186} INFO - Started process (PID=217) to work on /home/airflow/.local/lib/python3.12/site-packages/airflow/example_dags/example_subdag_operator.py
[2024-08-24T03:10:07.799+0000] {processor.py:914} INFO - Processing file /home/airflow/.local/lib/python3.12/site-packages/airflow/example_dags/example_subdag_operator.py for tasks to queue
[2024-08-24T03:10:07.802+0000] {logging_mixin.py:190} INFO - [2024-08-24T03:10:07.802+0000] {dagbag.py:587} INFO - Filling up the DagBag from /home/airflow/.local/lib/python3.12/site-packages/airflow/example_dags/example_subdag_operator.py
[2024-08-24T03:10:07.853+0000] {processor.py:925} INFO - DAG(s) 'example_subdag_operator.section-1', 'example_subdag_operator.section-2', 'example_subdag_operator' retrieved from /home/airflow/.local/lib/python3.12/site-packages/airflow/example_dags/example_subdag_operator.py
[2024-08-24T03:10:07.874+0000] {logging_mixin.py:190} INFO - [2024-08-24T03:10:07.873+0000] {dag.py:3211} INFO - Sync 3 DAGs
[2024-08-24T03:10:07.904+0000] {logging_mixin.py:190} INFO - [2024-08-24T03:10:07.904+0000] {dag.py:4138} INFO - Setting next_dagrun for example_subdag_operator to 2022-01-01 00:00:00+00:00, run_after=2022-01-01 00:00:00+00:00
[2024-08-24T03:10:07.910+0000] {logging_mixin.py:190} INFO - [2024-08-24T03:10:07.909+0000] {dag.py:4138} INFO - Setting next_dagrun for example_subdag_operator.section-1 to None, run_after=None
[2024-08-24T03:10:07.912+0000] {logging_mixin.py:190} INFO - [2024-08-24T03:10:07.912+0000] {dag.py:4138} INFO - Setting next_dagrun for example_subdag_operator.section-2 to None, run_after=None
[2024-08-24T03:10:07.921+0000] {logging_mixin.py:190} INFO - [2024-08-24T03:10:07.921+0000] {dag.py:3211} INFO - Sync 2 DAGs
[2024-08-24T03:10:07.928+0000] {logging_mixin.py:190} INFO - [2024-08-24T03:10:07.927+0000] {dag.py:4138} INFO - Setting next_dagrun for example_subdag_operator.section-1 to None, run_after=None
[2024-08-24T03:10:07.928+0000] {logging_mixin.py:190} INFO - [2024-08-24T03:10:07.928+0000] {dag.py:4138} INFO - Setting next_dagrun for example_subdag_operator.section-2 to None, run_after=None
[2024-08-24T03:10:07.945+0000] {processor.py:208} INFO - Processing /home/airflow/.local/lib/python3.12/site-packages/airflow/example_dags/example_subdag_operator.py took 0.157 seconds
[2024-08-24T03:10:38.095+0000] {processor.py:186} INFO - Started process (PID=280) to work on /home/airflow/.local/lib/python3.12/site-packages/airflow/example_dags/example_subdag_operator.py
[2024-08-24T03:10:38.097+0000] {processor.py:914} INFO - Processing file /home/airflow/.local/lib/python3.12/site-packages/airflow/example_dags/example_subdag_operator.py for tasks to queue
[2024-08-24T03:10:38.101+0000] {logging_mixin.py:190} INFO - [2024-08-24T03:10:38.100+0000] {dagbag.py:587} INFO - Filling up the DagBag from /home/airflow/.local/lib/python3.12/site-packages/airflow/example_dags/example_subdag_operator.py
[2024-08-24T03:10:38.171+0000] {processor.py:925} INFO - DAG(s) 'example_subdag_operator.section-1', 'example_subdag_operator.section-2', 'example_subdag_operator' retrieved from /home/airflow/.local/lib/python3.12/site-packages/airflow/example_dags/example_subdag_operator.py
[2024-08-24T03:10:38.208+0000] {logging_mixin.py:190} INFO - [2024-08-24T03:10:38.207+0000] {dag.py:3211} INFO - Sync 3 DAGs
[2024-08-24T03:10:38.250+0000] {logging_mixin.py:190} INFO - [2024-08-24T03:10:38.249+0000] {dag.py:4138} INFO - Setting next_dagrun for example_subdag_operator to 2022-01-01 00:00:00+00:00, run_after=2022-01-01 00:00:00+00:00
[2024-08-24T03:10:38.260+0000] {logging_mixin.py:190} INFO - [2024-08-24T03:10:38.259+0000] {dag.py:4138} INFO - Setting next_dagrun for example_subdag_operator.section-1 to None, run_after=None
[2024-08-24T03:10:38.263+0000] {logging_mixin.py:190} INFO - [2024-08-24T03:10:38.262+0000] {dag.py:4138} INFO - Setting next_dagrun for example_subdag_operator.section-2 to None, run_after=None
[2024-08-24T03:10:38.303+0000] {logging_mixin.py:190} INFO - [2024-08-24T03:10:38.303+0000] {dag.py:3211} INFO - Sync 2 DAGs
[2024-08-24T03:10:38.321+0000] {logging_mixin.py:190} INFO - [2024-08-24T03:10:38.321+0000] {dag.py:4138} INFO - Setting next_dagrun for example_subdag_operator.section-1 to None, run_after=None
[2024-08-24T03:10:38.321+0000] {logging_mixin.py:190} INFO - [2024-08-24T03:10:38.321+0000] {dag.py:4138} INFO - Setting next_dagrun for example_subdag_operator.section-2 to None, run_after=None
[2024-08-24T03:10:38.343+0000] {processor.py:208} INFO - Processing /home/airflow/.local/lib/python3.12/site-packages/airflow/example_dags/example_subdag_operator.py took 0.266 seconds
[2024-08-24T03:11:09.521+0000] {processor.py:186} INFO - Started process (PID=343) to work on /home/airflow/.local/lib/python3.12/site-packages/airflow/example_dags/example_subdag_operator.py
[2024-08-24T03:11:09.531+0000] {processor.py:914} INFO - Processing file /home/airflow/.local/lib/python3.12/site-packages/airflow/example_dags/example_subdag_operator.py for tasks to queue
[2024-08-24T03:11:09.539+0000] {logging_mixin.py:190} INFO - [2024-08-24T03:11:09.538+0000] {dagbag.py:587} INFO - Filling up the DagBag from /home/airflow/.local/lib/python3.12/site-packages/airflow/example_dags/example_subdag_operator.py
[2024-08-24T03:11:09.623+0000] {processor.py:925} INFO - DAG(s) 'example_subdag_operator.section-1', 'example_subdag_operator.section-2', 'example_subdag_operator' retrieved from /home/airflow/.local/lib/python3.12/site-packages/airflow/example_dags/example_subdag_operator.py
[2024-08-24T03:11:09.811+0000] {logging_mixin.py:190} INFO - [2024-08-24T03:11:09.810+0000] {dag.py:3211} INFO - Sync 3 DAGs
[2024-08-24T03:11:09.935+0000] {logging_mixin.py:190} INFO - [2024-08-24T03:11:09.934+0000] {dag.py:4138} INFO - Setting next_dagrun for example_subdag_operator to 2022-01-01 00:00:00+00:00, run_after=2022-01-01 00:00:00+00:00
[2024-08-24T03:11:09.951+0000] {logging_mixin.py:190} INFO - [2024-08-24T03:11:09.951+0000] {dag.py:4138} INFO - Setting next_dagrun for example_subdag_operator.section-1 to None, run_after=None
[2024-08-24T03:11:09.954+0000] {logging_mixin.py:190} INFO - [2024-08-24T03:11:09.953+0000] {dag.py:4138} INFO - Setting next_dagrun for example_subdag_operator.section-2 to None, run_after=None
[2024-08-24T03:11:09.977+0000] {logging_mixin.py:190} INFO - [2024-08-24T03:11:09.977+0000] {dag.py:3211} INFO - Sync 2 DAGs
[2024-08-24T03:11:09.985+0000] {logging_mixin.py:190} INFO - [2024-08-24T03:11:09.984+0000] {dag.py:4138} INFO - Setting next_dagrun for example_subdag_operator.section-1 to None, run_after=None
[2024-08-24T03:11:09.985+0000] {logging_mixin.py:190} INFO - [2024-08-24T03:11:09.985+0000] {dag.py:4138} INFO - Setting next_dagrun for example_subdag_operator.section-2 to None, run_after=None
[2024-08-24T03:11:10.008+0000] {processor.py:208} INFO - Processing /home/airflow/.local/lib/python3.12/site-packages/airflow/example_dags/example_subdag_operator.py took 0.512 seconds
[2024-08-24T03:11:40.579+0000] {processor.py:186} INFO - Started process (PID=406) to work on /home/airflow/.local/lib/python3.12/site-packages/airflow/example_dags/example_subdag_operator.py
[2024-08-24T03:11:40.581+0000] {processor.py:914} INFO - Processing file /home/airflow/.local/lib/python3.12/site-packages/airflow/example_dags/example_subdag_operator.py for tasks to queue
[2024-08-24T03:11:40.585+0000] {logging_mixin.py:190} INFO - [2024-08-24T03:11:40.584+0000] {dagbag.py:587} INFO - Filling up the DagBag from /home/airflow/.local/lib/python3.12/site-packages/airflow/example_dags/example_subdag_operator.py
[2024-08-24T03:11:40.634+0000] {processor.py:925} INFO - DAG(s) 'example_subdag_operator.section-1', 'example_subdag_operator.section-2', 'example_subdag_operator' retrieved from /home/airflow/.local/lib/python3.12/site-packages/airflow/example_dags/example_subdag_operator.py
[2024-08-24T03:11:40.663+0000] {logging_mixin.py:190} INFO - [2024-08-24T03:11:40.663+0000] {dag.py:3211} INFO - Sync 3 DAGs
[2024-08-24T03:11:40.723+0000] {logging_mixin.py:190} INFO - [2024-08-24T03:11:40.722+0000] {dag.py:4138} INFO - Setting next_dagrun for example_subdag_operator to 2022-01-01 00:00:00+00:00, run_after=2022-01-01 00:00:00+00:00
[2024-08-24T03:11:40.731+0000] {logging_mixin.py:190} INFO - [2024-08-24T03:11:40.730+0000] {dag.py:4138} INFO - Setting next_dagrun for example_subdag_operator.section-1 to None, run_after=None
[2024-08-24T03:11:40.733+0000] {logging_mixin.py:190} INFO - [2024-08-24T03:11:40.733+0000] {dag.py:4138} INFO - Setting next_dagrun for example_subdag_operator.section-2 to None, run_after=None
[2024-08-24T03:11:40.744+0000] {logging_mixin.py:190} INFO - [2024-08-24T03:11:40.743+0000] {dag.py:3211} INFO - Sync 2 DAGs
[2024-08-24T03:11:40.750+0000] {logging_mixin.py:190} INFO - [2024-08-24T03:11:40.750+0000] {dag.py:4138} INFO - Setting next_dagrun for example_subdag_operator.section-1 to None, run_after=None
[2024-08-24T03:11:40.750+0000] {logging_mixin.py:190} INFO - [2024-08-24T03:11:40.750+0000] {dag.py:4138} INFO - Setting next_dagrun for example_subdag_operator.section-2 to None, run_after=None
[2024-08-24T03:11:40.764+0000] {processor.py:208} INFO - Processing /home/airflow/.local/lib/python3.12/site-packages/airflow/example_dags/example_subdag_operator.py took 0.195 seconds
[2024-08-24T03:12:11.654+0000] {processor.py:186} INFO - Started process (PID=468) to work on /home/airflow/.local/lib/python3.12/site-packages/airflow/example_dags/example_subdag_operator.py
[2024-08-24T03:12:11.656+0000] {processor.py:914} INFO - Processing file /home/airflow/.local/lib/python3.12/site-packages/airflow/example_dags/example_subdag_operator.py for tasks to queue
[2024-08-24T03:12:11.663+0000] {logging_mixin.py:190} INFO - [2024-08-24T03:12:11.662+0000] {dagbag.py:587} INFO - Filling up the DagBag from /home/airflow/.local/lib/python3.12/site-packages/airflow/example_dags/example_subdag_operator.py
[2024-08-24T03:12:11.795+0000] {processor.py:925} INFO - DAG(s) 'example_subdag_operator.section-1', 'example_subdag_operator.section-2', 'example_subdag_operator' retrieved from /home/airflow/.local/lib/python3.12/site-packages/airflow/example_dags/example_subdag_operator.py
[2024-08-24T03:12:11.815+0000] {logging_mixin.py:190} INFO - [2024-08-24T03:12:11.815+0000] {dag.py:3211} INFO - Sync 3 DAGs
[2024-08-24T03:12:11.854+0000] {logging_mixin.py:190} INFO - [2024-08-24T03:12:11.854+0000] {dag.py:4138} INFO - Setting next_dagrun for example_subdag_operator to 2022-01-01 00:00:00+00:00, run_after=2022-01-01 00:00:00+00:00
[2024-08-24T03:12:11.863+0000] {logging_mixin.py:190} INFO - [2024-08-24T03:12:11.863+0000] {dag.py:4138} INFO - Setting next_dagrun for example_subdag_operator.section-1 to None, run_after=None
[2024-08-24T03:12:11.867+0000] {logging_mixin.py:190} INFO - [2024-08-24T03:12:11.867+0000] {dag.py:4138} INFO - Setting next_dagrun for example_subdag_operator.section-2 to None, run_after=None
[2024-08-24T03:12:11.877+0000] {logging_mixin.py:190} INFO - [2024-08-24T03:12:11.877+0000] {dag.py:3211} INFO - Sync 2 DAGs
[2024-08-24T03:12:11.883+0000] {logging_mixin.py:190} INFO - [2024-08-24T03:12:11.883+0000] {dag.py:4138} INFO - Setting next_dagrun for example_subdag_operator.section-1 to None, run_after=None
[2024-08-24T03:12:11.884+0000] {logging_mixin.py:190} INFO - [2024-08-24T03:12:11.884+0000] {dag.py:4138} INFO - Setting next_dagrun for example_subdag_operator.section-2 to None, run_after=None
[2024-08-24T03:12:11.899+0000] {processor.py:208} INFO - Processing /home/airflow/.local/lib/python3.12/site-packages/airflow/example_dags/example_subdag_operator.py took 0.260 seconds
[2024-08-24T03:12:42.087+0000] {processor.py:186} INFO - Started process (PID=531) to work on /home/airflow/.local/lib/python3.12/site-packages/airflow/example_dags/example_subdag_operator.py
[2024-08-24T03:12:42.104+0000] {processor.py:914} INFO - Processing file /home/airflow/.local/lib/python3.12/site-packages/airflow/example_dags/example_subdag_operator.py for tasks to queue
[2024-08-24T03:12:42.108+0000] {logging_mixin.py:190} INFO - [2024-08-24T03:12:42.107+0000] {dagbag.py:587} INFO - Filling up the DagBag from /home/airflow/.local/lib/python3.12/site-packages/airflow/example_dags/example_subdag_operator.py
[2024-08-24T03:12:42.177+0000] {processor.py:925} INFO - DAG(s) 'example_subdag_operator.section-1', 'example_subdag_operator.section-2', 'example_subdag_operator' retrieved from /home/airflow/.local/lib/python3.12/site-packages/airflow/example_dags/example_subdag_operator.py
[2024-08-24T03:12:42.220+0000] {logging_mixin.py:190} INFO - [2024-08-24T03:12:42.220+0000] {dag.py:3211} INFO - Sync 3 DAGs
[2024-08-24T03:12:42.312+0000] {logging_mixin.py:190} INFO - [2024-08-24T03:12:42.311+0000] {dag.py:4138} INFO - Setting next_dagrun for example_subdag_operator to 2022-01-01 00:00:00+00:00, run_after=2022-01-01 00:00:00+00:00
[2024-08-24T03:12:42.316+0000] {logging_mixin.py:190} INFO - [2024-08-24T03:12:42.315+0000] {dag.py:4138} INFO - Setting next_dagrun for example_subdag_operator.section-1 to None, run_after=None
[2024-08-24T03:12:42.318+0000] {logging_mixin.py:190} INFO - [2024-08-24T03:12:42.318+0000] {dag.py:4138} INFO - Setting next_dagrun for example_subdag_operator.section-2 to None, run_after=None
[2024-08-24T03:12:42.343+0000] {logging_mixin.py:190} INFO - [2024-08-24T03:12:42.343+0000] {dag.py:3211} INFO - Sync 2 DAGs
[2024-08-24T03:12:42.349+0000] {logging_mixin.py:190} INFO - [2024-08-24T03:12:42.349+0000] {dag.py:4138} INFO - Setting next_dagrun for example_subdag_operator.section-1 to None, run_after=None
[2024-08-24T03:12:42.349+0000] {logging_mixin.py:190} INFO - [2024-08-24T03:12:42.349+0000] {dag.py:4138} INFO - Setting next_dagrun for example_subdag_operator.section-2 to None, run_after=None
[2024-08-24T03:12:42.366+0000] {processor.py:208} INFO - Processing /home/airflow/.local/lib/python3.12/site-packages/airflow/example_dags/example_subdag_operator.py took 0.308 seconds
[2024-08-24T03:13:13.155+0000] {processor.py:186} INFO - Started process (PID=594) to work on /home/airflow/.local/lib/python3.12/site-packages/airflow/example_dags/example_subdag_operator.py
[2024-08-24T03:13:13.165+0000] {processor.py:914} INFO - Processing file /home/airflow/.local/lib/python3.12/site-packages/airflow/example_dags/example_subdag_operator.py for tasks to queue
[2024-08-24T03:13:13.169+0000] {logging_mixin.py:190} INFO - [2024-08-24T03:13:13.168+0000] {dagbag.py:587} INFO - Filling up the DagBag from /home/airflow/.local/lib/python3.12/site-packages/airflow/example_dags/example_subdag_operator.py
[2024-08-24T03:13:13.397+0000] {processor.py:925} INFO - DAG(s) 'example_subdag_operator.section-1', 'example_subdag_operator.section-2', 'example_subdag_operator' retrieved from /home/airflow/.local/lib/python3.12/site-packages/airflow/example_dags/example_subdag_operator.py
[2024-08-24T03:13:13.513+0000] {logging_mixin.py:190} INFO - [2024-08-24T03:13:13.513+0000] {dag.py:3211} INFO - Sync 3 DAGs
[2024-08-24T03:13:13.730+0000] {logging_mixin.py:190} INFO - [2024-08-24T03:13:13.729+0000] {dag.py:4138} INFO - Setting next_dagrun for example_subdag_operator to 2022-01-01 00:00:00+00:00, run_after=2022-01-01 00:00:00+00:00
[2024-08-24T03:13:13.805+0000] {logging_mixin.py:190} INFO - [2024-08-24T03:13:13.805+0000] {dag.py:4138} INFO - Setting next_dagrun for example_subdag_operator.section-1 to None, run_after=None
[2024-08-24T03:13:13.847+0000] {logging_mixin.py:190} INFO - [2024-08-24T03:13:13.847+0000] {dag.py:4138} INFO - Setting next_dagrun for example_subdag_operator.section-2 to None, run_after=None
[2024-08-24T03:13:13.993+0000] {logging_mixin.py:190} INFO - [2024-08-24T03:13:13.992+0000] {dag.py:3211} INFO - Sync 2 DAGs
[2024-08-24T03:13:14.089+0000] {logging_mixin.py:190} INFO - [2024-08-24T03:13:14.088+0000] {dag.py:4138} INFO - Setting next_dagrun for example_subdag_operator.section-1 to None, run_after=None
[2024-08-24T03:13:14.089+0000] {logging_mixin.py:190} INFO - [2024-08-24T03:13:14.089+0000] {dag.py:4138} INFO - Setting next_dagrun for example_subdag_operator.section-2 to None, run_after=None
[2024-08-24T03:13:14.159+0000] {processor.py:208} INFO - Processing /home/airflow/.local/lib/python3.12/site-packages/airflow/example_dags/example_subdag_operator.py took 1.297 seconds
[2024-08-24T03:13:44.824+0000] {processor.py:186} INFO - Started process (PID=658) to work on /home/airflow/.local/lib/python3.12/site-packages/airflow/example_dags/example_subdag_operator.py
[2024-08-24T03:13:44.826+0000] {processor.py:914} INFO - Processing file /home/airflow/.local/lib/python3.12/site-packages/airflow/example_dags/example_subdag_operator.py for tasks to queue
[2024-08-24T03:13:44.830+0000] {logging_mixin.py:190} INFO - [2024-08-24T03:13:44.830+0000] {dagbag.py:587} INFO - Filling up the DagBag from /home/airflow/.local/lib/python3.12/site-packages/airflow/example_dags/example_subdag_operator.py
[2024-08-24T03:13:44.969+0000] {processor.py:925} INFO - DAG(s) 'example_subdag_operator.section-1', 'example_subdag_operator.section-2', 'example_subdag_operator' retrieved from /home/airflow/.local/lib/python3.12/site-packages/airflow/example_dags/example_subdag_operator.py
[2024-08-24T03:13:45.038+0000] {logging_mixin.py:190} INFO - [2024-08-24T03:13:45.037+0000] {dag.py:3211} INFO - Sync 3 DAGs
[2024-08-24T03:13:45.087+0000] {logging_mixin.py:190} INFO - [2024-08-24T03:13:45.086+0000] {dag.py:4138} INFO - Setting next_dagrun for example_subdag_operator to 2022-01-01 00:00:00+00:00, run_after=2022-01-01 00:00:00+00:00
[2024-08-24T03:13:45.091+0000] {logging_mixin.py:190} INFO - [2024-08-24T03:13:45.091+0000] {dag.py:4138} INFO - Setting next_dagrun for example_subdag_operator.section-1 to None, run_after=None
[2024-08-24T03:13:45.096+0000] {logging_mixin.py:190} INFO - [2024-08-24T03:13:45.096+0000] {dag.py:4138} INFO - Setting next_dagrun for example_subdag_operator.section-2 to None, run_after=None
[2024-08-24T03:13:45.115+0000] {logging_mixin.py:190} INFO - [2024-08-24T03:13:45.114+0000] {dag.py:3211} INFO - Sync 2 DAGs
[2024-08-24T03:13:45.124+0000] {logging_mixin.py:190} INFO - [2024-08-24T03:13:45.124+0000] {dag.py:4138} INFO - Setting next_dagrun for example_subdag_operator.section-1 to None, run_after=None
[2024-08-24T03:13:45.124+0000] {logging_mixin.py:190} INFO - [2024-08-24T03:13:45.124+0000] {dag.py:4138} INFO - Setting next_dagrun for example_subdag_operator.section-2 to None, run_after=None
[2024-08-24T03:13:45.144+0000] {processor.py:208} INFO - Processing /home/airflow/.local/lib/python3.12/site-packages/airflow/example_dags/example_subdag_operator.py took 0.329 seconds
[2024-08-24T03:14:15.769+0000] {processor.py:186} INFO - Started process (PID=726) to work on /home/airflow/.local/lib/python3.12/site-packages/airflow/example_dags/example_subdag_operator.py
[2024-08-24T03:14:15.771+0000] {processor.py:914} INFO - Processing file /home/airflow/.local/lib/python3.12/site-packages/airflow/example_dags/example_subdag_operator.py for tasks to queue
[2024-08-24T03:14:15.775+0000] {logging_mixin.py:190} INFO - [2024-08-24T03:14:15.774+0000] {dagbag.py:587} INFO - Filling up the DagBag from /home/airflow/.local/lib/python3.12/site-packages/airflow/example_dags/example_subdag_operator.py
[2024-08-24T03:14:15.827+0000] {processor.py:925} INFO - DAG(s) 'example_subdag_operator.section-1', 'example_subdag_operator.section-2', 'example_subdag_operator' retrieved from /home/airflow/.local/lib/python3.12/site-packages/airflow/example_dags/example_subdag_operator.py
[2024-08-24T03:14:15.862+0000] {logging_mixin.py:190} INFO - [2024-08-24T03:14:15.862+0000] {dag.py:3211} INFO - Sync 3 DAGs
[2024-08-24T03:14:15.897+0000] {logging_mixin.py:190} INFO - [2024-08-24T03:14:15.896+0000] {dag.py:4138} INFO - Setting next_dagrun for example_subdag_operator to 2022-01-01 00:00:00+00:00, run_after=2022-01-01 00:00:00+00:00
[2024-08-24T03:14:15.901+0000] {logging_mixin.py:190} INFO - [2024-08-24T03:14:15.901+0000] {dag.py:4138} INFO - Setting next_dagrun for example_subdag_operator.section-1 to None, run_after=None
[2024-08-24T03:14:15.903+0000] {logging_mixin.py:190} INFO - [2024-08-24T03:14:15.903+0000] {dag.py:4138} INFO - Setting next_dagrun for example_subdag_operator.section-2 to None, run_after=None
[2024-08-24T03:14:15.913+0000] {logging_mixin.py:190} INFO - [2024-08-24T03:14:15.913+0000] {dag.py:3211} INFO - Sync 2 DAGs
[2024-08-24T03:14:15.920+0000] {logging_mixin.py:190} INFO - [2024-08-24T03:14:15.920+0000] {dag.py:4138} INFO - Setting next_dagrun for example_subdag_operator.section-1 to None, run_after=None
[2024-08-24T03:14:15.921+0000] {logging_mixin.py:190} INFO - [2024-08-24T03:14:15.921+0000] {dag.py:4138} INFO - Setting next_dagrun for example_subdag_operator.section-2 to None, run_after=None
[2024-08-24T03:14:15.940+0000] {processor.py:208} INFO - Processing /home/airflow/.local/lib/python3.12/site-packages/airflow/example_dags/example_subdag_operator.py took 0.181 seconds
[2024-08-24T03:14:46.455+0000] {processor.py:186} INFO - Started process (PID=788) to work on /home/airflow/.local/lib/python3.12/site-packages/airflow/example_dags/example_subdag_operator.py
[2024-08-24T03:14:46.458+0000] {processor.py:914} INFO - Processing file /home/airflow/.local/lib/python3.12/site-packages/airflow/example_dags/example_subdag_operator.py for tasks to queue
[2024-08-24T03:14:46.463+0000] {logging_mixin.py:190} INFO - [2024-08-24T03:14:46.462+0000] {dagbag.py:587} INFO - Filling up the DagBag from /home/airflow/.local/lib/python3.12/site-packages/airflow/example_dags/example_subdag_operator.py
[2024-08-24T03:14:46.525+0000] {processor.py:925} INFO - DAG(s) 'example_subdag_operator.section-1', 'example_subdag_operator.section-2', 'example_subdag_operator' retrieved from /home/airflow/.local/lib/python3.12/site-packages/airflow/example_dags/example_subdag_operator.py
[2024-08-24T03:14:46.547+0000] {logging_mixin.py:190} INFO - [2024-08-24T03:14:46.546+0000] {dag.py:3211} INFO - Sync 3 DAGs
[2024-08-24T03:14:46.580+0000] {logging_mixin.py:190} INFO - [2024-08-24T03:14:46.579+0000] {dag.py:4138} INFO - Setting next_dagrun for example_subdag_operator to 2022-01-01 00:00:00+00:00, run_after=2022-01-01 00:00:00+00:00
[2024-08-24T03:14:46.587+0000] {logging_mixin.py:190} INFO - [2024-08-24T03:14:46.587+0000] {dag.py:4138} INFO - Setting next_dagrun for example_subdag_operator.section-1 to None, run_after=None
[2024-08-24T03:14:46.590+0000] {logging_mixin.py:190} INFO - [2024-08-24T03:14:46.589+0000] {dag.py:4138} INFO - Setting next_dagrun for example_subdag_operator.section-2 to None, run_after=None
[2024-08-24T03:14:46.601+0000] {logging_mixin.py:190} INFO - [2024-08-24T03:14:46.601+0000] {dag.py:3211} INFO - Sync 2 DAGs
[2024-08-24T03:14:46.610+0000] {logging_mixin.py:190} INFO - [2024-08-24T03:14:46.609+0000] {dag.py:4138} INFO - Setting next_dagrun for example_subdag_operator.section-1 to None, run_after=None
[2024-08-24T03:14:46.610+0000] {logging_mixin.py:190} INFO - [2024-08-24T03:14:46.610+0000] {dag.py:4138} INFO - Setting next_dagrun for example_subdag_operator.section-2 to None, run_after=None
[2024-08-24T03:14:46.629+0000] {processor.py:208} INFO - Processing /home/airflow/.local/lib/python3.12/site-packages/airflow/example_dags/example_subdag_operator.py took 0.209 seconds
[2024-08-24T03:15:16.930+0000] {processor.py:186} INFO - Started process (PID=851) to work on /home/airflow/.local/lib/python3.12/site-packages/airflow/example_dags/example_subdag_operator.py
[2024-08-24T03:15:16.932+0000] {processor.py:914} INFO - Processing file /home/airflow/.local/lib/python3.12/site-packages/airflow/example_dags/example_subdag_operator.py for tasks to queue
[2024-08-24T03:15:16.936+0000] {logging_mixin.py:190} INFO - [2024-08-24T03:15:16.935+0000] {dagbag.py:587} INFO - Filling up the DagBag from /home/airflow/.local/lib/python3.12/site-packages/airflow/example_dags/example_subdag_operator.py
[2024-08-24T03:15:16.982+0000] {processor.py:925} INFO - DAG(s) 'example_subdag_operator.section-1', 'example_subdag_operator.section-2', 'example_subdag_operator' retrieved from /home/airflow/.local/lib/python3.12/site-packages/airflow/example_dags/example_subdag_operator.py
[2024-08-24T03:15:17.004+0000] {logging_mixin.py:190} INFO - [2024-08-24T03:15:17.004+0000] {dag.py:3211} INFO - Sync 3 DAGs
[2024-08-24T03:15:17.037+0000] {logging_mixin.py:190} INFO - [2024-08-24T03:15:17.037+0000] {dag.py:4138} INFO - Setting next_dagrun for example_subdag_operator to 2022-01-01 00:00:00+00:00, run_after=2022-01-01 00:00:00+00:00
[2024-08-24T03:15:17.042+0000] {logging_mixin.py:190} INFO - [2024-08-24T03:15:17.042+0000] {dag.py:4138} INFO - Setting next_dagrun for example_subdag_operator.section-1 to None, run_after=None
[2024-08-24T03:15:17.044+0000] {logging_mixin.py:190} INFO - [2024-08-24T03:15:17.044+0000] {dag.py:4138} INFO - Setting next_dagrun for example_subdag_operator.section-2 to None, run_after=None
[2024-08-24T03:15:17.054+0000] {logging_mixin.py:190} INFO - [2024-08-24T03:15:17.054+0000] {dag.py:3211} INFO - Sync 2 DAGs
[2024-08-24T03:15:17.064+0000] {logging_mixin.py:190} INFO - [2024-08-24T03:15:17.063+0000] {dag.py:4138} INFO - Setting next_dagrun for example_subdag_operator.section-1 to None, run_after=None
[2024-08-24T03:15:17.064+0000] {logging_mixin.py:190} INFO - [2024-08-24T03:15:17.064+0000] {dag.py:4138} INFO - Setting next_dagrun for example_subdag_operator.section-2 to None, run_after=None
[2024-08-24T03:15:17.088+0000] {processor.py:208} INFO - Processing /home/airflow/.local/lib/python3.12/site-packages/airflow/example_dags/example_subdag_operator.py took 0.165 seconds
[2024-08-24T03:15:50.288+0000] {processor.py:186} INFO - Started process (PID=914) to work on /home/airflow/.local/lib/python3.12/site-packages/airflow/example_dags/example_subdag_operator.py
[2024-08-24T03:15:50.293+0000] {processor.py:914} INFO - Processing file /home/airflow/.local/lib/python3.12/site-packages/airflow/example_dags/example_subdag_operator.py for tasks to queue
[2024-08-24T03:15:50.312+0000] {logging_mixin.py:190} INFO - [2024-08-24T03:15:50.311+0000] {dagbag.py:587} INFO - Filling up the DagBag from /home/airflow/.local/lib/python3.12/site-packages/airflow/example_dags/example_subdag_operator.py
[2024-08-24T03:15:50.465+0000] {processor.py:925} INFO - DAG(s) 'example_subdag_operator.section-1', 'example_subdag_operator.section-2', 'example_subdag_operator' retrieved from /home/airflow/.local/lib/python3.12/site-packages/airflow/example_dags/example_subdag_operator.py
[2024-08-24T03:15:50.563+0000] {logging_mixin.py:190} INFO - [2024-08-24T03:15:50.562+0000] {dag.py:3211} INFO - Sync 3 DAGs
[2024-08-24T03:15:50.988+0000] {logging_mixin.py:190} INFO - [2024-08-24T03:15:50.985+0000] {dag.py:4138} INFO - Setting next_dagrun for example_subdag_operator to 2022-01-01 00:00:00+00:00, run_after=2022-01-01 00:00:00+00:00
[2024-08-24T03:15:50.992+0000] {logging_mixin.py:190} INFO - [2024-08-24T03:15:50.992+0000] {dag.py:4138} INFO - Setting next_dagrun for example_subdag_operator.section-1 to None, run_after=None
[2024-08-24T03:15:50.993+0000] {logging_mixin.py:190} INFO - [2024-08-24T03:15:50.993+0000] {dag.py:4138} INFO - Setting next_dagrun for example_subdag_operator.section-2 to None, run_after=None
[2024-08-24T03:15:51.004+0000] {logging_mixin.py:190} INFO - [2024-08-24T03:15:51.004+0000] {dag.py:3211} INFO - Sync 2 DAGs
[2024-08-24T03:15:51.024+0000] {logging_mixin.py:190} INFO - [2024-08-24T03:15:51.023+0000] {dag.py:4138} INFO - Setting next_dagrun for example_subdag_operator.section-1 to None, run_after=None
[2024-08-24T03:15:51.024+0000] {logging_mixin.py:190} INFO - [2024-08-24T03:15:51.024+0000] {dag.py:4138} INFO - Setting next_dagrun for example_subdag_operator.section-2 to None, run_after=None
[2024-08-24T03:15:51.107+0000] {processor.py:208} INFO - Processing /home/airflow/.local/lib/python3.12/site-packages/airflow/example_dags/example_subdag_operator.py took 0.869 seconds
[2024-08-24T03:21:33.157+0000] {processor.py:186} INFO - Started process (PID=74) to work on /home/airflow/.local/lib/python3.12/site-packages/airflow/example_dags/example_subdag_operator.py
[2024-08-24T03:21:33.182+0000] {processor.py:914} INFO - Processing file /home/airflow/.local/lib/python3.12/site-packages/airflow/example_dags/example_subdag_operator.py for tasks to queue
[2024-08-24T03:21:33.393+0000] {logging_mixin.py:190} INFO - [2024-08-24T03:21:33.392+0000] {dagbag.py:587} INFO - Filling up the DagBag from /home/airflow/.local/lib/python3.12/site-packages/airflow/example_dags/example_subdag_operator.py
[2024-08-24T03:21:33.727+0000] {processor.py:925} INFO - DAG(s) 'example_subdag_operator.section-1', 'example_subdag_operator.section-2', 'example_subdag_operator' retrieved from /home/airflow/.local/lib/python3.12/site-packages/airflow/example_dags/example_subdag_operator.py
[2024-08-24T03:21:34.287+0000] {logging_mixin.py:190} INFO - [2024-08-24T03:21:34.287+0000] {dag.py:3211} INFO - Sync 3 DAGs
[2024-08-24T03:21:34.389+0000] {logging_mixin.py:190} INFO - [2024-08-24T03:21:34.389+0000] {dag.py:4138} INFO - Setting next_dagrun for example_subdag_operator to 2022-01-01 00:00:00+00:00, run_after=2022-01-01 00:00:00+00:00
[2024-08-24T03:21:34.401+0000] {logging_mixin.py:190} INFO - [2024-08-24T03:21:34.401+0000] {dag.py:4138} INFO - Setting next_dagrun for example_subdag_operator.section-1 to None, run_after=None
[2024-08-24T03:21:34.405+0000] {logging_mixin.py:190} INFO - [2024-08-24T03:21:34.404+0000] {dag.py:4138} INFO - Setting next_dagrun for example_subdag_operator.section-2 to None, run_after=None
[2024-08-24T03:21:34.446+0000] {logging_mixin.py:190} INFO - [2024-08-24T03:21:34.445+0000] {dag.py:3211} INFO - Sync 2 DAGs
[2024-08-24T03:21:34.519+0000] {logging_mixin.py:190} INFO - [2024-08-24T03:21:34.518+0000] {dag.py:4138} INFO - Setting next_dagrun for example_subdag_operator.section-1 to None, run_after=None
[2024-08-24T03:21:34.526+0000] {logging_mixin.py:190} INFO - [2024-08-24T03:21:34.519+0000] {dag.py:4138} INFO - Setting next_dagrun for example_subdag_operator.section-2 to None, run_after=None
[2024-08-24T03:21:34.576+0000] {processor.py:208} INFO - Processing /home/airflow/.local/lib/python3.12/site-packages/airflow/example_dags/example_subdag_operator.py took 1.436 seconds
[2024-08-24T03:36:39.385+0000] {processor.py:186} INFO - Started process (PID=57) to work on /home/airflow/.local/lib/python3.12/site-packages/airflow/example_dags/example_subdag_operator.py
[2024-08-24T03:36:39.398+0000] {processor.py:914} INFO - Processing file /home/airflow/.local/lib/python3.12/site-packages/airflow/example_dags/example_subdag_operator.py for tasks to queue
[2024-08-24T03:36:39.421+0000] {logging_mixin.py:190} INFO - [2024-08-24T03:36:39.420+0000] {dagbag.py:587} INFO - Filling up the DagBag from /home/airflow/.local/lib/python3.12/site-packages/airflow/example_dags/example_subdag_operator.py
[2024-08-24T03:36:39.516+0000] {processor.py:925} INFO - DAG(s) 'example_subdag_operator.section-1', 'example_subdag_operator.section-2', 'example_subdag_operator' retrieved from /home/airflow/.local/lib/python3.12/site-packages/airflow/example_dags/example_subdag_operator.py
[2024-08-24T03:36:39.746+0000] {logging_mixin.py:190} INFO - [2024-08-24T03:36:39.745+0000] {dag.py:3211} INFO - Sync 3 DAGs
[2024-08-24T03:36:40.303+0000] {logging_mixin.py:190} INFO - [2024-08-24T03:36:40.302+0000] {dag.py:4138} INFO - Setting next_dagrun for example_subdag_operator to 2022-01-01 00:00:00+00:00, run_after=2022-01-01 00:00:00+00:00
[2024-08-24T03:36:40.317+0000] {logging_mixin.py:190} INFO - [2024-08-24T03:36:40.317+0000] {dag.py:4138} INFO - Setting next_dagrun for example_subdag_operator.section-1 to None, run_after=None
[2024-08-24T03:36:40.320+0000] {logging_mixin.py:190} INFO - [2024-08-24T03:36:40.319+0000] {dag.py:4138} INFO - Setting next_dagrun for example_subdag_operator.section-2 to None, run_after=None
[2024-08-24T03:36:40.342+0000] {logging_mixin.py:190} INFO - [2024-08-24T03:36:40.341+0000] {dag.py:3211} INFO - Sync 2 DAGs
[2024-08-24T03:36:40.355+0000] {logging_mixin.py:190} INFO - [2024-08-24T03:36:40.355+0000] {dag.py:4138} INFO - Setting next_dagrun for example_subdag_operator.section-1 to None, run_after=None
[2024-08-24T03:36:40.356+0000] {logging_mixin.py:190} INFO - [2024-08-24T03:36:40.355+0000] {dag.py:4138} INFO - Setting next_dagrun for example_subdag_operator.section-2 to None, run_after=None
[2024-08-24T03:36:40.377+0000] {processor.py:208} INFO - Processing /home/airflow/.local/lib/python3.12/site-packages/airflow/example_dags/example_subdag_operator.py took 1.007 seconds
[2024-08-24T18:08:37.940+0000] {processor.py:186} INFO - Started process (PID=63) to work on /home/airflow/.local/lib/python3.12/site-packages/airflow/example_dags/example_subdag_operator.py
[2024-08-24T18:08:37.944+0000] {processor.py:914} INFO - Processing file /home/airflow/.local/lib/python3.12/site-packages/airflow/example_dags/example_subdag_operator.py for tasks to queue
[2024-08-24T18:08:38.069+0000] {logging_mixin.py:190} INFO - [2024-08-24T18:08:38.068+0000] {dagbag.py:587} INFO - Filling up the DagBag from /home/airflow/.local/lib/python3.12/site-packages/airflow/example_dags/example_subdag_operator.py
[2024-08-24T18:08:40.533+0000] {processor.py:925} INFO - DAG(s) 'example_subdag_operator.section-1', 'example_subdag_operator.section-2', 'example_subdag_operator' retrieved from /home/airflow/.local/lib/python3.12/site-packages/airflow/example_dags/example_subdag_operator.py
[2024-08-24T18:08:40.807+0000] {logging_mixin.py:190} INFO - [2024-08-24T18:08:40.806+0000] {dag.py:3211} INFO - Sync 3 DAGs
[2024-08-24T18:08:41.343+0000] {logging_mixin.py:190} INFO - [2024-08-24T18:08:41.342+0000] {dag.py:4138} INFO - Setting next_dagrun for example_subdag_operator to 2022-01-01 00:00:00+00:00, run_after=2022-01-01 00:00:00+00:00
[2024-08-24T18:08:41.723+0000] {logging_mixin.py:190} INFO - [2024-08-24T18:08:41.723+0000] {dag.py:4138} INFO - Setting next_dagrun for example_subdag_operator.section-1 to None, run_after=None
[2024-08-24T18:08:43.334+0000] {logging_mixin.py:190} INFO - [2024-08-24T18:08:43.333+0000] {dag.py:4138} INFO - Setting next_dagrun for example_subdag_operator.section-2 to None, run_after=None
[2024-08-24T18:08:43.886+0000] {logging_mixin.py:190} INFO - [2024-08-24T18:08:43.885+0000] {dag.py:3211} INFO - Sync 2 DAGs
[2024-08-24T18:08:44.029+0000] {logging_mixin.py:190} INFO - [2024-08-24T18:08:44.029+0000] {dag.py:4138} INFO - Setting next_dagrun for example_subdag_operator.section-1 to None, run_after=None
[2024-08-24T18:08:44.032+0000] {logging_mixin.py:190} INFO - [2024-08-24T18:08:44.032+0000] {dag.py:4138} INFO - Setting next_dagrun for example_subdag_operator.section-2 to None, run_after=None
[2024-08-24T18:08:44.256+0000] {processor.py:208} INFO - Processing /home/airflow/.local/lib/python3.12/site-packages/airflow/example_dags/example_subdag_operator.py took 6.366 seconds
[2024-08-24T18:11:14.066+0000] {processor.py:186} INFO - Started process (PID=56) to work on /home/airflow/.local/lib/python3.12/site-packages/airflow/example_dags/example_subdag_operator.py
[2024-08-24T18:11:14.069+0000] {processor.py:914} INFO - Processing file /home/airflow/.local/lib/python3.12/site-packages/airflow/example_dags/example_subdag_operator.py for tasks to queue
[2024-08-24T18:11:14.077+0000] {logging_mixin.py:190} INFO - [2024-08-24T18:11:14.076+0000] {dagbag.py:587} INFO - Filling up the DagBag from /home/airflow/.local/lib/python3.12/site-packages/airflow/example_dags/example_subdag_operator.py
[2024-08-24T18:11:14.116+0000] {processor.py:925} INFO - DAG(s) 'example_subdag_operator.section-1', 'example_subdag_operator.section-2', 'example_subdag_operator' retrieved from /home/airflow/.local/lib/python3.12/site-packages/airflow/example_dags/example_subdag_operator.py
[2024-08-24T18:11:14.136+0000] {logging_mixin.py:190} INFO - [2024-08-24T18:11:14.136+0000] {dag.py:3211} INFO - Sync 3 DAGs
[2024-08-24T18:11:14.270+0000] {logging_mixin.py:190} INFO - [2024-08-24T18:11:14.270+0000] {dag.py:4138} INFO - Setting next_dagrun for example_subdag_operator to 2022-01-01 00:00:00+00:00, run_after=2022-01-01 00:00:00+00:00
[2024-08-24T18:11:14.324+0000] {logging_mixin.py:190} INFO - [2024-08-24T18:11:14.324+0000] {dag.py:4138} INFO - Setting next_dagrun for example_subdag_operator.section-1 to None, run_after=None
[2024-08-24T18:11:14.334+0000] {logging_mixin.py:190} INFO - [2024-08-24T18:11:14.334+0000] {dag.py:4138} INFO - Setting next_dagrun for example_subdag_operator.section-2 to None, run_after=None
[2024-08-24T18:11:14.564+0000] {logging_mixin.py:190} INFO - [2024-08-24T18:11:14.453+0000] {dag.py:3211} INFO - Sync 2 DAGs
[2024-08-24T18:11:14.645+0000] {logging_mixin.py:190} INFO - [2024-08-24T18:11:14.645+0000] {dag.py:4138} INFO - Setting next_dagrun for example_subdag_operator.section-1 to None, run_after=None
[2024-08-24T18:11:14.646+0000] {logging_mixin.py:190} INFO - [2024-08-24T18:11:14.646+0000] {dag.py:4138} INFO - Setting next_dagrun for example_subdag_operator.section-2 to None, run_after=None
[2024-08-24T18:11:16.311+0000] {processor.py:208} INFO - Processing /home/airflow/.local/lib/python3.12/site-packages/airflow/example_dags/example_subdag_operator.py took 2.252 seconds
[2024-08-24T18:11:47.314+0000] {processor.py:186} INFO - Started process (PID=118) to work on /home/airflow/.local/lib/python3.12/site-packages/airflow/example_dags/example_subdag_operator.py
[2024-08-24T18:11:47.320+0000] {processor.py:914} INFO - Processing file /home/airflow/.local/lib/python3.12/site-packages/airflow/example_dags/example_subdag_operator.py for tasks to queue
[2024-08-24T18:11:47.401+0000] {logging_mixin.py:190} INFO - [2024-08-24T18:11:47.400+0000] {dagbag.py:587} INFO - Filling up the DagBag from /home/airflow/.local/lib/python3.12/site-packages/airflow/example_dags/example_subdag_operator.py
[2024-08-24T18:11:47.647+0000] {processor.py:925} INFO - DAG(s) 'example_subdag_operator.section-1', 'example_subdag_operator.section-2', 'example_subdag_operator' retrieved from /home/airflow/.local/lib/python3.12/site-packages/airflow/example_dags/example_subdag_operator.py
[2024-08-24T18:11:47.795+0000] {logging_mixin.py:190} INFO - [2024-08-24T18:11:47.795+0000] {dag.py:3211} INFO - Sync 3 DAGs
[2024-08-24T18:11:48.060+0000] {logging_mixin.py:190} INFO - [2024-08-24T18:11:48.060+0000] {dag.py:4138} INFO - Setting next_dagrun for example_subdag_operator to 2022-01-01 00:00:00+00:00, run_after=2022-01-01 00:00:00+00:00
[2024-08-24T18:11:48.109+0000] {logging_mixin.py:190} INFO - [2024-08-24T18:11:48.101+0000] {dag.py:4138} INFO - Setting next_dagrun for example_subdag_operator.section-1 to None, run_after=None
[2024-08-24T18:11:48.276+0000] {logging_mixin.py:190} INFO - [2024-08-24T18:11:48.214+0000] {dag.py:4138} INFO - Setting next_dagrun for example_subdag_operator.section-2 to None, run_after=None
[2024-08-24T18:11:48.543+0000] {logging_mixin.py:190} INFO - [2024-08-24T18:11:48.524+0000] {dag.py:3211} INFO - Sync 2 DAGs
[2024-08-24T18:11:48.794+0000] {logging_mixin.py:190} INFO - [2024-08-24T18:11:48.793+0000] {dag.py:4138} INFO - Setting next_dagrun for example_subdag_operator.section-1 to None, run_after=None
[2024-08-24T18:11:48.816+0000] {logging_mixin.py:190} INFO - [2024-08-24T18:11:48.815+0000] {dag.py:4138} INFO - Setting next_dagrun for example_subdag_operator.section-2 to None, run_after=None
[2024-08-24T18:11:48.875+0000] {processor.py:208} INFO - Processing /home/airflow/.local/lib/python3.12/site-packages/airflow/example_dags/example_subdag_operator.py took 1.638 seconds
[2024-08-24T18:12:19.703+0000] {processor.py:186} INFO - Started process (PID=181) to work on /home/airflow/.local/lib/python3.12/site-packages/airflow/example_dags/example_subdag_operator.py
[2024-08-24T18:12:19.706+0000] {processor.py:914} INFO - Processing file /home/airflow/.local/lib/python3.12/site-packages/airflow/example_dags/example_subdag_operator.py for tasks to queue
[2024-08-24T18:12:19.710+0000] {logging_mixin.py:190} INFO - [2024-08-24T18:12:19.710+0000] {dagbag.py:587} INFO - Filling up the DagBag from /home/airflow/.local/lib/python3.12/site-packages/airflow/example_dags/example_subdag_operator.py
[2024-08-24T18:12:19.992+0000] {processor.py:925} INFO - DAG(s) 'example_subdag_operator.section-1', 'example_subdag_operator.section-2', 'example_subdag_operator' retrieved from /home/airflow/.local/lib/python3.12/site-packages/airflow/example_dags/example_subdag_operator.py
[2024-08-24T18:12:20.295+0000] {logging_mixin.py:190} INFO - [2024-08-24T18:12:20.294+0000] {dag.py:3211} INFO - Sync 3 DAGs
[2024-08-24T18:12:20.368+0000] {logging_mixin.py:190} INFO - [2024-08-24T18:12:20.368+0000] {dag.py:4138} INFO - Setting next_dagrun for example_subdag_operator to 2022-01-01 00:00:00+00:00, run_after=2022-01-01 00:00:00+00:00
[2024-08-24T18:12:20.374+0000] {logging_mixin.py:190} INFO - [2024-08-24T18:12:20.374+0000] {dag.py:4138} INFO - Setting next_dagrun for example_subdag_operator.section-1 to None, run_after=None
[2024-08-24T18:12:20.376+0000] {logging_mixin.py:190} INFO - [2024-08-24T18:12:20.376+0000] {dag.py:4138} INFO - Setting next_dagrun for example_subdag_operator.section-2 to None, run_after=None
[2024-08-24T18:12:20.387+0000] {logging_mixin.py:190} INFO - [2024-08-24T18:12:20.386+0000] {dag.py:3211} INFO - Sync 2 DAGs
[2024-08-24T18:12:20.397+0000] {logging_mixin.py:190} INFO - [2024-08-24T18:12:20.397+0000] {dag.py:4138} INFO - Setting next_dagrun for example_subdag_operator.section-1 to None, run_after=None
[2024-08-24T18:12:20.398+0000] {logging_mixin.py:190} INFO - [2024-08-24T18:12:20.398+0000] {dag.py:4138} INFO - Setting next_dagrun for example_subdag_operator.section-2 to None, run_after=None
[2024-08-24T18:12:20.427+0000] {processor.py:208} INFO - Processing /home/airflow/.local/lib/python3.12/site-packages/airflow/example_dags/example_subdag_operator.py took 0.731 seconds
[2024-08-24T18:12:50.518+0000] {processor.py:186} INFO - Started process (PID=244) to work on /home/airflow/.local/lib/python3.12/site-packages/airflow/example_dags/example_subdag_operator.py
[2024-08-24T18:12:50.528+0000] {processor.py:914} INFO - Processing file /home/airflow/.local/lib/python3.12/site-packages/airflow/example_dags/example_subdag_operator.py for tasks to queue
[2024-08-24T18:12:50.532+0000] {logging_mixin.py:190} INFO - [2024-08-24T18:12:50.531+0000] {dagbag.py:587} INFO - Filling up the DagBag from /home/airflow/.local/lib/python3.12/site-packages/airflow/example_dags/example_subdag_operator.py
[2024-08-24T18:12:50.658+0000] {processor.py:925} INFO - DAG(s) 'example_subdag_operator.section-1', 'example_subdag_operator.section-2', 'example_subdag_operator' retrieved from /home/airflow/.local/lib/python3.12/site-packages/airflow/example_dags/example_subdag_operator.py
[2024-08-24T18:12:50.682+0000] {logging_mixin.py:190} INFO - [2024-08-24T18:12:50.681+0000] {dag.py:3211} INFO - Sync 3 DAGs
[2024-08-24T18:12:50.719+0000] {logging_mixin.py:190} INFO - [2024-08-24T18:12:50.719+0000] {dag.py:4138} INFO - Setting next_dagrun for example_subdag_operator to 2022-01-01 00:00:00+00:00, run_after=2022-01-01 00:00:00+00:00
[2024-08-24T18:12:50.724+0000] {logging_mixin.py:190} INFO - [2024-08-24T18:12:50.723+0000] {dag.py:4138} INFO - Setting next_dagrun for example_subdag_operator.section-1 to None, run_after=None
[2024-08-24T18:12:50.726+0000] {logging_mixin.py:190} INFO - [2024-08-24T18:12:50.726+0000] {dag.py:4138} INFO - Setting next_dagrun for example_subdag_operator.section-2 to None, run_after=None
[2024-08-24T18:12:50.737+0000] {logging_mixin.py:190} INFO - [2024-08-24T18:12:50.737+0000] {dag.py:3211} INFO - Sync 2 DAGs
[2024-08-24T18:12:50.766+0000] {logging_mixin.py:190} INFO - [2024-08-24T18:12:50.765+0000] {dag.py:4138} INFO - Setting next_dagrun for example_subdag_operator.section-1 to None, run_after=None
[2024-08-24T18:12:50.768+0000] {logging_mixin.py:190} INFO - [2024-08-24T18:12:50.768+0000] {dag.py:4138} INFO - Setting next_dagrun for example_subdag_operator.section-2 to None, run_after=None
[2024-08-24T18:12:50.864+0000] {processor.py:208} INFO - Processing /home/airflow/.local/lib/python3.12/site-packages/airflow/example_dags/example_subdag_operator.py took 0.357 seconds
[2024-08-24T18:13:41.231+0000] {processor.py:186} INFO - Started process (PID=308) to work on /home/airflow/.local/lib/python3.12/site-packages/airflow/example_dags/example_subdag_operator.py
[2024-08-24T18:13:41.236+0000] {processor.py:914} INFO - Processing file /home/airflow/.local/lib/python3.12/site-packages/airflow/example_dags/example_subdag_operator.py for tasks to queue
[2024-08-24T18:13:41.240+0000] {logging_mixin.py:190} INFO - [2024-08-24T18:13:41.240+0000] {dagbag.py:587} INFO - Filling up the DagBag from /home/airflow/.local/lib/python3.12/site-packages/airflow/example_dags/example_subdag_operator.py
[2024-08-24T18:13:41.848+0000] {processor.py:925} INFO - DAG(s) 'example_subdag_operator.section-1', 'example_subdag_operator.section-2', 'example_subdag_operator' retrieved from /home/airflow/.local/lib/python3.12/site-packages/airflow/example_dags/example_subdag_operator.py
[2024-08-24T18:13:42.544+0000] {logging_mixin.py:190} INFO - [2024-08-24T18:13:42.543+0000] {dag.py:3211} INFO - Sync 3 DAGs
[2024-08-24T18:13:42.716+0000] {logging_mixin.py:190} INFO - [2024-08-24T18:13:42.709+0000] {dag.py:4138} INFO - Setting next_dagrun for example_subdag_operator to 2022-01-01 00:00:00+00:00, run_after=2022-01-01 00:00:00+00:00
[2024-08-24T18:13:42.734+0000] {logging_mixin.py:190} INFO - [2024-08-24T18:13:42.733+0000] {dag.py:4138} INFO - Setting next_dagrun for example_subdag_operator.section-1 to None, run_after=None
[2024-08-24T18:13:42.740+0000] {logging_mixin.py:190} INFO - [2024-08-24T18:13:42.740+0000] {dag.py:4138} INFO - Setting next_dagrun for example_subdag_operator.section-2 to None, run_after=None
[2024-08-24T18:13:42.756+0000] {logging_mixin.py:190} INFO - [2024-08-24T18:13:42.756+0000] {dag.py:3211} INFO - Sync 2 DAGs
[2024-08-24T18:13:42.777+0000] {logging_mixin.py:190} INFO - [2024-08-24T18:13:42.776+0000] {dag.py:4138} INFO - Setting next_dagrun for example_subdag_operator.section-1 to None, run_after=None
[2024-08-24T18:13:42.778+0000] {logging_mixin.py:190} INFO - [2024-08-24T18:13:42.778+0000] {dag.py:4138} INFO - Setting next_dagrun for example_subdag_operator.section-2 to None, run_after=None
[2024-08-24T18:13:42.918+0000] {processor.py:208} INFO - Processing /home/airflow/.local/lib/python3.12/site-packages/airflow/example_dags/example_subdag_operator.py took 1.698 seconds
[2024-08-24T18:14:17.833+0000] {processor.py:186} INFO - Started process (PID=373) to work on /home/airflow/.local/lib/python3.12/site-packages/airflow/example_dags/example_subdag_operator.py
[2024-08-24T18:14:17.848+0000] {processor.py:914} INFO - Processing file /home/airflow/.local/lib/python3.12/site-packages/airflow/example_dags/example_subdag_operator.py for tasks to queue
[2024-08-24T18:14:17.901+0000] {logging_mixin.py:190} INFO - [2024-08-24T18:14:17.898+0000] {dagbag.py:587} INFO - Filling up the DagBag from /home/airflow/.local/lib/python3.12/site-packages/airflow/example_dags/example_subdag_operator.py
[2024-08-24T18:14:18.228+0000] {processor.py:925} INFO - DAG(s) 'example_subdag_operator.section-1', 'example_subdag_operator.section-2', 'example_subdag_operator' retrieved from /home/airflow/.local/lib/python3.12/site-packages/airflow/example_dags/example_subdag_operator.py
[2024-08-24T18:14:18.355+0000] {logging_mixin.py:190} INFO - [2024-08-24T18:14:18.355+0000] {dag.py:3211} INFO - Sync 3 DAGs
[2024-08-24T18:14:18.529+0000] {logging_mixin.py:190} INFO - [2024-08-24T18:14:18.528+0000] {dag.py:4138} INFO - Setting next_dagrun for example_subdag_operator to 2022-01-01 00:00:00+00:00, run_after=2022-01-01 00:00:00+00:00
[2024-08-24T18:14:18.538+0000] {logging_mixin.py:190} INFO - [2024-08-24T18:14:18.537+0000] {dag.py:4138} INFO - Setting next_dagrun for example_subdag_operator.section-1 to None, run_after=None
[2024-08-24T18:14:18.542+0000] {logging_mixin.py:190} INFO - [2024-08-24T18:14:18.542+0000] {dag.py:4138} INFO - Setting next_dagrun for example_subdag_operator.section-2 to None, run_after=None
[2024-08-24T18:14:18.554+0000] {logging_mixin.py:190} INFO - [2024-08-24T18:14:18.554+0000] {dag.py:3211} INFO - Sync 2 DAGs
[2024-08-24T18:14:18.560+0000] {logging_mixin.py:190} INFO - [2024-08-24T18:14:18.560+0000] {dag.py:4138} INFO - Setting next_dagrun for example_subdag_operator.section-1 to None, run_after=None
[2024-08-24T18:14:18.561+0000] {logging_mixin.py:190} INFO - [2024-08-24T18:14:18.561+0000] {dag.py:4138} INFO - Setting next_dagrun for example_subdag_operator.section-2 to None, run_after=None
[2024-08-24T18:14:18.603+0000] {processor.py:208} INFO - Processing /home/airflow/.local/lib/python3.12/site-packages/airflow/example_dags/example_subdag_operator.py took 0.865 seconds
