[2024-08-24T03:07:41.750+0000] {processor.py:186} INFO - Started process (PID=86) to work on /home/airflow/.local/lib/python3.12/site-packages/airflow/example_dags/example_workday_timetable.py
[2024-08-24T03:07:41.765+0000] {processor.py:914} INFO - Processing file /home/airflow/.local/lib/python3.12/site-packages/airflow/example_dags/example_workday_timetable.py for tasks to queue
[2024-08-24T03:07:41.841+0000] {logging_mixin.py:190} INFO - [2024-08-24T03:07:41.833+0000] {dagbag.py:587} INFO - Filling up the DagBag from /home/airflow/.local/lib/python3.12/site-packages/airflow/example_dags/example_workday_timetable.py
[2024-08-24T03:07:41.951+0000] {processor.py:925} INFO - DAG(s) 'example_workday_timetable' retrieved from /home/airflow/.local/lib/python3.12/site-packages/airflow/example_dags/example_workday_timetable.py
[2024-08-24T03:07:44.164+0000] {logging_mixin.py:190} INFO - [2024-08-24T03:07:44.162+0000] {override.py:1858} INFO - Created Permission View: can delete on DAG:example_workday_timetable
[2024-08-24T03:07:45.638+0000] {logging_mixin.py:190} INFO - [2024-08-24T03:07:45.637+0000] {override.py:1858} INFO - Created Permission View: can read on DAG:example_workday_timetable
[2024-08-24T03:07:45.970+0000] {logging_mixin.py:190} INFO - [2024-08-24T03:07:45.946+0000] {override.py:1858} INFO - Created Permission View: can edit on DAG:example_workday_timetable
[2024-08-24T03:07:46.004+0000] {logging_mixin.py:190} INFO - [2024-08-24T03:07:45.986+0000] {dag.py:3211} INFO - Sync 1 DAGs
[2024-08-24T03:07:46.446+0000] {logging_mixin.py:190} INFO - [2024-08-24T03:07:46.437+0000] {dag.py:3234} INFO - Creating ORM DAG for example_workday_timetable
[2024-08-24T03:08:07.208+0000] {logging_mixin.py:190} INFO - [2024-08-24T03:08:07.205+0000] {dag.py:4138} INFO - Setting next_dagrun for example_workday_timetable to 2021-01-04 00:00:00+00:00, run_after=2021-01-05 00:00:00+00:00
[2024-08-24T03:08:09.769+0000] {processor.py:208} INFO - Processing /home/airflow/.local/lib/python3.12/site-packages/airflow/example_dags/example_workday_timetable.py took 28.143 seconds
[2024-08-24T03:09:38.350+0000] {processor.py:186} INFO - Started process (PID=160) to work on /home/airflow/.local/lib/python3.12/site-packages/airflow/example_dags/example_workday_timetable.py
[2024-08-24T03:09:38.352+0000] {processor.py:914} INFO - Processing file /home/airflow/.local/lib/python3.12/site-packages/airflow/example_dags/example_workday_timetable.py for tasks to queue
[2024-08-24T03:09:38.358+0000] {logging_mixin.py:190} INFO - [2024-08-24T03:09:38.357+0000] {dagbag.py:587} INFO - Filling up the DagBag from /home/airflow/.local/lib/python3.12/site-packages/airflow/example_dags/example_workday_timetable.py
[2024-08-24T03:09:38.376+0000] {processor.py:925} INFO - DAG(s) 'example_workday_timetable' retrieved from /home/airflow/.local/lib/python3.12/site-packages/airflow/example_dags/example_workday_timetable.py
[2024-08-24T03:09:38.428+0000] {logging_mixin.py:190} INFO - [2024-08-24T03:09:38.428+0000] {dag.py:3211} INFO - Sync 1 DAGs
[2024-08-24T03:09:39.029+0000] {logging_mixin.py:190} INFO - [2024-08-24T03:09:39.029+0000] {dag.py:4138} INFO - Setting next_dagrun for example_workday_timetable to 2021-01-04 00:00:00+00:00, run_after=2021-01-05 00:00:00+00:00
[2024-08-24T03:09:39.057+0000] {processor.py:208} INFO - Processing /home/airflow/.local/lib/python3.12/site-packages/airflow/example_dags/example_workday_timetable.py took 0.719 seconds
[2024-08-24T03:10:09.472+0000] {processor.py:186} INFO - Started process (PID=225) to work on /home/airflow/.local/lib/python3.12/site-packages/airflow/example_dags/example_workday_timetable.py
[2024-08-24T03:10:09.474+0000] {processor.py:914} INFO - Processing file /home/airflow/.local/lib/python3.12/site-packages/airflow/example_dags/example_workday_timetable.py for tasks to queue
[2024-08-24T03:10:09.484+0000] {logging_mixin.py:190} INFO - [2024-08-24T03:10:09.484+0000] {dagbag.py:587} INFO - Filling up the DagBag from /home/airflow/.local/lib/python3.12/site-packages/airflow/example_dags/example_workday_timetable.py
[2024-08-24T03:10:09.501+0000] {processor.py:925} INFO - DAG(s) 'example_workday_timetable' retrieved from /home/airflow/.local/lib/python3.12/site-packages/airflow/example_dags/example_workday_timetable.py
[2024-08-24T03:10:09.568+0000] {logging_mixin.py:190} INFO - [2024-08-24T03:10:09.567+0000] {dag.py:3211} INFO - Sync 1 DAGs
[2024-08-24T03:10:09.659+0000] {logging_mixin.py:190} INFO - [2024-08-24T03:10:09.659+0000] {dag.py:4138} INFO - Setting next_dagrun for example_workday_timetable to 2021-01-04 00:00:00+00:00, run_after=2021-01-05 00:00:00+00:00
[2024-08-24T03:10:09.715+0000] {processor.py:208} INFO - Processing /home/airflow/.local/lib/python3.12/site-packages/airflow/example_dags/example_workday_timetable.py took 0.252 seconds
[2024-08-24T03:10:39.901+0000] {processor.py:186} INFO - Started process (PID=289) to work on /home/airflow/.local/lib/python3.12/site-packages/airflow/example_dags/example_workday_timetable.py
[2024-08-24T03:10:39.903+0000] {processor.py:914} INFO - Processing file /home/airflow/.local/lib/python3.12/site-packages/airflow/example_dags/example_workday_timetable.py for tasks to queue
[2024-08-24T03:10:39.907+0000] {logging_mixin.py:190} INFO - [2024-08-24T03:10:39.906+0000] {dagbag.py:587} INFO - Filling up the DagBag from /home/airflow/.local/lib/python3.12/site-packages/airflow/example_dags/example_workday_timetable.py
[2024-08-24T03:10:39.917+0000] {processor.py:925} INFO - DAG(s) 'example_workday_timetable' retrieved from /home/airflow/.local/lib/python3.12/site-packages/airflow/example_dags/example_workday_timetable.py
[2024-08-24T03:10:39.957+0000] {logging_mixin.py:190} INFO - [2024-08-24T03:10:39.957+0000] {dag.py:3211} INFO - Sync 1 DAGs
[2024-08-24T03:10:40.261+0000] {logging_mixin.py:190} INFO - [2024-08-24T03:10:40.261+0000] {dag.py:4138} INFO - Setting next_dagrun for example_workday_timetable to 2021-01-04 00:00:00+00:00, run_after=2021-01-05 00:00:00+00:00
[2024-08-24T03:10:40.291+0000] {processor.py:208} INFO - Processing /home/airflow/.local/lib/python3.12/site-packages/airflow/example_dags/example_workday_timetable.py took 0.399 seconds
[2024-08-24T03:11:11.452+0000] {processor.py:186} INFO - Started process (PID=350) to work on /home/airflow/.local/lib/python3.12/site-packages/airflow/example_dags/example_workday_timetable.py
[2024-08-24T03:11:11.454+0000] {processor.py:914} INFO - Processing file /home/airflow/.local/lib/python3.12/site-packages/airflow/example_dags/example_workday_timetable.py for tasks to queue
[2024-08-24T03:11:11.500+0000] {logging_mixin.py:190} INFO - [2024-08-24T03:11:11.486+0000] {dagbag.py:587} INFO - Filling up the DagBag from /home/airflow/.local/lib/python3.12/site-packages/airflow/example_dags/example_workday_timetable.py
[2024-08-24T03:11:11.510+0000] {processor.py:925} INFO - DAG(s) 'example_workday_timetable' retrieved from /home/airflow/.local/lib/python3.12/site-packages/airflow/example_dags/example_workday_timetable.py
[2024-08-24T03:11:11.552+0000] {logging_mixin.py:190} INFO - [2024-08-24T03:11:11.552+0000] {dag.py:3211} INFO - Sync 1 DAGs
[2024-08-24T03:11:11.691+0000] {logging_mixin.py:190} INFO - [2024-08-24T03:11:11.691+0000] {dag.py:4138} INFO - Setting next_dagrun for example_workday_timetable to 2021-01-04 00:00:00+00:00, run_after=2021-01-05 00:00:00+00:00
[2024-08-24T03:11:11.810+0000] {processor.py:208} INFO - Processing /home/airflow/.local/lib/python3.12/site-packages/airflow/example_dags/example_workday_timetable.py took 0.409 seconds
[2024-08-24T03:11:42.385+0000] {processor.py:186} INFO - Started process (PID=413) to work on /home/airflow/.local/lib/python3.12/site-packages/airflow/example_dags/example_workday_timetable.py
[2024-08-24T03:11:42.386+0000] {processor.py:914} INFO - Processing file /home/airflow/.local/lib/python3.12/site-packages/airflow/example_dags/example_workday_timetable.py for tasks to queue
[2024-08-24T03:11:42.390+0000] {logging_mixin.py:190} INFO - [2024-08-24T03:11:42.390+0000] {dagbag.py:587} INFO - Filling up the DagBag from /home/airflow/.local/lib/python3.12/site-packages/airflow/example_dags/example_workday_timetable.py
[2024-08-24T03:11:42.401+0000] {processor.py:925} INFO - DAG(s) 'example_workday_timetable' retrieved from /home/airflow/.local/lib/python3.12/site-packages/airflow/example_dags/example_workday_timetable.py
[2024-08-24T03:11:42.442+0000] {logging_mixin.py:190} INFO - [2024-08-24T03:11:42.441+0000] {dag.py:3211} INFO - Sync 1 DAGs
[2024-08-24T03:11:42.546+0000] {logging_mixin.py:190} INFO - [2024-08-24T03:11:42.545+0000] {dag.py:4138} INFO - Setting next_dagrun for example_workday_timetable to 2021-01-04 00:00:00+00:00, run_after=2021-01-05 00:00:00+00:00
[2024-08-24T03:11:42.602+0000] {processor.py:208} INFO - Processing /home/airflow/.local/lib/python3.12/site-packages/airflow/example_dags/example_workday_timetable.py took 0.227 seconds
[2024-08-24T03:12:12.687+0000] {processor.py:186} INFO - Started process (PID=475) to work on /home/airflow/.local/lib/python3.12/site-packages/airflow/example_dags/example_workday_timetable.py
[2024-08-24T03:12:12.688+0000] {processor.py:914} INFO - Processing file /home/airflow/.local/lib/python3.12/site-packages/airflow/example_dags/example_workday_timetable.py for tasks to queue
[2024-08-24T03:12:12.692+0000] {logging_mixin.py:190} INFO - [2024-08-24T03:12:12.692+0000] {dagbag.py:587} INFO - Filling up the DagBag from /home/airflow/.local/lib/python3.12/site-packages/airflow/example_dags/example_workday_timetable.py
[2024-08-24T03:12:12.704+0000] {processor.py:925} INFO - DAG(s) 'example_workday_timetable' retrieved from /home/airflow/.local/lib/python3.12/site-packages/airflow/example_dags/example_workday_timetable.py
[2024-08-24T03:12:12.744+0000] {logging_mixin.py:190} INFO - [2024-08-24T03:12:12.744+0000] {dag.py:3211} INFO - Sync 1 DAGs
[2024-08-24T03:12:12.925+0000] {logging_mixin.py:190} INFO - [2024-08-24T03:12:12.925+0000] {dag.py:4138} INFO - Setting next_dagrun for example_workday_timetable to 2021-01-04 00:00:00+00:00, run_after=2021-01-05 00:00:00+00:00
[2024-08-24T03:12:12.956+0000] {processor.py:208} INFO - Processing /home/airflow/.local/lib/python3.12/site-packages/airflow/example_dags/example_workday_timetable.py took 0.282 seconds
[2024-08-24T03:12:43.136+0000] {processor.py:186} INFO - Started process (PID=538) to work on /home/airflow/.local/lib/python3.12/site-packages/airflow/example_dags/example_workday_timetable.py
[2024-08-24T03:12:43.138+0000] {processor.py:914} INFO - Processing file /home/airflow/.local/lib/python3.12/site-packages/airflow/example_dags/example_workday_timetable.py for tasks to queue
[2024-08-24T03:12:43.142+0000] {logging_mixin.py:190} INFO - [2024-08-24T03:12:43.142+0000] {dagbag.py:587} INFO - Filling up the DagBag from /home/airflow/.local/lib/python3.12/site-packages/airflow/example_dags/example_workday_timetable.py
[2024-08-24T03:12:43.151+0000] {processor.py:925} INFO - DAG(s) 'example_workday_timetable' retrieved from /home/airflow/.local/lib/python3.12/site-packages/airflow/example_dags/example_workday_timetable.py
[2024-08-24T03:12:43.189+0000] {logging_mixin.py:190} INFO - [2024-08-24T03:12:43.189+0000] {dag.py:3211} INFO - Sync 1 DAGs
[2024-08-24T03:12:43.376+0000] {logging_mixin.py:190} INFO - [2024-08-24T03:12:43.376+0000] {dag.py:4138} INFO - Setting next_dagrun for example_workday_timetable to 2021-01-04 00:00:00+00:00, run_after=2021-01-05 00:00:00+00:00
[2024-08-24T03:12:43.399+0000] {processor.py:208} INFO - Processing /home/airflow/.local/lib/python3.12/site-packages/airflow/example_dags/example_workday_timetable.py took 0.273 seconds
[2024-08-24T03:13:16.213+0000] {processor.py:186} INFO - Started process (PID=607) to work on /home/airflow/.local/lib/python3.12/site-packages/airflow/example_dags/example_workday_timetable.py
[2024-08-24T03:13:16.228+0000] {processor.py:914} INFO - Processing file /home/airflow/.local/lib/python3.12/site-packages/airflow/example_dags/example_workday_timetable.py for tasks to queue
[2024-08-24T03:13:16.233+0000] {logging_mixin.py:190} INFO - [2024-08-24T03:13:16.232+0000] {dagbag.py:587} INFO - Filling up the DagBag from /home/airflow/.local/lib/python3.12/site-packages/airflow/example_dags/example_workday_timetable.py
[2024-08-24T03:13:16.263+0000] {processor.py:925} INFO - DAG(s) 'example_workday_timetable' retrieved from /home/airflow/.local/lib/python3.12/site-packages/airflow/example_dags/example_workday_timetable.py
[2024-08-24T03:13:16.330+0000] {logging_mixin.py:190} INFO - [2024-08-24T03:13:16.329+0000] {dag.py:3211} INFO - Sync 1 DAGs
[2024-08-24T03:13:16.818+0000] {logging_mixin.py:190} INFO - [2024-08-24T03:13:16.818+0000] {dag.py:4138} INFO - Setting next_dagrun for example_workday_timetable to 2021-01-04 00:00:00+00:00, run_after=2021-01-05 00:00:00+00:00
[2024-08-24T03:13:16.901+0000] {processor.py:208} INFO - Processing /home/airflow/.local/lib/python3.12/site-packages/airflow/example_dags/example_workday_timetable.py took 0.714 seconds
[2024-08-24T03:13:47.640+0000] {processor.py:186} INFO - Started process (PID=669) to work on /home/airflow/.local/lib/python3.12/site-packages/airflow/example_dags/example_workday_timetable.py
[2024-08-24T03:13:47.649+0000] {processor.py:914} INFO - Processing file /home/airflow/.local/lib/python3.12/site-packages/airflow/example_dags/example_workday_timetable.py for tasks to queue
[2024-08-24T03:13:47.653+0000] {logging_mixin.py:190} INFO - [2024-08-24T03:13:47.653+0000] {dagbag.py:587} INFO - Filling up the DagBag from /home/airflow/.local/lib/python3.12/site-packages/airflow/example_dags/example_workday_timetable.py
[2024-08-24T03:13:47.661+0000] {processor.py:925} INFO - DAG(s) 'example_workday_timetable' retrieved from /home/airflow/.local/lib/python3.12/site-packages/airflow/example_dags/example_workday_timetable.py
[2024-08-24T03:13:47.694+0000] {logging_mixin.py:190} INFO - [2024-08-24T03:13:47.693+0000] {dag.py:3211} INFO - Sync 1 DAGs
[2024-08-24T03:13:47.774+0000] {logging_mixin.py:190} INFO - [2024-08-24T03:13:47.774+0000] {dag.py:4138} INFO - Setting next_dagrun for example_workday_timetable to 2021-01-04 00:00:00+00:00, run_after=2021-01-05 00:00:00+00:00
[2024-08-24T03:13:47.861+0000] {processor.py:208} INFO - Processing /home/airflow/.local/lib/python3.12/site-packages/airflow/example_dags/example_workday_timetable.py took 0.229 seconds
[2024-08-24T03:14:18.266+0000] {processor.py:186} INFO - Started process (PID=732) to work on /home/airflow/.local/lib/python3.12/site-packages/airflow/example_dags/example_workday_timetable.py
[2024-08-24T03:14:18.267+0000] {processor.py:914} INFO - Processing file /home/airflow/.local/lib/python3.12/site-packages/airflow/example_dags/example_workday_timetable.py for tasks to queue
[2024-08-24T03:14:18.277+0000] {logging_mixin.py:190} INFO - [2024-08-24T03:14:18.276+0000] {dagbag.py:587} INFO - Filling up the DagBag from /home/airflow/.local/lib/python3.12/site-packages/airflow/example_dags/example_workday_timetable.py
[2024-08-24T03:14:18.301+0000] {processor.py:925} INFO - DAG(s) 'example_workday_timetable' retrieved from /home/airflow/.local/lib/python3.12/site-packages/airflow/example_dags/example_workday_timetable.py
[2024-08-24T03:14:18.341+0000] {logging_mixin.py:190} INFO - [2024-08-24T03:14:18.341+0000] {dag.py:3211} INFO - Sync 1 DAGs
[2024-08-24T03:14:18.425+0000] {logging_mixin.py:190} INFO - [2024-08-24T03:14:18.425+0000] {dag.py:4138} INFO - Setting next_dagrun for example_workday_timetable to 2021-01-04 00:00:00+00:00, run_after=2021-01-05 00:00:00+00:00
[2024-08-24T03:14:18.459+0000] {processor.py:208} INFO - Processing /home/airflow/.local/lib/python3.12/site-packages/airflow/example_dags/example_workday_timetable.py took 0.203 seconds
[2024-08-24T03:14:48.930+0000] {processor.py:186} INFO - Started process (PID=794) to work on /home/airflow/.local/lib/python3.12/site-packages/airflow/example_dags/example_workday_timetable.py
[2024-08-24T03:14:48.931+0000] {processor.py:914} INFO - Processing file /home/airflow/.local/lib/python3.12/site-packages/airflow/example_dags/example_workday_timetable.py for tasks to queue
[2024-08-24T03:14:48.942+0000] {logging_mixin.py:190} INFO - [2024-08-24T03:14:48.941+0000] {dagbag.py:587} INFO - Filling up the DagBag from /home/airflow/.local/lib/python3.12/site-packages/airflow/example_dags/example_workday_timetable.py
[2024-08-24T03:14:48.955+0000] {processor.py:925} INFO - DAG(s) 'example_workday_timetable' retrieved from /home/airflow/.local/lib/python3.12/site-packages/airflow/example_dags/example_workday_timetable.py
[2024-08-24T03:14:48.991+0000] {logging_mixin.py:190} INFO - [2024-08-24T03:14:48.990+0000] {dag.py:3211} INFO - Sync 1 DAGs
[2024-08-24T03:14:49.093+0000] {logging_mixin.py:190} INFO - [2024-08-24T03:14:49.093+0000] {dag.py:4138} INFO - Setting next_dagrun for example_workday_timetable to 2021-01-04 00:00:00+00:00, run_after=2021-01-05 00:00:00+00:00
[2024-08-24T03:14:49.153+0000] {processor.py:208} INFO - Processing /home/airflow/.local/lib/python3.12/site-packages/airflow/example_dags/example_workday_timetable.py took 0.232 seconds
[2024-08-24T03:15:19.522+0000] {processor.py:186} INFO - Started process (PID=857) to work on /home/airflow/.local/lib/python3.12/site-packages/airflow/example_dags/example_workday_timetable.py
[2024-08-24T03:15:19.524+0000] {processor.py:914} INFO - Processing file /home/airflow/.local/lib/python3.12/site-packages/airflow/example_dags/example_workday_timetable.py for tasks to queue
[2024-08-24T03:15:19.528+0000] {logging_mixin.py:190} INFO - [2024-08-24T03:15:19.527+0000] {dagbag.py:587} INFO - Filling up the DagBag from /home/airflow/.local/lib/python3.12/site-packages/airflow/example_dags/example_workday_timetable.py
[2024-08-24T03:15:19.544+0000] {processor.py:925} INFO - DAG(s) 'example_workday_timetable' retrieved from /home/airflow/.local/lib/python3.12/site-packages/airflow/example_dags/example_workday_timetable.py
[2024-08-24T03:15:19.590+0000] {logging_mixin.py:190} INFO - [2024-08-24T03:15:19.589+0000] {dag.py:3211} INFO - Sync 1 DAGs
[2024-08-24T03:15:19.844+0000] {logging_mixin.py:190} INFO - [2024-08-24T03:15:19.844+0000] {dag.py:4138} INFO - Setting next_dagrun for example_workday_timetable to 2021-01-04 00:00:00+00:00, run_after=2021-01-05 00:00:00+00:00
[2024-08-24T03:15:19.878+0000] {processor.py:208} INFO - Processing /home/airflow/.local/lib/python3.12/site-packages/airflow/example_dags/example_workday_timetable.py took 0.374 seconds
[2024-08-24T03:15:54.068+0000] {processor.py:186} INFO - Started process (PID=920) to work on /home/airflow/.local/lib/python3.12/site-packages/airflow/example_dags/example_workday_timetable.py
[2024-08-24T03:15:54.076+0000] {processor.py:914} INFO - Processing file /home/airflow/.local/lib/python3.12/site-packages/airflow/example_dags/example_workday_timetable.py for tasks to queue
[2024-08-24T03:15:54.080+0000] {logging_mixin.py:190} INFO - [2024-08-24T03:15:54.079+0000] {dagbag.py:587} INFO - Filling up the DagBag from /home/airflow/.local/lib/python3.12/site-packages/airflow/example_dags/example_workday_timetable.py
[2024-08-24T03:15:54.173+0000] {processor.py:925} INFO - DAG(s) 'example_workday_timetable' retrieved from /home/airflow/.local/lib/python3.12/site-packages/airflow/example_dags/example_workday_timetable.py
[2024-08-24T03:15:54.714+0000] {logging_mixin.py:190} INFO - [2024-08-24T03:15:54.693+0000] {dag.py:3211} INFO - Sync 1 DAGs
[2024-08-24T03:15:56.102+0000] {logging_mixin.py:190} INFO - [2024-08-24T03:15:56.101+0000] {dag.py:4138} INFO - Setting next_dagrun for example_workday_timetable to 2021-01-04 00:00:00+00:00, run_after=2021-01-05 00:00:00+00:00
[2024-08-24T03:15:56.816+0000] {processor.py:208} INFO - Processing /home/airflow/.local/lib/python3.12/site-packages/airflow/example_dags/example_workday_timetable.py took 2.836 seconds
[2024-08-24T03:21:53.402+0000] {processor.py:186} INFO - Started process (PID=86) to work on /home/airflow/.local/lib/python3.12/site-packages/airflow/example_dags/example_workday_timetable.py
[2024-08-24T03:21:53.408+0000] {processor.py:914} INFO - Processing file /home/airflow/.local/lib/python3.12/site-packages/airflow/example_dags/example_workday_timetable.py for tasks to queue
[2024-08-24T03:21:53.413+0000] {logging_mixin.py:190} INFO - [2024-08-24T03:21:53.412+0000] {dagbag.py:587} INFO - Filling up the DagBag from /home/airflow/.local/lib/python3.12/site-packages/airflow/example_dags/example_workday_timetable.py
[2024-08-24T03:21:54.089+0000] {processor.py:925} INFO - DAG(s) 'example_workday_timetable' retrieved from /home/airflow/.local/lib/python3.12/site-packages/airflow/example_dags/example_workday_timetable.py
[2024-08-24T03:21:55.689+0000] {logging_mixin.py:190} INFO - [2024-08-24T03:21:55.679+0000] {dag.py:3211} INFO - Sync 1 DAGs
[2024-08-24T03:21:59.474+0000] {logging_mixin.py:190} INFO - [2024-08-24T03:21:59.474+0000] {dag.py:4138} INFO - Setting next_dagrun for example_workday_timetable to 2021-01-04 00:00:00+00:00, run_after=2021-01-05 00:00:00+00:00
[2024-08-24T03:21:59.985+0000] {processor.py:208} INFO - Processing /home/airflow/.local/lib/python3.12/site-packages/airflow/example_dags/example_workday_timetable.py took 6.715 seconds
[2024-08-24T03:36:44.369+0000] {processor.py:186} INFO - Started process (PID=63) to work on /home/airflow/.local/lib/python3.12/site-packages/airflow/example_dags/example_workday_timetable.py
[2024-08-24T03:36:44.388+0000] {processor.py:914} INFO - Processing file /home/airflow/.local/lib/python3.12/site-packages/airflow/example_dags/example_workday_timetable.py for tasks to queue
[2024-08-24T03:36:44.416+0000] {logging_mixin.py:190} INFO - [2024-08-24T03:36:44.414+0000] {dagbag.py:587} INFO - Filling up the DagBag from /home/airflow/.local/lib/python3.12/site-packages/airflow/example_dags/example_workday_timetable.py
[2024-08-24T03:36:44.459+0000] {processor.py:925} INFO - DAG(s) 'example_workday_timetable' retrieved from /home/airflow/.local/lib/python3.12/site-packages/airflow/example_dags/example_workday_timetable.py
[2024-08-24T03:36:46.007+0000] {logging_mixin.py:190} INFO - [2024-08-24T03:36:46.007+0000] {dag.py:3211} INFO - Sync 1 DAGs
[2024-08-24T03:36:46.893+0000] {logging_mixin.py:190} INFO - [2024-08-24T03:36:46.893+0000] {dag.py:4138} INFO - Setting next_dagrun for example_workday_timetable to 2021-01-04 00:00:00+00:00, run_after=2021-01-05 00:00:00+00:00
[2024-08-24T03:36:47.683+0000] {processor.py:208} INFO - Processing /home/airflow/.local/lib/python3.12/site-packages/airflow/example_dags/example_workday_timetable.py took 3.379 seconds
[2024-08-24T18:11:20.866+0000] {processor.py:186} INFO - Started process (PID=62) to work on /home/airflow/.local/lib/python3.12/site-packages/airflow/example_dags/example_workday_timetable.py
[2024-08-24T18:11:20.871+0000] {processor.py:914} INFO - Processing file /home/airflow/.local/lib/python3.12/site-packages/airflow/example_dags/example_workday_timetable.py for tasks to queue
[2024-08-24T18:11:20.874+0000] {logging_mixin.py:190} INFO - [2024-08-24T18:11:20.873+0000] {dagbag.py:587} INFO - Filling up the DagBag from /home/airflow/.local/lib/python3.12/site-packages/airflow/example_dags/example_workday_timetable.py
[2024-08-24T18:11:20.882+0000] {processor.py:925} INFO - DAG(s) 'example_workday_timetable' retrieved from /home/airflow/.local/lib/python3.12/site-packages/airflow/example_dags/example_workday_timetable.py
[2024-08-24T18:11:21.026+0000] {logging_mixin.py:190} INFO - [2024-08-24T18:11:21.025+0000] {dag.py:3211} INFO - Sync 1 DAGs
[2024-08-24T18:11:21.336+0000] {logging_mixin.py:190} INFO - [2024-08-24T18:11:21.335+0000] {dag.py:4138} INFO - Setting next_dagrun for example_workday_timetable to 2021-01-04 00:00:00+00:00, run_after=2021-01-05 00:00:00+00:00
[2024-08-24T18:11:21.418+0000] {processor.py:208} INFO - Processing /home/airflow/.local/lib/python3.12/site-packages/airflow/example_dags/example_workday_timetable.py took 0.560 seconds
[2024-08-24T18:11:53.715+0000] {processor.py:186} INFO - Started process (PID=125) to work on /home/airflow/.local/lib/python3.12/site-packages/airflow/example_dags/example_workday_timetable.py
[2024-08-24T18:11:53.719+0000] {processor.py:914} INFO - Processing file /home/airflow/.local/lib/python3.12/site-packages/airflow/example_dags/example_workday_timetable.py for tasks to queue
[2024-08-24T18:11:53.724+0000] {logging_mixin.py:190} INFO - [2024-08-24T18:11:53.723+0000] {dagbag.py:587} INFO - Filling up the DagBag from /home/airflow/.local/lib/python3.12/site-packages/airflow/example_dags/example_workday_timetable.py
[2024-08-24T18:11:53.743+0000] {processor.py:925} INFO - DAG(s) 'example_workday_timetable' retrieved from /home/airflow/.local/lib/python3.12/site-packages/airflow/example_dags/example_workday_timetable.py
[2024-08-24T18:11:53.807+0000] {logging_mixin.py:190} INFO - [2024-08-24T18:11:53.807+0000] {dag.py:3211} INFO - Sync 1 DAGs
[2024-08-24T18:11:54.149+0000] {logging_mixin.py:190} INFO - [2024-08-24T18:11:54.148+0000] {dag.py:4138} INFO - Setting next_dagrun for example_workday_timetable to 2021-01-04 00:00:00+00:00, run_after=2021-01-05 00:00:00+00:00
[2024-08-24T18:11:54.400+0000] {processor.py:208} INFO - Processing /home/airflow/.local/lib/python3.12/site-packages/airflow/example_dags/example_workday_timetable.py took 0.696 seconds
[2024-08-24T18:12:24.896+0000] {processor.py:186} INFO - Started process (PID=188) to work on /home/airflow/.local/lib/python3.12/site-packages/airflow/example_dags/example_workday_timetable.py
[2024-08-24T18:12:24.913+0000] {processor.py:914} INFO - Processing file /home/airflow/.local/lib/python3.12/site-packages/airflow/example_dags/example_workday_timetable.py for tasks to queue
[2024-08-24T18:12:24.933+0000] {logging_mixin.py:190} INFO - [2024-08-24T18:12:24.930+0000] {dagbag.py:587} INFO - Filling up the DagBag from /home/airflow/.local/lib/python3.12/site-packages/airflow/example_dags/example_workday_timetable.py
[2024-08-24T18:12:25.003+0000] {processor.py:925} INFO - DAG(s) 'example_workday_timetable' retrieved from /home/airflow/.local/lib/python3.12/site-packages/airflow/example_dags/example_workday_timetable.py
[2024-08-24T18:12:25.200+0000] {logging_mixin.py:190} INFO - [2024-08-24T18:12:25.200+0000] {dag.py:3211} INFO - Sync 1 DAGs
[2024-08-24T18:12:25.453+0000] {logging_mixin.py:190} INFO - [2024-08-24T18:12:25.452+0000] {dag.py:4138} INFO - Setting next_dagrun for example_workday_timetable to 2021-01-04 00:00:00+00:00, run_after=2021-01-05 00:00:00+00:00
[2024-08-24T18:12:25.555+0000] {processor.py:208} INFO - Processing /home/airflow/.local/lib/python3.12/site-packages/airflow/example_dags/example_workday_timetable.py took 0.692 seconds
[2024-08-24T18:12:56.827+0000] {processor.py:186} INFO - Started process (PID=251) to work on /home/airflow/.local/lib/python3.12/site-packages/airflow/example_dags/example_workday_timetable.py
[2024-08-24T18:12:56.831+0000] {processor.py:914} INFO - Processing file /home/airflow/.local/lib/python3.12/site-packages/airflow/example_dags/example_workday_timetable.py for tasks to queue
[2024-08-24T18:12:56.846+0000] {logging_mixin.py:190} INFO - [2024-08-24T18:12:56.840+0000] {dagbag.py:587} INFO - Filling up the DagBag from /home/airflow/.local/lib/python3.12/site-packages/airflow/example_dags/example_workday_timetable.py
[2024-08-24T18:12:56.867+0000] {processor.py:925} INFO - DAG(s) 'example_workday_timetable' retrieved from /home/airflow/.local/lib/python3.12/site-packages/airflow/example_dags/example_workday_timetable.py
[2024-08-24T18:12:56.946+0000] {logging_mixin.py:190} INFO - [2024-08-24T18:12:56.945+0000] {dag.py:3211} INFO - Sync 1 DAGs
[2024-08-24T18:12:57.331+0000] {logging_mixin.py:190} INFO - [2024-08-24T18:12:57.330+0000] {dag.py:4138} INFO - Setting next_dagrun for example_workday_timetable to 2021-01-04 00:00:00+00:00, run_after=2021-01-05 00:00:00+00:00
[2024-08-24T18:12:57.369+0000] {processor.py:208} INFO - Processing /home/airflow/.local/lib/python3.12/site-packages/airflow/example_dags/example_workday_timetable.py took 0.565 seconds
[2024-08-24T18:13:44.861+0000] {processor.py:186} INFO - Started process (PID=321) to work on /home/airflow/.local/lib/python3.12/site-packages/airflow/example_dags/example_workday_timetable.py
[2024-08-24T18:13:44.878+0000] {processor.py:914} INFO - Processing file /home/airflow/.local/lib/python3.12/site-packages/airflow/example_dags/example_workday_timetable.py for tasks to queue
[2024-08-24T18:13:44.884+0000] {logging_mixin.py:190} INFO - [2024-08-24T18:13:44.883+0000] {dagbag.py:587} INFO - Filling up the DagBag from /home/airflow/.local/lib/python3.12/site-packages/airflow/example_dags/example_workday_timetable.py
[2024-08-24T18:13:44.914+0000] {processor.py:925} INFO - DAG(s) 'example_workday_timetable' retrieved from /home/airflow/.local/lib/python3.12/site-packages/airflow/example_dags/example_workday_timetable.py
[2024-08-24T18:13:44.961+0000] {logging_mixin.py:190} INFO - [2024-08-24T18:13:44.960+0000] {dag.py:3211} INFO - Sync 1 DAGs
[2024-08-24T18:13:45.456+0000] {logging_mixin.py:190} INFO - [2024-08-24T18:13:45.455+0000] {dag.py:4138} INFO - Setting next_dagrun for example_workday_timetable to 2021-01-04 00:00:00+00:00, run_after=2021-01-05 00:00:00+00:00
[2024-08-24T18:13:45.528+0000] {processor.py:208} INFO - Processing /home/airflow/.local/lib/python3.12/site-packages/airflow/example_dags/example_workday_timetable.py took 0.698 seconds
[2024-08-24T18:14:20.534+0000] {processor.py:186} INFO - Started process (PID=385) to work on /home/airflow/.local/lib/python3.12/site-packages/airflow/example_dags/example_workday_timetable.py
[2024-08-24T18:14:20.538+0000] {processor.py:914} INFO - Processing file /home/airflow/.local/lib/python3.12/site-packages/airflow/example_dags/example_workday_timetable.py for tasks to queue
[2024-08-24T18:14:20.542+0000] {logging_mixin.py:190} INFO - [2024-08-24T18:14:20.542+0000] {dagbag.py:587} INFO - Filling up the DagBag from /home/airflow/.local/lib/python3.12/site-packages/airflow/example_dags/example_workday_timetable.py
[2024-08-24T18:14:20.560+0000] {processor.py:925} INFO - DAG(s) 'example_workday_timetable' retrieved from /home/airflow/.local/lib/python3.12/site-packages/airflow/example_dags/example_workday_timetable.py
[2024-08-24T18:14:20.684+0000] {logging_mixin.py:190} INFO - [2024-08-24T18:14:20.679+0000] {dag.py:3211} INFO - Sync 1 DAGs
[2024-08-24T18:14:21.047+0000] {logging_mixin.py:190} INFO - [2024-08-24T18:14:21.046+0000] {dag.py:4138} INFO - Setting next_dagrun for example_workday_timetable to 2021-01-04 00:00:00+00:00, run_after=2021-01-05 00:00:00+00:00
[2024-08-24T18:14:21.176+0000] {processor.py:208} INFO - Processing /home/airflow/.local/lib/python3.12/site-packages/airflow/example_dags/example_workday_timetable.py took 0.655 seconds
