[2024-08-24T03:09:30.939+0000] {processor.py:186} INFO - Started process (PID=134) to work on /home/airflow/.local/lib/python3.12/site-packages/airflow/example_dags/example_branch_python_dop_operator_3.py
[2024-08-24T03:09:30.940+0000] {processor.py:914} INFO - Processing file /home/airflow/.local/lib/python3.12/site-packages/airflow/example_dags/example_branch_python_dop_operator_3.py for tasks to queue
[2024-08-24T03:09:30.948+0000] {logging_mixin.py:190} INFO - [2024-08-24T03:09:30.947+0000] {dagbag.py:587} INFO - Filling up the DagBag from /home/airflow/.local/lib/python3.12/site-packages/airflow/example_dags/example_branch_python_dop_operator_3.py
[2024-08-24T03:09:31.020+0000] {processor.py:925} INFO - DAG(s) 'example_branch_dop_operator_v3' retrieved from /home/airflow/.local/lib/python3.12/site-packages/airflow/example_dags/example_branch_python_dop_operator_3.py
[2024-08-24T03:09:31.927+0000] {logging_mixin.py:190} INFO - [2024-08-24T03:09:31.926+0000] {override.py:1858} INFO - Created Permission View: can delete on DAG:example_branch_dop_operator_v3
[2024-08-24T03:09:32.040+0000] {logging_mixin.py:190} INFO - [2024-08-24T03:09:32.039+0000] {override.py:1858} INFO - Created Permission View: can read on DAG:example_branch_dop_operator_v3
[2024-08-24T03:09:32.097+0000] {logging_mixin.py:190} INFO - [2024-08-24T03:09:32.093+0000] {override.py:1858} INFO - Created Permission View: can edit on DAG:example_branch_dop_operator_v3
[2024-08-24T03:09:32.100+0000] {logging_mixin.py:190} INFO - [2024-08-24T03:09:32.099+0000] {dag.py:3211} INFO - Sync 1 DAGs
[2024-08-24T03:09:32.209+0000] {logging_mixin.py:190} INFO - [2024-08-24T03:09:32.208+0000] {dag.py:3234} INFO - Creating ORM DAG for example_branch_dop_operator_v3
[2024-08-24T03:09:32.380+0000] {logging_mixin.py:190} INFO - [2024-08-24T03:09:32.380+0000] {dag.py:4138} INFO - Setting next_dagrun for example_branch_dop_operator_v3 to 2024-08-24 03:08:00+00:00, run_after=2024-08-24 03:09:00+00:00
[2024-08-24T03:09:32.597+0000] {processor.py:208} INFO - Processing /home/airflow/.local/lib/python3.12/site-packages/airflow/example_dags/example_branch_python_dop_operator_3.py took 1.666 seconds
[2024-08-24T03:10:03.264+0000] {processor.py:186} INFO - Started process (PID=199) to work on /home/airflow/.local/lib/python3.12/site-packages/airflow/example_dags/example_branch_python_dop_operator_3.py
[2024-08-24T03:10:03.266+0000] {processor.py:914} INFO - Processing file /home/airflow/.local/lib/python3.12/site-packages/airflow/example_dags/example_branch_python_dop_operator_3.py for tasks to queue
[2024-08-24T03:10:03.269+0000] {logging_mixin.py:190} INFO - [2024-08-24T03:10:03.269+0000] {dagbag.py:587} INFO - Filling up the DagBag from /home/airflow/.local/lib/python3.12/site-packages/airflow/example_dags/example_branch_python_dop_operator_3.py
[2024-08-24T03:10:03.290+0000] {processor.py:925} INFO - DAG(s) 'example_branch_dop_operator_v3' retrieved from /home/airflow/.local/lib/python3.12/site-packages/airflow/example_dags/example_branch_python_dop_operator_3.py
[2024-08-24T03:10:03.341+0000] {logging_mixin.py:190} INFO - [2024-08-24T03:10:03.341+0000] {dag.py:3211} INFO - Sync 1 DAGs
[2024-08-24T03:10:03.413+0000] {logging_mixin.py:190} INFO - [2024-08-24T03:10:03.413+0000] {dag.py:4138} INFO - Setting next_dagrun for example_branch_dop_operator_v3 to 2024-08-24 03:09:00+00:00, run_after=2024-08-24 03:10:00+00:00
[2024-08-24T03:10:03.481+0000] {processor.py:208} INFO - Processing /home/airflow/.local/lib/python3.12/site-packages/airflow/example_dags/example_branch_python_dop_operator_3.py took 0.230 seconds
[2024-08-24T03:10:33.568+0000] {processor.py:186} INFO - Started process (PID=262) to work on /home/airflow/.local/lib/python3.12/site-packages/airflow/example_dags/example_branch_python_dop_operator_3.py
[2024-08-24T03:10:33.571+0000] {processor.py:914} INFO - Processing file /home/airflow/.local/lib/python3.12/site-packages/airflow/example_dags/example_branch_python_dop_operator_3.py for tasks to queue
[2024-08-24T03:10:33.580+0000] {logging_mixin.py:190} INFO - [2024-08-24T03:10:33.580+0000] {dagbag.py:587} INFO - Filling up the DagBag from /home/airflow/.local/lib/python3.12/site-packages/airflow/example_dags/example_branch_python_dop_operator_3.py
[2024-08-24T03:10:33.621+0000] {processor.py:925} INFO - DAG(s) 'example_branch_dop_operator_v3' retrieved from /home/airflow/.local/lib/python3.12/site-packages/airflow/example_dags/example_branch_python_dop_operator_3.py
[2024-08-24T03:10:33.729+0000] {logging_mixin.py:190} INFO - [2024-08-24T03:10:33.728+0000] {dag.py:3211} INFO - Sync 1 DAGs
[2024-08-24T03:10:33.823+0000] {logging_mixin.py:190} INFO - [2024-08-24T03:10:33.822+0000] {dag.py:4138} INFO - Setting next_dagrun for example_branch_dop_operator_v3 to 2024-08-24 03:09:00+00:00, run_after=2024-08-24 03:10:00+00:00
[2024-08-24T03:10:34.010+0000] {processor.py:208} INFO - Processing /home/airflow/.local/lib/python3.12/site-packages/airflow/example_dags/example_branch_python_dop_operator_3.py took 0.467 seconds
[2024-08-24T03:11:04.118+0000] {processor.py:186} INFO - Started process (PID=325) to work on /home/airflow/.local/lib/python3.12/site-packages/airflow/example_dags/example_branch_python_dop_operator_3.py
[2024-08-24T03:11:04.120+0000] {processor.py:914} INFO - Processing file /home/airflow/.local/lib/python3.12/site-packages/airflow/example_dags/example_branch_python_dop_operator_3.py for tasks to queue
[2024-08-24T03:11:04.123+0000] {logging_mixin.py:190} INFO - [2024-08-24T03:11:04.122+0000] {dagbag.py:587} INFO - Filling up the DagBag from /home/airflow/.local/lib/python3.12/site-packages/airflow/example_dags/example_branch_python_dop_operator_3.py
[2024-08-24T03:11:04.137+0000] {processor.py:925} INFO - DAG(s) 'example_branch_dop_operator_v3' retrieved from /home/airflow/.local/lib/python3.12/site-packages/airflow/example_dags/example_branch_python_dop_operator_3.py
[2024-08-24T03:11:04.217+0000] {logging_mixin.py:190} INFO - [2024-08-24T03:11:04.216+0000] {dag.py:3211} INFO - Sync 1 DAGs
[2024-08-24T03:11:04.259+0000] {logging_mixin.py:190} INFO - [2024-08-24T03:11:04.258+0000] {dag.py:4138} INFO - Setting next_dagrun for example_branch_dop_operator_v3 to 2024-08-24 03:10:00+00:00, run_after=2024-08-24 03:11:00+00:00
[2024-08-24T03:11:04.304+0000] {processor.py:208} INFO - Processing /home/airflow/.local/lib/python3.12/site-packages/airflow/example_dags/example_branch_python_dop_operator_3.py took 0.194 seconds
[2024-08-24T03:11:35.184+0000] {processor.py:186} INFO - Started process (PID=388) to work on /home/airflow/.local/lib/python3.12/site-packages/airflow/example_dags/example_branch_python_dop_operator_3.py
[2024-08-24T03:11:35.186+0000] {processor.py:914} INFO - Processing file /home/airflow/.local/lib/python3.12/site-packages/airflow/example_dags/example_branch_python_dop_operator_3.py for tasks to queue
[2024-08-24T03:11:35.190+0000] {logging_mixin.py:190} INFO - [2024-08-24T03:11:35.189+0000] {dagbag.py:587} INFO - Filling up the DagBag from /home/airflow/.local/lib/python3.12/site-packages/airflow/example_dags/example_branch_python_dop_operator_3.py
[2024-08-24T03:11:35.208+0000] {processor.py:925} INFO - DAG(s) 'example_branch_dop_operator_v3' retrieved from /home/airflow/.local/lib/python3.12/site-packages/airflow/example_dags/example_branch_python_dop_operator_3.py
[2024-08-24T03:11:35.246+0000] {logging_mixin.py:190} INFO - [2024-08-24T03:11:35.246+0000] {dag.py:3211} INFO - Sync 1 DAGs
[2024-08-24T03:11:35.284+0000] {logging_mixin.py:190} INFO - [2024-08-24T03:11:35.284+0000] {dag.py:4138} INFO - Setting next_dagrun for example_branch_dop_operator_v3 to 2024-08-24 03:10:00+00:00, run_after=2024-08-24 03:11:00+00:00
[2024-08-24T03:11:35.312+0000] {processor.py:208} INFO - Processing /home/airflow/.local/lib/python3.12/site-packages/airflow/example_dags/example_branch_python_dop_operator_3.py took 0.139 seconds
[2024-08-24T03:12:05.966+0000] {processor.py:186} INFO - Started process (PID=449) to work on /home/airflow/.local/lib/python3.12/site-packages/airflow/example_dags/example_branch_python_dop_operator_3.py
[2024-08-24T03:12:05.968+0000] {processor.py:914} INFO - Processing file /home/airflow/.local/lib/python3.12/site-packages/airflow/example_dags/example_branch_python_dop_operator_3.py for tasks to queue
[2024-08-24T03:12:05.974+0000] {logging_mixin.py:190} INFO - [2024-08-24T03:12:05.973+0000] {dagbag.py:587} INFO - Filling up the DagBag from /home/airflow/.local/lib/python3.12/site-packages/airflow/example_dags/example_branch_python_dop_operator_3.py
[2024-08-24T03:12:06.066+0000] {processor.py:925} INFO - DAG(s) 'example_branch_dop_operator_v3' retrieved from /home/airflow/.local/lib/python3.12/site-packages/airflow/example_dags/example_branch_python_dop_operator_3.py
[2024-08-24T03:12:06.332+0000] {logging_mixin.py:190} INFO - [2024-08-24T03:12:06.320+0000] {dag.py:3211} INFO - Sync 1 DAGs
[2024-08-24T03:12:06.581+0000] {logging_mixin.py:190} INFO - [2024-08-24T03:12:06.581+0000] {dag.py:4138} INFO - Setting next_dagrun for example_branch_dop_operator_v3 to 2024-08-24 03:11:00+00:00, run_after=2024-08-24 03:12:00+00:00
[2024-08-24T03:12:06.632+0000] {processor.py:208} INFO - Processing /home/airflow/.local/lib/python3.12/site-packages/airflow/example_dags/example_branch_python_dop_operator_3.py took 0.816 seconds
[2024-08-24T03:12:37.023+0000] {processor.py:186} INFO - Started process (PID=512) to work on /home/airflow/.local/lib/python3.12/site-packages/airflow/example_dags/example_branch_python_dop_operator_3.py
[2024-08-24T03:12:37.025+0000] {processor.py:914} INFO - Processing file /home/airflow/.local/lib/python3.12/site-packages/airflow/example_dags/example_branch_python_dop_operator_3.py for tasks to queue
[2024-08-24T03:12:37.029+0000] {logging_mixin.py:190} INFO - [2024-08-24T03:12:37.028+0000] {dagbag.py:587} INFO - Filling up the DagBag from /home/airflow/.local/lib/python3.12/site-packages/airflow/example_dags/example_branch_python_dop_operator_3.py
[2024-08-24T03:12:37.049+0000] {processor.py:925} INFO - DAG(s) 'example_branch_dop_operator_v3' retrieved from /home/airflow/.local/lib/python3.12/site-packages/airflow/example_dags/example_branch_python_dop_operator_3.py
[2024-08-24T03:12:37.090+0000] {logging_mixin.py:190} INFO - [2024-08-24T03:12:37.090+0000] {dag.py:3211} INFO - Sync 1 DAGs
[2024-08-24T03:12:37.137+0000] {logging_mixin.py:190} INFO - [2024-08-24T03:12:37.136+0000] {dag.py:4138} INFO - Setting next_dagrun for example_branch_dop_operator_v3 to 2024-08-24 03:11:00+00:00, run_after=2024-08-24 03:12:00+00:00
[2024-08-24T03:12:37.174+0000] {processor.py:208} INFO - Processing /home/airflow/.local/lib/python3.12/site-packages/airflow/example_dags/example_branch_python_dop_operator_3.py took 0.159 seconds
[2024-08-24T03:13:07.700+0000] {processor.py:186} INFO - Started process (PID=575) to work on /home/airflow/.local/lib/python3.12/site-packages/airflow/example_dags/example_branch_python_dop_operator_3.py
[2024-08-24T03:13:07.701+0000] {processor.py:914} INFO - Processing file /home/airflow/.local/lib/python3.12/site-packages/airflow/example_dags/example_branch_python_dop_operator_3.py for tasks to queue
[2024-08-24T03:13:07.705+0000] {logging_mixin.py:190} INFO - [2024-08-24T03:13:07.704+0000] {dagbag.py:587} INFO - Filling up the DagBag from /home/airflow/.local/lib/python3.12/site-packages/airflow/example_dags/example_branch_python_dop_operator_3.py
[2024-08-24T03:13:07.718+0000] {processor.py:925} INFO - DAG(s) 'example_branch_dop_operator_v3' retrieved from /home/airflow/.local/lib/python3.12/site-packages/airflow/example_dags/example_branch_python_dop_operator_3.py
[2024-08-24T03:13:07.764+0000] {logging_mixin.py:190} INFO - [2024-08-24T03:13:07.764+0000] {dag.py:3211} INFO - Sync 1 DAGs
[2024-08-24T03:13:07.811+0000] {logging_mixin.py:190} INFO - [2024-08-24T03:13:07.811+0000] {dag.py:4138} INFO - Setting next_dagrun for example_branch_dop_operator_v3 to 2024-08-24 03:12:00+00:00, run_after=2024-08-24 03:13:00+00:00
[2024-08-24T03:13:07.862+0000] {processor.py:208} INFO - Processing /home/airflow/.local/lib/python3.12/site-packages/airflow/example_dags/example_branch_python_dop_operator_3.py took 0.172 seconds
[2024-08-24T03:13:37.993+0000] {processor.py:186} INFO - Started process (PID=638) to work on /home/airflow/.local/lib/python3.12/site-packages/airflow/example_dags/example_branch_python_dop_operator_3.py
[2024-08-24T03:13:37.995+0000] {processor.py:914} INFO - Processing file /home/airflow/.local/lib/python3.12/site-packages/airflow/example_dags/example_branch_python_dop_operator_3.py for tasks to queue
[2024-08-24T03:13:37.999+0000] {logging_mixin.py:190} INFO - [2024-08-24T03:13:37.999+0000] {dagbag.py:587} INFO - Filling up the DagBag from /home/airflow/.local/lib/python3.12/site-packages/airflow/example_dags/example_branch_python_dop_operator_3.py
[2024-08-24T03:13:38.020+0000] {processor.py:925} INFO - DAG(s) 'example_branch_dop_operator_v3' retrieved from /home/airflow/.local/lib/python3.12/site-packages/airflow/example_dags/example_branch_python_dop_operator_3.py
[2024-08-24T03:13:38.060+0000] {logging_mixin.py:190} INFO - [2024-08-24T03:13:38.060+0000] {dag.py:3211} INFO - Sync 1 DAGs
[2024-08-24T03:13:38.099+0000] {logging_mixin.py:190} INFO - [2024-08-24T03:13:38.098+0000] {dag.py:4138} INFO - Setting next_dagrun for example_branch_dop_operator_v3 to 2024-08-24 03:12:00+00:00, run_after=2024-08-24 03:13:00+00:00
[2024-08-24T03:13:38.134+0000] {processor.py:208} INFO - Processing /home/airflow/.local/lib/python3.12/site-packages/airflow/example_dags/example_branch_python_dop_operator_3.py took 0.153 seconds
[2024-08-24T03:14:08.339+0000] {processor.py:186} INFO - Started process (PID=700) to work on /home/airflow/.local/lib/python3.12/site-packages/airflow/example_dags/example_branch_python_dop_operator_3.py
[2024-08-24T03:14:08.344+0000] {processor.py:914} INFO - Processing file /home/airflow/.local/lib/python3.12/site-packages/airflow/example_dags/example_branch_python_dop_operator_3.py for tasks to queue
[2024-08-24T03:14:08.347+0000] {logging_mixin.py:190} INFO - [2024-08-24T03:14:08.347+0000] {dagbag.py:587} INFO - Filling up the DagBag from /home/airflow/.local/lib/python3.12/site-packages/airflow/example_dags/example_branch_python_dop_operator_3.py
[2024-08-24T03:14:08.365+0000] {processor.py:925} INFO - DAG(s) 'example_branch_dop_operator_v3' retrieved from /home/airflow/.local/lib/python3.12/site-packages/airflow/example_dags/example_branch_python_dop_operator_3.py
[2024-08-24T03:14:08.410+0000] {logging_mixin.py:190} INFO - [2024-08-24T03:14:08.409+0000] {dag.py:3211} INFO - Sync 1 DAGs
[2024-08-24T03:14:08.450+0000] {logging_mixin.py:190} INFO - [2024-08-24T03:14:08.450+0000] {dag.py:4138} INFO - Setting next_dagrun for example_branch_dop_operator_v3 to 2024-08-24 03:13:00+00:00, run_after=2024-08-24 03:14:00+00:00
[2024-08-24T03:14:08.496+0000] {processor.py:208} INFO - Processing /home/airflow/.local/lib/python3.12/site-packages/airflow/example_dags/example_branch_python_dop_operator_3.py took 0.165 seconds
[2024-08-24T03:14:38.776+0000] {processor.py:186} INFO - Started process (PID=762) to work on /home/airflow/.local/lib/python3.12/site-packages/airflow/example_dags/example_branch_python_dop_operator_3.py
[2024-08-24T03:14:38.778+0000] {processor.py:914} INFO - Processing file /home/airflow/.local/lib/python3.12/site-packages/airflow/example_dags/example_branch_python_dop_operator_3.py for tasks to queue
[2024-08-24T03:14:38.782+0000] {logging_mixin.py:190} INFO - [2024-08-24T03:14:38.782+0000] {dagbag.py:587} INFO - Filling up the DagBag from /home/airflow/.local/lib/python3.12/site-packages/airflow/example_dags/example_branch_python_dop_operator_3.py
[2024-08-24T03:14:38.799+0000] {processor.py:925} INFO - DAG(s) 'example_branch_dop_operator_v3' retrieved from /home/airflow/.local/lib/python3.12/site-packages/airflow/example_dags/example_branch_python_dop_operator_3.py
[2024-08-24T03:14:38.832+0000] {logging_mixin.py:190} INFO - [2024-08-24T03:14:38.832+0000] {dag.py:3211} INFO - Sync 1 DAGs
[2024-08-24T03:14:38.870+0000] {logging_mixin.py:190} INFO - [2024-08-24T03:14:38.870+0000] {dag.py:4138} INFO - Setting next_dagrun for example_branch_dop_operator_v3 to 2024-08-24 03:13:00+00:00, run_after=2024-08-24 03:14:00+00:00
[2024-08-24T03:14:38.899+0000] {processor.py:208} INFO - Processing /home/airflow/.local/lib/python3.12/site-packages/airflow/example_dags/example_branch_python_dop_operator_3.py took 0.134 seconds
[2024-08-24T03:15:09.736+0000] {processor.py:186} INFO - Started process (PID=825) to work on /home/airflow/.local/lib/python3.12/site-packages/airflow/example_dags/example_branch_python_dop_operator_3.py
[2024-08-24T03:15:09.738+0000] {processor.py:914} INFO - Processing file /home/airflow/.local/lib/python3.12/site-packages/airflow/example_dags/example_branch_python_dop_operator_3.py for tasks to queue
[2024-08-24T03:15:09.741+0000] {logging_mixin.py:190} INFO - [2024-08-24T03:15:09.741+0000] {dagbag.py:587} INFO - Filling up the DagBag from /home/airflow/.local/lib/python3.12/site-packages/airflow/example_dags/example_branch_python_dop_operator_3.py
[2024-08-24T03:15:09.781+0000] {processor.py:925} INFO - DAG(s) 'example_branch_dop_operator_v3' retrieved from /home/airflow/.local/lib/python3.12/site-packages/airflow/example_dags/example_branch_python_dop_operator_3.py
[2024-08-24T03:15:09.922+0000] {logging_mixin.py:190} INFO - [2024-08-24T03:15:09.918+0000] {dag.py:3211} INFO - Sync 1 DAGs
[2024-08-24T03:15:09.979+0000] {logging_mixin.py:190} INFO - [2024-08-24T03:15:09.978+0000] {dag.py:4138} INFO - Setting next_dagrun for example_branch_dop_operator_v3 to 2024-08-24 03:14:00+00:00, run_after=2024-08-24 03:15:00+00:00
[2024-08-24T03:15:10.088+0000] {processor.py:208} INFO - Processing /home/airflow/.local/lib/python3.12/site-packages/airflow/example_dags/example_branch_python_dop_operator_3.py took 0.395 seconds
[2024-08-24T03:15:40.328+0000] {processor.py:186} INFO - Started process (PID=887) to work on /home/airflow/.local/lib/python3.12/site-packages/airflow/example_dags/example_branch_python_dop_operator_3.py
[2024-08-24T03:15:40.339+0000] {processor.py:914} INFO - Processing file /home/airflow/.local/lib/python3.12/site-packages/airflow/example_dags/example_branch_python_dop_operator_3.py for tasks to queue
[2024-08-24T03:15:40.349+0000] {logging_mixin.py:190} INFO - [2024-08-24T03:15:40.347+0000] {dagbag.py:587} INFO - Filling up the DagBag from /home/airflow/.local/lib/python3.12/site-packages/airflow/example_dags/example_branch_python_dop_operator_3.py
[2024-08-24T03:15:40.366+0000] {processor.py:925} INFO - DAG(s) 'example_branch_dop_operator_v3' retrieved from /home/airflow/.local/lib/python3.12/site-packages/airflow/example_dags/example_branch_python_dop_operator_3.py
[2024-08-24T03:15:40.428+0000] {logging_mixin.py:190} INFO - [2024-08-24T03:15:40.428+0000] {dag.py:3211} INFO - Sync 1 DAGs
[2024-08-24T03:15:40.465+0000] {logging_mixin.py:190} INFO - [2024-08-24T03:15:40.465+0000] {dag.py:4138} INFO - Setting next_dagrun for example_branch_dop_operator_v3 to 2024-08-24 03:14:00+00:00, run_after=2024-08-24 03:15:00+00:00
[2024-08-24T03:15:40.552+0000] {processor.py:208} INFO - Processing /home/airflow/.local/lib/python3.12/site-packages/airflow/example_dags/example_branch_python_dop_operator_3.py took 0.235 seconds
[2024-08-24T03:27:52.883+0000] {processor.py:186} INFO - Started process (PID=141) to work on /home/airflow/.local/lib/python3.12/site-packages/airflow/example_dags/example_branch_python_dop_operator_3.py
[2024-08-24T03:27:52.985+0000] {processor.py:914} INFO - Processing file /home/airflow/.local/lib/python3.12/site-packages/airflow/example_dags/example_branch_python_dop_operator_3.py for tasks to queue
[2024-08-24T03:27:53.010+0000] {logging_mixin.py:190} INFO - [2024-08-24T03:27:53.009+0000] {dagbag.py:587} INFO - Filling up the DagBag from /home/airflow/.local/lib/python3.12/site-packages/airflow/example_dags/example_branch_python_dop_operator_3.py
[2024-08-24T03:27:54.904+0000] {processor.py:925} INFO - DAG(s) 'example_branch_dop_operator_v3' retrieved from /home/airflow/.local/lib/python3.12/site-packages/airflow/example_dags/example_branch_python_dop_operator_3.py
[2024-08-24T03:27:58.911+0000] {logging_mixin.py:190} INFO - [2024-08-24T03:27:58.909+0000] {dag.py:3211} INFO - Sync 1 DAGs
[2024-08-24T03:28:02.796+0000] {logging_mixin.py:190} INFO - [2024-08-24T03:28:02.792+0000] {dag.py:4138} INFO - Setting next_dagrun for example_branch_dop_operator_v3 to 2024-08-24 03:27:00+00:00, run_after=2024-08-24 03:28:00+00:00
[2024-08-24T03:28:05.326+0000] {processor.py:208} INFO - Processing /home/airflow/.local/lib/python3.12/site-packages/airflow/example_dags/example_branch_python_dop_operator_3.py took 14.630 seconds
[2024-08-24T18:11:33.281+0000] {processor.py:186} INFO - Started process (PID=93) to work on /home/airflow/.local/lib/python3.12/site-packages/airflow/example_dags/example_branch_python_dop_operator_3.py
[2024-08-24T18:11:33.286+0000] {processor.py:914} INFO - Processing file /home/airflow/.local/lib/python3.12/site-packages/airflow/example_dags/example_branch_python_dop_operator_3.py for tasks to queue
[2024-08-24T18:11:33.290+0000] {logging_mixin.py:190} INFO - [2024-08-24T18:11:33.290+0000] {dagbag.py:587} INFO - Filling up the DagBag from /home/airflow/.local/lib/python3.12/site-packages/airflow/example_dags/example_branch_python_dop_operator_3.py
[2024-08-24T18:11:33.324+0000] {processor.py:925} INFO - DAG(s) 'example_branch_dop_operator_v3' retrieved from /home/airflow/.local/lib/python3.12/site-packages/airflow/example_dags/example_branch_python_dop_operator_3.py
[2024-08-24T18:11:33.402+0000] {logging_mixin.py:190} INFO - [2024-08-24T18:11:33.401+0000] {dag.py:3211} INFO - Sync 1 DAGs
[2024-08-24T18:11:33.436+0000] {logging_mixin.py:190} INFO - [2024-08-24T18:11:33.436+0000] {dag.py:4138} INFO - Setting next_dagrun for example_branch_dop_operator_v3 to 2024-08-24 18:10:00+00:00, run_after=2024-08-24 18:11:00+00:00
[2024-08-24T18:11:33.461+0000] {processor.py:208} INFO - Processing /home/airflow/.local/lib/python3.12/site-packages/airflow/example_dags/example_branch_python_dop_operator_3.py took 0.195 seconds
[2024-08-24T18:12:06.859+0000] {processor.py:186} INFO - Started process (PID=162) to work on /home/airflow/.local/lib/python3.12/site-packages/airflow/example_dags/example_branch_python_dop_operator_3.py
[2024-08-24T18:12:06.868+0000] {processor.py:914} INFO - Processing file /home/airflow/.local/lib/python3.12/site-packages/airflow/example_dags/example_branch_python_dop_operator_3.py for tasks to queue
[2024-08-24T18:12:06.874+0000] {logging_mixin.py:190} INFO - [2024-08-24T18:12:06.873+0000] {dagbag.py:587} INFO - Filling up the DagBag from /home/airflow/.local/lib/python3.12/site-packages/airflow/example_dags/example_branch_python_dop_operator_3.py
[2024-08-24T18:12:06.900+0000] {processor.py:925} INFO - DAG(s) 'example_branch_dop_operator_v3' retrieved from /home/airflow/.local/lib/python3.12/site-packages/airflow/example_dags/example_branch_python_dop_operator_3.py
[2024-08-24T18:12:07.085+0000] {logging_mixin.py:190} INFO - [2024-08-24T18:12:07.083+0000] {dag.py:3211} INFO - Sync 1 DAGs
[2024-08-24T18:12:07.159+0000] {logging_mixin.py:190} INFO - [2024-08-24T18:12:07.159+0000] {dag.py:4138} INFO - Setting next_dagrun for example_branch_dop_operator_v3 to 2024-08-24 18:11:00+00:00, run_after=2024-08-24 18:12:00+00:00
[2024-08-24T18:12:07.191+0000] {processor.py:208} INFO - Processing /home/airflow/.local/lib/python3.12/site-packages/airflow/example_dags/example_branch_python_dop_operator_3.py took 0.344 seconds
[2024-08-24T18:12:38.379+0000] {processor.py:186} INFO - Started process (PID=225) to work on /home/airflow/.local/lib/python3.12/site-packages/airflow/example_dags/example_branch_python_dop_operator_3.py
[2024-08-24T18:12:38.410+0000] {processor.py:914} INFO - Processing file /home/airflow/.local/lib/python3.12/site-packages/airflow/example_dags/example_branch_python_dop_operator_3.py for tasks to queue
[2024-08-24T18:12:38.503+0000] {logging_mixin.py:190} INFO - [2024-08-24T18:12:38.503+0000] {dagbag.py:587} INFO - Filling up the DagBag from /home/airflow/.local/lib/python3.12/site-packages/airflow/example_dags/example_branch_python_dop_operator_3.py
[2024-08-24T18:12:38.728+0000] {processor.py:925} INFO - DAG(s) 'example_branch_dop_operator_v3' retrieved from /home/airflow/.local/lib/python3.12/site-packages/airflow/example_dags/example_branch_python_dop_operator_3.py
[2024-08-24T18:12:39.047+0000] {logging_mixin.py:190} INFO - [2024-08-24T18:12:39.043+0000] {dag.py:3211} INFO - Sync 1 DAGs
[2024-08-24T18:12:39.266+0000] {logging_mixin.py:190} INFO - [2024-08-24T18:12:39.260+0000] {dag.py:4138} INFO - Setting next_dagrun for example_branch_dop_operator_v3 to 2024-08-24 18:11:00+00:00, run_after=2024-08-24 18:12:00+00:00
[2024-08-24T18:12:39.666+0000] {processor.py:208} INFO - Processing /home/airflow/.local/lib/python3.12/site-packages/airflow/example_dags/example_branch_python_dop_operator_3.py took 1.295 seconds
[2024-08-24T18:13:32.578+0000] {processor.py:186} INFO - Started process (PID=288) to work on /home/airflow/.local/lib/python3.12/site-packages/airflow/example_dags/example_branch_python_dop_operator_3.py
[2024-08-24T18:13:32.585+0000] {processor.py:914} INFO - Processing file /home/airflow/.local/lib/python3.12/site-packages/airflow/example_dags/example_branch_python_dop_operator_3.py for tasks to queue
[2024-08-24T18:13:32.595+0000] {logging_mixin.py:190} INFO - [2024-08-24T18:13:32.592+0000] {dagbag.py:587} INFO - Filling up the DagBag from /home/airflow/.local/lib/python3.12/site-packages/airflow/example_dags/example_branch_python_dop_operator_3.py
[2024-08-24T18:13:32.759+0000] {processor.py:925} INFO - DAG(s) 'example_branch_dop_operator_v3' retrieved from /home/airflow/.local/lib/python3.12/site-packages/airflow/example_dags/example_branch_python_dop_operator_3.py
[2024-08-24T18:13:32.859+0000] {logging_mixin.py:190} INFO - [2024-08-24T18:13:32.859+0000] {dag.py:3211} INFO - Sync 1 DAGs
[2024-08-24T18:13:33.183+0000] {logging_mixin.py:190} INFO - [2024-08-24T18:13:33.182+0000] {dag.py:4138} INFO - Setting next_dagrun for example_branch_dop_operator_v3 to 2024-08-24 18:12:00+00:00, run_after=2024-08-24 18:13:00+00:00
[2024-08-24T18:13:33.564+0000] {processor.py:208} INFO - Processing /home/airflow/.local/lib/python3.12/site-packages/airflow/example_dags/example_branch_python_dop_operator_3.py took 1.000 seconds
[2024-08-24T18:14:12.265+0000] {processor.py:186} INFO - Started process (PID=352) to work on /home/airflow/.local/lib/python3.12/site-packages/airflow/example_dags/example_branch_python_dop_operator_3.py
[2024-08-24T18:14:12.275+0000] {processor.py:914} INFO - Processing file /home/airflow/.local/lib/python3.12/site-packages/airflow/example_dags/example_branch_python_dop_operator_3.py for tasks to queue
[2024-08-24T18:14:12.284+0000] {logging_mixin.py:190} INFO - [2024-08-24T18:14:12.283+0000] {dagbag.py:587} INFO - Filling up the DagBag from /home/airflow/.local/lib/python3.12/site-packages/airflow/example_dags/example_branch_python_dop_operator_3.py
[2024-08-24T18:14:12.307+0000] {processor.py:925} INFO - DAG(s) 'example_branch_dop_operator_v3' retrieved from /home/airflow/.local/lib/python3.12/site-packages/airflow/example_dags/example_branch_python_dop_operator_3.py
[2024-08-24T18:14:12.370+0000] {logging_mixin.py:190} INFO - [2024-08-24T18:14:12.369+0000] {dag.py:3211} INFO - Sync 1 DAGs
[2024-08-24T18:14:12.437+0000] {logging_mixin.py:190} INFO - [2024-08-24T18:14:12.436+0000] {dag.py:4138} INFO - Setting next_dagrun for example_branch_dop_operator_v3 to 2024-08-24 18:13:00+00:00, run_after=2024-08-24 18:14:00+00:00
[2024-08-24T18:14:12.603+0000] {processor.py:208} INFO - Processing /home/airflow/.local/lib/python3.12/site-packages/airflow/example_dags/example_branch_python_dop_operator_3.py took 0.389 seconds
