[2024-08-24T03:09:12.364+0000] {processor.py:186} INFO - Started process (PID=119) to work on /home/airflow/.local/lib/python3.12/site-packages/airflow/example_dags/example_nested_branch_dag.py
[2024-08-24T03:09:12.365+0000] {processor.py:914} INFO - Processing file /home/airflow/.local/lib/python3.12/site-packages/airflow/example_dags/example_nested_branch_dag.py for tasks to queue
[2024-08-24T03:09:12.468+0000] {logging_mixin.py:190} INFO - [2024-08-24T03:09:12.467+0000] {dagbag.py:587} INFO - Filling up the DagBag from /home/airflow/.local/lib/python3.12/site-packages/airflow/example_dags/example_nested_branch_dag.py
[2024-08-24T03:09:12.604+0000] {processor.py:925} INFO - DAG(s) 'example_nested_branch_dag' retrieved from /home/airflow/.local/lib/python3.12/site-packages/airflow/example_dags/example_nested_branch_dag.py
[2024-08-24T03:09:13.312+0000] {logging_mixin.py:190} INFO - [2024-08-24T03:09:13.308+0000] {override.py:1858} INFO - Created Permission View: can delete on DAG:example_nested_branch_dag
[2024-08-24T03:09:13.351+0000] {logging_mixin.py:190} INFO - [2024-08-24T03:09:13.351+0000] {override.py:1858} INFO - Created Permission View: can read on DAG:example_nested_branch_dag
[2024-08-24T03:09:13.417+0000] {logging_mixin.py:190} INFO - [2024-08-24T03:09:13.417+0000] {override.py:1858} INFO - Created Permission View: can edit on DAG:example_nested_branch_dag
[2024-08-24T03:09:13.456+0000] {logging_mixin.py:190} INFO - [2024-08-24T03:09:13.456+0000] {dag.py:3211} INFO - Sync 1 DAGs
[2024-08-24T03:09:13.585+0000] {logging_mixin.py:190} INFO - [2024-08-24T03:09:13.582+0000] {dag.py:3234} INFO - Creating ORM DAG for example_nested_branch_dag
[2024-08-24T03:09:13.853+0000] {logging_mixin.py:190} INFO - [2024-08-24T03:09:13.853+0000] {dag.py:4138} INFO - Setting next_dagrun for example_nested_branch_dag to 2024-08-23 00:00:00+00:00, run_after=2024-08-24 00:00:00+00:00
[2024-08-24T03:09:14.022+0000] {processor.py:208} INFO - Processing /home/airflow/.local/lib/python3.12/site-packages/airflow/example_dags/example_nested_branch_dag.py took 1.712 seconds
[2024-08-24T03:09:44.317+0000] {processor.py:186} INFO - Started process (PID=184) to work on /home/airflow/.local/lib/python3.12/site-packages/airflow/example_dags/example_nested_branch_dag.py
[2024-08-24T03:09:44.325+0000] {processor.py:914} INFO - Processing file /home/airflow/.local/lib/python3.12/site-packages/airflow/example_dags/example_nested_branch_dag.py for tasks to queue
[2024-08-24T03:09:44.340+0000] {logging_mixin.py:190} INFO - [2024-08-24T03:09:44.335+0000] {dagbag.py:587} INFO - Filling up the DagBag from /home/airflow/.local/lib/python3.12/site-packages/airflow/example_dags/example_nested_branch_dag.py
[2024-08-24T03:09:44.461+0000] {processor.py:925} INFO - DAG(s) 'example_nested_branch_dag' retrieved from /home/airflow/.local/lib/python3.12/site-packages/airflow/example_dags/example_nested_branch_dag.py
[2024-08-24T03:09:44.689+0000] {logging_mixin.py:190} INFO - [2024-08-24T03:09:44.689+0000] {dag.py:3211} INFO - Sync 1 DAGs
[2024-08-24T03:09:44.900+0000] {logging_mixin.py:190} INFO - [2024-08-24T03:09:44.899+0000] {dag.py:4138} INFO - Setting next_dagrun for example_nested_branch_dag to 2024-08-23 00:00:00+00:00, run_after=2024-08-24 00:00:00+00:00
[2024-08-24T03:09:45.041+0000] {processor.py:208} INFO - Processing /home/airflow/.local/lib/python3.12/site-packages/airflow/example_dags/example_nested_branch_dag.py took 0.753 seconds
[2024-08-24T03:10:15.866+0000] {processor.py:186} INFO - Started process (PID=247) to work on /home/airflow/.local/lib/python3.12/site-packages/airflow/example_dags/example_nested_branch_dag.py
[2024-08-24T03:10:15.870+0000] {processor.py:914} INFO - Processing file /home/airflow/.local/lib/python3.12/site-packages/airflow/example_dags/example_nested_branch_dag.py for tasks to queue
[2024-08-24T03:10:15.874+0000] {logging_mixin.py:190} INFO - [2024-08-24T03:10:15.874+0000] {dagbag.py:587} INFO - Filling up the DagBag from /home/airflow/.local/lib/python3.12/site-packages/airflow/example_dags/example_nested_branch_dag.py
[2024-08-24T03:10:15.893+0000] {processor.py:925} INFO - DAG(s) 'example_nested_branch_dag' retrieved from /home/airflow/.local/lib/python3.12/site-packages/airflow/example_dags/example_nested_branch_dag.py
[2024-08-24T03:10:15.964+0000] {logging_mixin.py:190} INFO - [2024-08-24T03:10:15.964+0000] {dag.py:3211} INFO - Sync 1 DAGs
[2024-08-24T03:10:16.006+0000] {logging_mixin.py:190} INFO - [2024-08-24T03:10:16.005+0000] {dag.py:4138} INFO - Setting next_dagrun for example_nested_branch_dag to 2024-08-23 00:00:00+00:00, run_after=2024-08-24 00:00:00+00:00
[2024-08-24T03:10:16.042+0000] {processor.py:208} INFO - Processing /home/airflow/.local/lib/python3.12/site-packages/airflow/example_dags/example_nested_branch_dag.py took 0.187 seconds
[2024-08-24T03:10:46.581+0000] {processor.py:186} INFO - Started process (PID=310) to work on /home/airflow/.local/lib/python3.12/site-packages/airflow/example_dags/example_nested_branch_dag.py
[2024-08-24T03:10:46.583+0000] {processor.py:914} INFO - Processing file /home/airflow/.local/lib/python3.12/site-packages/airflow/example_dags/example_nested_branch_dag.py for tasks to queue
[2024-08-24T03:10:46.588+0000] {logging_mixin.py:190} INFO - [2024-08-24T03:10:46.587+0000] {dagbag.py:587} INFO - Filling up the DagBag from /home/airflow/.local/lib/python3.12/site-packages/airflow/example_dags/example_nested_branch_dag.py
[2024-08-24T03:10:46.610+0000] {processor.py:925} INFO - DAG(s) 'example_nested_branch_dag' retrieved from /home/airflow/.local/lib/python3.12/site-packages/airflow/example_dags/example_nested_branch_dag.py
[2024-08-24T03:10:46.652+0000] {logging_mixin.py:190} INFO - [2024-08-24T03:10:46.651+0000] {dag.py:3211} INFO - Sync 1 DAGs
[2024-08-24T03:10:46.684+0000] {logging_mixin.py:190} INFO - [2024-08-24T03:10:46.684+0000] {dag.py:4138} INFO - Setting next_dagrun for example_nested_branch_dag to 2024-08-23 00:00:00+00:00, run_after=2024-08-24 00:00:00+00:00
[2024-08-24T03:10:46.715+0000] {processor.py:208} INFO - Processing /home/airflow/.local/lib/python3.12/site-packages/airflow/example_dags/example_nested_branch_dag.py took 0.146 seconds
[2024-08-24T03:11:16.795+0000] {processor.py:186} INFO - Started process (PID=373) to work on /home/airflow/.local/lib/python3.12/site-packages/airflow/example_dags/example_nested_branch_dag.py
[2024-08-24T03:11:16.797+0000] {processor.py:914} INFO - Processing file /home/airflow/.local/lib/python3.12/site-packages/airflow/example_dags/example_nested_branch_dag.py for tasks to queue
[2024-08-24T03:11:16.801+0000] {logging_mixin.py:190} INFO - [2024-08-24T03:11:16.800+0000] {dagbag.py:587} INFO - Filling up the DagBag from /home/airflow/.local/lib/python3.12/site-packages/airflow/example_dags/example_nested_branch_dag.py
[2024-08-24T03:11:16.819+0000] {processor.py:925} INFO - DAG(s) 'example_nested_branch_dag' retrieved from /home/airflow/.local/lib/python3.12/site-packages/airflow/example_dags/example_nested_branch_dag.py
[2024-08-24T03:11:16.856+0000] {logging_mixin.py:190} INFO - [2024-08-24T03:11:16.855+0000] {dag.py:3211} INFO - Sync 1 DAGs
[2024-08-24T03:11:16.896+0000] {logging_mixin.py:190} INFO - [2024-08-24T03:11:16.896+0000] {dag.py:4138} INFO - Setting next_dagrun for example_nested_branch_dag to 2024-08-23 00:00:00+00:00, run_after=2024-08-24 00:00:00+00:00
[2024-08-24T03:11:16.928+0000] {processor.py:208} INFO - Processing /home/airflow/.local/lib/python3.12/site-packages/airflow/example_dags/example_nested_branch_dag.py took 0.146 seconds
[2024-08-24T03:11:49.950+0000] {processor.py:186} INFO - Started process (PID=434) to work on /home/airflow/.local/lib/python3.12/site-packages/airflow/example_dags/example_nested_branch_dag.py
[2024-08-24T03:11:49.955+0000] {processor.py:914} INFO - Processing file /home/airflow/.local/lib/python3.12/site-packages/airflow/example_dags/example_nested_branch_dag.py for tasks to queue
[2024-08-24T03:11:49.959+0000] {logging_mixin.py:190} INFO - [2024-08-24T03:11:49.958+0000] {dagbag.py:587} INFO - Filling up the DagBag from /home/airflow/.local/lib/python3.12/site-packages/airflow/example_dags/example_nested_branch_dag.py
[2024-08-24T03:11:49.990+0000] {processor.py:925} INFO - DAG(s) 'example_nested_branch_dag' retrieved from /home/airflow/.local/lib/python3.12/site-packages/airflow/example_dags/example_nested_branch_dag.py
[2024-08-24T03:11:50.825+0000] {logging_mixin.py:190} INFO - [2024-08-24T03:11:50.825+0000] {dag.py:3211} INFO - Sync 1 DAGs
[2024-08-24T03:11:51.924+0000] {logging_mixin.py:190} INFO - [2024-08-24T03:11:51.924+0000] {dag.py:4138} INFO - Setting next_dagrun for example_nested_branch_dag to 2024-08-23 00:00:00+00:00, run_after=2024-08-24 00:00:00+00:00
[2024-08-24T03:11:52.021+0000] {processor.py:208} INFO - Processing /home/airflow/.local/lib/python3.12/site-packages/airflow/example_dags/example_nested_branch_dag.py took 2.079 seconds
[2024-08-24T03:12:22.318+0000] {processor.py:186} INFO - Started process (PID=497) to work on /home/airflow/.local/lib/python3.12/site-packages/airflow/example_dags/example_nested_branch_dag.py
[2024-08-24T03:12:22.319+0000] {processor.py:914} INFO - Processing file /home/airflow/.local/lib/python3.12/site-packages/airflow/example_dags/example_nested_branch_dag.py for tasks to queue
[2024-08-24T03:12:22.324+0000] {logging_mixin.py:190} INFO - [2024-08-24T03:12:22.323+0000] {dagbag.py:587} INFO - Filling up the DagBag from /home/airflow/.local/lib/python3.12/site-packages/airflow/example_dags/example_nested_branch_dag.py
[2024-08-24T03:12:22.343+0000] {processor.py:925} INFO - DAG(s) 'example_nested_branch_dag' retrieved from /home/airflow/.local/lib/python3.12/site-packages/airflow/example_dags/example_nested_branch_dag.py
[2024-08-24T03:12:22.378+0000] {logging_mixin.py:190} INFO - [2024-08-24T03:12:22.378+0000] {dag.py:3211} INFO - Sync 1 DAGs
[2024-08-24T03:12:22.412+0000] {logging_mixin.py:190} INFO - [2024-08-24T03:12:22.411+0000] {dag.py:4138} INFO - Setting next_dagrun for example_nested_branch_dag to 2024-08-23 00:00:00+00:00, run_after=2024-08-24 00:00:00+00:00
[2024-08-24T03:12:22.442+0000] {processor.py:208} INFO - Processing /home/airflow/.local/lib/python3.12/site-packages/airflow/example_dags/example_nested_branch_dag.py took 0.136 seconds
[2024-08-24T03:12:52.964+0000] {processor.py:186} INFO - Started process (PID=560) to work on /home/airflow/.local/lib/python3.12/site-packages/airflow/example_dags/example_nested_branch_dag.py
[2024-08-24T03:12:52.966+0000] {processor.py:914} INFO - Processing file /home/airflow/.local/lib/python3.12/site-packages/airflow/example_dags/example_nested_branch_dag.py for tasks to queue
[2024-08-24T03:12:52.970+0000] {logging_mixin.py:190} INFO - [2024-08-24T03:12:52.970+0000] {dagbag.py:587} INFO - Filling up the DagBag from /home/airflow/.local/lib/python3.12/site-packages/airflow/example_dags/example_nested_branch_dag.py
[2024-08-24T03:12:52.992+0000] {processor.py:925} INFO - DAG(s) 'example_nested_branch_dag' retrieved from /home/airflow/.local/lib/python3.12/site-packages/airflow/example_dags/example_nested_branch_dag.py
[2024-08-24T03:12:53.056+0000] {logging_mixin.py:190} INFO - [2024-08-24T03:12:53.053+0000] {dag.py:3211} INFO - Sync 1 DAGs
[2024-08-24T03:12:53.098+0000] {logging_mixin.py:190} INFO - [2024-08-24T03:12:53.098+0000] {dag.py:4138} INFO - Setting next_dagrun for example_nested_branch_dag to 2024-08-23 00:00:00+00:00, run_after=2024-08-24 00:00:00+00:00
[2024-08-24T03:12:53.146+0000] {processor.py:208} INFO - Processing /home/airflow/.local/lib/python3.12/site-packages/airflow/example_dags/example_nested_branch_dag.py took 0.195 seconds
[2024-08-24T03:13:23.420+0000] {processor.py:186} INFO - Started process (PID=623) to work on /home/airflow/.local/lib/python3.12/site-packages/airflow/example_dags/example_nested_branch_dag.py
[2024-08-24T03:13:23.421+0000] {processor.py:914} INFO - Processing file /home/airflow/.local/lib/python3.12/site-packages/airflow/example_dags/example_nested_branch_dag.py for tasks to queue
[2024-08-24T03:13:23.425+0000] {logging_mixin.py:190} INFO - [2024-08-24T03:13:23.424+0000] {dagbag.py:587} INFO - Filling up the DagBag from /home/airflow/.local/lib/python3.12/site-packages/airflow/example_dags/example_nested_branch_dag.py
[2024-08-24T03:13:23.443+0000] {processor.py:925} INFO - DAG(s) 'example_nested_branch_dag' retrieved from /home/airflow/.local/lib/python3.12/site-packages/airflow/example_dags/example_nested_branch_dag.py
[2024-08-24T03:13:23.490+0000] {logging_mixin.py:190} INFO - [2024-08-24T03:13:23.490+0000] {dag.py:3211} INFO - Sync 1 DAGs
[2024-08-24T03:13:23.548+0000] {logging_mixin.py:190} INFO - [2024-08-24T03:13:23.548+0000] {dag.py:4138} INFO - Setting next_dagrun for example_nested_branch_dag to 2024-08-23 00:00:00+00:00, run_after=2024-08-24 00:00:00+00:00
[2024-08-24T03:13:23.583+0000] {processor.py:208} INFO - Processing /home/airflow/.local/lib/python3.12/site-packages/airflow/example_dags/example_nested_branch_dag.py took 0.175 seconds
[2024-08-24T03:13:54.258+0000] {processor.py:186} INFO - Started process (PID=685) to work on /home/airflow/.local/lib/python3.12/site-packages/airflow/example_dags/example_nested_branch_dag.py
[2024-08-24T03:13:54.263+0000] {processor.py:914} INFO - Processing file /home/airflow/.local/lib/python3.12/site-packages/airflow/example_dags/example_nested_branch_dag.py for tasks to queue
[2024-08-24T03:13:54.274+0000] {logging_mixin.py:190} INFO - [2024-08-24T03:13:54.274+0000] {dagbag.py:587} INFO - Filling up the DagBag from /home/airflow/.local/lib/python3.12/site-packages/airflow/example_dags/example_nested_branch_dag.py
[2024-08-24T03:13:54.321+0000] {processor.py:925} INFO - DAG(s) 'example_nested_branch_dag' retrieved from /home/airflow/.local/lib/python3.12/site-packages/airflow/example_dags/example_nested_branch_dag.py
[2024-08-24T03:13:54.363+0000] {logging_mixin.py:190} INFO - [2024-08-24T03:13:54.362+0000] {dag.py:3211} INFO - Sync 1 DAGs
[2024-08-24T03:13:54.420+0000] {logging_mixin.py:190} INFO - [2024-08-24T03:13:54.420+0000] {dag.py:4138} INFO - Setting next_dagrun for example_nested_branch_dag to 2024-08-23 00:00:00+00:00, run_after=2024-08-24 00:00:00+00:00
[2024-08-24T03:13:54.457+0000] {processor.py:208} INFO - Processing /home/airflow/.local/lib/python3.12/site-packages/airflow/example_dags/example_nested_branch_dag.py took 0.226 seconds
[2024-08-24T03:14:24.765+0000] {processor.py:186} INFO - Started process (PID=748) to work on /home/airflow/.local/lib/python3.12/site-packages/airflow/example_dags/example_nested_branch_dag.py
[2024-08-24T03:14:24.766+0000] {processor.py:914} INFO - Processing file /home/airflow/.local/lib/python3.12/site-packages/airflow/example_dags/example_nested_branch_dag.py for tasks to queue
[2024-08-24T03:14:24.769+0000] {logging_mixin.py:190} INFO - [2024-08-24T03:14:24.769+0000] {dagbag.py:587} INFO - Filling up the DagBag from /home/airflow/.local/lib/python3.12/site-packages/airflow/example_dags/example_nested_branch_dag.py
[2024-08-24T03:14:24.790+0000] {processor.py:925} INFO - DAG(s) 'example_nested_branch_dag' retrieved from /home/airflow/.local/lib/python3.12/site-packages/airflow/example_dags/example_nested_branch_dag.py
[2024-08-24T03:14:24.827+0000] {logging_mixin.py:190} INFO - [2024-08-24T03:14:24.827+0000] {dag.py:3211} INFO - Sync 1 DAGs
[2024-08-24T03:14:24.862+0000] {logging_mixin.py:190} INFO - [2024-08-24T03:14:24.862+0000] {dag.py:4138} INFO - Setting next_dagrun for example_nested_branch_dag to 2024-08-23 00:00:00+00:00, run_after=2024-08-24 00:00:00+00:00
[2024-08-24T03:14:24.894+0000] {processor.py:208} INFO - Processing /home/airflow/.local/lib/python3.12/site-packages/airflow/example_dags/example_nested_branch_dag.py took 0.141 seconds
[2024-08-24T03:14:54.982+0000] {processor.py:186} INFO - Started process (PID=810) to work on /home/airflow/.local/lib/python3.12/site-packages/airflow/example_dags/example_nested_branch_dag.py
[2024-08-24T03:14:54.984+0000] {processor.py:914} INFO - Processing file /home/airflow/.local/lib/python3.12/site-packages/airflow/example_dags/example_nested_branch_dag.py for tasks to queue
[2024-08-24T03:14:54.990+0000] {logging_mixin.py:190} INFO - [2024-08-24T03:14:54.989+0000] {dagbag.py:587} INFO - Filling up the DagBag from /home/airflow/.local/lib/python3.12/site-packages/airflow/example_dags/example_nested_branch_dag.py
[2024-08-24T03:14:55.013+0000] {processor.py:925} INFO - DAG(s) 'example_nested_branch_dag' retrieved from /home/airflow/.local/lib/python3.12/site-packages/airflow/example_dags/example_nested_branch_dag.py
[2024-08-24T03:14:55.056+0000] {logging_mixin.py:190} INFO - [2024-08-24T03:14:55.055+0000] {dag.py:3211} INFO - Sync 1 DAGs
[2024-08-24T03:14:55.089+0000] {logging_mixin.py:190} INFO - [2024-08-24T03:14:55.088+0000] {dag.py:4138} INFO - Setting next_dagrun for example_nested_branch_dag to 2024-08-23 00:00:00+00:00, run_after=2024-08-24 00:00:00+00:00
[2024-08-24T03:14:55.118+0000] {processor.py:208} INFO - Processing /home/airflow/.local/lib/python3.12/site-packages/airflow/example_dags/example_nested_branch_dag.py took 0.146 seconds
[2024-08-24T03:15:25.594+0000] {processor.py:186} INFO - Started process (PID=873) to work on /home/airflow/.local/lib/python3.12/site-packages/airflow/example_dags/example_nested_branch_dag.py
[2024-08-24T03:15:25.598+0000] {processor.py:914} INFO - Processing file /home/airflow/.local/lib/python3.12/site-packages/airflow/example_dags/example_nested_branch_dag.py for tasks to queue
[2024-08-24T03:15:25.602+0000] {logging_mixin.py:190} INFO - [2024-08-24T03:15:25.601+0000] {dagbag.py:587} INFO - Filling up the DagBag from /home/airflow/.local/lib/python3.12/site-packages/airflow/example_dags/example_nested_branch_dag.py
[2024-08-24T03:15:25.622+0000] {processor.py:925} INFO - DAG(s) 'example_nested_branch_dag' retrieved from /home/airflow/.local/lib/python3.12/site-packages/airflow/example_dags/example_nested_branch_dag.py
[2024-08-24T03:15:25.672+0000] {logging_mixin.py:190} INFO - [2024-08-24T03:15:25.672+0000] {dag.py:3211} INFO - Sync 1 DAGs
[2024-08-24T03:15:25.712+0000] {logging_mixin.py:190} INFO - [2024-08-24T03:15:25.712+0000] {dag.py:4138} INFO - Setting next_dagrun for example_nested_branch_dag to 2024-08-23 00:00:00+00:00, run_after=2024-08-24 00:00:00+00:00
[2024-08-24T03:15:25.754+0000] {processor.py:208} INFO - Processing /home/airflow/.local/lib/python3.12/site-packages/airflow/example_dags/example_nested_branch_dag.py took 0.170 seconds
[2024-08-24T03:23:51.109+0000] {processor.py:186} INFO - Started process (PID=120) to work on /home/airflow/.local/lib/python3.12/site-packages/airflow/example_dags/example_nested_branch_dag.py
[2024-08-24T03:23:51.237+0000] {processor.py:914} INFO - Processing file /home/airflow/.local/lib/python3.12/site-packages/airflow/example_dags/example_nested_branch_dag.py for tasks to queue
[2024-08-24T03:23:51.304+0000] {logging_mixin.py:190} INFO - [2024-08-24T03:23:51.303+0000] {dagbag.py:587} INFO - Filling up the DagBag from /home/airflow/.local/lib/python3.12/site-packages/airflow/example_dags/example_nested_branch_dag.py
[2024-08-24T03:23:54.097+0000] {processor.py:925} INFO - DAG(s) 'example_nested_branch_dag' retrieved from /home/airflow/.local/lib/python3.12/site-packages/airflow/example_dags/example_nested_branch_dag.py
[2024-08-24T03:24:00.973+0000] {logging_mixin.py:190} INFO - [2024-08-24T03:24:00.973+0000] {dag.py:3211} INFO - Sync 1 DAGs
[2024-08-24T03:24:04.929+0000] {logging_mixin.py:190} INFO - [2024-08-24T03:24:04.929+0000] {dag.py:4138} INFO - Setting next_dagrun for example_nested_branch_dag to 2024-08-23 00:00:00+00:00, run_after=2024-08-24 00:00:00+00:00
[2024-08-24T03:24:05.724+0000] {processor.py:208} INFO - Processing /home/airflow/.local/lib/python3.12/site-packages/airflow/example_dags/example_nested_branch_dag.py took 17.343 seconds
[2024-08-24T03:37:06.567+0000] {processor.py:186} INFO - Started process (PID=85) to work on /home/airflow/.local/lib/python3.12/site-packages/airflow/example_dags/example_nested_branch_dag.py
[2024-08-24T03:37:06.675+0000] {processor.py:914} INFO - Processing file /home/airflow/.local/lib/python3.12/site-packages/airflow/example_dags/example_nested_branch_dag.py for tasks to queue
[2024-08-24T03:37:06.909+0000] {logging_mixin.py:190} INFO - [2024-08-24T03:37:06.907+0000] {dagbag.py:587} INFO - Filling up the DagBag from /home/airflow/.local/lib/python3.12/site-packages/airflow/example_dags/example_nested_branch_dag.py
[2024-08-24T03:37:06.973+0000] {processor.py:925} INFO - DAG(s) 'example_nested_branch_dag' retrieved from /home/airflow/.local/lib/python3.12/site-packages/airflow/example_dags/example_nested_branch_dag.py
[2024-08-24T03:37:11.827+0000] {logging_mixin.py:190} INFO - [2024-08-24T03:37:11.827+0000] {process_utils.py:266} INFO - Waiting up to 5 seconds for processes to exit...
[2024-08-24T18:11:29.129+0000] {processor.py:186} INFO - Started process (PID=78) to work on /home/airflow/.local/lib/python3.12/site-packages/airflow/example_dags/example_nested_branch_dag.py
[2024-08-24T18:11:29.134+0000] {processor.py:914} INFO - Processing file /home/airflow/.local/lib/python3.12/site-packages/airflow/example_dags/example_nested_branch_dag.py for tasks to queue
[2024-08-24T18:11:29.137+0000] {logging_mixin.py:190} INFO - [2024-08-24T18:11:29.137+0000] {dagbag.py:587} INFO - Filling up the DagBag from /home/airflow/.local/lib/python3.12/site-packages/airflow/example_dags/example_nested_branch_dag.py
[2024-08-24T18:11:29.161+0000] {processor.py:925} INFO - DAG(s) 'example_nested_branch_dag' retrieved from /home/airflow/.local/lib/python3.12/site-packages/airflow/example_dags/example_nested_branch_dag.py
[2024-08-24T18:11:29.215+0000] {logging_mixin.py:190} INFO - [2024-08-24T18:11:29.215+0000] {dag.py:3211} INFO - Sync 1 DAGs
[2024-08-24T18:11:29.303+0000] {logging_mixin.py:190} INFO - [2024-08-24T18:11:29.294+0000] {dag.py:4138} INFO - Setting next_dagrun for example_nested_branch_dag to 2024-08-23 00:00:00+00:00, run_after=2024-08-24 00:00:00+00:00
[2024-08-24T18:11:29.454+0000] {processor.py:208} INFO - Processing /home/airflow/.local/lib/python3.12/site-packages/airflow/example_dags/example_nested_branch_dag.py took 0.334 seconds
[2024-08-24T18:12:02.330+0000] {processor.py:186} INFO - Started process (PID=141) to work on /home/airflow/.local/lib/python3.12/site-packages/airflow/example_dags/example_nested_branch_dag.py
[2024-08-24T18:12:02.333+0000] {processor.py:914} INFO - Processing file /home/airflow/.local/lib/python3.12/site-packages/airflow/example_dags/example_nested_branch_dag.py for tasks to queue
[2024-08-24T18:12:02.336+0000] {logging_mixin.py:190} INFO - [2024-08-24T18:12:02.336+0000] {dagbag.py:587} INFO - Filling up the DagBag from /home/airflow/.local/lib/python3.12/site-packages/airflow/example_dags/example_nested_branch_dag.py
[2024-08-24T18:12:02.376+0000] {processor.py:925} INFO - DAG(s) 'example_nested_branch_dag' retrieved from /home/airflow/.local/lib/python3.12/site-packages/airflow/example_dags/example_nested_branch_dag.py
[2024-08-24T18:12:02.423+0000] {logging_mixin.py:190} INFO - [2024-08-24T18:12:02.422+0000] {dag.py:3211} INFO - Sync 1 DAGs
[2024-08-24T18:12:02.460+0000] {logging_mixin.py:190} INFO - [2024-08-24T18:12:02.459+0000] {dag.py:4138} INFO - Setting next_dagrun for example_nested_branch_dag to 2024-08-23 00:00:00+00:00, run_after=2024-08-24 00:00:00+00:00
[2024-08-24T18:12:02.586+0000] {processor.py:208} INFO - Processing /home/airflow/.local/lib/python3.12/site-packages/airflow/example_dags/example_nested_branch_dag.py took 0.287 seconds
[2024-08-24T18:12:32.851+0000] {processor.py:186} INFO - Started process (PID=204) to work on /home/airflow/.local/lib/python3.12/site-packages/airflow/example_dags/example_nested_branch_dag.py
[2024-08-24T18:12:32.853+0000] {processor.py:914} INFO - Processing file /home/airflow/.local/lib/python3.12/site-packages/airflow/example_dags/example_nested_branch_dag.py for tasks to queue
[2024-08-24T18:12:32.858+0000] {logging_mixin.py:190} INFO - [2024-08-24T18:12:32.857+0000] {dagbag.py:587} INFO - Filling up the DagBag from /home/airflow/.local/lib/python3.12/site-packages/airflow/example_dags/example_nested_branch_dag.py
[2024-08-24T18:12:32.904+0000] {processor.py:925} INFO - DAG(s) 'example_nested_branch_dag' retrieved from /home/airflow/.local/lib/python3.12/site-packages/airflow/example_dags/example_nested_branch_dag.py
[2024-08-24T18:12:32.975+0000] {logging_mixin.py:190} INFO - [2024-08-24T18:12:32.974+0000] {dag.py:3211} INFO - Sync 1 DAGs
[2024-08-24T18:12:33.067+0000] {logging_mixin.py:190} INFO - [2024-08-24T18:12:33.065+0000] {dag.py:4138} INFO - Setting next_dagrun for example_nested_branch_dag to 2024-08-23 00:00:00+00:00, run_after=2024-08-24 00:00:00+00:00
[2024-08-24T18:12:33.133+0000] {processor.py:208} INFO - Processing /home/airflow/.local/lib/python3.12/site-packages/airflow/example_dags/example_nested_branch_dag.py took 0.292 seconds
[2024-08-24T18:13:13.670+0000] {processor.py:186} INFO - Started process (PID=273) to work on /home/airflow/.local/lib/python3.12/site-packages/airflow/example_dags/example_nested_branch_dag.py
[2024-08-24T18:13:13.736+0000] {processor.py:914} INFO - Processing file /home/airflow/.local/lib/python3.12/site-packages/airflow/example_dags/example_nested_branch_dag.py for tasks to queue
[2024-08-24T18:13:13.770+0000] {logging_mixin.py:190} INFO - [2024-08-24T18:13:13.739+0000] {dagbag.py:587} INFO - Filling up the DagBag from /home/airflow/.local/lib/python3.12/site-packages/airflow/example_dags/example_nested_branch_dag.py
[2024-08-24T18:13:14.252+0000] {processor.py:925} INFO - DAG(s) 'example_nested_branch_dag' retrieved from /home/airflow/.local/lib/python3.12/site-packages/airflow/example_dags/example_nested_branch_dag.py
[2024-08-24T18:13:14.368+0000] {logging_mixin.py:190} INFO - [2024-08-24T18:13:14.367+0000] {dag.py:3211} INFO - Sync 1 DAGs
[2024-08-24T18:13:14.423+0000] {logging_mixin.py:190} INFO - [2024-08-24T18:13:14.419+0000] {dag.py:4138} INFO - Setting next_dagrun for example_nested_branch_dag to 2024-08-23 00:00:00+00:00, run_after=2024-08-24 00:00:00+00:00
[2024-08-24T18:13:14.617+0000] {processor.py:208} INFO - Processing /home/airflow/.local/lib/python3.12/site-packages/airflow/example_dags/example_nested_branch_dag.py took 1.196 seconds
[2024-08-24T18:13:56.658+0000] {processor.py:186} INFO - Started process (PID=337) to work on /home/airflow/.local/lib/python3.12/site-packages/airflow/example_dags/example_nested_branch_dag.py
[2024-08-24T18:13:56.666+0000] {processor.py:914} INFO - Processing file /home/airflow/.local/lib/python3.12/site-packages/airflow/example_dags/example_nested_branch_dag.py for tasks to queue
[2024-08-24T18:13:56.670+0000] {logging_mixin.py:190} INFO - [2024-08-24T18:13:56.669+0000] {dagbag.py:587} INFO - Filling up the DagBag from /home/airflow/.local/lib/python3.12/site-packages/airflow/example_dags/example_nested_branch_dag.py
[2024-08-24T18:13:56.851+0000] {processor.py:925} INFO - DAG(s) 'example_nested_branch_dag' retrieved from /home/airflow/.local/lib/python3.12/site-packages/airflow/example_dags/example_nested_branch_dag.py
[2024-08-24T18:13:57.306+0000] {logging_mixin.py:190} INFO - [2024-08-24T18:13:57.305+0000] {dag.py:3211} INFO - Sync 1 DAGs
[2024-08-24T18:13:57.553+0000] {logging_mixin.py:190} INFO - [2024-08-24T18:13:57.552+0000] {dag.py:4138} INFO - Setting next_dagrun for example_nested_branch_dag to 2024-08-23 00:00:00+00:00, run_after=2024-08-24 00:00:00+00:00
[2024-08-24T18:13:57.989+0000] {processor.py:208} INFO - Processing /home/airflow/.local/lib/python3.12/site-packages/airflow/example_dags/example_nested_branch_dag.py took 1.464 seconds
[2024-08-24T18:14:28.890+0000] {processor.py:186} INFO - Started process (PID=401) to work on /home/airflow/.local/lib/python3.12/site-packages/airflow/example_dags/example_nested_branch_dag.py
[2024-08-24T18:14:28.894+0000] {processor.py:914} INFO - Processing file /home/airflow/.local/lib/python3.12/site-packages/airflow/example_dags/example_nested_branch_dag.py for tasks to queue
[2024-08-24T18:14:28.897+0000] {logging_mixin.py:190} INFO - [2024-08-24T18:14:28.896+0000] {dagbag.py:587} INFO - Filling up the DagBag from /home/airflow/.local/lib/python3.12/site-packages/airflow/example_dags/example_nested_branch_dag.py
[2024-08-24T18:14:28.927+0000] {processor.py:925} INFO - DAG(s) 'example_nested_branch_dag' retrieved from /home/airflow/.local/lib/python3.12/site-packages/airflow/example_dags/example_nested_branch_dag.py
[2024-08-24T18:14:28.962+0000] {logging_mixin.py:190} INFO - [2024-08-24T18:14:28.961+0000] {dag.py:3211} INFO - Sync 1 DAGs
[2024-08-24T18:14:28.993+0000] {logging_mixin.py:190} INFO - [2024-08-24T18:14:28.993+0000] {dag.py:4138} INFO - Setting next_dagrun for example_nested_branch_dag to 2024-08-23 00:00:00+00:00, run_after=2024-08-24 00:00:00+00:00
[2024-08-24T18:14:29.023+0000] {processor.py:208} INFO - Processing /home/airflow/.local/lib/python3.12/site-packages/airflow/example_dags/example_nested_branch_dag.py took 0.149 seconds
