[2024-08-24T03:08:38.998+0000] {processor.py:186} INFO - Started process (PID=105) to work on /home/airflow/.local/lib/python3.12/site-packages/airflow/example_dags/example_bash_operator.py
[2024-08-24T03:08:39.000+0000] {processor.py:914} INFO - Processing file /home/airflow/.local/lib/python3.12/site-packages/airflow/example_dags/example_bash_operator.py for tasks to queue
[2024-08-24T03:08:39.004+0000] {logging_mixin.py:190} INFO - [2024-08-24T03:08:39.004+0000] {dagbag.py:587} INFO - Filling up the DagBag from /home/airflow/.local/lib/python3.12/site-packages/airflow/example_dags/example_bash_operator.py
[2024-08-24T03:08:41.078+0000] {processor.py:925} INFO - DAG(s) 'example_bash_operator' retrieved from /home/airflow/.local/lib/python3.12/site-packages/airflow/example_dags/example_bash_operator.py
[2024-08-24T03:08:44.114+0000] {logging_mixin.py:190} INFO - [2024-08-24T03:08:44.098+0000] {override.py:1858} INFO - Created Permission View: can delete on DAG:example_bash_operator
[2024-08-24T03:08:46.503+0000] {logging_mixin.py:190} INFO - [2024-08-24T03:08:46.502+0000] {override.py:1858} INFO - Created Permission View: can read on DAG:example_bash_operator
[2024-08-24T03:08:46.737+0000] {logging_mixin.py:190} INFO - [2024-08-24T03:08:46.734+0000] {override.py:1858} INFO - Created Permission View: can edit on DAG:example_bash_operator
[2024-08-24T03:08:46.738+0000] {logging_mixin.py:190} INFO - [2024-08-24T03:08:46.738+0000] {dag.py:3211} INFO - Sync 1 DAGs
[2024-08-24T03:08:47.235+0000] {logging_mixin.py:190} INFO - [2024-08-24T03:08:47.235+0000] {dag.py:3234} INFO - Creating ORM DAG for example_bash_operator
[2024-08-24T03:08:47.463+0000] {logging_mixin.py:190} INFO - [2024-08-24T03:08:47.463+0000] {dag.py:4138} INFO - Setting next_dagrun for example_bash_operator to 2024-08-23 00:00:00+00:00, run_after=2024-08-24 00:00:00+00:00
[2024-08-24T03:08:48.328+0000] {processor.py:208} INFO - Processing /home/airflow/.local/lib/python3.12/site-packages/airflow/example_dags/example_bash_operator.py took 9.344 seconds
[2024-08-24T03:09:39.877+0000] {processor.py:186} INFO - Started process (PID=168) to work on /home/airflow/.local/lib/python3.12/site-packages/airflow/example_dags/example_bash_operator.py
[2024-08-24T03:09:39.883+0000] {processor.py:914} INFO - Processing file /home/airflow/.local/lib/python3.12/site-packages/airflow/example_dags/example_bash_operator.py for tasks to queue
[2024-08-24T03:09:39.886+0000] {logging_mixin.py:190} INFO - [2024-08-24T03:09:39.886+0000] {dagbag.py:587} INFO - Filling up the DagBag from /home/airflow/.local/lib/python3.12/site-packages/airflow/example_dags/example_bash_operator.py
[2024-08-24T03:09:39.904+0000] {processor.py:925} INFO - DAG(s) 'example_bash_operator' retrieved from /home/airflow/.local/lib/python3.12/site-packages/airflow/example_dags/example_bash_operator.py
[2024-08-24T03:09:39.951+0000] {logging_mixin.py:190} INFO - [2024-08-24T03:09:39.951+0000] {dag.py:3211} INFO - Sync 1 DAGs
[2024-08-24T03:09:39.978+0000] {logging_mixin.py:190} INFO - [2024-08-24T03:09:39.977+0000] {dag.py:4138} INFO - Setting next_dagrun for example_bash_operator to 2024-08-23 00:00:00+00:00, run_after=2024-08-24 00:00:00+00:00
[2024-08-24T03:09:40.013+0000] {processor.py:208} INFO - Processing /home/airflow/.local/lib/python3.12/site-packages/airflow/example_dags/example_bash_operator.py took 0.143 seconds
[2024-08-24T03:10:10.161+0000] {processor.py:186} INFO - Started process (PID=232) to work on /home/airflow/.local/lib/python3.12/site-packages/airflow/example_dags/example_bash_operator.py
[2024-08-24T03:10:10.163+0000] {processor.py:914} INFO - Processing file /home/airflow/.local/lib/python3.12/site-packages/airflow/example_dags/example_bash_operator.py for tasks to queue
[2024-08-24T03:10:10.171+0000] {logging_mixin.py:190} INFO - [2024-08-24T03:10:10.170+0000] {dagbag.py:587} INFO - Filling up the DagBag from /home/airflow/.local/lib/python3.12/site-packages/airflow/example_dags/example_bash_operator.py
[2024-08-24T03:10:10.189+0000] {processor.py:925} INFO - DAG(s) 'example_bash_operator' retrieved from /home/airflow/.local/lib/python3.12/site-packages/airflow/example_dags/example_bash_operator.py
[2024-08-24T03:10:10.248+0000] {logging_mixin.py:190} INFO - [2024-08-24T03:10:10.247+0000] {dag.py:3211} INFO - Sync 1 DAGs
[2024-08-24T03:10:10.284+0000] {logging_mixin.py:190} INFO - [2024-08-24T03:10:10.283+0000] {dag.py:4138} INFO - Setting next_dagrun for example_bash_operator to 2024-08-23 00:00:00+00:00, run_after=2024-08-24 00:00:00+00:00
[2024-08-24T03:10:10.318+0000] {processor.py:208} INFO - Processing /home/airflow/.local/lib/python3.12/site-packages/airflow/example_dags/example_bash_operator.py took 0.167 seconds
[2024-08-24T03:10:40.852+0000] {processor.py:186} INFO - Started process (PID=295) to work on /home/airflow/.local/lib/python3.12/site-packages/airflow/example_dags/example_bash_operator.py
[2024-08-24T03:10:40.854+0000] {processor.py:914} INFO - Processing file /home/airflow/.local/lib/python3.12/site-packages/airflow/example_dags/example_bash_operator.py for tasks to queue
[2024-08-24T03:10:40.857+0000] {logging_mixin.py:190} INFO - [2024-08-24T03:10:40.857+0000] {dagbag.py:587} INFO - Filling up the DagBag from /home/airflow/.local/lib/python3.12/site-packages/airflow/example_dags/example_bash_operator.py
[2024-08-24T03:10:40.880+0000] {processor.py:925} INFO - DAG(s) 'example_bash_operator' retrieved from /home/airflow/.local/lib/python3.12/site-packages/airflow/example_dags/example_bash_operator.py
[2024-08-24T03:10:40.929+0000] {logging_mixin.py:190} INFO - [2024-08-24T03:10:40.929+0000] {dag.py:3211} INFO - Sync 1 DAGs
[2024-08-24T03:10:40.978+0000] {logging_mixin.py:190} INFO - [2024-08-24T03:10:40.978+0000] {dag.py:4138} INFO - Setting next_dagrun for example_bash_operator to 2024-08-23 00:00:00+00:00, run_after=2024-08-24 00:00:00+00:00
[2024-08-24T03:10:41.001+0000] {processor.py:208} INFO - Processing /home/airflow/.local/lib/python3.12/site-packages/airflow/example_dags/example_bash_operator.py took 0.158 seconds
[2024-08-24T03:11:13.687+0000] {processor.py:186} INFO - Started process (PID=364) to work on /home/airflow/.local/lib/python3.12/site-packages/airflow/example_dags/example_bash_operator.py
[2024-08-24T03:11:13.691+0000] {processor.py:914} INFO - Processing file /home/airflow/.local/lib/python3.12/site-packages/airflow/example_dags/example_bash_operator.py for tasks to queue
[2024-08-24T03:11:13.695+0000] {logging_mixin.py:190} INFO - [2024-08-24T03:11:13.694+0000] {dagbag.py:587} INFO - Filling up the DagBag from /home/airflow/.local/lib/python3.12/site-packages/airflow/example_dags/example_bash_operator.py
[2024-08-24T03:11:13.714+0000] {processor.py:925} INFO - DAG(s) 'example_bash_operator' retrieved from /home/airflow/.local/lib/python3.12/site-packages/airflow/example_dags/example_bash_operator.py
[2024-08-24T03:11:13.752+0000] {logging_mixin.py:190} INFO - [2024-08-24T03:11:13.752+0000] {dag.py:3211} INFO - Sync 1 DAGs
[2024-08-24T03:11:13.783+0000] {logging_mixin.py:190} INFO - [2024-08-24T03:11:13.783+0000] {dag.py:4138} INFO - Setting next_dagrun for example_bash_operator to 2024-08-23 00:00:00+00:00, run_after=2024-08-24 00:00:00+00:00
[2024-08-24T03:11:13.850+0000] {processor.py:208} INFO - Processing /home/airflow/.local/lib/python3.12/site-packages/airflow/example_dags/example_bash_operator.py took 0.175 seconds
[2024-08-24T03:11:45.079+0000] {processor.py:186} INFO - Started process (PID=426) to work on /home/airflow/.local/lib/python3.12/site-packages/airflow/example_dags/example_bash_operator.py
[2024-08-24T03:11:45.097+0000] {processor.py:914} INFO - Processing file /home/airflow/.local/lib/python3.12/site-packages/airflow/example_dags/example_bash_operator.py for tasks to queue
[2024-08-24T03:11:45.116+0000] {logging_mixin.py:190} INFO - [2024-08-24T03:11:45.115+0000] {dagbag.py:587} INFO - Filling up the DagBag from /home/airflow/.local/lib/python3.12/site-packages/airflow/example_dags/example_bash_operator.py
[2024-08-24T03:11:45.133+0000] {processor.py:925} INFO - DAG(s) 'example_bash_operator' retrieved from /home/airflow/.local/lib/python3.12/site-packages/airflow/example_dags/example_bash_operator.py
[2024-08-24T03:11:45.417+0000] {logging_mixin.py:190} INFO - [2024-08-24T03:11:45.417+0000] {dag.py:3211} INFO - Sync 1 DAGs
[2024-08-24T03:11:45.638+0000] {logging_mixin.py:190} INFO - [2024-08-24T03:11:45.638+0000] {dag.py:4138} INFO - Setting next_dagrun for example_bash_operator to 2024-08-23 00:00:00+00:00, run_after=2024-08-24 00:00:00+00:00
[2024-08-24T03:11:45.873+0000] {processor.py:208} INFO - Processing /home/airflow/.local/lib/python3.12/site-packages/airflow/example_dags/example_bash_operator.py took 0.828 seconds
[2024-08-24T03:12:16.761+0000] {processor.py:186} INFO - Started process (PID=489) to work on /home/airflow/.local/lib/python3.12/site-packages/airflow/example_dags/example_bash_operator.py
[2024-08-24T03:12:16.762+0000] {processor.py:914} INFO - Processing file /home/airflow/.local/lib/python3.12/site-packages/airflow/example_dags/example_bash_operator.py for tasks to queue
[2024-08-24T03:12:16.766+0000] {logging_mixin.py:190} INFO - [2024-08-24T03:12:16.765+0000] {dagbag.py:587} INFO - Filling up the DagBag from /home/airflow/.local/lib/python3.12/site-packages/airflow/example_dags/example_bash_operator.py
[2024-08-24T03:12:16.787+0000] {processor.py:925} INFO - DAG(s) 'example_bash_operator' retrieved from /home/airflow/.local/lib/python3.12/site-packages/airflow/example_dags/example_bash_operator.py
[2024-08-24T03:12:16.836+0000] {logging_mixin.py:190} INFO - [2024-08-24T03:12:16.836+0000] {dag.py:3211} INFO - Sync 1 DAGs
[2024-08-24T03:12:16.892+0000] {logging_mixin.py:190} INFO - [2024-08-24T03:12:16.892+0000] {dag.py:4138} INFO - Setting next_dagrun for example_bash_operator to 2024-08-23 00:00:00+00:00, run_after=2024-08-24 00:00:00+00:00
[2024-08-24T03:12:16.932+0000] {processor.py:208} INFO - Processing /home/airflow/.local/lib/python3.12/site-packages/airflow/example_dags/example_bash_operator.py took 0.180 seconds
[2024-08-24T03:12:47.103+0000] {processor.py:186} INFO - Started process (PID=552) to work on /home/airflow/.local/lib/python3.12/site-packages/airflow/example_dags/example_bash_operator.py
[2024-08-24T03:12:47.106+0000] {processor.py:914} INFO - Processing file /home/airflow/.local/lib/python3.12/site-packages/airflow/example_dags/example_bash_operator.py for tasks to queue
[2024-08-24T03:12:47.112+0000] {logging_mixin.py:190} INFO - [2024-08-24T03:12:47.111+0000] {dagbag.py:587} INFO - Filling up the DagBag from /home/airflow/.local/lib/python3.12/site-packages/airflow/example_dags/example_bash_operator.py
[2024-08-24T03:12:47.132+0000] {processor.py:925} INFO - DAG(s) 'example_bash_operator' retrieved from /home/airflow/.local/lib/python3.12/site-packages/airflow/example_dags/example_bash_operator.py
[2024-08-24T03:12:47.181+0000] {logging_mixin.py:190} INFO - [2024-08-24T03:12:47.181+0000] {dag.py:3211} INFO - Sync 1 DAGs
[2024-08-24T03:12:47.212+0000] {logging_mixin.py:190} INFO - [2024-08-24T03:12:47.212+0000] {dag.py:4138} INFO - Setting next_dagrun for example_bash_operator to 2024-08-23 00:00:00+00:00, run_after=2024-08-24 00:00:00+00:00
[2024-08-24T03:12:47.238+0000] {processor.py:208} INFO - Processing /home/airflow/.local/lib/python3.12/site-packages/airflow/example_dags/example_bash_operator.py took 0.145 seconds
[2024-08-24T03:13:18.111+0000] {processor.py:186} INFO - Started process (PID=615) to work on /home/airflow/.local/lib/python3.12/site-packages/airflow/example_dags/example_bash_operator.py
[2024-08-24T03:13:18.112+0000] {processor.py:914} INFO - Processing file /home/airflow/.local/lib/python3.12/site-packages/airflow/example_dags/example_bash_operator.py for tasks to queue
[2024-08-24T03:13:18.116+0000] {logging_mixin.py:190} INFO - [2024-08-24T03:13:18.115+0000] {dagbag.py:587} INFO - Filling up the DagBag from /home/airflow/.local/lib/python3.12/site-packages/airflow/example_dags/example_bash_operator.py
[2024-08-24T03:13:18.135+0000] {processor.py:925} INFO - DAG(s) 'example_bash_operator' retrieved from /home/airflow/.local/lib/python3.12/site-packages/airflow/example_dags/example_bash_operator.py
[2024-08-24T03:13:18.183+0000] {logging_mixin.py:190} INFO - [2024-08-24T03:13:18.183+0000] {dag.py:3211} INFO - Sync 1 DAGs
[2024-08-24T03:13:18.250+0000] {logging_mixin.py:190} INFO - [2024-08-24T03:13:18.249+0000] {dag.py:4138} INFO - Setting next_dagrun for example_bash_operator to 2024-08-23 00:00:00+00:00, run_after=2024-08-24 00:00:00+00:00
[2024-08-24T03:13:18.332+0000] {processor.py:208} INFO - Processing /home/airflow/.local/lib/python3.12/site-packages/airflow/example_dags/example_bash_operator.py took 0.229 seconds
[2024-08-24T03:13:49.221+0000] {processor.py:186} INFO - Started process (PID=677) to work on /home/airflow/.local/lib/python3.12/site-packages/airflow/example_dags/example_bash_operator.py
[2024-08-24T03:13:49.223+0000] {processor.py:914} INFO - Processing file /home/airflow/.local/lib/python3.12/site-packages/airflow/example_dags/example_bash_operator.py for tasks to queue
[2024-08-24T03:13:49.226+0000] {logging_mixin.py:190} INFO - [2024-08-24T03:13:49.226+0000] {dagbag.py:587} INFO - Filling up the DagBag from /home/airflow/.local/lib/python3.12/site-packages/airflow/example_dags/example_bash_operator.py
[2024-08-24T03:13:49.246+0000] {processor.py:925} INFO - DAG(s) 'example_bash_operator' retrieved from /home/airflow/.local/lib/python3.12/site-packages/airflow/example_dags/example_bash_operator.py
[2024-08-24T03:13:49.299+0000] {logging_mixin.py:190} INFO - [2024-08-24T03:13:49.298+0000] {dag.py:3211} INFO - Sync 1 DAGs
[2024-08-24T03:13:49.335+0000] {logging_mixin.py:190} INFO - [2024-08-24T03:13:49.335+0000] {dag.py:4138} INFO - Setting next_dagrun for example_bash_operator to 2024-08-23 00:00:00+00:00, run_after=2024-08-24 00:00:00+00:00
[2024-08-24T03:13:49.386+0000] {processor.py:208} INFO - Processing /home/airflow/.local/lib/python3.12/site-packages/airflow/example_dags/example_bash_operator.py took 0.176 seconds
[2024-08-24T03:14:19.543+0000] {processor.py:186} INFO - Started process (PID=740) to work on /home/airflow/.local/lib/python3.12/site-packages/airflow/example_dags/example_bash_operator.py
[2024-08-24T03:14:19.545+0000] {processor.py:914} INFO - Processing file /home/airflow/.local/lib/python3.12/site-packages/airflow/example_dags/example_bash_operator.py for tasks to queue
[2024-08-24T03:14:19.554+0000] {logging_mixin.py:190} INFO - [2024-08-24T03:14:19.553+0000] {dagbag.py:587} INFO - Filling up the DagBag from /home/airflow/.local/lib/python3.12/site-packages/airflow/example_dags/example_bash_operator.py
[2024-08-24T03:14:19.578+0000] {processor.py:925} INFO - DAG(s) 'example_bash_operator' retrieved from /home/airflow/.local/lib/python3.12/site-packages/airflow/example_dags/example_bash_operator.py
[2024-08-24T03:14:19.643+0000] {logging_mixin.py:190} INFO - [2024-08-24T03:14:19.643+0000] {dag.py:3211} INFO - Sync 1 DAGs
[2024-08-24T03:14:19.700+0000] {logging_mixin.py:190} INFO - [2024-08-24T03:14:19.699+0000] {dag.py:4138} INFO - Setting next_dagrun for example_bash_operator to 2024-08-23 00:00:00+00:00, run_after=2024-08-24 00:00:00+00:00
[2024-08-24T03:14:19.726+0000] {processor.py:208} INFO - Processing /home/airflow/.local/lib/python3.12/site-packages/airflow/example_dags/example_bash_operator.py took 0.198 seconds
[2024-08-24T03:14:51.106+0000] {processor.py:186} INFO - Started process (PID=802) to work on /home/airflow/.local/lib/python3.12/site-packages/airflow/example_dags/example_bash_operator.py
[2024-08-24T03:14:51.108+0000] {processor.py:914} INFO - Processing file /home/airflow/.local/lib/python3.12/site-packages/airflow/example_dags/example_bash_operator.py for tasks to queue
[2024-08-24T03:14:51.113+0000] {logging_mixin.py:190} INFO - [2024-08-24T03:14:51.112+0000] {dagbag.py:587} INFO - Filling up the DagBag from /home/airflow/.local/lib/python3.12/site-packages/airflow/example_dags/example_bash_operator.py
[2024-08-24T03:14:51.131+0000] {processor.py:925} INFO - DAG(s) 'example_bash_operator' retrieved from /home/airflow/.local/lib/python3.12/site-packages/airflow/example_dags/example_bash_operator.py
[2024-08-24T03:14:51.172+0000] {logging_mixin.py:190} INFO - [2024-08-24T03:14:51.171+0000] {dag.py:3211} INFO - Sync 1 DAGs
[2024-08-24T03:14:51.204+0000] {logging_mixin.py:190} INFO - [2024-08-24T03:14:51.204+0000] {dag.py:4138} INFO - Setting next_dagrun for example_bash_operator to 2024-08-23 00:00:00+00:00, run_after=2024-08-24 00:00:00+00:00
[2024-08-24T03:14:51.232+0000] {processor.py:208} INFO - Processing /home/airflow/.local/lib/python3.12/site-packages/airflow/example_dags/example_bash_operator.py took 0.134 seconds
[2024-08-24T03:15:21.739+0000] {processor.py:186} INFO - Started process (PID=865) to work on /home/airflow/.local/lib/python3.12/site-packages/airflow/example_dags/example_bash_operator.py
[2024-08-24T03:15:21.741+0000] {processor.py:914} INFO - Processing file /home/airflow/.local/lib/python3.12/site-packages/airflow/example_dags/example_bash_operator.py for tasks to queue
[2024-08-24T03:15:21.744+0000] {logging_mixin.py:190} INFO - [2024-08-24T03:15:21.744+0000] {dagbag.py:587} INFO - Filling up the DagBag from /home/airflow/.local/lib/python3.12/site-packages/airflow/example_dags/example_bash_operator.py
[2024-08-24T03:15:21.762+0000] {processor.py:925} INFO - DAG(s) 'example_bash_operator' retrieved from /home/airflow/.local/lib/python3.12/site-packages/airflow/example_dags/example_bash_operator.py
[2024-08-24T03:15:21.822+0000] {logging_mixin.py:190} INFO - [2024-08-24T03:15:21.822+0000] {dag.py:3211} INFO - Sync 1 DAGs
[2024-08-24T03:15:21.857+0000] {logging_mixin.py:190} INFO - [2024-08-24T03:15:21.857+0000] {dag.py:4138} INFO - Setting next_dagrun for example_bash_operator to 2024-08-23 00:00:00+00:00, run_after=2024-08-24 00:00:00+00:00
[2024-08-24T03:15:21.883+0000] {processor.py:208} INFO - Processing /home/airflow/.local/lib/python3.12/site-packages/airflow/example_dags/example_bash_operator.py took 0.153 seconds
[2024-08-24T03:16:09.146+0000] {processor.py:186} INFO - Started process (PID=928) to work on /home/airflow/.local/lib/python3.12/site-packages/airflow/example_dags/example_bash_operator.py
[2024-08-24T03:16:09.165+0000] {processor.py:914} INFO - Processing file /home/airflow/.local/lib/python3.12/site-packages/airflow/example_dags/example_bash_operator.py for tasks to queue
[2024-08-24T03:16:09.195+0000] {logging_mixin.py:190} INFO - [2024-08-24T03:16:09.181+0000] {dagbag.py:587} INFO - Filling up the DagBag from /home/airflow/.local/lib/python3.12/site-packages/airflow/example_dags/example_bash_operator.py
[2024-08-24T03:16:09.687+0000] {processor.py:925} INFO - DAG(s) 'example_bash_operator' retrieved from /home/airflow/.local/lib/python3.12/site-packages/airflow/example_dags/example_bash_operator.py
[2024-08-24T03:16:12.690+0000] {logging_mixin.py:190} INFO - [2024-08-24T03:16:12.426+0000] {dag.py:3211} INFO - Sync 1 DAGs
[2024-08-24T03:16:12.880+0000] {logging_mixin.py:190} INFO - [2024-08-24T03:16:12.877+0000] {dag.py:4138} INFO - Setting next_dagrun for example_bash_operator to 2024-08-23 00:00:00+00:00, run_after=2024-08-24 00:00:00+00:00
[2024-08-24T03:16:19.153+0000] {processor.py:208} INFO - Processing /home/airflow/.local/lib/python3.12/site-packages/airflow/example_dags/example_bash_operator.py took 10.199 seconds
[2024-08-24T03:22:24.847+0000] {processor.py:186} INFO - Started process (PID=100) to work on /home/airflow/.local/lib/python3.12/site-packages/airflow/example_dags/example_bash_operator.py
[2024-08-24T03:22:24.864+0000] {processor.py:914} INFO - Processing file /home/airflow/.local/lib/python3.12/site-packages/airflow/example_dags/example_bash_operator.py for tasks to queue
[2024-08-24T03:22:24.872+0000] {logging_mixin.py:190} INFO - [2024-08-24T03:22:24.871+0000] {dagbag.py:587} INFO - Filling up the DagBag from /home/airflow/.local/lib/python3.12/site-packages/airflow/example_dags/example_bash_operator.py
[2024-08-24T03:22:25.021+0000] {processor.py:925} INFO - DAG(s) 'example_bash_operator' retrieved from /home/airflow/.local/lib/python3.12/site-packages/airflow/example_dags/example_bash_operator.py
[2024-08-24T03:22:25.337+0000] {logging_mixin.py:190} INFO - [2024-08-24T03:22:25.337+0000] {dag.py:3211} INFO - Sync 1 DAGs
[2024-08-24T03:22:25.635+0000] {logging_mixin.py:190} INFO - [2024-08-24T03:22:25.635+0000] {dag.py:4138} INFO - Setting next_dagrun for example_bash_operator to 2024-08-23 00:00:00+00:00, run_after=2024-08-24 00:00:00+00:00
[2024-08-24T03:22:25.720+0000] {processor.py:208} INFO - Processing /home/airflow/.local/lib/python3.12/site-packages/airflow/example_dags/example_bash_operator.py took 1.387 seconds
[2024-08-24T03:36:55.818+0000] {processor.py:186} INFO - Started process (PID=71) to work on /home/airflow/.local/lib/python3.12/site-packages/airflow/example_dags/example_bash_operator.py
[2024-08-24T03:36:55.826+0000] {processor.py:914} INFO - Processing file /home/airflow/.local/lib/python3.12/site-packages/airflow/example_dags/example_bash_operator.py for tasks to queue
[2024-08-24T03:36:55.847+0000] {logging_mixin.py:190} INFO - [2024-08-24T03:36:55.845+0000] {dagbag.py:587} INFO - Filling up the DagBag from /home/airflow/.local/lib/python3.12/site-packages/airflow/example_dags/example_bash_operator.py
[2024-08-24T03:36:55.920+0000] {processor.py:925} INFO - DAG(s) 'example_bash_operator' retrieved from /home/airflow/.local/lib/python3.12/site-packages/airflow/example_dags/example_bash_operator.py
[2024-08-24T03:36:57.323+0000] {logging_mixin.py:190} INFO - [2024-08-24T03:36:57.322+0000] {dag.py:3211} INFO - Sync 1 DAGs
[2024-08-24T03:36:57.420+0000] {logging_mixin.py:190} INFO - [2024-08-24T03:36:57.420+0000] {dag.py:4138} INFO - Setting next_dagrun for example_bash_operator to 2024-08-23 00:00:00+00:00, run_after=2024-08-24 00:00:00+00:00
[2024-08-24T03:36:57.473+0000] {processor.py:208} INFO - Processing /home/airflow/.local/lib/python3.12/site-packages/airflow/example_dags/example_bash_operator.py took 1.663 seconds
[2024-08-24T18:11:24.951+0000] {processor.py:186} INFO - Started process (PID=70) to work on /home/airflow/.local/lib/python3.12/site-packages/airflow/example_dags/example_bash_operator.py
[2024-08-24T18:11:24.959+0000] {processor.py:914} INFO - Processing file /home/airflow/.local/lib/python3.12/site-packages/airflow/example_dags/example_bash_operator.py for tasks to queue
[2024-08-24T18:11:24.963+0000] {logging_mixin.py:190} INFO - [2024-08-24T18:11:24.962+0000] {dagbag.py:587} INFO - Filling up the DagBag from /home/airflow/.local/lib/python3.12/site-packages/airflow/example_dags/example_bash_operator.py
[2024-08-24T18:11:25.117+0000] {processor.py:925} INFO - DAG(s) 'example_bash_operator' retrieved from /home/airflow/.local/lib/python3.12/site-packages/airflow/example_dags/example_bash_operator.py
[2024-08-24T18:11:25.422+0000] {logging_mixin.py:190} INFO - [2024-08-24T18:11:25.420+0000] {dag.py:3211} INFO - Sync 1 DAGs
[2024-08-24T18:11:25.499+0000] {logging_mixin.py:190} INFO - [2024-08-24T18:11:25.499+0000] {dag.py:4138} INFO - Setting next_dagrun for example_bash_operator to 2024-08-23 00:00:00+00:00, run_after=2024-08-24 00:00:00+00:00
[2024-08-24T18:11:25.665+0000] {processor.py:208} INFO - Processing /home/airflow/.local/lib/python3.12/site-packages/airflow/example_dags/example_bash_operator.py took 0.734 seconds
[2024-08-24T18:11:56.521+0000] {processor.py:186} INFO - Started process (PID=133) to work on /home/airflow/.local/lib/python3.12/site-packages/airflow/example_dags/example_bash_operator.py
[2024-08-24T18:11:56.526+0000] {processor.py:914} INFO - Processing file /home/airflow/.local/lib/python3.12/site-packages/airflow/example_dags/example_bash_operator.py for tasks to queue
[2024-08-24T18:11:56.551+0000] {logging_mixin.py:190} INFO - [2024-08-24T18:11:56.550+0000] {dagbag.py:587} INFO - Filling up the DagBag from /home/airflow/.local/lib/python3.12/site-packages/airflow/example_dags/example_bash_operator.py
[2024-08-24T18:11:56.667+0000] {processor.py:925} INFO - DAG(s) 'example_bash_operator' retrieved from /home/airflow/.local/lib/python3.12/site-packages/airflow/example_dags/example_bash_operator.py
[2024-08-24T18:11:56.837+0000] {logging_mixin.py:190} INFO - [2024-08-24T18:11:56.837+0000] {dag.py:3211} INFO - Sync 1 DAGs
[2024-08-24T18:11:56.936+0000] {logging_mixin.py:190} INFO - [2024-08-24T18:11:56.936+0000] {dag.py:4138} INFO - Setting next_dagrun for example_bash_operator to 2024-08-23 00:00:00+00:00, run_after=2024-08-24 00:00:00+00:00
[2024-08-24T18:11:57.228+0000] {processor.py:208} INFO - Processing /home/airflow/.local/lib/python3.12/site-packages/airflow/example_dags/example_bash_operator.py took 0.796 seconds
[2024-08-24T18:12:27.390+0000] {processor.py:186} INFO - Started process (PID=196) to work on /home/airflow/.local/lib/python3.12/site-packages/airflow/example_dags/example_bash_operator.py
[2024-08-24T18:12:27.396+0000] {processor.py:914} INFO - Processing file /home/airflow/.local/lib/python3.12/site-packages/airflow/example_dags/example_bash_operator.py for tasks to queue
[2024-08-24T18:12:27.403+0000] {logging_mixin.py:190} INFO - [2024-08-24T18:12:27.402+0000] {dagbag.py:587} INFO - Filling up the DagBag from /home/airflow/.local/lib/python3.12/site-packages/airflow/example_dags/example_bash_operator.py
[2024-08-24T18:12:27.443+0000] {processor.py:925} INFO - DAG(s) 'example_bash_operator' retrieved from /home/airflow/.local/lib/python3.12/site-packages/airflow/example_dags/example_bash_operator.py
[2024-08-24T18:12:27.602+0000] {logging_mixin.py:190} INFO - [2024-08-24T18:12:27.602+0000] {dag.py:3211} INFO - Sync 1 DAGs
[2024-08-24T18:12:27.643+0000] {logging_mixin.py:190} INFO - [2024-08-24T18:12:27.643+0000] {dag.py:4138} INFO - Setting next_dagrun for example_bash_operator to 2024-08-23 00:00:00+00:00, run_after=2024-08-24 00:00:00+00:00
[2024-08-24T18:12:27.691+0000] {processor.py:208} INFO - Processing /home/airflow/.local/lib/python3.12/site-packages/airflow/example_dags/example_bash_operator.py took 0.309 seconds
[2024-08-24T18:13:01.826+0000] {processor.py:186} INFO - Started process (PID=259) to work on /home/airflow/.local/lib/python3.12/site-packages/airflow/example_dags/example_bash_operator.py
[2024-08-24T18:13:01.830+0000] {processor.py:914} INFO - Processing file /home/airflow/.local/lib/python3.12/site-packages/airflow/example_dags/example_bash_operator.py for tasks to queue
[2024-08-24T18:13:01.835+0000] {logging_mixin.py:190} INFO - [2024-08-24T18:13:01.834+0000] {dagbag.py:587} INFO - Filling up the DagBag from /home/airflow/.local/lib/python3.12/site-packages/airflow/example_dags/example_bash_operator.py
[2024-08-24T18:13:01.856+0000] {processor.py:925} INFO - DAG(s) 'example_bash_operator' retrieved from /home/airflow/.local/lib/python3.12/site-packages/airflow/example_dags/example_bash_operator.py
[2024-08-24T18:13:02.109+0000] {logging_mixin.py:190} INFO - [2024-08-24T18:13:02.108+0000] {dag.py:3211} INFO - Sync 1 DAGs
[2024-08-24T18:13:02.394+0000] {logging_mixin.py:190} INFO - [2024-08-24T18:13:02.393+0000] {dag.py:4138} INFO - Setting next_dagrun for example_bash_operator to 2024-08-23 00:00:00+00:00, run_after=2024-08-24 00:00:00+00:00
[2024-08-24T18:13:02.620+0000] {processor.py:208} INFO - Processing /home/airflow/.local/lib/python3.12/site-packages/airflow/example_dags/example_bash_operator.py took 0.804 seconds
[2024-08-24T18:13:48.747+0000] {processor.py:186} INFO - Started process (PID=329) to work on /home/airflow/.local/lib/python3.12/site-packages/airflow/example_dags/example_bash_operator.py
[2024-08-24T18:13:48.752+0000] {processor.py:914} INFO - Processing file /home/airflow/.local/lib/python3.12/site-packages/airflow/example_dags/example_bash_operator.py for tasks to queue
[2024-08-24T18:13:48.773+0000] {logging_mixin.py:190} INFO - [2024-08-24T18:13:48.772+0000] {dagbag.py:587} INFO - Filling up the DagBag from /home/airflow/.local/lib/python3.12/site-packages/airflow/example_dags/example_bash_operator.py
[2024-08-24T18:13:48.819+0000] {processor.py:925} INFO - DAG(s) 'example_bash_operator' retrieved from /home/airflow/.local/lib/python3.12/site-packages/airflow/example_dags/example_bash_operator.py
[2024-08-24T18:13:49.024+0000] {logging_mixin.py:190} INFO - [2024-08-24T18:13:49.024+0000] {dag.py:3211} INFO - Sync 1 DAGs
[2024-08-24T18:13:49.132+0000] {logging_mixin.py:190} INFO - [2024-08-24T18:13:49.127+0000] {dag.py:4138} INFO - Setting next_dagrun for example_bash_operator to 2024-08-23 00:00:00+00:00, run_after=2024-08-24 00:00:00+00:00
[2024-08-24T18:13:49.247+0000] {processor.py:208} INFO - Processing /home/airflow/.local/lib/python3.12/site-packages/airflow/example_dags/example_bash_operator.py took 0.537 seconds
[2024-08-24T18:14:22.383+0000] {processor.py:186} INFO - Started process (PID=393) to work on /home/airflow/.local/lib/python3.12/site-packages/airflow/example_dags/example_bash_operator.py
[2024-08-24T18:14:22.388+0000] {processor.py:914} INFO - Processing file /home/airflow/.local/lib/python3.12/site-packages/airflow/example_dags/example_bash_operator.py for tasks to queue
[2024-08-24T18:14:22.391+0000] {logging_mixin.py:190} INFO - [2024-08-24T18:14:22.391+0000] {dagbag.py:587} INFO - Filling up the DagBag from /home/airflow/.local/lib/python3.12/site-packages/airflow/example_dags/example_bash_operator.py
[2024-08-24T18:14:22.412+0000] {processor.py:925} INFO - DAG(s) 'example_bash_operator' retrieved from /home/airflow/.local/lib/python3.12/site-packages/airflow/example_dags/example_bash_operator.py
[2024-08-24T18:14:22.641+0000] {logging_mixin.py:190} INFO - [2024-08-24T18:14:22.641+0000] {dag.py:3211} INFO - Sync 1 DAGs
[2024-08-24T18:14:22.733+0000] {logging_mixin.py:190} INFO - [2024-08-24T18:14:22.732+0000] {dag.py:4138} INFO - Setting next_dagrun for example_bash_operator to 2024-08-23 00:00:00+00:00, run_after=2024-08-24 00:00:00+00:00
[2024-08-24T18:14:22.805+0000] {processor.py:208} INFO - Processing /home/airflow/.local/lib/python3.12/site-packages/airflow/example_dags/example_bash_operator.py took 0.431 seconds
