[2024-08-24T03:09:25.293+0000] {processor.py:186} INFO - Started process (PID=130) to work on /home/airflow/.local/lib/python3.12/site-packages/airflow/example_dags/example_xcomargs.py
[2024-08-24T03:09:25.294+0000] {processor.py:914} INFO - Processing file /home/airflow/.local/lib/python3.12/site-packages/airflow/example_dags/example_xcomargs.py for tasks to queue
[2024-08-24T03:09:25.300+0000] {logging_mixin.py:190} INFO - [2024-08-24T03:09:25.300+0000] {dagbag.py:587} INFO - Filling up the DagBag from /home/airflow/.local/lib/python3.12/site-packages/airflow/example_dags/example_xcomargs.py
[2024-08-24T03:09:25.475+0000] {processor.py:925} INFO - DAG(s) 'example_xcom_args', 'example_xcom_args_with_operators' retrieved from /home/airflow/.local/lib/python3.12/site-packages/airflow/example_dags/example_xcomargs.py
[2024-08-24T03:09:26.373+0000] {logging_mixin.py:190} INFO - [2024-08-24T03:09:26.354+0000] {override.py:1858} INFO - Created Permission View: can delete on DAG:example_xcom_args
[2024-08-24T03:09:26.590+0000] {logging_mixin.py:190} INFO - [2024-08-24T03:09:26.590+0000] {override.py:1858} INFO - Created Permission View: can read on DAG:example_xcom_args
[2024-08-24T03:09:26.652+0000] {logging_mixin.py:190} INFO - [2024-08-24T03:09:26.650+0000] {override.py:1858} INFO - Created Permission View: can edit on DAG:example_xcom_args
[2024-08-24T03:09:26.899+0000] {logging_mixin.py:190} INFO - [2024-08-24T03:09:26.898+0000] {override.py:1858} INFO - Created Permission View: can delete on DAG:example_xcom_args_with_operators
[2024-08-24T03:09:26.996+0000] {logging_mixin.py:190} INFO - [2024-08-24T03:09:26.996+0000] {override.py:1858} INFO - Created Permission View: can read on DAG:example_xcom_args_with_operators
[2024-08-24T03:09:27.052+0000] {logging_mixin.py:190} INFO - [2024-08-24T03:09:27.051+0000] {override.py:1858} INFO - Created Permission View: can edit on DAG:example_xcom_args_with_operators
[2024-08-24T03:09:27.052+0000] {logging_mixin.py:190} INFO - [2024-08-24T03:09:27.052+0000] {dag.py:3211} INFO - Sync 2 DAGs
[2024-08-24T03:09:27.239+0000] {logging_mixin.py:190} INFO - [2024-08-24T03:09:27.238+0000] {dag.py:3234} INFO - Creating ORM DAG for example_xcom_args
[2024-08-24T03:09:27.240+0000] {logging_mixin.py:190} INFO - [2024-08-24T03:09:27.240+0000] {dag.py:3234} INFO - Creating ORM DAG for example_xcom_args_with_operators
[2024-08-24T03:09:27.241+0000] {logging_mixin.py:190} INFO - [2024-08-24T03:09:27.241+0000] {dag.py:4138} INFO - Setting next_dagrun for example_xcom_args to None, run_after=None
[2024-08-24T03:09:27.246+0000] {logging_mixin.py:190} INFO - [2024-08-24T03:09:27.244+0000] {dag.py:4138} INFO - Setting next_dagrun for example_xcom_args_with_operators to None, run_after=None
[2024-08-24T03:09:27.318+0000] {processor.py:208} INFO - Processing /home/airflow/.local/lib/python3.12/site-packages/airflow/example_dags/example_xcomargs.py took 2.085 seconds
[2024-08-24T03:09:58.370+0000] {processor.py:186} INFO - Started process (PID=194) to work on /home/airflow/.local/lib/python3.12/site-packages/airflow/example_dags/example_xcomargs.py
[2024-08-24T03:09:58.378+0000] {processor.py:914} INFO - Processing file /home/airflow/.local/lib/python3.12/site-packages/airflow/example_dags/example_xcomargs.py for tasks to queue
[2024-08-24T03:09:58.390+0000] {logging_mixin.py:190} INFO - [2024-08-24T03:09:58.390+0000] {dagbag.py:587} INFO - Filling up the DagBag from /home/airflow/.local/lib/python3.12/site-packages/airflow/example_dags/example_xcomargs.py
[2024-08-24T03:09:58.406+0000] {processor.py:925} INFO - DAG(s) 'example_xcom_args', 'example_xcom_args_with_operators' retrieved from /home/airflow/.local/lib/python3.12/site-packages/airflow/example_dags/example_xcomargs.py
[2024-08-24T03:09:58.457+0000] {logging_mixin.py:190} INFO - [2024-08-24T03:09:58.456+0000] {dag.py:3211} INFO - Sync 2 DAGs
[2024-08-24T03:09:58.479+0000] {logging_mixin.py:190} INFO - [2024-08-24T03:09:58.479+0000] {dag.py:4138} INFO - Setting next_dagrun for example_xcom_args to None, run_after=None
[2024-08-24T03:09:58.485+0000] {logging_mixin.py:190} INFO - [2024-08-24T03:09:58.484+0000] {dag.py:4138} INFO - Setting next_dagrun for example_xcom_args_with_operators to None, run_after=None
[2024-08-24T03:09:58.525+0000] {processor.py:208} INFO - Processing /home/airflow/.local/lib/python3.12/site-packages/airflow/example_dags/example_xcomargs.py took 0.164 seconds
[2024-08-24T03:10:29.245+0000] {processor.py:186} INFO - Started process (PID=257) to work on /home/airflow/.local/lib/python3.12/site-packages/airflow/example_dags/example_xcomargs.py
[2024-08-24T03:10:29.249+0000] {processor.py:914} INFO - Processing file /home/airflow/.local/lib/python3.12/site-packages/airflow/example_dags/example_xcomargs.py for tasks to queue
[2024-08-24T03:10:29.253+0000] {logging_mixin.py:190} INFO - [2024-08-24T03:10:29.253+0000] {dagbag.py:587} INFO - Filling up the DagBag from /home/airflow/.local/lib/python3.12/site-packages/airflow/example_dags/example_xcomargs.py
[2024-08-24T03:10:29.268+0000] {processor.py:925} INFO - DAG(s) 'example_xcom_args', 'example_xcom_args_with_operators' retrieved from /home/airflow/.local/lib/python3.12/site-packages/airflow/example_dags/example_xcomargs.py
[2024-08-24T03:10:29.366+0000] {logging_mixin.py:190} INFO - [2024-08-24T03:10:29.366+0000] {dag.py:3211} INFO - Sync 2 DAGs
[2024-08-24T03:10:29.447+0000] {logging_mixin.py:190} INFO - [2024-08-24T03:10:29.446+0000] {dag.py:4138} INFO - Setting next_dagrun for example_xcom_args to None, run_after=None
[2024-08-24T03:10:29.453+0000] {logging_mixin.py:190} INFO - [2024-08-24T03:10:29.453+0000] {dag.py:4138} INFO - Setting next_dagrun for example_xcom_args_with_operators to None, run_after=None
[2024-08-24T03:10:29.504+0000] {processor.py:208} INFO - Processing /home/airflow/.local/lib/python3.12/site-packages/airflow/example_dags/example_xcomargs.py took 0.268 seconds
[2024-08-24T03:11:00.462+0000] {processor.py:186} INFO - Started process (PID=320) to work on /home/airflow/.local/lib/python3.12/site-packages/airflow/example_dags/example_xcomargs.py
[2024-08-24T03:11:00.464+0000] {processor.py:914} INFO - Processing file /home/airflow/.local/lib/python3.12/site-packages/airflow/example_dags/example_xcomargs.py for tasks to queue
[2024-08-24T03:11:00.467+0000] {logging_mixin.py:190} INFO - [2024-08-24T03:11:00.467+0000] {dagbag.py:587} INFO - Filling up the DagBag from /home/airflow/.local/lib/python3.12/site-packages/airflow/example_dags/example_xcomargs.py
[2024-08-24T03:11:00.485+0000] {processor.py:925} INFO - DAG(s) 'example_xcom_args', 'example_xcom_args_with_operators' retrieved from /home/airflow/.local/lib/python3.12/site-packages/airflow/example_dags/example_xcomargs.py
[2024-08-24T03:11:00.526+0000] {logging_mixin.py:190} INFO - [2024-08-24T03:11:00.526+0000] {dag.py:3211} INFO - Sync 2 DAGs
[2024-08-24T03:11:00.546+0000] {logging_mixin.py:190} INFO - [2024-08-24T03:11:00.545+0000] {dag.py:4138} INFO - Setting next_dagrun for example_xcom_args to None, run_after=None
[2024-08-24T03:11:00.550+0000] {logging_mixin.py:190} INFO - [2024-08-24T03:11:00.550+0000] {dag.py:4138} INFO - Setting next_dagrun for example_xcom_args_with_operators to None, run_after=None
[2024-08-24T03:11:00.604+0000] {processor.py:208} INFO - Processing /home/airflow/.local/lib/python3.12/site-packages/airflow/example_dags/example_xcomargs.py took 0.152 seconds
[2024-08-24T03:11:31.239+0000] {processor.py:186} INFO - Started process (PID=383) to work on /home/airflow/.local/lib/python3.12/site-packages/airflow/example_dags/example_xcomargs.py
[2024-08-24T03:11:31.241+0000] {processor.py:914} INFO - Processing file /home/airflow/.local/lib/python3.12/site-packages/airflow/example_dags/example_xcomargs.py for tasks to queue
[2024-08-24T03:11:31.262+0000] {logging_mixin.py:190} INFO - [2024-08-24T03:11:31.262+0000] {dagbag.py:587} INFO - Filling up the DagBag from /home/airflow/.local/lib/python3.12/site-packages/airflow/example_dags/example_xcomargs.py
[2024-08-24T03:11:31.357+0000] {processor.py:925} INFO - DAG(s) 'example_xcom_args', 'example_xcom_args_with_operators' retrieved from /home/airflow/.local/lib/python3.12/site-packages/airflow/example_dags/example_xcomargs.py
[2024-08-24T03:11:31.602+0000] {logging_mixin.py:190} INFO - [2024-08-24T03:11:31.601+0000] {dag.py:3211} INFO - Sync 2 DAGs
[2024-08-24T03:11:31.632+0000] {logging_mixin.py:190} INFO - [2024-08-24T03:11:31.632+0000] {dag.py:4138} INFO - Setting next_dagrun for example_xcom_args to None, run_after=None
[2024-08-24T03:11:31.640+0000] {logging_mixin.py:190} INFO - [2024-08-24T03:11:31.640+0000] {dag.py:4138} INFO - Setting next_dagrun for example_xcom_args_with_operators to None, run_after=None
[2024-08-24T03:11:31.700+0000] {processor.py:208} INFO - Processing /home/airflow/.local/lib/python3.12/site-packages/airflow/example_dags/example_xcomargs.py took 0.496 seconds
[2024-08-24T03:12:02.159+0000] {processor.py:186} INFO - Started process (PID=445) to work on /home/airflow/.local/lib/python3.12/site-packages/airflow/example_dags/example_xcomargs.py
[2024-08-24T03:12:02.162+0000] {processor.py:914} INFO - Processing file /home/airflow/.local/lib/python3.12/site-packages/airflow/example_dags/example_xcomargs.py for tasks to queue
[2024-08-24T03:12:02.169+0000] {logging_mixin.py:190} INFO - [2024-08-24T03:12:02.168+0000] {dagbag.py:587} INFO - Filling up the DagBag from /home/airflow/.local/lib/python3.12/site-packages/airflow/example_dags/example_xcomargs.py
[2024-08-24T03:12:02.326+0000] {processor.py:925} INFO - DAG(s) 'example_xcom_args_with_operators', 'example_xcom_args' retrieved from /home/airflow/.local/lib/python3.12/site-packages/airflow/example_dags/example_xcomargs.py
[2024-08-24T03:12:02.801+0000] {logging_mixin.py:190} INFO - [2024-08-24T03:12:02.789+0000] {dag.py:3211} INFO - Sync 2 DAGs
[2024-08-24T03:12:02.932+0000] {logging_mixin.py:190} INFO - [2024-08-24T03:12:02.916+0000] {dag.py:4138} INFO - Setting next_dagrun for example_xcom_args to None, run_after=None
[2024-08-24T03:12:02.950+0000] {logging_mixin.py:190} INFO - [2024-08-24T03:12:02.949+0000] {dag.py:4138} INFO - Setting next_dagrun for example_xcom_args_with_operators to None, run_after=None
[2024-08-24T03:12:03.089+0000] {processor.py:208} INFO - Processing /home/airflow/.local/lib/python3.12/site-packages/airflow/example_dags/example_xcomargs.py took 0.947 seconds
[2024-08-24T03:12:33.345+0000] {processor.py:186} INFO - Started process (PID=507) to work on /home/airflow/.local/lib/python3.12/site-packages/airflow/example_dags/example_xcomargs.py
[2024-08-24T03:12:33.347+0000] {processor.py:914} INFO - Processing file /home/airflow/.local/lib/python3.12/site-packages/airflow/example_dags/example_xcomargs.py for tasks to queue
[2024-08-24T03:12:33.351+0000] {logging_mixin.py:190} INFO - [2024-08-24T03:12:33.351+0000] {dagbag.py:587} INFO - Filling up the DagBag from /home/airflow/.local/lib/python3.12/site-packages/airflow/example_dags/example_xcomargs.py
[2024-08-24T03:12:33.376+0000] {processor.py:925} INFO - DAG(s) 'example_xcom_args', 'example_xcom_args_with_operators' retrieved from /home/airflow/.local/lib/python3.12/site-packages/airflow/example_dags/example_xcomargs.py
[2024-08-24T03:12:33.453+0000] {logging_mixin.py:190} INFO - [2024-08-24T03:12:33.452+0000] {dag.py:3211} INFO - Sync 2 DAGs
[2024-08-24T03:12:33.478+0000] {logging_mixin.py:190} INFO - [2024-08-24T03:12:33.478+0000] {dag.py:4138} INFO - Setting next_dagrun for example_xcom_args to None, run_after=None
[2024-08-24T03:12:33.506+0000] {logging_mixin.py:190} INFO - [2024-08-24T03:12:33.505+0000] {dag.py:4138} INFO - Setting next_dagrun for example_xcom_args_with_operators to None, run_after=None
[2024-08-24T03:12:33.618+0000] {processor.py:208} INFO - Processing /home/airflow/.local/lib/python3.12/site-packages/airflow/example_dags/example_xcomargs.py took 0.286 seconds
[2024-08-24T03:13:03.834+0000] {processor.py:186} INFO - Started process (PID=570) to work on /home/airflow/.local/lib/python3.12/site-packages/airflow/example_dags/example_xcomargs.py
[2024-08-24T03:13:03.838+0000] {processor.py:914} INFO - Processing file /home/airflow/.local/lib/python3.12/site-packages/airflow/example_dags/example_xcomargs.py for tasks to queue
[2024-08-24T03:13:03.842+0000] {logging_mixin.py:190} INFO - [2024-08-24T03:13:03.841+0000] {dagbag.py:587} INFO - Filling up the DagBag from /home/airflow/.local/lib/python3.12/site-packages/airflow/example_dags/example_xcomargs.py
[2024-08-24T03:13:03.861+0000] {processor.py:925} INFO - DAG(s) 'example_xcom_args', 'example_xcom_args_with_operators' retrieved from /home/airflow/.local/lib/python3.12/site-packages/airflow/example_dags/example_xcomargs.py
[2024-08-24T03:13:03.913+0000] {logging_mixin.py:190} INFO - [2024-08-24T03:13:03.912+0000] {dag.py:3211} INFO - Sync 2 DAGs
[2024-08-24T03:13:03.938+0000] {logging_mixin.py:190} INFO - [2024-08-24T03:13:03.937+0000] {dag.py:4138} INFO - Setting next_dagrun for example_xcom_args to None, run_after=None
[2024-08-24T03:13:03.943+0000] {logging_mixin.py:190} INFO - [2024-08-24T03:13:03.943+0000] {dag.py:4138} INFO - Setting next_dagrun for example_xcom_args_with_operators to None, run_after=None
[2024-08-24T03:13:03.981+0000] {processor.py:208} INFO - Processing /home/airflow/.local/lib/python3.12/site-packages/airflow/example_dags/example_xcomargs.py took 0.158 seconds
[2024-08-24T03:13:34.578+0000] {processor.py:186} INFO - Started process (PID=633) to work on /home/airflow/.local/lib/python3.12/site-packages/airflow/example_dags/example_xcomargs.py
[2024-08-24T03:13:34.580+0000] {processor.py:914} INFO - Processing file /home/airflow/.local/lib/python3.12/site-packages/airflow/example_dags/example_xcomargs.py for tasks to queue
[2024-08-24T03:13:34.584+0000] {logging_mixin.py:190} INFO - [2024-08-24T03:13:34.583+0000] {dagbag.py:587} INFO - Filling up the DagBag from /home/airflow/.local/lib/python3.12/site-packages/airflow/example_dags/example_xcomargs.py
[2024-08-24T03:13:34.603+0000] {processor.py:925} INFO - DAG(s) 'example_xcom_args_with_operators', 'example_xcom_args' retrieved from /home/airflow/.local/lib/python3.12/site-packages/airflow/example_dags/example_xcomargs.py
[2024-08-24T03:13:34.683+0000] {logging_mixin.py:190} INFO - [2024-08-24T03:13:34.683+0000] {dag.py:3211} INFO - Sync 2 DAGs
[2024-08-24T03:13:34.705+0000] {logging_mixin.py:190} INFO - [2024-08-24T03:13:34.704+0000] {dag.py:4138} INFO - Setting next_dagrun for example_xcom_args to None, run_after=None
[2024-08-24T03:13:34.709+0000] {logging_mixin.py:190} INFO - [2024-08-24T03:13:34.709+0000] {dag.py:4138} INFO - Setting next_dagrun for example_xcom_args_with_operators to None, run_after=None
[2024-08-24T03:13:34.740+0000] {processor.py:208} INFO - Processing /home/airflow/.local/lib/python3.12/site-packages/airflow/example_dags/example_xcomargs.py took 0.173 seconds
[2024-08-24T03:14:05.042+0000] {processor.py:186} INFO - Started process (PID=695) to work on /home/airflow/.local/lib/python3.12/site-packages/airflow/example_dags/example_xcomargs.py
[2024-08-24T03:14:05.043+0000] {processor.py:914} INFO - Processing file /home/airflow/.local/lib/python3.12/site-packages/airflow/example_dags/example_xcomargs.py for tasks to queue
[2024-08-24T03:14:05.049+0000] {logging_mixin.py:190} INFO - [2024-08-24T03:14:05.048+0000] {dagbag.py:587} INFO - Filling up the DagBag from /home/airflow/.local/lib/python3.12/site-packages/airflow/example_dags/example_xcomargs.py
[2024-08-24T03:14:05.075+0000] {processor.py:925} INFO - DAG(s) 'example_xcom_args_with_operators', 'example_xcom_args' retrieved from /home/airflow/.local/lib/python3.12/site-packages/airflow/example_dags/example_xcomargs.py
[2024-08-24T03:14:05.121+0000] {logging_mixin.py:190} INFO - [2024-08-24T03:14:05.121+0000] {dag.py:3211} INFO - Sync 2 DAGs
[2024-08-24T03:14:05.142+0000] {logging_mixin.py:190} INFO - [2024-08-24T03:14:05.142+0000] {dag.py:4138} INFO - Setting next_dagrun for example_xcom_args to None, run_after=None
[2024-08-24T03:14:05.147+0000] {logging_mixin.py:190} INFO - [2024-08-24T03:14:05.147+0000] {dag.py:4138} INFO - Setting next_dagrun for example_xcom_args_with_operators to None, run_after=None
[2024-08-24T03:14:05.175+0000] {processor.py:208} INFO - Processing /home/airflow/.local/lib/python3.12/site-packages/airflow/example_dags/example_xcomargs.py took 0.150 seconds
[2024-08-24T03:14:35.305+0000] {processor.py:186} INFO - Started process (PID=758) to work on /home/airflow/.local/lib/python3.12/site-packages/airflow/example_dags/example_xcomargs.py
[2024-08-24T03:14:35.308+0000] {processor.py:914} INFO - Processing file /home/airflow/.local/lib/python3.12/site-packages/airflow/example_dags/example_xcomargs.py for tasks to queue
[2024-08-24T03:14:35.311+0000] {logging_mixin.py:190} INFO - [2024-08-24T03:14:35.311+0000] {dagbag.py:587} INFO - Filling up the DagBag from /home/airflow/.local/lib/python3.12/site-packages/airflow/example_dags/example_xcomargs.py
[2024-08-24T03:14:35.332+0000] {processor.py:925} INFO - DAG(s) 'example_xcom_args_with_operators', 'example_xcom_args' retrieved from /home/airflow/.local/lib/python3.12/site-packages/airflow/example_dags/example_xcomargs.py
[2024-08-24T03:14:35.457+0000] {logging_mixin.py:190} INFO - [2024-08-24T03:14:35.457+0000] {dag.py:3211} INFO - Sync 2 DAGs
[2024-08-24T03:14:35.478+0000] {logging_mixin.py:190} INFO - [2024-08-24T03:14:35.478+0000] {dag.py:4138} INFO - Setting next_dagrun for example_xcom_args to None, run_after=None
[2024-08-24T03:14:35.486+0000] {logging_mixin.py:190} INFO - [2024-08-24T03:14:35.486+0000] {dag.py:4138} INFO - Setting next_dagrun for example_xcom_args_with_operators to None, run_after=None
[2024-08-24T03:14:35.525+0000] {processor.py:208} INFO - Processing /home/airflow/.local/lib/python3.12/site-packages/airflow/example_dags/example_xcomargs.py took 0.231 seconds
[2024-08-24T03:15:06.116+0000] {processor.py:186} INFO - Started process (PID=820) to work on /home/airflow/.local/lib/python3.12/site-packages/airflow/example_dags/example_xcomargs.py
[2024-08-24T03:15:06.117+0000] {processor.py:914} INFO - Processing file /home/airflow/.local/lib/python3.12/site-packages/airflow/example_dags/example_xcomargs.py for tasks to queue
[2024-08-24T03:15:06.125+0000] {logging_mixin.py:190} INFO - [2024-08-24T03:15:06.124+0000] {dagbag.py:587} INFO - Filling up the DagBag from /home/airflow/.local/lib/python3.12/site-packages/airflow/example_dags/example_xcomargs.py
[2024-08-24T03:15:06.152+0000] {processor.py:925} INFO - DAG(s) 'example_xcom_args', 'example_xcom_args_with_operators' retrieved from /home/airflow/.local/lib/python3.12/site-packages/airflow/example_dags/example_xcomargs.py
[2024-08-24T03:15:06.196+0000] {logging_mixin.py:190} INFO - [2024-08-24T03:15:06.195+0000] {dag.py:3211} INFO - Sync 2 DAGs
[2024-08-24T03:15:06.217+0000] {logging_mixin.py:190} INFO - [2024-08-24T03:15:06.216+0000] {dag.py:4138} INFO - Setting next_dagrun for example_xcom_args to None, run_after=None
[2024-08-24T03:15:06.223+0000] {logging_mixin.py:190} INFO - [2024-08-24T03:15:06.222+0000] {dag.py:4138} INFO - Setting next_dagrun for example_xcom_args_with_operators to None, run_after=None
[2024-08-24T03:15:06.270+0000] {processor.py:208} INFO - Processing /home/airflow/.local/lib/python3.12/site-packages/airflow/example_dags/example_xcomargs.py took 0.166 seconds
[2024-08-24T03:15:36.820+0000] {processor.py:186} INFO - Started process (PID=883) to work on /home/airflow/.local/lib/python3.12/site-packages/airflow/example_dags/example_xcomargs.py
[2024-08-24T03:15:36.830+0000] {processor.py:914} INFO - Processing file /home/airflow/.local/lib/python3.12/site-packages/airflow/example_dags/example_xcomargs.py for tasks to queue
[2024-08-24T03:15:36.846+0000] {logging_mixin.py:190} INFO - [2024-08-24T03:15:36.846+0000] {dagbag.py:587} INFO - Filling up the DagBag from /home/airflow/.local/lib/python3.12/site-packages/airflow/example_dags/example_xcomargs.py
[2024-08-24T03:15:36.873+0000] {processor.py:925} INFO - DAG(s) 'example_xcom_args', 'example_xcom_args_with_operators' retrieved from /home/airflow/.local/lib/python3.12/site-packages/airflow/example_dags/example_xcomargs.py
[2024-08-24T03:15:36.926+0000] {logging_mixin.py:190} INFO - [2024-08-24T03:15:36.925+0000] {dag.py:3211} INFO - Sync 2 DAGs
[2024-08-24T03:15:36.957+0000] {logging_mixin.py:190} INFO - [2024-08-24T03:15:36.957+0000] {dag.py:4138} INFO - Setting next_dagrun for example_xcom_args to None, run_after=None
[2024-08-24T03:15:36.964+0000] {logging_mixin.py:190} INFO - [2024-08-24T03:15:36.964+0000] {dag.py:4138} INFO - Setting next_dagrun for example_xcom_args_with_operators to None, run_after=None
[2024-08-24T03:15:36.993+0000] {processor.py:208} INFO - Processing /home/airflow/.local/lib/python3.12/site-packages/airflow/example_dags/example_xcomargs.py took 0.189 seconds
[2024-08-24T03:25:20.320+0000] {processor.py:186} INFO - Started process (PID=137) to work on /home/airflow/.local/lib/python3.12/site-packages/airflow/example_dags/example_xcomargs.py
[2024-08-24T03:25:21.195+0000] {processor.py:914} INFO - Processing file /home/airflow/.local/lib/python3.12/site-packages/airflow/example_dags/example_xcomargs.py for tasks to queue
[2024-08-24T03:25:21.208+0000] {logging_mixin.py:190} INFO - [2024-08-24T03:25:21.206+0000] {dagbag.py:587} INFO - Filling up the DagBag from /home/airflow/.local/lib/python3.12/site-packages/airflow/example_dags/example_xcomargs.py
[2024-08-24T03:25:25.601+0000] {processor.py:925} INFO - DAG(s) 'example_xcom_args', 'example_xcom_args_with_operators' retrieved from /home/airflow/.local/lib/python3.12/site-packages/airflow/example_dags/example_xcomargs.py
[2024-08-24T18:11:31.723+0000] {processor.py:186} INFO - Started process (PID=89) to work on /home/airflow/.local/lib/python3.12/site-packages/airflow/example_dags/example_xcomargs.py
[2024-08-24T18:11:31.727+0000] {processor.py:914} INFO - Processing file /home/airflow/.local/lib/python3.12/site-packages/airflow/example_dags/example_xcomargs.py for tasks to queue
[2024-08-24T18:11:31.754+0000] {logging_mixin.py:190} INFO - [2024-08-24T18:11:31.753+0000] {dagbag.py:587} INFO - Filling up the DagBag from /home/airflow/.local/lib/python3.12/site-packages/airflow/example_dags/example_xcomargs.py
[2024-08-24T18:11:31.776+0000] {processor.py:925} INFO - DAG(s) 'example_xcom_args', 'example_xcom_args_with_operators' retrieved from /home/airflow/.local/lib/python3.12/site-packages/airflow/example_dags/example_xcomargs.py
[2024-08-24T18:11:31.977+0000] {logging_mixin.py:190} INFO - [2024-08-24T18:11:31.977+0000] {dag.py:3211} INFO - Sync 2 DAGs
[2024-08-24T18:11:32.007+0000] {logging_mixin.py:190} INFO - [2024-08-24T18:11:32.006+0000] {dag.py:4138} INFO - Setting next_dagrun for example_xcom_args to None, run_after=None
[2024-08-24T18:11:32.013+0000] {logging_mixin.py:190} INFO - [2024-08-24T18:11:32.013+0000] {dag.py:4138} INFO - Setting next_dagrun for example_xcom_args_with_operators to None, run_after=None
[2024-08-24T18:11:32.063+0000] {processor.py:208} INFO - Processing /home/airflow/.local/lib/python3.12/site-packages/airflow/example_dags/example_xcomargs.py took 0.349 seconds
[2024-08-24T18:12:05.686+0000] {processor.py:186} INFO - Started process (PID=158) to work on /home/airflow/.local/lib/python3.12/site-packages/airflow/example_dags/example_xcomargs.py
[2024-08-24T18:12:05.701+0000] {processor.py:914} INFO - Processing file /home/airflow/.local/lib/python3.12/site-packages/airflow/example_dags/example_xcomargs.py for tasks to queue
[2024-08-24T18:12:05.761+0000] {logging_mixin.py:190} INFO - [2024-08-24T18:12:05.761+0000] {dagbag.py:587} INFO - Filling up the DagBag from /home/airflow/.local/lib/python3.12/site-packages/airflow/example_dags/example_xcomargs.py
[2024-08-24T18:12:05.838+0000] {processor.py:925} INFO - DAG(s) 'example_xcom_args_with_operators', 'example_xcom_args' retrieved from /home/airflow/.local/lib/python3.12/site-packages/airflow/example_dags/example_xcomargs.py
[2024-08-24T18:12:05.947+0000] {logging_mixin.py:190} INFO - [2024-08-24T18:12:05.947+0000] {dag.py:3211} INFO - Sync 2 DAGs
[2024-08-24T18:12:05.984+0000] {logging_mixin.py:190} INFO - [2024-08-24T18:12:05.984+0000] {dag.py:4138} INFO - Setting next_dagrun for example_xcom_args to None, run_after=None
[2024-08-24T18:12:05.997+0000] {logging_mixin.py:190} INFO - [2024-08-24T18:12:05.997+0000] {dag.py:4138} INFO - Setting next_dagrun for example_xcom_args_with_operators to None, run_after=None
[2024-08-24T18:12:06.063+0000] {processor.py:208} INFO - Processing /home/airflow/.local/lib/python3.12/site-packages/airflow/example_dags/example_xcomargs.py took 0.422 seconds
[2024-08-24T18:12:37.861+0000] {processor.py:186} INFO - Started process (PID=221) to work on /home/airflow/.local/lib/python3.12/site-packages/airflow/example_dags/example_xcomargs.py
[2024-08-24T18:12:37.863+0000] {processor.py:914} INFO - Processing file /home/airflow/.local/lib/python3.12/site-packages/airflow/example_dags/example_xcomargs.py for tasks to queue
[2024-08-24T18:12:37.868+0000] {logging_mixin.py:190} INFO - [2024-08-24T18:12:37.868+0000] {dagbag.py:587} INFO - Filling up the DagBag from /home/airflow/.local/lib/python3.12/site-packages/airflow/example_dags/example_xcomargs.py
[2024-08-24T18:12:37.895+0000] {processor.py:925} INFO - DAG(s) 'example_xcom_args_with_operators', 'example_xcom_args' retrieved from /home/airflow/.local/lib/python3.12/site-packages/airflow/example_dags/example_xcomargs.py
[2024-08-24T18:12:37.966+0000] {logging_mixin.py:190} INFO - [2024-08-24T18:12:37.966+0000] {dag.py:3211} INFO - Sync 2 DAGs
[2024-08-24T18:12:37.983+0000] {logging_mixin.py:190} INFO - [2024-08-24T18:12:37.982+0000] {dag.py:4138} INFO - Setting next_dagrun for example_xcom_args to None, run_after=None
[2024-08-24T18:12:37.987+0000] {logging_mixin.py:190} INFO - [2024-08-24T18:12:37.987+0000] {dag.py:4138} INFO - Setting next_dagrun for example_xcom_args_with_operators to None, run_after=None
[2024-08-24T18:12:38.012+0000] {processor.py:208} INFO - Processing /home/airflow/.local/lib/python3.12/site-packages/airflow/example_dags/example_xcomargs.py took 0.165 seconds
[2024-08-24T18:13:23.804+0000] {processor.py:186} INFO - Started process (PID=284) to work on /home/airflow/.local/lib/python3.12/site-packages/airflow/example_dags/example_xcomargs.py
[2024-08-24T18:13:23.841+0000] {processor.py:914} INFO - Processing file /home/airflow/.local/lib/python3.12/site-packages/airflow/example_dags/example_xcomargs.py for tasks to queue
[2024-08-24T18:13:23.845+0000] {logging_mixin.py:190} INFO - [2024-08-24T18:13:23.844+0000] {dagbag.py:587} INFO - Filling up the DagBag from /home/airflow/.local/lib/python3.12/site-packages/airflow/example_dags/example_xcomargs.py
[2024-08-24T18:13:24.269+0000] {processor.py:925} INFO - DAG(s) 'example_xcom_args', 'example_xcom_args_with_operators' retrieved from /home/airflow/.local/lib/python3.12/site-packages/airflow/example_dags/example_xcomargs.py
[2024-08-24T18:13:26.773+0000] {logging_mixin.py:190} INFO - [2024-08-24T18:13:26.773+0000] {dag.py:3211} INFO - Sync 2 DAGs
[2024-08-24T18:13:28.686+0000] {logging_mixin.py:190} INFO - [2024-08-24T18:13:28.686+0000] {dag.py:4138} INFO - Setting next_dagrun for example_xcom_args to None, run_after=None
[2024-08-24T18:13:28.766+0000] {logging_mixin.py:190} INFO - [2024-08-24T18:13:28.766+0000] {dag.py:4138} INFO - Setting next_dagrun for example_xcom_args_with_operators to None, run_after=None
[2024-08-24T18:13:29.436+0000] {processor.py:208} INFO - Processing /home/airflow/.local/lib/python3.12/site-packages/airflow/example_dags/example_xcomargs.py took 5.646 seconds
[2024-08-24T18:14:10.136+0000] {processor.py:186} INFO - Started process (PID=348) to work on /home/airflow/.local/lib/python3.12/site-packages/airflow/example_dags/example_xcomargs.py
[2024-08-24T18:14:10.169+0000] {processor.py:914} INFO - Processing file /home/airflow/.local/lib/python3.12/site-packages/airflow/example_dags/example_xcomargs.py for tasks to queue
[2024-08-24T18:14:10.185+0000] {logging_mixin.py:190} INFO - [2024-08-24T18:14:10.184+0000] {dagbag.py:587} INFO - Filling up the DagBag from /home/airflow/.local/lib/python3.12/site-packages/airflow/example_dags/example_xcomargs.py
[2024-08-24T18:14:10.362+0000] {processor.py:925} INFO - DAG(s) 'example_xcom_args', 'example_xcom_args_with_operators' retrieved from /home/airflow/.local/lib/python3.12/site-packages/airflow/example_dags/example_xcomargs.py
[2024-08-24T18:14:10.540+0000] {logging_mixin.py:190} INFO - [2024-08-24T18:14:10.539+0000] {dag.py:3211} INFO - Sync 2 DAGs
[2024-08-24T18:14:10.668+0000] {logging_mixin.py:190} INFO - [2024-08-24T18:14:10.668+0000] {dag.py:4138} INFO - Setting next_dagrun for example_xcom_args to None, run_after=None
[2024-08-24T18:14:10.683+0000] {logging_mixin.py:190} INFO - [2024-08-24T18:14:10.682+0000] {dag.py:4138} INFO - Setting next_dagrun for example_xcom_args_with_operators to None, run_after=None
[2024-08-24T18:14:10.735+0000] {processor.py:208} INFO - Processing /home/airflow/.local/lib/python3.12/site-packages/airflow/example_dags/example_xcomargs.py took 0.636 seconds
