[2024-08-24T03:09:19.189+0000] {processor.py:186} INFO - Started process (PID=127) to work on /home/airflow/.local/lib/python3.12/site-packages/airflow/example_dags/example_dataset_alias.py
[2024-08-24T03:09:19.360+0000] {processor.py:914} INFO - Processing file /home/airflow/.local/lib/python3.12/site-packages/airflow/example_dags/example_dataset_alias.py for tasks to queue
[2024-08-24T03:09:19.363+0000] {logging_mixin.py:190} INFO - [2024-08-24T03:09:19.363+0000] {dagbag.py:587} INFO - Filling up the DagBag from /home/airflow/.local/lib/python3.12/site-packages/airflow/example_dags/example_dataset_alias.py
[2024-08-24T03:09:25.097+0000] {processor.py:925} INFO - DAG(s) 'dataset_s3_bucket_producer', 'dataset_alias_example_alias_consumer', 'dataset_alias_example_alias_producer', 'dataset_s3_bucket_consumer' retrieved from /home/airflow/.local/lib/python3.12/site-packages/airflow/example_dags/example_dataset_alias.py
[2024-08-24T03:09:26.161+0000] {logging_mixin.py:190} INFO - [2024-08-24T03:09:26.154+0000] {override.py:1858} INFO - Created Permission View: can delete on DAG:dataset_s3_bucket_producer
[2024-08-24T03:09:26.433+0000] {logging_mixin.py:190} INFO - [2024-08-24T03:09:26.432+0000] {override.py:1858} INFO - Created Permission View: can read on DAG:dataset_s3_bucket_producer
[2024-08-24T03:09:26.480+0000] {logging_mixin.py:190} INFO - [2024-08-24T03:09:26.479+0000] {override.py:1858} INFO - Created Permission View: can edit on DAG:dataset_s3_bucket_producer
[2024-08-24T03:09:26.669+0000] {logging_mixin.py:190} INFO - [2024-08-24T03:09:26.653+0000] {override.py:1858} INFO - Created Permission View: can delete on DAG:dataset_alias_example_alias_consumer
[2024-08-24T03:09:26.904+0000] {logging_mixin.py:190} INFO - [2024-08-24T03:09:26.902+0000] {override.py:1858} INFO - Created Permission View: can read on DAG:dataset_alias_example_alias_consumer
[2024-08-24T03:09:27.009+0000] {logging_mixin.py:190} INFO - [2024-08-24T03:09:27.009+0000] {override.py:1858} INFO - Created Permission View: can edit on DAG:dataset_alias_example_alias_consumer
[2024-08-24T03:09:27.182+0000] {logging_mixin.py:190} INFO - [2024-08-24T03:09:27.181+0000] {override.py:1858} INFO - Created Permission View: can delete on DAG:dataset_alias_example_alias_producer
[2024-08-24T03:09:27.192+0000] {logging_mixin.py:190} INFO - [2024-08-24T03:09:27.190+0000] {override.py:1858} INFO - Created Permission View: can read on DAG:dataset_alias_example_alias_producer
[2024-08-24T03:09:27.204+0000] {logging_mixin.py:190} INFO - [2024-08-24T03:09:27.204+0000] {override.py:1858} INFO - Created Permission View: can edit on DAG:dataset_alias_example_alias_producer
[2024-08-24T03:09:27.254+0000] {logging_mixin.py:190} INFO - [2024-08-24T03:09:27.254+0000] {override.py:1858} INFO - Created Permission View: can delete on DAG:dataset_s3_bucket_consumer
[2024-08-24T03:09:27.270+0000] {logging_mixin.py:190} INFO - [2024-08-24T03:09:27.269+0000] {override.py:1858} INFO - Created Permission View: can read on DAG:dataset_s3_bucket_consumer
[2024-08-24T03:09:27.288+0000] {logging_mixin.py:190} INFO - [2024-08-24T03:09:27.287+0000] {override.py:1858} INFO - Created Permission View: can edit on DAG:dataset_s3_bucket_consumer
[2024-08-24T03:09:27.289+0000] {logging_mixin.py:190} INFO - [2024-08-24T03:09:27.288+0000] {dag.py:3211} INFO - Sync 4 DAGs
[2024-08-24T03:09:27.323+0000] {logging_mixin.py:190} INFO - [2024-08-24T03:09:27.323+0000] {dag.py:3234} INFO - Creating ORM DAG for dataset_alias_example_alias_consumer
[2024-08-24T03:09:27.324+0000] {logging_mixin.py:190} INFO - [2024-08-24T03:09:27.324+0000] {dag.py:3234} INFO - Creating ORM DAG for dataset_s3_bucket_producer
[2024-08-24T03:09:27.324+0000] {logging_mixin.py:190} INFO - [2024-08-24T03:09:27.324+0000] {dag.py:3234} INFO - Creating ORM DAG for dataset_s3_bucket_consumer
[2024-08-24T03:09:27.325+0000] {logging_mixin.py:190} INFO - [2024-08-24T03:09:27.325+0000] {dag.py:3234} INFO - Creating ORM DAG for dataset_alias_example_alias_producer
[2024-08-24T03:09:27.345+0000] {logging_mixin.py:190} INFO - [2024-08-24T03:09:27.345+0000] {dag.py:4138} INFO - Setting next_dagrun for dataset_alias_example_alias_consumer to None, run_after=None
[2024-08-24T03:09:27.346+0000] {logging_mixin.py:190} INFO - [2024-08-24T03:09:27.346+0000] {dag.py:4138} INFO - Setting next_dagrun for dataset_alias_example_alias_producer to None, run_after=None
[2024-08-24T03:09:27.346+0000] {logging_mixin.py:190} INFO - [2024-08-24T03:09:27.346+0000] {dag.py:4138} INFO - Setting next_dagrun for dataset_s3_bucket_consumer to None, run_after=None
[2024-08-24T03:09:27.349+0000] {logging_mixin.py:190} INFO - [2024-08-24T03:09:27.349+0000] {dag.py:4138} INFO - Setting next_dagrun for dataset_s3_bucket_producer to None, run_after=None
[2024-08-24T03:09:27.670+0000] {processor.py:208} INFO - Processing /home/airflow/.local/lib/python3.12/site-packages/airflow/example_dags/example_dataset_alias.py took 8.581 seconds
[2024-08-24T03:09:58.376+0000] {processor.py:186} INFO - Started process (PID=193) to work on /home/airflow/.local/lib/python3.12/site-packages/airflow/example_dags/example_dataset_alias.py
[2024-08-24T03:09:58.379+0000] {processor.py:914} INFO - Processing file /home/airflow/.local/lib/python3.12/site-packages/airflow/example_dags/example_dataset_alias.py for tasks to queue
[2024-08-24T03:09:58.383+0000] {logging_mixin.py:190} INFO - [2024-08-24T03:09:58.383+0000] {dagbag.py:587} INFO - Filling up the DagBag from /home/airflow/.local/lib/python3.12/site-packages/airflow/example_dags/example_dataset_alias.py
[2024-08-24T03:09:58.725+0000] {processor.py:925} INFO - DAG(s) 'dataset_alias_example_alias_producer', 'dataset_alias_example_alias_consumer', 'dataset_s3_bucket_producer', 'dataset_s3_bucket_consumer' retrieved from /home/airflow/.local/lib/python3.12/site-packages/airflow/example_dags/example_dataset_alias.py
[2024-08-24T03:09:58.759+0000] {logging_mixin.py:190} INFO - [2024-08-24T03:09:58.758+0000] {dag.py:3211} INFO - Sync 4 DAGs
[2024-08-24T03:09:58.787+0000] {logging_mixin.py:190} INFO - [2024-08-24T03:09:58.787+0000] {dag.py:4138} INFO - Setting next_dagrun for dataset_alias_example_alias_consumer to None, run_after=None
[2024-08-24T03:09:58.790+0000] {logging_mixin.py:190} INFO - [2024-08-24T03:09:58.790+0000] {dag.py:4138} INFO - Setting next_dagrun for dataset_alias_example_alias_producer to None, run_after=None
[2024-08-24T03:09:58.791+0000] {logging_mixin.py:190} INFO - [2024-08-24T03:09:58.791+0000] {dag.py:4138} INFO - Setting next_dagrun for dataset_s3_bucket_consumer to None, run_after=None
[2024-08-24T03:09:58.793+0000] {logging_mixin.py:190} INFO - [2024-08-24T03:09:58.792+0000] {dag.py:4138} INFO - Setting next_dagrun for dataset_s3_bucket_producer to None, run_after=None
[2024-08-24T03:09:58.824+0000] {processor.py:208} INFO - Processing /home/airflow/.local/lib/python3.12/site-packages/airflow/example_dags/example_dataset_alias.py took 0.476 seconds
[2024-08-24T03:10:29.238+0000] {processor.py:186} INFO - Started process (PID=256) to work on /home/airflow/.local/lib/python3.12/site-packages/airflow/example_dags/example_dataset_alias.py
[2024-08-24T03:10:29.268+0000] {processor.py:914} INFO - Processing file /home/airflow/.local/lib/python3.12/site-packages/airflow/example_dags/example_dataset_alias.py for tasks to queue
[2024-08-24T03:10:29.274+0000] {logging_mixin.py:190} INFO - [2024-08-24T03:10:29.273+0000] {dagbag.py:587} INFO - Filling up the DagBag from /home/airflow/.local/lib/python3.12/site-packages/airflow/example_dags/example_dataset_alias.py
[2024-08-24T03:10:29.752+0000] {processor.py:925} INFO - DAG(s) 'dataset_alias_example_alias_producer', 'dataset_alias_example_alias_consumer', 'dataset_s3_bucket_consumer', 'dataset_s3_bucket_producer' retrieved from /home/airflow/.local/lib/python3.12/site-packages/airflow/example_dags/example_dataset_alias.py
[2024-08-24T03:10:29.806+0000] {logging_mixin.py:190} INFO - [2024-08-24T03:10:29.806+0000] {dag.py:3211} INFO - Sync 4 DAGs
[2024-08-24T03:10:29.908+0000] {logging_mixin.py:190} INFO - [2024-08-24T03:10:29.906+0000] {dag.py:4138} INFO - Setting next_dagrun for dataset_alias_example_alias_consumer to None, run_after=None
[2024-08-24T03:10:29.916+0000] {logging_mixin.py:190} INFO - [2024-08-24T03:10:29.915+0000] {dag.py:4138} INFO - Setting next_dagrun for dataset_alias_example_alias_producer to None, run_after=None
[2024-08-24T03:10:29.918+0000] {logging_mixin.py:190} INFO - [2024-08-24T03:10:29.917+0000] {dag.py:4138} INFO - Setting next_dagrun for dataset_s3_bucket_consumer to None, run_after=None
[2024-08-24T03:10:29.920+0000] {logging_mixin.py:190} INFO - [2024-08-24T03:10:29.919+0000] {dag.py:4138} INFO - Setting next_dagrun for dataset_s3_bucket_producer to None, run_after=None
[2024-08-24T03:10:29.984+0000] {processor.py:208} INFO - Processing /home/airflow/.local/lib/python3.12/site-packages/airflow/example_dags/example_dataset_alias.py took 0.756 seconds
[2024-08-24T03:11:00.453+0000] {processor.py:186} INFO - Started process (PID=319) to work on /home/airflow/.local/lib/python3.12/site-packages/airflow/example_dags/example_dataset_alias.py
[2024-08-24T03:11:00.455+0000] {processor.py:914} INFO - Processing file /home/airflow/.local/lib/python3.12/site-packages/airflow/example_dags/example_dataset_alias.py for tasks to queue
[2024-08-24T03:11:00.460+0000] {logging_mixin.py:190} INFO - [2024-08-24T03:11:00.459+0000] {dagbag.py:587} INFO - Filling up the DagBag from /home/airflow/.local/lib/python3.12/site-packages/airflow/example_dags/example_dataset_alias.py
[2024-08-24T03:11:00.717+0000] {processor.py:925} INFO - DAG(s) 'dataset_s3_bucket_consumer', 'dataset_s3_bucket_producer', 'dataset_alias_example_alias_producer', 'dataset_alias_example_alias_consumer' retrieved from /home/airflow/.local/lib/python3.12/site-packages/airflow/example_dags/example_dataset_alias.py
[2024-08-24T03:11:00.766+0000] {logging_mixin.py:190} INFO - [2024-08-24T03:11:00.766+0000] {dag.py:3211} INFO - Sync 4 DAGs
[2024-08-24T03:11:00.804+0000] {logging_mixin.py:190} INFO - [2024-08-24T03:11:00.804+0000] {dag.py:4138} INFO - Setting next_dagrun for dataset_alias_example_alias_consumer to None, run_after=None
[2024-08-24T03:11:00.809+0000] {logging_mixin.py:190} INFO - [2024-08-24T03:11:00.808+0000] {dag.py:4138} INFO - Setting next_dagrun for dataset_alias_example_alias_producer to None, run_after=None
[2024-08-24T03:11:00.810+0000] {logging_mixin.py:190} INFO - [2024-08-24T03:11:00.810+0000] {dag.py:4138} INFO - Setting next_dagrun for dataset_s3_bucket_consumer to None, run_after=None
[2024-08-24T03:11:00.813+0000] {logging_mixin.py:190} INFO - [2024-08-24T03:11:00.813+0000] {dag.py:4138} INFO - Setting next_dagrun for dataset_s3_bucket_producer to None, run_after=None
[2024-08-24T03:11:00.844+0000] {processor.py:208} INFO - Processing /home/airflow/.local/lib/python3.12/site-packages/airflow/example_dags/example_dataset_alias.py took 0.402 seconds
[2024-08-24T03:11:31.145+0000] {processor.py:186} INFO - Started process (PID=382) to work on /home/airflow/.local/lib/python3.12/site-packages/airflow/example_dags/example_dataset_alias.py
[2024-08-24T03:11:31.148+0000] {processor.py:914} INFO - Processing file /home/airflow/.local/lib/python3.12/site-packages/airflow/example_dags/example_dataset_alias.py for tasks to queue
[2024-08-24T03:11:31.151+0000] {logging_mixin.py:190} INFO - [2024-08-24T03:11:31.151+0000] {dagbag.py:587} INFO - Filling up the DagBag from /home/airflow/.local/lib/python3.12/site-packages/airflow/example_dags/example_dataset_alias.py
[2024-08-24T03:11:31.750+0000] {processor.py:925} INFO - DAG(s) 'dataset_alias_example_alias_producer', 'dataset_s3_bucket_consumer', 'dataset_s3_bucket_producer', 'dataset_alias_example_alias_consumer' retrieved from /home/airflow/.local/lib/python3.12/site-packages/airflow/example_dags/example_dataset_alias.py
[2024-08-24T03:11:31.839+0000] {logging_mixin.py:190} INFO - [2024-08-24T03:11:31.838+0000] {dag.py:3211} INFO - Sync 4 DAGs
[2024-08-24T03:11:31.918+0000] {logging_mixin.py:190} INFO - [2024-08-24T03:11:31.918+0000] {dag.py:4138} INFO - Setting next_dagrun for dataset_alias_example_alias_consumer to None, run_after=None
[2024-08-24T03:11:31.922+0000] {logging_mixin.py:190} INFO - [2024-08-24T03:11:31.922+0000] {dag.py:4138} INFO - Setting next_dagrun for dataset_alias_example_alias_producer to None, run_after=None
[2024-08-24T03:11:31.924+0000] {logging_mixin.py:190} INFO - [2024-08-24T03:11:31.924+0000] {dag.py:4138} INFO - Setting next_dagrun for dataset_s3_bucket_consumer to None, run_after=None
[2024-08-24T03:11:31.926+0000] {logging_mixin.py:190} INFO - [2024-08-24T03:11:31.926+0000] {dag.py:4138} INFO - Setting next_dagrun for dataset_s3_bucket_producer to None, run_after=None
[2024-08-24T03:11:31.962+0000] {processor.py:208} INFO - Processing /home/airflow/.local/lib/python3.12/site-packages/airflow/example_dags/example_dataset_alias.py took 0.826 seconds
[2024-08-24T03:12:02.163+0000] {processor.py:186} INFO - Started process (PID=444) to work on /home/airflow/.local/lib/python3.12/site-packages/airflow/example_dags/example_dataset_alias.py
[2024-08-24T03:12:02.165+0000] {processor.py:914} INFO - Processing file /home/airflow/.local/lib/python3.12/site-packages/airflow/example_dags/example_dataset_alias.py for tasks to queue
[2024-08-24T03:12:02.168+0000] {logging_mixin.py:190} INFO - [2024-08-24T03:12:02.167+0000] {dagbag.py:587} INFO - Filling up the DagBag from /home/airflow/.local/lib/python3.12/site-packages/airflow/example_dags/example_dataset_alias.py
[2024-08-24T03:12:03.699+0000] {processor.py:925} INFO - DAG(s) 'dataset_alias_example_alias_producer', 'dataset_s3_bucket_producer', 'dataset_alias_example_alias_consumer', 'dataset_s3_bucket_consumer' retrieved from /home/airflow/.local/lib/python3.12/site-packages/airflow/example_dags/example_dataset_alias.py
[2024-08-24T03:12:03.780+0000] {logging_mixin.py:190} INFO - [2024-08-24T03:12:03.771+0000] {dag.py:3211} INFO - Sync 4 DAGs
[2024-08-24T03:12:04.207+0000] {logging_mixin.py:190} INFO - [2024-08-24T03:12:04.207+0000] {dag.py:4138} INFO - Setting next_dagrun for dataset_alias_example_alias_consumer to None, run_after=None
[2024-08-24T03:12:04.256+0000] {logging_mixin.py:190} INFO - [2024-08-24T03:12:04.255+0000] {dag.py:4138} INFO - Setting next_dagrun for dataset_alias_example_alias_producer to None, run_after=None
[2024-08-24T03:12:04.270+0000] {logging_mixin.py:190} INFO - [2024-08-24T03:12:04.264+0000] {dag.py:4138} INFO - Setting next_dagrun for dataset_s3_bucket_consumer to None, run_after=None
[2024-08-24T03:12:04.288+0000] {logging_mixin.py:190} INFO - [2024-08-24T03:12:04.287+0000] {dag.py:4138} INFO - Setting next_dagrun for dataset_s3_bucket_producer to None, run_after=None
[2024-08-24T03:12:04.716+0000] {processor.py:208} INFO - Processing /home/airflow/.local/lib/python3.12/site-packages/airflow/example_dags/example_dataset_alias.py took 2.580 seconds
[2024-08-24T03:12:34.975+0000] {processor.py:186} INFO - Started process (PID=509) to work on /home/airflow/.local/lib/python3.12/site-packages/airflow/example_dags/example_dataset_alias.py
[2024-08-24T03:12:34.976+0000] {processor.py:914} INFO - Processing file /home/airflow/.local/lib/python3.12/site-packages/airflow/example_dags/example_dataset_alias.py for tasks to queue
[2024-08-24T03:12:34.981+0000] {logging_mixin.py:190} INFO - [2024-08-24T03:12:34.980+0000] {dagbag.py:587} INFO - Filling up the DagBag from /home/airflow/.local/lib/python3.12/site-packages/airflow/example_dags/example_dataset_alias.py
[2024-08-24T03:12:35.659+0000] {processor.py:925} INFO - DAG(s) 'dataset_s3_bucket_consumer', 'dataset_alias_example_alias_producer', 'dataset_alias_example_alias_consumer', 'dataset_s3_bucket_producer' retrieved from /home/airflow/.local/lib/python3.12/site-packages/airflow/example_dags/example_dataset_alias.py
[2024-08-24T03:12:35.684+0000] {logging_mixin.py:190} INFO - [2024-08-24T03:12:35.683+0000] {dag.py:3211} INFO - Sync 4 DAGs
[2024-08-24T03:12:35.728+0000] {logging_mixin.py:190} INFO - [2024-08-24T03:12:35.728+0000] {dag.py:4138} INFO - Setting next_dagrun for dataset_alias_example_alias_consumer to None, run_after=None
[2024-08-24T03:12:35.732+0000] {logging_mixin.py:190} INFO - [2024-08-24T03:12:35.732+0000] {dag.py:4138} INFO - Setting next_dagrun for dataset_alias_example_alias_producer to None, run_after=None
[2024-08-24T03:12:35.734+0000] {logging_mixin.py:190} INFO - [2024-08-24T03:12:35.733+0000] {dag.py:4138} INFO - Setting next_dagrun for dataset_s3_bucket_consumer to None, run_after=None
[2024-08-24T03:12:35.736+0000] {logging_mixin.py:190} INFO - [2024-08-24T03:12:35.735+0000] {dag.py:4138} INFO - Setting next_dagrun for dataset_s3_bucket_producer to None, run_after=None
[2024-08-24T03:12:35.772+0000] {processor.py:208} INFO - Processing /home/airflow/.local/lib/python3.12/site-packages/airflow/example_dags/example_dataset_alias.py took 0.808 seconds
[2024-08-24T03:13:06.137+0000] {processor.py:186} INFO - Started process (PID=572) to work on /home/airflow/.local/lib/python3.12/site-packages/airflow/example_dags/example_dataset_alias.py
[2024-08-24T03:13:06.140+0000] {processor.py:914} INFO - Processing file /home/airflow/.local/lib/python3.12/site-packages/airflow/example_dags/example_dataset_alias.py for tasks to queue
[2024-08-24T03:13:06.164+0000] {logging_mixin.py:190} INFO - [2024-08-24T03:13:06.161+0000] {dagbag.py:587} INFO - Filling up the DagBag from /home/airflow/.local/lib/python3.12/site-packages/airflow/example_dags/example_dataset_alias.py
[2024-08-24T03:13:06.670+0000] {processor.py:925} INFO - DAG(s) 'dataset_alias_example_alias_consumer', 'dataset_s3_bucket_consumer', 'dataset_alias_example_alias_producer', 'dataset_s3_bucket_producer' retrieved from /home/airflow/.local/lib/python3.12/site-packages/airflow/example_dags/example_dataset_alias.py
[2024-08-24T03:13:06.764+0000] {logging_mixin.py:190} INFO - [2024-08-24T03:13:06.762+0000] {dag.py:3211} INFO - Sync 4 DAGs
[2024-08-24T03:13:06.845+0000] {logging_mixin.py:190} INFO - [2024-08-24T03:13:06.842+0000] {dag.py:4138} INFO - Setting next_dagrun for dataset_alias_example_alias_consumer to None, run_after=None
[2024-08-24T03:13:06.857+0000] {logging_mixin.py:190} INFO - [2024-08-24T03:13:06.856+0000] {dag.py:4138} INFO - Setting next_dagrun for dataset_alias_example_alias_producer to None, run_after=None
[2024-08-24T03:13:06.859+0000] {logging_mixin.py:190} INFO - [2024-08-24T03:13:06.859+0000] {dag.py:4138} INFO - Setting next_dagrun for dataset_s3_bucket_consumer to None, run_after=None
[2024-08-24T03:13:06.861+0000] {logging_mixin.py:190} INFO - [2024-08-24T03:13:06.861+0000] {dag.py:4138} INFO - Setting next_dagrun for dataset_s3_bucket_producer to None, run_after=None
[2024-08-24T03:13:06.955+0000] {processor.py:208} INFO - Processing /home/airflow/.local/lib/python3.12/site-packages/airflow/example_dags/example_dataset_alias.py took 0.827 seconds
[2024-08-24T03:13:37.863+0000] {processor.py:186} INFO - Started process (PID=637) to work on /home/airflow/.local/lib/python3.12/site-packages/airflow/example_dags/example_dataset_alias.py
[2024-08-24T03:13:37.866+0000] {processor.py:914} INFO - Processing file /home/airflow/.local/lib/python3.12/site-packages/airflow/example_dags/example_dataset_alias.py for tasks to queue
[2024-08-24T03:13:37.870+0000] {logging_mixin.py:190} INFO - [2024-08-24T03:13:37.870+0000] {dagbag.py:587} INFO - Filling up the DagBag from /home/airflow/.local/lib/python3.12/site-packages/airflow/example_dags/example_dataset_alias.py
[2024-08-24T03:13:38.117+0000] {processor.py:925} INFO - DAG(s) 'dataset_s3_bucket_consumer', 'dataset_alias_example_alias_producer', 'dataset_alias_example_alias_consumer', 'dataset_s3_bucket_producer' retrieved from /home/airflow/.local/lib/python3.12/site-packages/airflow/example_dags/example_dataset_alias.py
[2024-08-24T03:13:38.155+0000] {logging_mixin.py:190} INFO - [2024-08-24T03:13:38.155+0000] {dag.py:3211} INFO - Sync 4 DAGs
[2024-08-24T03:13:38.185+0000] {logging_mixin.py:190} INFO - [2024-08-24T03:13:38.185+0000] {dag.py:4138} INFO - Setting next_dagrun for dataset_alias_example_alias_consumer to None, run_after=None
[2024-08-24T03:13:38.189+0000] {logging_mixin.py:190} INFO - [2024-08-24T03:13:38.188+0000] {dag.py:4138} INFO - Setting next_dagrun for dataset_alias_example_alias_producer to None, run_after=None
[2024-08-24T03:13:38.190+0000] {logging_mixin.py:190} INFO - [2024-08-24T03:13:38.190+0000] {dag.py:4138} INFO - Setting next_dagrun for dataset_s3_bucket_consumer to None, run_after=None
[2024-08-24T03:13:38.193+0000] {logging_mixin.py:190} INFO - [2024-08-24T03:13:38.193+0000] {dag.py:4138} INFO - Setting next_dagrun for dataset_s3_bucket_producer to None, run_after=None
[2024-08-24T03:13:38.225+0000] {processor.py:208} INFO - Processing /home/airflow/.local/lib/python3.12/site-packages/airflow/example_dags/example_dataset_alias.py took 0.372 seconds
[2024-08-24T03:14:08.334+0000] {processor.py:186} INFO - Started process (PID=699) to work on /home/airflow/.local/lib/python3.12/site-packages/airflow/example_dags/example_dataset_alias.py
[2024-08-24T03:14:08.336+0000] {processor.py:914} INFO - Processing file /home/airflow/.local/lib/python3.12/site-packages/airflow/example_dags/example_dataset_alias.py for tasks to queue
[2024-08-24T03:14:08.339+0000] {logging_mixin.py:190} INFO - [2024-08-24T03:14:08.339+0000] {dagbag.py:587} INFO - Filling up the DagBag from /home/airflow/.local/lib/python3.12/site-packages/airflow/example_dags/example_dataset_alias.py
[2024-08-24T03:14:08.712+0000] {processor.py:925} INFO - DAG(s) 'dataset_alias_example_alias_producer', 'dataset_s3_bucket_producer', 'dataset_alias_example_alias_consumer', 'dataset_s3_bucket_consumer' retrieved from /home/airflow/.local/lib/python3.12/site-packages/airflow/example_dags/example_dataset_alias.py
[2024-08-24T03:14:08.758+0000] {logging_mixin.py:190} INFO - [2024-08-24T03:14:08.758+0000] {dag.py:3211} INFO - Sync 4 DAGs
[2024-08-24T03:14:08.791+0000] {logging_mixin.py:190} INFO - [2024-08-24T03:14:08.790+0000] {dag.py:4138} INFO - Setting next_dagrun for dataset_alias_example_alias_consumer to None, run_after=None
[2024-08-24T03:14:08.794+0000] {logging_mixin.py:190} INFO - [2024-08-24T03:14:08.794+0000] {dag.py:4138} INFO - Setting next_dagrun for dataset_alias_example_alias_producer to None, run_after=None
[2024-08-24T03:14:08.796+0000] {logging_mixin.py:190} INFO - [2024-08-24T03:14:08.796+0000] {dag.py:4138} INFO - Setting next_dagrun for dataset_s3_bucket_consumer to None, run_after=None
[2024-08-24T03:14:08.798+0000] {logging_mixin.py:190} INFO - [2024-08-24T03:14:08.798+0000] {dag.py:4138} INFO - Setting next_dagrun for dataset_s3_bucket_producer to None, run_after=None
[2024-08-24T03:14:08.841+0000] {processor.py:208} INFO - Processing /home/airflow/.local/lib/python3.12/site-packages/airflow/example_dags/example_dataset_alias.py took 0.519 seconds
[2024-08-24T03:14:38.930+0000] {processor.py:186} INFO - Started process (PID=763) to work on /home/airflow/.local/lib/python3.12/site-packages/airflow/example_dags/example_dataset_alias.py
[2024-08-24T03:14:38.932+0000] {processor.py:914} INFO - Processing file /home/airflow/.local/lib/python3.12/site-packages/airflow/example_dags/example_dataset_alias.py for tasks to queue
[2024-08-24T03:14:38.935+0000] {logging_mixin.py:190} INFO - [2024-08-24T03:14:38.935+0000] {dagbag.py:587} INFO - Filling up the DagBag from /home/airflow/.local/lib/python3.12/site-packages/airflow/example_dags/example_dataset_alias.py
[2024-08-24T03:14:39.385+0000] {processor.py:925} INFO - DAG(s) 'dataset_s3_bucket_producer', 'dataset_alias_example_alias_producer', 'dataset_alias_example_alias_consumer', 'dataset_s3_bucket_consumer' retrieved from /home/airflow/.local/lib/python3.12/site-packages/airflow/example_dags/example_dataset_alias.py
[2024-08-24T03:14:39.409+0000] {logging_mixin.py:190} INFO - [2024-08-24T03:14:39.409+0000] {dag.py:3211} INFO - Sync 4 DAGs
[2024-08-24T03:14:39.436+0000] {logging_mixin.py:190} INFO - [2024-08-24T03:14:39.436+0000] {dag.py:4138} INFO - Setting next_dagrun for dataset_alias_example_alias_consumer to None, run_after=None
[2024-08-24T03:14:39.439+0000] {logging_mixin.py:190} INFO - [2024-08-24T03:14:39.439+0000] {dag.py:4138} INFO - Setting next_dagrun for dataset_alias_example_alias_producer to None, run_after=None
[2024-08-24T03:14:39.441+0000] {logging_mixin.py:190} INFO - [2024-08-24T03:14:39.440+0000] {dag.py:4138} INFO - Setting next_dagrun for dataset_s3_bucket_consumer to None, run_after=None
[2024-08-24T03:14:39.442+0000] {logging_mixin.py:190} INFO - [2024-08-24T03:14:39.442+0000] {dag.py:4138} INFO - Setting next_dagrun for dataset_s3_bucket_producer to None, run_after=None
[2024-08-24T03:14:39.497+0000] {processor.py:208} INFO - Processing /home/airflow/.local/lib/python3.12/site-packages/airflow/example_dags/example_dataset_alias.py took 0.575 seconds
[2024-08-24T03:15:09.693+0000] {processor.py:186} INFO - Started process (PID=824) to work on /home/airflow/.local/lib/python3.12/site-packages/airflow/example_dags/example_dataset_alias.py
[2024-08-24T03:15:09.694+0000] {processor.py:914} INFO - Processing file /home/airflow/.local/lib/python3.12/site-packages/airflow/example_dags/example_dataset_alias.py for tasks to queue
[2024-08-24T03:15:09.697+0000] {logging_mixin.py:190} INFO - [2024-08-24T03:15:09.697+0000] {dagbag.py:587} INFO - Filling up the DagBag from /home/airflow/.local/lib/python3.12/site-packages/airflow/example_dags/example_dataset_alias.py
[2024-08-24T03:15:10.408+0000] {processor.py:925} INFO - DAG(s) 'dataset_s3_bucket_consumer', 'dataset_alias_example_alias_consumer', 'dataset_s3_bucket_producer', 'dataset_alias_example_alias_producer' retrieved from /home/airflow/.local/lib/python3.12/site-packages/airflow/example_dags/example_dataset_alias.py
[2024-08-24T03:15:10.444+0000] {logging_mixin.py:190} INFO - [2024-08-24T03:15:10.443+0000] {dag.py:3211} INFO - Sync 4 DAGs
[2024-08-24T03:15:10.473+0000] {logging_mixin.py:190} INFO - [2024-08-24T03:15:10.473+0000] {dag.py:4138} INFO - Setting next_dagrun for dataset_alias_example_alias_consumer to None, run_after=None
[2024-08-24T03:15:10.476+0000] {logging_mixin.py:190} INFO - [2024-08-24T03:15:10.476+0000] {dag.py:4138} INFO - Setting next_dagrun for dataset_alias_example_alias_producer to None, run_after=None
[2024-08-24T03:15:10.480+0000] {logging_mixin.py:190} INFO - [2024-08-24T03:15:10.479+0000] {dag.py:4138} INFO - Setting next_dagrun for dataset_s3_bucket_consumer to None, run_after=None
[2024-08-24T03:15:10.481+0000] {logging_mixin.py:190} INFO - [2024-08-24T03:15:10.481+0000] {dag.py:4138} INFO - Setting next_dagrun for dataset_s3_bucket_producer to None, run_after=None
[2024-08-24T03:15:10.522+0000] {processor.py:208} INFO - Processing /home/airflow/.local/lib/python3.12/site-packages/airflow/example_dags/example_dataset_alias.py took 0.842 seconds
[2024-08-24T03:15:40.595+0000] {processor.py:186} INFO - Started process (PID=888) to work on /home/airflow/.local/lib/python3.12/site-packages/airflow/example_dags/example_dataset_alias.py
[2024-08-24T03:15:40.602+0000] {processor.py:914} INFO - Processing file /home/airflow/.local/lib/python3.12/site-packages/airflow/example_dags/example_dataset_alias.py for tasks to queue
[2024-08-24T03:15:40.609+0000] {logging_mixin.py:190} INFO - [2024-08-24T03:15:40.608+0000] {dagbag.py:587} INFO - Filling up the DagBag from /home/airflow/.local/lib/python3.12/site-packages/airflow/example_dags/example_dataset_alias.py
[2024-08-24T03:15:40.860+0000] {processor.py:925} INFO - DAG(s) 'dataset_s3_bucket_producer', 'dataset_alias_example_alias_producer', 'dataset_s3_bucket_consumer', 'dataset_alias_example_alias_consumer' retrieved from /home/airflow/.local/lib/python3.12/site-packages/airflow/example_dags/example_dataset_alias.py
[2024-08-24T03:15:40.906+0000] {logging_mixin.py:190} INFO - [2024-08-24T03:15:40.906+0000] {dag.py:3211} INFO - Sync 4 DAGs
[2024-08-24T03:15:40.940+0000] {logging_mixin.py:190} INFO - [2024-08-24T03:15:40.940+0000] {dag.py:4138} INFO - Setting next_dagrun for dataset_alias_example_alias_consumer to None, run_after=None
[2024-08-24T03:15:40.946+0000] {logging_mixin.py:190} INFO - [2024-08-24T03:15:40.945+0000] {dag.py:4138} INFO - Setting next_dagrun for dataset_alias_example_alias_producer to None, run_after=None
[2024-08-24T03:15:40.947+0000] {logging_mixin.py:190} INFO - [2024-08-24T03:15:40.947+0000] {dag.py:4138} INFO - Setting next_dagrun for dataset_s3_bucket_consumer to None, run_after=None
[2024-08-24T03:15:40.950+0000] {logging_mixin.py:190} INFO - [2024-08-24T03:15:40.950+0000] {dag.py:4138} INFO - Setting next_dagrun for dataset_s3_bucket_producer to None, run_after=None
[2024-08-24T03:15:40.989+0000] {processor.py:208} INFO - Processing /home/airflow/.local/lib/python3.12/site-packages/airflow/example_dags/example_dataset_alias.py took 0.404 seconds
[2024-08-24T03:24:40.290+0000] {processor.py:186} INFO - Started process (PID=134) to work on /home/airflow/.local/lib/python3.12/site-packages/airflow/example_dags/example_dataset_alias.py
[2024-08-24T03:24:40.306+0000] {processor.py:914} INFO - Processing file /home/airflow/.local/lib/python3.12/site-packages/airflow/example_dags/example_dataset_alias.py for tasks to queue
[2024-08-24T03:24:40.310+0000] {logging_mixin.py:190} INFO - [2024-08-24T03:24:40.309+0000] {dagbag.py:587} INFO - Filling up the DagBag from /home/airflow/.local/lib/python3.12/site-packages/airflow/example_dags/example_dataset_alias.py
[2024-08-24T03:25:10.420+0000] {logging_mixin.py:190} INFO - [2024-08-24T03:25:10.390+0000] {timeout.py:68} ERROR - Process timed out, PID: 134
[2024-08-24T18:11:31.028+0000] {processor.py:186} INFO - Started process (PID=86) to work on /home/airflow/.local/lib/python3.12/site-packages/airflow/example_dags/example_dataset_alias.py
[2024-08-24T18:11:31.033+0000] {processor.py:914} INFO - Processing file /home/airflow/.local/lib/python3.12/site-packages/airflow/example_dags/example_dataset_alias.py for tasks to queue
[2024-08-24T18:11:31.037+0000] {logging_mixin.py:190} INFO - [2024-08-24T18:11:31.037+0000] {dagbag.py:587} INFO - Filling up the DagBag from /home/airflow/.local/lib/python3.12/site-packages/airflow/example_dags/example_dataset_alias.py
[2024-08-24T18:11:31.298+0000] {processor.py:925} INFO - DAG(s) 'dataset_s3_bucket_consumer', 'dataset_s3_bucket_producer', 'dataset_alias_example_alias_consumer', 'dataset_alias_example_alias_producer' retrieved from /home/airflow/.local/lib/python3.12/site-packages/airflow/example_dags/example_dataset_alias.py
[2024-08-24T18:11:31.586+0000] {logging_mixin.py:190} INFO - [2024-08-24T18:11:31.585+0000] {dag.py:3211} INFO - Sync 4 DAGs
[2024-08-24T18:11:31.611+0000] {logging_mixin.py:190} INFO - [2024-08-24T18:11:31.611+0000] {dag.py:4138} INFO - Setting next_dagrun for dataset_alias_example_alias_consumer to None, run_after=None
[2024-08-24T18:11:31.615+0000] {logging_mixin.py:190} INFO - [2024-08-24T18:11:31.614+0000] {dag.py:4138} INFO - Setting next_dagrun for dataset_alias_example_alias_producer to None, run_after=None
[2024-08-24T18:11:31.617+0000] {logging_mixin.py:190} INFO - [2024-08-24T18:11:31.616+0000] {dag.py:4138} INFO - Setting next_dagrun for dataset_s3_bucket_consumer to None, run_after=None
[2024-08-24T18:11:31.618+0000] {logging_mixin.py:190} INFO - [2024-08-24T18:11:31.618+0000] {dag.py:4138} INFO - Setting next_dagrun for dataset_s3_bucket_producer to None, run_after=None
[2024-08-24T18:11:31.651+0000] {processor.py:208} INFO - Processing /home/airflow/.local/lib/python3.12/site-packages/airflow/example_dags/example_dataset_alias.py took 0.633 seconds
[2024-08-24T18:12:04.397+0000] {processor.py:186} INFO - Started process (PID=149) to work on /home/airflow/.local/lib/python3.12/site-packages/airflow/example_dags/example_dataset_alias.py
[2024-08-24T18:12:04.402+0000] {processor.py:914} INFO - Processing file /home/airflow/.local/lib/python3.12/site-packages/airflow/example_dags/example_dataset_alias.py for tasks to queue
[2024-08-24T18:12:04.406+0000] {logging_mixin.py:190} INFO - [2024-08-24T18:12:04.405+0000] {dagbag.py:587} INFO - Filling up the DagBag from /home/airflow/.local/lib/python3.12/site-packages/airflow/example_dags/example_dataset_alias.py
[2024-08-24T18:12:04.794+0000] {processor.py:925} INFO - DAG(s) 'dataset_alias_example_alias_consumer', 'dataset_s3_bucket_producer', 'dataset_s3_bucket_consumer', 'dataset_alias_example_alias_producer' retrieved from /home/airflow/.local/lib/python3.12/site-packages/airflow/example_dags/example_dataset_alias.py
[2024-08-24T18:12:04.873+0000] {logging_mixin.py:190} INFO - [2024-08-24T18:12:04.872+0000] {dag.py:3211} INFO - Sync 4 DAGs
[2024-08-24T18:12:05.044+0000] {logging_mixin.py:190} INFO - [2024-08-24T18:12:05.043+0000] {dag.py:4138} INFO - Setting next_dagrun for dataset_alias_example_alias_consumer to None, run_after=None
[2024-08-24T18:12:05.057+0000] {logging_mixin.py:190} INFO - [2024-08-24T18:12:05.056+0000] {dag.py:4138} INFO - Setting next_dagrun for dataset_alias_example_alias_producer to None, run_after=None
[2024-08-24T18:12:05.062+0000] {logging_mixin.py:190} INFO - [2024-08-24T18:12:05.062+0000] {dag.py:4138} INFO - Setting next_dagrun for dataset_s3_bucket_consumer to None, run_after=None
[2024-08-24T18:12:05.065+0000] {logging_mixin.py:190} INFO - [2024-08-24T18:12:05.065+0000] {dag.py:4138} INFO - Setting next_dagrun for dataset_s3_bucket_producer to None, run_after=None
[2024-08-24T18:12:05.220+0000] {processor.py:208} INFO - Processing /home/airflow/.local/lib/python3.12/site-packages/airflow/example_dags/example_dataset_alias.py took 0.833 seconds
[2024-08-24T18:12:36.543+0000] {processor.py:186} INFO - Started process (PID=218) to work on /home/airflow/.local/lib/python3.12/site-packages/airflow/example_dags/example_dataset_alias.py
[2024-08-24T18:12:36.545+0000] {processor.py:914} INFO - Processing file /home/airflow/.local/lib/python3.12/site-packages/airflow/example_dags/example_dataset_alias.py for tasks to queue
[2024-08-24T18:12:36.549+0000] {logging_mixin.py:190} INFO - [2024-08-24T18:12:36.548+0000] {dagbag.py:587} INFO - Filling up the DagBag from /home/airflow/.local/lib/python3.12/site-packages/airflow/example_dags/example_dataset_alias.py
[2024-08-24T18:12:37.562+0000] {processor.py:925} INFO - DAG(s) 'dataset_s3_bucket_consumer', 'dataset_alias_example_alias_consumer', 'dataset_s3_bucket_producer', 'dataset_alias_example_alias_producer' retrieved from /home/airflow/.local/lib/python3.12/site-packages/airflow/example_dags/example_dataset_alias.py
[2024-08-24T18:12:37.649+0000] {logging_mixin.py:190} INFO - [2024-08-24T18:12:37.649+0000] {dag.py:3211} INFO - Sync 4 DAGs
[2024-08-24T18:12:37.740+0000] {logging_mixin.py:190} INFO - [2024-08-24T18:12:37.739+0000] {dag.py:4138} INFO - Setting next_dagrun for dataset_alias_example_alias_consumer to None, run_after=None
[2024-08-24T18:12:37.751+0000] {logging_mixin.py:190} INFO - [2024-08-24T18:12:37.750+0000] {dag.py:4138} INFO - Setting next_dagrun for dataset_alias_example_alias_producer to None, run_after=None
[2024-08-24T18:12:37.753+0000] {logging_mixin.py:190} INFO - [2024-08-24T18:12:37.753+0000] {dag.py:4138} INFO - Setting next_dagrun for dataset_s3_bucket_consumer to None, run_after=None
[2024-08-24T18:12:37.754+0000] {logging_mixin.py:190} INFO - [2024-08-24T18:12:37.754+0000] {dag.py:4138} INFO - Setting next_dagrun for dataset_s3_bucket_producer to None, run_after=None
[2024-08-24T18:12:37.799+0000] {processor.py:208} INFO - Processing /home/airflow/.local/lib/python3.12/site-packages/airflow/example_dags/example_dataset_alias.py took 1.270 seconds
[2024-08-24T18:13:21.448+0000] {processor.py:186} INFO - Started process (PID=281) to work on /home/airflow/.local/lib/python3.12/site-packages/airflow/example_dags/example_dataset_alias.py
[2024-08-24T18:13:21.490+0000] {processor.py:914} INFO - Processing file /home/airflow/.local/lib/python3.12/site-packages/airflow/example_dags/example_dataset_alias.py for tasks to queue
[2024-08-24T18:13:21.602+0000] {logging_mixin.py:190} INFO - [2024-08-24T18:13:21.518+0000] {dagbag.py:587} INFO - Filling up the DagBag from /home/airflow/.local/lib/python3.12/site-packages/airflow/example_dags/example_dataset_alias.py
[2024-08-24T18:13:29.186+0000] {processor.py:925} INFO - DAG(s) 'dataset_s3_bucket_producer', 'dataset_alias_example_alias_producer', 'dataset_s3_bucket_consumer', 'dataset_alias_example_alias_consumer' retrieved from /home/airflow/.local/lib/python3.12/site-packages/airflow/example_dags/example_dataset_alias.py
[2024-08-24T18:13:29.944+0000] {logging_mixin.py:190} INFO - [2024-08-24T18:13:29.944+0000] {dag.py:3211} INFO - Sync 4 DAGs
[2024-08-24T18:13:30.119+0000] {logging_mixin.py:190} INFO - [2024-08-24T18:13:30.118+0000] {dag.py:4138} INFO - Setting next_dagrun for dataset_alias_example_alias_consumer to None, run_after=None
[2024-08-24T18:13:30.161+0000] {logging_mixin.py:190} INFO - [2024-08-24T18:13:30.141+0000] {dag.py:4138} INFO - Setting next_dagrun for dataset_alias_example_alias_producer to None, run_after=None
[2024-08-24T18:13:30.168+0000] {logging_mixin.py:190} INFO - [2024-08-24T18:13:30.168+0000] {dag.py:4138} INFO - Setting next_dagrun for dataset_s3_bucket_consumer to None, run_after=None
[2024-08-24T18:13:30.174+0000] {logging_mixin.py:190} INFO - [2024-08-24T18:13:30.173+0000] {dag.py:4138} INFO - Setting next_dagrun for dataset_s3_bucket_producer to None, run_after=None
[2024-08-24T18:13:30.383+0000] {processor.py:208} INFO - Processing /home/airflow/.local/lib/python3.12/site-packages/airflow/example_dags/example_dataset_alias.py took 9.117 seconds
[2024-08-24T18:14:07.158+0000] {processor.py:186} INFO - Started process (PID=346) to work on /home/airflow/.local/lib/python3.12/site-packages/airflow/example_dags/example_dataset_alias.py
[2024-08-24T18:14:07.168+0000] {processor.py:914} INFO - Processing file /home/airflow/.local/lib/python3.12/site-packages/airflow/example_dags/example_dataset_alias.py for tasks to queue
[2024-08-24T18:14:07.173+0000] {logging_mixin.py:190} INFO - [2024-08-24T18:14:07.172+0000] {dagbag.py:587} INFO - Filling up the DagBag from /home/airflow/.local/lib/python3.12/site-packages/airflow/example_dags/example_dataset_alias.py
[2024-08-24T18:14:10.708+0000] {processor.py:925} INFO - DAG(s) 'dataset_s3_bucket_consumer', 'dataset_s3_bucket_producer', 'dataset_alias_example_alias_producer', 'dataset_alias_example_alias_consumer' retrieved from /home/airflow/.local/lib/python3.12/site-packages/airflow/example_dags/example_dataset_alias.py
[2024-08-24T18:14:10.926+0000] {logging_mixin.py:190} INFO - [2024-08-24T18:14:10.924+0000] {dag.py:3211} INFO - Sync 4 DAGs
[2024-08-24T18:14:11.047+0000] {logging_mixin.py:190} INFO - [2024-08-24T18:14:11.047+0000] {dag.py:4138} INFO - Setting next_dagrun for dataset_alias_example_alias_consumer to None, run_after=None
[2024-08-24T18:14:11.051+0000] {logging_mixin.py:190} INFO - [2024-08-24T18:14:11.051+0000] {dag.py:4138} INFO - Setting next_dagrun for dataset_alias_example_alias_producer to None, run_after=None
[2024-08-24T18:14:11.057+0000] {logging_mixin.py:190} INFO - [2024-08-24T18:14:11.056+0000] {dag.py:4138} INFO - Setting next_dagrun for dataset_s3_bucket_consumer to None, run_after=None
[2024-08-24T18:14:11.060+0000] {logging_mixin.py:190} INFO - [2024-08-24T18:14:11.060+0000] {dag.py:4138} INFO - Setting next_dagrun for dataset_s3_bucket_producer to None, run_after=None
[2024-08-24T18:14:11.194+0000] {processor.py:208} INFO - Processing /home/airflow/.local/lib/python3.12/site-packages/airflow/example_dags/example_dataset_alias.py took 4.106 seconds
