[2024-08-24T03:09:33.330+0000] {processor.py:186} INFO - Started process (PID=138) to work on /home/airflow/.local/lib/python3.12/site-packages/airflow/example_dags/example_dynamic_task_mapping_with_no_taskflow_operators.py
[2024-08-24T03:09:33.332+0000] {processor.py:914} INFO - Processing file /home/airflow/.local/lib/python3.12/site-packages/airflow/example_dags/example_dynamic_task_mapping_with_no_taskflow_operators.py for tasks to queue
[2024-08-24T03:09:33.338+0000] {logging_mixin.py:190} INFO - [2024-08-24T03:09:33.336+0000] {dagbag.py:587} INFO - Filling up the DagBag from /home/airflow/.local/lib/python3.12/site-packages/airflow/example_dags/example_dynamic_task_mapping_with_no_taskflow_operators.py
[2024-08-24T03:09:33.362+0000] {processor.py:925} INFO - DAG(s) 'example_dynamic_task_mapping_with_no_taskflow_operators' retrieved from /home/airflow/.local/lib/python3.12/site-packages/airflow/example_dags/example_dynamic_task_mapping_with_no_taskflow_operators.py
[2024-08-24T03:09:33.670+0000] {logging_mixin.py:190} INFO - [2024-08-24T03:09:33.669+0000] {override.py:1858} INFO - Created Permission View: can delete on DAG:example_dynamic_task_mapping_with_no_taskflow_operators
[2024-08-24T03:09:33.727+0000] {logging_mixin.py:190} INFO - [2024-08-24T03:09:33.726+0000] {override.py:1858} INFO - Created Permission View: can read on DAG:example_dynamic_task_mapping_with_no_taskflow_operators
[2024-08-24T03:09:33.779+0000] {logging_mixin.py:190} INFO - [2024-08-24T03:09:33.778+0000] {override.py:1858} INFO - Created Permission View: can edit on DAG:example_dynamic_task_mapping_with_no_taskflow_operators
[2024-08-24T03:09:33.781+0000] {logging_mixin.py:190} INFO - [2024-08-24T03:09:33.780+0000] {dag.py:3211} INFO - Sync 1 DAGs
[2024-08-24T03:09:33.955+0000] {logging_mixin.py:190} INFO - [2024-08-24T03:09:33.955+0000] {dag.py:3234} INFO - Creating ORM DAG for example_dynamic_task_mapping_with_no_taskflow_operators
[2024-08-24T03:09:34.014+0000] {logging_mixin.py:190} INFO - [2024-08-24T03:09:34.013+0000] {dag.py:4138} INFO - Setting next_dagrun for example_dynamic_task_mapping_with_no_taskflow_operators to 2024-08-23 00:00:00+00:00, run_after=2024-08-24 00:00:00+00:00
[2024-08-24T03:09:34.174+0000] {processor.py:208} INFO - Processing /home/airflow/.local/lib/python3.12/site-packages/airflow/example_dags/example_dynamic_task_mapping_with_no_taskflow_operators.py took 0.950 seconds
[2024-08-24T03:10:04.643+0000] {processor.py:186} INFO - Started process (PID=202) to work on /home/airflow/.local/lib/python3.12/site-packages/airflow/example_dags/example_dynamic_task_mapping_with_no_taskflow_operators.py
[2024-08-24T03:10:04.646+0000] {processor.py:914} INFO - Processing file /home/airflow/.local/lib/python3.12/site-packages/airflow/example_dags/example_dynamic_task_mapping_with_no_taskflow_operators.py for tasks to queue
[2024-08-24T03:10:04.651+0000] {logging_mixin.py:190} INFO - [2024-08-24T03:10:04.650+0000] {dagbag.py:587} INFO - Filling up the DagBag from /home/airflow/.local/lib/python3.12/site-packages/airflow/example_dags/example_dynamic_task_mapping_with_no_taskflow_operators.py
[2024-08-24T03:10:04.671+0000] {processor.py:925} INFO - DAG(s) 'example_dynamic_task_mapping_with_no_taskflow_operators' retrieved from /home/airflow/.local/lib/python3.12/site-packages/airflow/example_dags/example_dynamic_task_mapping_with_no_taskflow_operators.py
[2024-08-24T03:10:04.733+0000] {logging_mixin.py:190} INFO - [2024-08-24T03:10:04.733+0000] {dag.py:3211} INFO - Sync 1 DAGs
[2024-08-24T03:10:04.775+0000] {logging_mixin.py:190} INFO - [2024-08-24T03:10:04.774+0000] {dag.py:4138} INFO - Setting next_dagrun for example_dynamic_task_mapping_with_no_taskflow_operators to 2024-08-23 00:00:00+00:00, run_after=2024-08-24 00:00:00+00:00
[2024-08-24T03:10:04.832+0000] {processor.py:208} INFO - Processing /home/airflow/.local/lib/python3.12/site-packages/airflow/example_dags/example_dynamic_task_mapping_with_no_taskflow_operators.py took 0.202 seconds
[2024-08-24T03:10:35.270+0000] {processor.py:186} INFO - Started process (PID=265) to work on /home/airflow/.local/lib/python3.12/site-packages/airflow/example_dags/example_dynamic_task_mapping_with_no_taskflow_operators.py
[2024-08-24T03:10:35.273+0000] {processor.py:914} INFO - Processing file /home/airflow/.local/lib/python3.12/site-packages/airflow/example_dags/example_dynamic_task_mapping_with_no_taskflow_operators.py for tasks to queue
[2024-08-24T03:10:35.277+0000] {logging_mixin.py:190} INFO - [2024-08-24T03:10:35.277+0000] {dagbag.py:587} INFO - Filling up the DagBag from /home/airflow/.local/lib/python3.12/site-packages/airflow/example_dags/example_dynamic_task_mapping_with_no_taskflow_operators.py
[2024-08-24T03:10:35.294+0000] {processor.py:925} INFO - DAG(s) 'example_dynamic_task_mapping_with_no_taskflow_operators' retrieved from /home/airflow/.local/lib/python3.12/site-packages/airflow/example_dags/example_dynamic_task_mapping_with_no_taskflow_operators.py
[2024-08-24T03:10:35.331+0000] {logging_mixin.py:190} INFO - [2024-08-24T03:10:35.331+0000] {dag.py:3211} INFO - Sync 1 DAGs
[2024-08-24T03:10:35.384+0000] {logging_mixin.py:190} INFO - [2024-08-24T03:10:35.383+0000] {dag.py:4138} INFO - Setting next_dagrun for example_dynamic_task_mapping_with_no_taskflow_operators to 2024-08-23 00:00:00+00:00, run_after=2024-08-24 00:00:00+00:00
[2024-08-24T03:10:35.423+0000] {processor.py:208} INFO - Processing /home/airflow/.local/lib/python3.12/site-packages/airflow/example_dags/example_dynamic_task_mapping_with_no_taskflow_operators.py took 0.165 seconds
[2024-08-24T03:11:05.807+0000] {processor.py:186} INFO - Started process (PID=328) to work on /home/airflow/.local/lib/python3.12/site-packages/airflow/example_dags/example_dynamic_task_mapping_with_no_taskflow_operators.py
[2024-08-24T03:11:05.827+0000] {processor.py:914} INFO - Processing file /home/airflow/.local/lib/python3.12/site-packages/airflow/example_dags/example_dynamic_task_mapping_with_no_taskflow_operators.py for tasks to queue
[2024-08-24T03:11:05.844+0000] {logging_mixin.py:190} INFO - [2024-08-24T03:11:05.844+0000] {dagbag.py:587} INFO - Filling up the DagBag from /home/airflow/.local/lib/python3.12/site-packages/airflow/example_dags/example_dynamic_task_mapping_with_no_taskflow_operators.py
[2024-08-24T03:11:05.864+0000] {processor.py:925} INFO - DAG(s) 'example_dynamic_task_mapping_with_no_taskflow_operators' retrieved from /home/airflow/.local/lib/python3.12/site-packages/airflow/example_dags/example_dynamic_task_mapping_with_no_taskflow_operators.py
[2024-08-24T03:11:05.923+0000] {logging_mixin.py:190} INFO - [2024-08-24T03:11:05.923+0000] {dag.py:3211} INFO - Sync 1 DAGs
[2024-08-24T03:11:05.955+0000] {logging_mixin.py:190} INFO - [2024-08-24T03:11:05.955+0000] {dag.py:4138} INFO - Setting next_dagrun for example_dynamic_task_mapping_with_no_taskflow_operators to 2024-08-23 00:00:00+00:00, run_after=2024-08-24 00:00:00+00:00
[2024-08-24T03:11:05.986+0000] {processor.py:208} INFO - Processing /home/airflow/.local/lib/python3.12/site-packages/airflow/example_dags/example_dynamic_task_mapping_with_no_taskflow_operators.py took 0.215 seconds
[2024-08-24T03:11:36.587+0000] {processor.py:186} INFO - Started process (PID=391) to work on /home/airflow/.local/lib/python3.12/site-packages/airflow/example_dags/example_dynamic_task_mapping_with_no_taskflow_operators.py
[2024-08-24T03:11:36.589+0000] {processor.py:914} INFO - Processing file /home/airflow/.local/lib/python3.12/site-packages/airflow/example_dags/example_dynamic_task_mapping_with_no_taskflow_operators.py for tasks to queue
[2024-08-24T03:11:36.593+0000] {logging_mixin.py:190} INFO - [2024-08-24T03:11:36.593+0000] {dagbag.py:587} INFO - Filling up the DagBag from /home/airflow/.local/lib/python3.12/site-packages/airflow/example_dags/example_dynamic_task_mapping_with_no_taskflow_operators.py
[2024-08-24T03:11:36.609+0000] {processor.py:925} INFO - DAG(s) 'example_dynamic_task_mapping_with_no_taskflow_operators' retrieved from /home/airflow/.local/lib/python3.12/site-packages/airflow/example_dags/example_dynamic_task_mapping_with_no_taskflow_operators.py
[2024-08-24T03:11:36.668+0000] {logging_mixin.py:190} INFO - [2024-08-24T03:11:36.668+0000] {dag.py:3211} INFO - Sync 1 DAGs
[2024-08-24T03:11:36.699+0000] {logging_mixin.py:190} INFO - [2024-08-24T03:11:36.698+0000] {dag.py:4138} INFO - Setting next_dagrun for example_dynamic_task_mapping_with_no_taskflow_operators to 2024-08-23 00:00:00+00:00, run_after=2024-08-24 00:00:00+00:00
[2024-08-24T03:11:36.730+0000] {processor.py:208} INFO - Processing /home/airflow/.local/lib/python3.12/site-packages/airflow/example_dags/example_dynamic_task_mapping_with_no_taskflow_operators.py took 0.154 seconds
[2024-08-24T03:12:07.827+0000] {processor.py:186} INFO - Started process (PID=453) to work on /home/airflow/.local/lib/python3.12/site-packages/airflow/example_dags/example_dynamic_task_mapping_with_no_taskflow_operators.py
[2024-08-24T03:12:07.833+0000] {processor.py:914} INFO - Processing file /home/airflow/.local/lib/python3.12/site-packages/airflow/example_dags/example_dynamic_task_mapping_with_no_taskflow_operators.py for tasks to queue
[2024-08-24T03:12:07.838+0000] {logging_mixin.py:190} INFO - [2024-08-24T03:12:07.837+0000] {dagbag.py:587} INFO - Filling up the DagBag from /home/airflow/.local/lib/python3.12/site-packages/airflow/example_dags/example_dynamic_task_mapping_with_no_taskflow_operators.py
[2024-08-24T03:12:07.857+0000] {processor.py:925} INFO - DAG(s) 'example_dynamic_task_mapping_with_no_taskflow_operators' retrieved from /home/airflow/.local/lib/python3.12/site-packages/airflow/example_dags/example_dynamic_task_mapping_with_no_taskflow_operators.py
[2024-08-24T03:12:07.980+0000] {logging_mixin.py:190} INFO - [2024-08-24T03:12:07.980+0000] {dag.py:3211} INFO - Sync 1 DAGs
[2024-08-24T03:12:08.021+0000] {logging_mixin.py:190} INFO - [2024-08-24T03:12:08.020+0000] {dag.py:4138} INFO - Setting next_dagrun for example_dynamic_task_mapping_with_no_taskflow_operators to 2024-08-23 00:00:00+00:00, run_after=2024-08-24 00:00:00+00:00
[2024-08-24T03:12:08.076+0000] {processor.py:208} INFO - Processing /home/airflow/.local/lib/python3.12/site-packages/airflow/example_dags/example_dynamic_task_mapping_with_no_taskflow_operators.py took 0.266 seconds
[2024-08-24T03:12:38.504+0000] {processor.py:186} INFO - Started process (PID=516) to work on /home/airflow/.local/lib/python3.12/site-packages/airflow/example_dags/example_dynamic_task_mapping_with_no_taskflow_operators.py
[2024-08-24T03:12:38.507+0000] {processor.py:914} INFO - Processing file /home/airflow/.local/lib/python3.12/site-packages/airflow/example_dags/example_dynamic_task_mapping_with_no_taskflow_operators.py for tasks to queue
[2024-08-24T03:12:38.515+0000] {logging_mixin.py:190} INFO - [2024-08-24T03:12:38.514+0000] {dagbag.py:587} INFO - Filling up the DagBag from /home/airflow/.local/lib/python3.12/site-packages/airflow/example_dags/example_dynamic_task_mapping_with_no_taskflow_operators.py
[2024-08-24T03:12:38.539+0000] {processor.py:925} INFO - DAG(s) 'example_dynamic_task_mapping_with_no_taskflow_operators' retrieved from /home/airflow/.local/lib/python3.12/site-packages/airflow/example_dags/example_dynamic_task_mapping_with_no_taskflow_operators.py
[2024-08-24T03:12:38.583+0000] {logging_mixin.py:190} INFO - [2024-08-24T03:12:38.582+0000] {dag.py:3211} INFO - Sync 1 DAGs
[2024-08-24T03:12:38.682+0000] {logging_mixin.py:190} INFO - [2024-08-24T03:12:38.682+0000] {dag.py:4138} INFO - Setting next_dagrun for example_dynamic_task_mapping_with_no_taskflow_operators to 2024-08-23 00:00:00+00:00, run_after=2024-08-24 00:00:00+00:00
[2024-08-24T03:12:38.704+0000] {processor.py:208} INFO - Processing /home/airflow/.local/lib/python3.12/site-packages/airflow/example_dags/example_dynamic_task_mapping_with_no_taskflow_operators.py took 0.219 seconds
[2024-08-24T03:13:09.421+0000] {processor.py:186} INFO - Started process (PID=579) to work on /home/airflow/.local/lib/python3.12/site-packages/airflow/example_dags/example_dynamic_task_mapping_with_no_taskflow_operators.py
[2024-08-24T03:13:09.421+0000] {processor.py:914} INFO - Processing file /home/airflow/.local/lib/python3.12/site-packages/airflow/example_dags/example_dynamic_task_mapping_with_no_taskflow_operators.py for tasks to queue
[2024-08-24T03:13:09.425+0000] {logging_mixin.py:190} INFO - [2024-08-24T03:13:09.425+0000] {dagbag.py:587} INFO - Filling up the DagBag from /home/airflow/.local/lib/python3.12/site-packages/airflow/example_dags/example_dynamic_task_mapping_with_no_taskflow_operators.py
[2024-08-24T03:13:09.441+0000] {processor.py:925} INFO - DAG(s) 'example_dynamic_task_mapping_with_no_taskflow_operators' retrieved from /home/airflow/.local/lib/python3.12/site-packages/airflow/example_dags/example_dynamic_task_mapping_with_no_taskflow_operators.py
[2024-08-24T03:13:09.484+0000] {logging_mixin.py:190} INFO - [2024-08-24T03:13:09.484+0000] {dag.py:3211} INFO - Sync 1 DAGs
[2024-08-24T03:13:09.521+0000] {logging_mixin.py:190} INFO - [2024-08-24T03:13:09.520+0000] {dag.py:4138} INFO - Setting next_dagrun for example_dynamic_task_mapping_with_no_taskflow_operators to 2024-08-23 00:00:00+00:00, run_after=2024-08-24 00:00:00+00:00
[2024-08-24T03:13:09.556+0000] {processor.py:208} INFO - Processing /home/airflow/.local/lib/python3.12/site-packages/airflow/example_dags/example_dynamic_task_mapping_with_no_taskflow_operators.py took 0.148 seconds
[2024-08-24T03:13:40.621+0000] {processor.py:186} INFO - Started process (PID=643) to work on /home/airflow/.local/lib/python3.12/site-packages/airflow/example_dags/example_dynamic_task_mapping_with_no_taskflow_operators.py
[2024-08-24T03:13:40.623+0000] {processor.py:914} INFO - Processing file /home/airflow/.local/lib/python3.12/site-packages/airflow/example_dags/example_dynamic_task_mapping_with_no_taskflow_operators.py for tasks to queue
[2024-08-24T03:13:40.632+0000] {logging_mixin.py:190} INFO - [2024-08-24T03:13:40.631+0000] {dagbag.py:587} INFO - Filling up the DagBag from /home/airflow/.local/lib/python3.12/site-packages/airflow/example_dags/example_dynamic_task_mapping_with_no_taskflow_operators.py
[2024-08-24T03:13:40.651+0000] {processor.py:925} INFO - DAG(s) 'example_dynamic_task_mapping_with_no_taskflow_operators' retrieved from /home/airflow/.local/lib/python3.12/site-packages/airflow/example_dags/example_dynamic_task_mapping_with_no_taskflow_operators.py
[2024-08-24T03:13:40.681+0000] {logging_mixin.py:190} INFO - [2024-08-24T03:13:40.681+0000] {dag.py:3211} INFO - Sync 1 DAGs
[2024-08-24T03:13:40.743+0000] {logging_mixin.py:190} INFO - [2024-08-24T03:13:40.729+0000] {dag.py:4138} INFO - Setting next_dagrun for example_dynamic_task_mapping_with_no_taskflow_operators to 2024-08-23 00:00:00+00:00, run_after=2024-08-24 00:00:00+00:00
[2024-08-24T03:13:40.781+0000] {processor.py:208} INFO - Processing /home/airflow/.local/lib/python3.12/site-packages/airflow/example_dags/example_dynamic_task_mapping_with_no_taskflow_operators.py took 0.174 seconds
[2024-08-24T03:14:11.388+0000] {processor.py:186} INFO - Started process (PID=707) to work on /home/airflow/.local/lib/python3.12/site-packages/airflow/example_dags/example_dynamic_task_mapping_with_no_taskflow_operators.py
[2024-08-24T03:14:11.389+0000] {processor.py:914} INFO - Processing file /home/airflow/.local/lib/python3.12/site-packages/airflow/example_dags/example_dynamic_task_mapping_with_no_taskflow_operators.py for tasks to queue
[2024-08-24T03:14:11.393+0000] {logging_mixin.py:190} INFO - [2024-08-24T03:14:11.393+0000] {dagbag.py:587} INFO - Filling up the DagBag from /home/airflow/.local/lib/python3.12/site-packages/airflow/example_dags/example_dynamic_task_mapping_with_no_taskflow_operators.py
[2024-08-24T03:14:11.409+0000] {processor.py:925} INFO - DAG(s) 'example_dynamic_task_mapping_with_no_taskflow_operators' retrieved from /home/airflow/.local/lib/python3.12/site-packages/airflow/example_dags/example_dynamic_task_mapping_with_no_taskflow_operators.py
[2024-08-24T03:14:11.454+0000] {logging_mixin.py:190} INFO - [2024-08-24T03:14:11.453+0000] {dag.py:3211} INFO - Sync 1 DAGs
[2024-08-24T03:14:11.486+0000] {logging_mixin.py:190} INFO - [2024-08-24T03:14:11.486+0000] {dag.py:4138} INFO - Setting next_dagrun for example_dynamic_task_mapping_with_no_taskflow_operators to 2024-08-23 00:00:00+00:00, run_after=2024-08-24 00:00:00+00:00
[2024-08-24T03:14:11.517+0000] {processor.py:208} INFO - Processing /home/airflow/.local/lib/python3.12/site-packages/airflow/example_dags/example_dynamic_task_mapping_with_no_taskflow_operators.py took 0.138 seconds
[2024-08-24T03:14:42.441+0000] {processor.py:186} INFO - Started process (PID=771) to work on /home/airflow/.local/lib/python3.12/site-packages/airflow/example_dags/example_dynamic_task_mapping_with_no_taskflow_operators.py
[2024-08-24T03:14:42.444+0000] {processor.py:914} INFO - Processing file /home/airflow/.local/lib/python3.12/site-packages/airflow/example_dags/example_dynamic_task_mapping_with_no_taskflow_operators.py for tasks to queue
[2024-08-24T03:14:42.448+0000] {logging_mixin.py:190} INFO - [2024-08-24T03:14:42.447+0000] {dagbag.py:587} INFO - Filling up the DagBag from /home/airflow/.local/lib/python3.12/site-packages/airflow/example_dags/example_dynamic_task_mapping_with_no_taskflow_operators.py
[2024-08-24T03:14:42.463+0000] {processor.py:925} INFO - DAG(s) 'example_dynamic_task_mapping_with_no_taskflow_operators' retrieved from /home/airflow/.local/lib/python3.12/site-packages/airflow/example_dags/example_dynamic_task_mapping_with_no_taskflow_operators.py
[2024-08-24T03:14:42.496+0000] {logging_mixin.py:190} INFO - [2024-08-24T03:14:42.496+0000] {dag.py:3211} INFO - Sync 1 DAGs
[2024-08-24T03:14:42.529+0000] {logging_mixin.py:190} INFO - [2024-08-24T03:14:42.529+0000] {dag.py:4138} INFO - Setting next_dagrun for example_dynamic_task_mapping_with_no_taskflow_operators to 2024-08-23 00:00:00+00:00, run_after=2024-08-24 00:00:00+00:00
[2024-08-24T03:14:42.562+0000] {processor.py:208} INFO - Processing /home/airflow/.local/lib/python3.12/site-packages/airflow/example_dags/example_dynamic_task_mapping_with_no_taskflow_operators.py took 0.131 seconds
[2024-08-24T03:15:13.398+0000] {processor.py:186} INFO - Started process (PID=833) to work on /home/airflow/.local/lib/python3.12/site-packages/airflow/example_dags/example_dynamic_task_mapping_with_no_taskflow_operators.py
[2024-08-24T03:15:13.401+0000] {processor.py:914} INFO - Processing file /home/airflow/.local/lib/python3.12/site-packages/airflow/example_dags/example_dynamic_task_mapping_with_no_taskflow_operators.py for tasks to queue
[2024-08-24T03:15:13.404+0000] {logging_mixin.py:190} INFO - [2024-08-24T03:15:13.404+0000] {dagbag.py:587} INFO - Filling up the DagBag from /home/airflow/.local/lib/python3.12/site-packages/airflow/example_dags/example_dynamic_task_mapping_with_no_taskflow_operators.py
[2024-08-24T03:15:13.420+0000] {processor.py:925} INFO - DAG(s) 'example_dynamic_task_mapping_with_no_taskflow_operators' retrieved from /home/airflow/.local/lib/python3.12/site-packages/airflow/example_dags/example_dynamic_task_mapping_with_no_taskflow_operators.py
[2024-08-24T03:15:13.471+0000] {logging_mixin.py:190} INFO - [2024-08-24T03:15:13.471+0000] {dag.py:3211} INFO - Sync 1 DAGs
[2024-08-24T03:15:13.520+0000] {logging_mixin.py:190} INFO - [2024-08-24T03:15:13.520+0000] {dag.py:4138} INFO - Setting next_dagrun for example_dynamic_task_mapping_with_no_taskflow_operators to 2024-08-23 00:00:00+00:00, run_after=2024-08-24 00:00:00+00:00
[2024-08-24T03:15:13.621+0000] {processor.py:208} INFO - Processing /home/airflow/.local/lib/python3.12/site-packages/airflow/example_dags/example_dynamic_task_mapping_with_no_taskflow_operators.py took 0.231 seconds
[2024-08-24T03:15:44.077+0000] {processor.py:186} INFO - Started process (PID=895) to work on /home/airflow/.local/lib/python3.12/site-packages/airflow/example_dags/example_dynamic_task_mapping_with_no_taskflow_operators.py
[2024-08-24T03:15:44.084+0000] {processor.py:914} INFO - Processing file /home/airflow/.local/lib/python3.12/site-packages/airflow/example_dags/example_dynamic_task_mapping_with_no_taskflow_operators.py for tasks to queue
[2024-08-24T03:15:44.102+0000] {logging_mixin.py:190} INFO - [2024-08-24T03:15:44.101+0000] {dagbag.py:587} INFO - Filling up the DagBag from /home/airflow/.local/lib/python3.12/site-packages/airflow/example_dags/example_dynamic_task_mapping_with_no_taskflow_operators.py
[2024-08-24T03:15:44.156+0000] {processor.py:925} INFO - DAG(s) 'example_dynamic_task_mapping_with_no_taskflow_operators' retrieved from /home/airflow/.local/lib/python3.12/site-packages/airflow/example_dags/example_dynamic_task_mapping_with_no_taskflow_operators.py
[2024-08-24T03:15:44.295+0000] {logging_mixin.py:190} INFO - [2024-08-24T03:15:44.294+0000] {dag.py:3211} INFO - Sync 1 DAGs
[2024-08-24T03:15:44.415+0000] {logging_mixin.py:190} INFO - [2024-08-24T03:15:44.414+0000] {dag.py:4138} INFO - Setting next_dagrun for example_dynamic_task_mapping_with_no_taskflow_operators to 2024-08-23 00:00:00+00:00, run_after=2024-08-24 00:00:00+00:00
[2024-08-24T03:15:44.496+0000] {processor.py:208} INFO - Processing /home/airflow/.local/lib/python3.12/site-packages/airflow/example_dags/example_dynamic_task_mapping_with_no_taskflow_operators.py took 0.427 seconds
[2024-08-24T18:11:33.694+0000] {processor.py:186} INFO - Started process (PID=97) to work on /home/airflow/.local/lib/python3.12/site-packages/airflow/example_dags/example_dynamic_task_mapping_with_no_taskflow_operators.py
[2024-08-24T18:11:33.698+0000] {processor.py:914} INFO - Processing file /home/airflow/.local/lib/python3.12/site-packages/airflow/example_dags/example_dynamic_task_mapping_with_no_taskflow_operators.py for tasks to queue
[2024-08-24T18:11:33.702+0000] {logging_mixin.py:190} INFO - [2024-08-24T18:11:33.701+0000] {dagbag.py:587} INFO - Filling up the DagBag from /home/airflow/.local/lib/python3.12/site-packages/airflow/example_dags/example_dynamic_task_mapping_with_no_taskflow_operators.py
[2024-08-24T18:11:33.715+0000] {processor.py:925} INFO - DAG(s) 'example_dynamic_task_mapping_with_no_taskflow_operators' retrieved from /home/airflow/.local/lib/python3.12/site-packages/airflow/example_dags/example_dynamic_task_mapping_with_no_taskflow_operators.py
[2024-08-24T18:11:33.764+0000] {logging_mixin.py:190} INFO - [2024-08-24T18:11:33.764+0000] {dag.py:3211} INFO - Sync 1 DAGs
[2024-08-24T18:11:33.814+0000] {logging_mixin.py:190} INFO - [2024-08-24T18:11:33.814+0000] {dag.py:4138} INFO - Setting next_dagrun for example_dynamic_task_mapping_with_no_taskflow_operators to 2024-08-23 00:00:00+00:00, run_after=2024-08-24 00:00:00+00:00
[2024-08-24T18:11:33.854+0000] {processor.py:208} INFO - Processing /home/airflow/.local/lib/python3.12/site-packages/airflow/example_dags/example_dynamic_task_mapping_with_no_taskflow_operators.py took 0.167 seconds
[2024-08-24T18:12:07.705+0000] {processor.py:186} INFO - Started process (PID=166) to work on /home/airflow/.local/lib/python3.12/site-packages/airflow/example_dags/example_dynamic_task_mapping_with_no_taskflow_operators.py
[2024-08-24T18:12:07.708+0000] {processor.py:914} INFO - Processing file /home/airflow/.local/lib/python3.12/site-packages/airflow/example_dags/example_dynamic_task_mapping_with_no_taskflow_operators.py for tasks to queue
[2024-08-24T18:12:07.711+0000] {logging_mixin.py:190} INFO - [2024-08-24T18:12:07.711+0000] {dagbag.py:587} INFO - Filling up the DagBag from /home/airflow/.local/lib/python3.12/site-packages/airflow/example_dags/example_dynamic_task_mapping_with_no_taskflow_operators.py
[2024-08-24T18:12:07.727+0000] {processor.py:925} INFO - DAG(s) 'example_dynamic_task_mapping_with_no_taskflow_operators' retrieved from /home/airflow/.local/lib/python3.12/site-packages/airflow/example_dags/example_dynamic_task_mapping_with_no_taskflow_operators.py
[2024-08-24T18:12:07.774+0000] {logging_mixin.py:190} INFO - [2024-08-24T18:12:07.774+0000] {dag.py:3211} INFO - Sync 1 DAGs
[2024-08-24T18:12:07.808+0000] {logging_mixin.py:190} INFO - [2024-08-24T18:12:07.808+0000] {dag.py:4138} INFO - Setting next_dagrun for example_dynamic_task_mapping_with_no_taskflow_operators to 2024-08-23 00:00:00+00:00, run_after=2024-08-24 00:00:00+00:00
[2024-08-24T18:12:07.855+0000] {processor.py:208} INFO - Processing /home/airflow/.local/lib/python3.12/site-packages/airflow/example_dags/example_dynamic_task_mapping_with_no_taskflow_operators.py took 0.163 seconds
[2024-08-24T18:12:41.347+0000] {processor.py:186} INFO - Started process (PID=229) to work on /home/airflow/.local/lib/python3.12/site-packages/airflow/example_dags/example_dynamic_task_mapping_with_no_taskflow_operators.py
[2024-08-24T18:12:41.351+0000] {processor.py:914} INFO - Processing file /home/airflow/.local/lib/python3.12/site-packages/airflow/example_dags/example_dynamic_task_mapping_with_no_taskflow_operators.py for tasks to queue
[2024-08-24T18:12:41.361+0000] {logging_mixin.py:190} INFO - [2024-08-24T18:12:41.358+0000] {dagbag.py:587} INFO - Filling up the DagBag from /home/airflow/.local/lib/python3.12/site-packages/airflow/example_dags/example_dynamic_task_mapping_with_no_taskflow_operators.py
[2024-08-24T18:12:41.452+0000] {processor.py:925} INFO - DAG(s) 'example_dynamic_task_mapping_with_no_taskflow_operators' retrieved from /home/airflow/.local/lib/python3.12/site-packages/airflow/example_dags/example_dynamic_task_mapping_with_no_taskflow_operators.py
[2024-08-24T18:12:41.864+0000] {logging_mixin.py:190} INFO - [2024-08-24T18:12:41.864+0000] {dag.py:3211} INFO - Sync 1 DAGs
[2024-08-24T18:12:42.089+0000] {logging_mixin.py:190} INFO - [2024-08-24T18:12:42.088+0000] {dag.py:4138} INFO - Setting next_dagrun for example_dynamic_task_mapping_with_no_taskflow_operators to 2024-08-23 00:00:00+00:00, run_after=2024-08-24 00:00:00+00:00
[2024-08-24T18:12:42.247+0000] {processor.py:208} INFO - Processing /home/airflow/.local/lib/python3.12/site-packages/airflow/example_dags/example_dynamic_task_mapping_with_no_taskflow_operators.py took 0.922 seconds
[2024-08-24T18:13:34.524+0000] {processor.py:186} INFO - Started process (PID=292) to work on /home/airflow/.local/lib/python3.12/site-packages/airflow/example_dags/example_dynamic_task_mapping_with_no_taskflow_operators.py
[2024-08-24T18:13:34.539+0000] {processor.py:914} INFO - Processing file /home/airflow/.local/lib/python3.12/site-packages/airflow/example_dags/example_dynamic_task_mapping_with_no_taskflow_operators.py for tasks to queue
[2024-08-24T18:13:34.542+0000] {logging_mixin.py:190} INFO - [2024-08-24T18:13:34.541+0000] {dagbag.py:587} INFO - Filling up the DagBag from /home/airflow/.local/lib/python3.12/site-packages/airflow/example_dags/example_dynamic_task_mapping_with_no_taskflow_operators.py
[2024-08-24T18:13:34.561+0000] {processor.py:925} INFO - DAG(s) 'example_dynamic_task_mapping_with_no_taskflow_operators' retrieved from /home/airflow/.local/lib/python3.12/site-packages/airflow/example_dags/example_dynamic_task_mapping_with_no_taskflow_operators.py
[2024-08-24T18:13:34.705+0000] {logging_mixin.py:190} INFO - [2024-08-24T18:13:34.705+0000] {dag.py:3211} INFO - Sync 1 DAGs
[2024-08-24T18:13:34.849+0000] {logging_mixin.py:190} INFO - [2024-08-24T18:13:34.848+0000] {dag.py:4138} INFO - Setting next_dagrun for example_dynamic_task_mapping_with_no_taskflow_operators to 2024-08-23 00:00:00+00:00, run_after=2024-08-24 00:00:00+00:00
[2024-08-24T18:13:35.117+0000] {processor.py:208} INFO - Processing /home/airflow/.local/lib/python3.12/site-packages/airflow/example_dags/example_dynamic_task_mapping_with_no_taskflow_operators.py took 0.605 seconds
[2024-08-24T18:14:13.730+0000] {processor.py:186} INFO - Started process (PID=363) to work on /home/airflow/.local/lib/python3.12/site-packages/airflow/example_dags/example_dynamic_task_mapping_with_no_taskflow_operators.py
[2024-08-24T18:14:13.747+0000] {processor.py:914} INFO - Processing file /home/airflow/.local/lib/python3.12/site-packages/airflow/example_dags/example_dynamic_task_mapping_with_no_taskflow_operators.py for tasks to queue
[2024-08-24T18:14:13.752+0000] {logging_mixin.py:190} INFO - [2024-08-24T18:14:13.752+0000] {dagbag.py:587} INFO - Filling up the DagBag from /home/airflow/.local/lib/python3.12/site-packages/airflow/example_dags/example_dynamic_task_mapping_with_no_taskflow_operators.py
[2024-08-24T18:14:13.770+0000] {processor.py:925} INFO - DAG(s) 'example_dynamic_task_mapping_with_no_taskflow_operators' retrieved from /home/airflow/.local/lib/python3.12/site-packages/airflow/example_dags/example_dynamic_task_mapping_with_no_taskflow_operators.py
[2024-08-24T18:14:13.801+0000] {logging_mixin.py:190} INFO - [2024-08-24T18:14:13.800+0000] {dag.py:3211} INFO - Sync 1 DAGs
[2024-08-24T18:14:13.834+0000] {logging_mixin.py:190} INFO - [2024-08-24T18:14:13.834+0000] {dag.py:4138} INFO - Setting next_dagrun for example_dynamic_task_mapping_with_no_taskflow_operators to 2024-08-23 00:00:00+00:00, run_after=2024-08-24 00:00:00+00:00
[2024-08-24T18:14:13.891+0000] {processor.py:208} INFO - Processing /home/airflow/.local/lib/python3.12/site-packages/airflow/example_dags/example_dynamic_task_mapping_with_no_taskflow_operators.py took 0.181 seconds
