[2024-08-24T03:09:16.007+0000] {processor.py:186} INFO - Started process (PID=123) to work on /home/airflow/.local/lib/python3.12/site-packages/airflow/example_dags/tutorial_taskflow_api.py
[2024-08-24T03:09:16.023+0000] {processor.py:914} INFO - Processing file /home/airflow/.local/lib/python3.12/site-packages/airflow/example_dags/tutorial_taskflow_api.py for tasks to queue
[2024-08-24T03:09:16.055+0000] {logging_mixin.py:190} INFO - [2024-08-24T03:09:16.050+0000] {dagbag.py:587} INFO - Filling up the DagBag from /home/airflow/.local/lib/python3.12/site-packages/airflow/example_dags/tutorial_taskflow_api.py
[2024-08-24T03:09:16.216+0000] {processor.py:925} INFO - DAG(s) 'tutorial_taskflow_api' retrieved from /home/airflow/.local/lib/python3.12/site-packages/airflow/example_dags/tutorial_taskflow_api.py
[2024-08-24T03:09:17.358+0000] {logging_mixin.py:190} INFO - [2024-08-24T03:09:17.357+0000] {override.py:1858} INFO - Created Permission View: can delete on DAG:tutorial_taskflow_api
[2024-08-24T03:09:17.461+0000] {logging_mixin.py:190} INFO - [2024-08-24T03:09:17.461+0000] {override.py:1858} INFO - Created Permission View: can read on DAG:tutorial_taskflow_api
[2024-08-24T03:09:17.576+0000] {logging_mixin.py:190} INFO - [2024-08-24T03:09:17.575+0000] {override.py:1858} INFO - Created Permission View: can edit on DAG:tutorial_taskflow_api
[2024-08-24T03:09:17.576+0000] {logging_mixin.py:190} INFO - [2024-08-24T03:09:17.576+0000] {dag.py:3211} INFO - Sync 1 DAGs
[2024-08-24T03:09:17.702+0000] {logging_mixin.py:190} INFO - [2024-08-24T03:09:17.701+0000] {dag.py:3234} INFO - Creating ORM DAG for tutorial_taskflow_api
[2024-08-24T03:09:17.707+0000] {logging_mixin.py:190} INFO - [2024-08-24T03:09:17.707+0000] {dag.py:4138} INFO - Setting next_dagrun for tutorial_taskflow_api to None, run_after=None
[2024-08-24T03:09:17.880+0000] {processor.py:208} INFO - Processing /home/airflow/.local/lib/python3.12/site-packages/airflow/example_dags/tutorial_taskflow_api.py took 1.932 seconds
[2024-08-24T03:09:48.393+0000] {processor.py:186} INFO - Started process (PID=187) to work on /home/airflow/.local/lib/python3.12/site-packages/airflow/example_dags/tutorial_taskflow_api.py
[2024-08-24T03:09:48.418+0000] {processor.py:914} INFO - Processing file /home/airflow/.local/lib/python3.12/site-packages/airflow/example_dags/tutorial_taskflow_api.py for tasks to queue
[2024-08-24T03:09:48.422+0000] {logging_mixin.py:190} INFO - [2024-08-24T03:09:48.421+0000] {dagbag.py:587} INFO - Filling up the DagBag from /home/airflow/.local/lib/python3.12/site-packages/airflow/example_dags/tutorial_taskflow_api.py
[2024-08-24T03:09:48.462+0000] {processor.py:925} INFO - DAG(s) 'tutorial_taskflow_api' retrieved from /home/airflow/.local/lib/python3.12/site-packages/airflow/example_dags/tutorial_taskflow_api.py
[2024-08-24T03:09:48.523+0000] {logging_mixin.py:190} INFO - [2024-08-24T03:09:48.522+0000] {dag.py:3211} INFO - Sync 1 DAGs
[2024-08-24T03:09:48.574+0000] {logging_mixin.py:190} INFO - [2024-08-24T03:09:48.574+0000] {dag.py:4138} INFO - Setting next_dagrun for tutorial_taskflow_api to None, run_after=None
[2024-08-24T03:09:48.826+0000] {processor.py:208} INFO - Processing /home/airflow/.local/lib/python3.12/site-packages/airflow/example_dags/tutorial_taskflow_api.py took 0.442 seconds
[2024-08-24T03:10:19.240+0000] {processor.py:186} INFO - Started process (PID=250) to work on /home/airflow/.local/lib/python3.12/site-packages/airflow/example_dags/tutorial_taskflow_api.py
[2024-08-24T03:10:19.246+0000] {processor.py:914} INFO - Processing file /home/airflow/.local/lib/python3.12/site-packages/airflow/example_dags/tutorial_taskflow_api.py for tasks to queue
[2024-08-24T03:10:19.250+0000] {logging_mixin.py:190} INFO - [2024-08-24T03:10:19.249+0000] {dagbag.py:587} INFO - Filling up the DagBag from /home/airflow/.local/lib/python3.12/site-packages/airflow/example_dags/tutorial_taskflow_api.py
[2024-08-24T03:10:19.266+0000] {processor.py:925} INFO - DAG(s) 'tutorial_taskflow_api' retrieved from /home/airflow/.local/lib/python3.12/site-packages/airflow/example_dags/tutorial_taskflow_api.py
[2024-08-24T03:10:19.303+0000] {logging_mixin.py:190} INFO - [2024-08-24T03:10:19.303+0000] {dag.py:3211} INFO - Sync 1 DAGs
[2024-08-24T03:10:19.321+0000] {logging_mixin.py:190} INFO - [2024-08-24T03:10:19.321+0000] {dag.py:4138} INFO - Setting next_dagrun for tutorial_taskflow_api to None, run_after=None
[2024-08-24T03:10:19.347+0000] {processor.py:208} INFO - Processing /home/airflow/.local/lib/python3.12/site-packages/airflow/example_dags/tutorial_taskflow_api.py took 0.117 seconds
[2024-08-24T03:10:49.864+0000] {processor.py:186} INFO - Started process (PID=313) to work on /home/airflow/.local/lib/python3.12/site-packages/airflow/example_dags/tutorial_taskflow_api.py
[2024-08-24T03:10:49.866+0000] {processor.py:914} INFO - Processing file /home/airflow/.local/lib/python3.12/site-packages/airflow/example_dags/tutorial_taskflow_api.py for tasks to queue
[2024-08-24T03:10:49.869+0000] {logging_mixin.py:190} INFO - [2024-08-24T03:10:49.869+0000] {dagbag.py:587} INFO - Filling up the DagBag from /home/airflow/.local/lib/python3.12/site-packages/airflow/example_dags/tutorial_taskflow_api.py
[2024-08-24T03:10:49.887+0000] {processor.py:925} INFO - DAG(s) 'tutorial_taskflow_api' retrieved from /home/airflow/.local/lib/python3.12/site-packages/airflow/example_dags/tutorial_taskflow_api.py
[2024-08-24T03:10:49.958+0000] {logging_mixin.py:190} INFO - [2024-08-24T03:10:49.958+0000] {dag.py:3211} INFO - Sync 1 DAGs
[2024-08-24T03:10:49.978+0000] {logging_mixin.py:190} INFO - [2024-08-24T03:10:49.977+0000] {dag.py:4138} INFO - Setting next_dagrun for tutorial_taskflow_api to None, run_after=None
[2024-08-24T03:10:50.007+0000] {processor.py:208} INFO - Processing /home/airflow/.local/lib/python3.12/site-packages/airflow/example_dags/tutorial_taskflow_api.py took 0.154 seconds
[2024-08-24T03:11:20.283+0000] {processor.py:186} INFO - Started process (PID=376) to work on /home/airflow/.local/lib/python3.12/site-packages/airflow/example_dags/tutorial_taskflow_api.py
[2024-08-24T03:11:20.284+0000] {processor.py:914} INFO - Processing file /home/airflow/.local/lib/python3.12/site-packages/airflow/example_dags/tutorial_taskflow_api.py for tasks to queue
[2024-08-24T03:11:20.287+0000] {logging_mixin.py:190} INFO - [2024-08-24T03:11:20.287+0000] {dagbag.py:587} INFO - Filling up the DagBag from /home/airflow/.local/lib/python3.12/site-packages/airflow/example_dags/tutorial_taskflow_api.py
[2024-08-24T03:11:20.302+0000] {processor.py:925} INFO - DAG(s) 'tutorial_taskflow_api' retrieved from /home/airflow/.local/lib/python3.12/site-packages/airflow/example_dags/tutorial_taskflow_api.py
[2024-08-24T03:11:20.354+0000] {logging_mixin.py:190} INFO - [2024-08-24T03:11:20.353+0000] {dag.py:3211} INFO - Sync 1 DAGs
[2024-08-24T03:11:20.377+0000] {logging_mixin.py:190} INFO - [2024-08-24T03:11:20.377+0000] {dag.py:4138} INFO - Setting next_dagrun for tutorial_taskflow_api to None, run_after=None
[2024-08-24T03:11:20.405+0000] {processor.py:208} INFO - Processing /home/airflow/.local/lib/python3.12/site-packages/airflow/example_dags/tutorial_taskflow_api.py took 0.134 seconds
[2024-08-24T03:11:52.643+0000] {processor.py:186} INFO - Started process (PID=438) to work on /home/airflow/.local/lib/python3.12/site-packages/airflow/example_dags/tutorial_taskflow_api.py
[2024-08-24T03:11:52.648+0000] {processor.py:914} INFO - Processing file /home/airflow/.local/lib/python3.12/site-packages/airflow/example_dags/tutorial_taskflow_api.py for tasks to queue
[2024-08-24T03:11:52.666+0000] {logging_mixin.py:190} INFO - [2024-08-24T03:11:52.665+0000] {dagbag.py:587} INFO - Filling up the DagBag from /home/airflow/.local/lib/python3.12/site-packages/airflow/example_dags/tutorial_taskflow_api.py
[2024-08-24T03:11:52.701+0000] {processor.py:925} INFO - DAG(s) 'tutorial_taskflow_api' retrieved from /home/airflow/.local/lib/python3.12/site-packages/airflow/example_dags/tutorial_taskflow_api.py
[2024-08-24T03:11:53.218+0000] {logging_mixin.py:190} INFO - [2024-08-24T03:11:53.217+0000] {dag.py:3211} INFO - Sync 1 DAGs
[2024-08-24T03:11:53.328+0000] {logging_mixin.py:190} INFO - [2024-08-24T03:11:53.323+0000] {dag.py:4138} INFO - Setting next_dagrun for tutorial_taskflow_api to None, run_after=None
[2024-08-24T03:11:53.635+0000] {processor.py:208} INFO - Processing /home/airflow/.local/lib/python3.12/site-packages/airflow/example_dags/tutorial_taskflow_api.py took 1.021 seconds
[2024-08-24T03:12:24.534+0000] {processor.py:186} INFO - Started process (PID=501) to work on /home/airflow/.local/lib/python3.12/site-packages/airflow/example_dags/tutorial_taskflow_api.py
[2024-08-24T03:12:24.536+0000] {processor.py:914} INFO - Processing file /home/airflow/.local/lib/python3.12/site-packages/airflow/example_dags/tutorial_taskflow_api.py for tasks to queue
[2024-08-24T03:12:24.540+0000] {logging_mixin.py:190} INFO - [2024-08-24T03:12:24.540+0000] {dagbag.py:587} INFO - Filling up the DagBag from /home/airflow/.local/lib/python3.12/site-packages/airflow/example_dags/tutorial_taskflow_api.py
[2024-08-24T03:12:24.567+0000] {processor.py:925} INFO - DAG(s) 'tutorial_taskflow_api' retrieved from /home/airflow/.local/lib/python3.12/site-packages/airflow/example_dags/tutorial_taskflow_api.py
[2024-08-24T03:12:24.631+0000] {logging_mixin.py:190} INFO - [2024-08-24T03:12:24.631+0000] {dag.py:3211} INFO - Sync 1 DAGs
[2024-08-24T03:12:24.659+0000] {logging_mixin.py:190} INFO - [2024-08-24T03:12:24.659+0000] {dag.py:4138} INFO - Setting next_dagrun for tutorial_taskflow_api to None, run_after=None
[2024-08-24T03:12:24.695+0000] {processor.py:208} INFO - Processing /home/airflow/.local/lib/python3.12/site-packages/airflow/example_dags/tutorial_taskflow_api.py took 0.170 seconds
[2024-08-24T03:12:55.337+0000] {processor.py:186} INFO - Started process (PID=564) to work on /home/airflow/.local/lib/python3.12/site-packages/airflow/example_dags/tutorial_taskflow_api.py
[2024-08-24T03:12:55.340+0000] {processor.py:914} INFO - Processing file /home/airflow/.local/lib/python3.12/site-packages/airflow/example_dags/tutorial_taskflow_api.py for tasks to queue
[2024-08-24T03:12:55.344+0000] {logging_mixin.py:190} INFO - [2024-08-24T03:12:55.343+0000] {dagbag.py:587} INFO - Filling up the DagBag from /home/airflow/.local/lib/python3.12/site-packages/airflow/example_dags/tutorial_taskflow_api.py
[2024-08-24T03:12:55.359+0000] {processor.py:925} INFO - DAG(s) 'tutorial_taskflow_api' retrieved from /home/airflow/.local/lib/python3.12/site-packages/airflow/example_dags/tutorial_taskflow_api.py
[2024-08-24T03:12:55.393+0000] {logging_mixin.py:190} INFO - [2024-08-24T03:12:55.392+0000] {dag.py:3211} INFO - Sync 1 DAGs
[2024-08-24T03:12:55.411+0000] {logging_mixin.py:190} INFO - [2024-08-24T03:12:55.411+0000] {dag.py:4138} INFO - Setting next_dagrun for tutorial_taskflow_api to None, run_after=None
[2024-08-24T03:12:55.440+0000] {processor.py:208} INFO - Processing /home/airflow/.local/lib/python3.12/site-packages/airflow/example_dags/tutorial_taskflow_api.py took 0.116 seconds
[2024-08-24T03:13:25.975+0000] {processor.py:186} INFO - Started process (PID=627) to work on /home/airflow/.local/lib/python3.12/site-packages/airflow/example_dags/tutorial_taskflow_api.py
[2024-08-24T03:13:25.976+0000] {processor.py:914} INFO - Processing file /home/airflow/.local/lib/python3.12/site-packages/airflow/example_dags/tutorial_taskflow_api.py for tasks to queue
[2024-08-24T03:13:25.979+0000] {logging_mixin.py:190} INFO - [2024-08-24T03:13:25.979+0000] {dagbag.py:587} INFO - Filling up the DagBag from /home/airflow/.local/lib/python3.12/site-packages/airflow/example_dags/tutorial_taskflow_api.py
[2024-08-24T03:13:25.995+0000] {processor.py:925} INFO - DAG(s) 'tutorial_taskflow_api' retrieved from /home/airflow/.local/lib/python3.12/site-packages/airflow/example_dags/tutorial_taskflow_api.py
[2024-08-24T03:13:26.032+0000] {logging_mixin.py:190} INFO - [2024-08-24T03:13:26.032+0000] {dag.py:3211} INFO - Sync 1 DAGs
[2024-08-24T03:13:26.053+0000] {logging_mixin.py:190} INFO - [2024-08-24T03:13:26.052+0000] {dag.py:4138} INFO - Setting next_dagrun for tutorial_taskflow_api to None, run_after=None
[2024-08-24T03:13:26.086+0000] {processor.py:208} INFO - Processing /home/airflow/.local/lib/python3.12/site-packages/airflow/example_dags/tutorial_taskflow_api.py took 0.121 seconds
[2024-08-24T03:13:57.132+0000] {processor.py:186} INFO - Started process (PID=689) to work on /home/airflow/.local/lib/python3.12/site-packages/airflow/example_dags/tutorial_taskflow_api.py
[2024-08-24T03:13:57.142+0000] {processor.py:914} INFO - Processing file /home/airflow/.local/lib/python3.12/site-packages/airflow/example_dags/tutorial_taskflow_api.py for tasks to queue
[2024-08-24T03:13:57.158+0000] {logging_mixin.py:190} INFO - [2024-08-24T03:13:57.158+0000] {dagbag.py:587} INFO - Filling up the DagBag from /home/airflow/.local/lib/python3.12/site-packages/airflow/example_dags/tutorial_taskflow_api.py
[2024-08-24T03:13:57.197+0000] {processor.py:925} INFO - DAG(s) 'tutorial_taskflow_api' retrieved from /home/airflow/.local/lib/python3.12/site-packages/airflow/example_dags/tutorial_taskflow_api.py
[2024-08-24T03:13:57.235+0000] {logging_mixin.py:190} INFO - [2024-08-24T03:13:57.235+0000] {dag.py:3211} INFO - Sync 1 DAGs
[2024-08-24T03:13:57.252+0000] {logging_mixin.py:190} INFO - [2024-08-24T03:13:57.252+0000] {dag.py:4138} INFO - Setting next_dagrun for tutorial_taskflow_api to None, run_after=None
[2024-08-24T03:13:57.274+0000] {processor.py:208} INFO - Processing /home/airflow/.local/lib/python3.12/site-packages/airflow/example_dags/tutorial_taskflow_api.py took 0.168 seconds
[2024-08-24T03:14:27.982+0000] {processor.py:186} INFO - Started process (PID=752) to work on /home/airflow/.local/lib/python3.12/site-packages/airflow/example_dags/tutorial_taskflow_api.py
[2024-08-24T03:14:27.983+0000] {processor.py:914} INFO - Processing file /home/airflow/.local/lib/python3.12/site-packages/airflow/example_dags/tutorial_taskflow_api.py for tasks to queue
[2024-08-24T03:14:27.986+0000] {logging_mixin.py:190} INFO - [2024-08-24T03:14:27.986+0000] {dagbag.py:587} INFO - Filling up the DagBag from /home/airflow/.local/lib/python3.12/site-packages/airflow/example_dags/tutorial_taskflow_api.py
[2024-08-24T03:14:27.997+0000] {processor.py:925} INFO - DAG(s) 'tutorial_taskflow_api' retrieved from /home/airflow/.local/lib/python3.12/site-packages/airflow/example_dags/tutorial_taskflow_api.py
[2024-08-24T03:14:28.080+0000] {logging_mixin.py:190} INFO - [2024-08-24T03:14:28.080+0000] {dag.py:3211} INFO - Sync 1 DAGs
[2024-08-24T03:14:28.151+0000] {logging_mixin.py:190} INFO - [2024-08-24T03:14:28.151+0000] {dag.py:4138} INFO - Setting next_dagrun for tutorial_taskflow_api to None, run_after=None
[2024-08-24T03:14:28.250+0000] {processor.py:208} INFO - Processing /home/airflow/.local/lib/python3.12/site-packages/airflow/example_dags/tutorial_taskflow_api.py took 0.276 seconds
[2024-08-24T03:14:58.419+0000] {processor.py:186} INFO - Started process (PID=814) to work on /home/airflow/.local/lib/python3.12/site-packages/airflow/example_dags/tutorial_taskflow_api.py
[2024-08-24T03:14:58.421+0000] {processor.py:914} INFO - Processing file /home/airflow/.local/lib/python3.12/site-packages/airflow/example_dags/tutorial_taskflow_api.py for tasks to queue
[2024-08-24T03:14:58.424+0000] {logging_mixin.py:190} INFO - [2024-08-24T03:14:58.424+0000] {dagbag.py:587} INFO - Filling up the DagBag from /home/airflow/.local/lib/python3.12/site-packages/airflow/example_dags/tutorial_taskflow_api.py
[2024-08-24T03:14:58.440+0000] {processor.py:925} INFO - DAG(s) 'tutorial_taskflow_api' retrieved from /home/airflow/.local/lib/python3.12/site-packages/airflow/example_dags/tutorial_taskflow_api.py
[2024-08-24T03:14:58.487+0000] {logging_mixin.py:190} INFO - [2024-08-24T03:14:58.487+0000] {dag.py:3211} INFO - Sync 1 DAGs
[2024-08-24T03:14:58.513+0000] {logging_mixin.py:190} INFO - [2024-08-24T03:14:58.512+0000] {dag.py:4138} INFO - Setting next_dagrun for tutorial_taskflow_api to None, run_after=None
[2024-08-24T03:14:58.544+0000] {processor.py:208} INFO - Processing /home/airflow/.local/lib/python3.12/site-packages/airflow/example_dags/tutorial_taskflow_api.py took 0.136 seconds
[2024-08-24T03:15:29.235+0000] {processor.py:186} INFO - Started process (PID=877) to work on /home/airflow/.local/lib/python3.12/site-packages/airflow/example_dags/tutorial_taskflow_api.py
[2024-08-24T03:15:29.237+0000] {processor.py:914} INFO - Processing file /home/airflow/.local/lib/python3.12/site-packages/airflow/example_dags/tutorial_taskflow_api.py for tasks to queue
[2024-08-24T03:15:29.247+0000] {logging_mixin.py:190} INFO - [2024-08-24T03:15:29.246+0000] {dagbag.py:587} INFO - Filling up the DagBag from /home/airflow/.local/lib/python3.12/site-packages/airflow/example_dags/tutorial_taskflow_api.py
[2024-08-24T03:15:29.262+0000] {processor.py:925} INFO - DAG(s) 'tutorial_taskflow_api' retrieved from /home/airflow/.local/lib/python3.12/site-packages/airflow/example_dags/tutorial_taskflow_api.py
[2024-08-24T03:15:29.328+0000] {logging_mixin.py:190} INFO - [2024-08-24T03:15:29.328+0000] {dag.py:3211} INFO - Sync 1 DAGs
[2024-08-24T03:15:29.352+0000] {logging_mixin.py:190} INFO - [2024-08-24T03:15:29.351+0000] {dag.py:4138} INFO - Setting next_dagrun for tutorial_taskflow_api to None, run_after=None
[2024-08-24T03:15:29.386+0000] {processor.py:208} INFO - Processing /home/airflow/.local/lib/python3.12/site-packages/airflow/example_dags/tutorial_taskflow_api.py took 0.160 seconds
[2024-08-24T03:24:11.567+0000] {processor.py:186} INFO - Started process (PID=124) to work on /home/airflow/.local/lib/python3.12/site-packages/airflow/example_dags/tutorial_taskflow_api.py
[2024-08-24T03:24:11.594+0000] {processor.py:914} INFO - Processing file /home/airflow/.local/lib/python3.12/site-packages/airflow/example_dags/tutorial_taskflow_api.py for tasks to queue
[2024-08-24T03:24:11.598+0000] {logging_mixin.py:190} INFO - [2024-08-24T03:24:11.598+0000] {dagbag.py:587} INFO - Filling up the DagBag from /home/airflow/.local/lib/python3.12/site-packages/airflow/example_dags/tutorial_taskflow_api.py
[2024-08-24T03:24:11.634+0000] {processor.py:925} INFO - DAG(s) 'tutorial_taskflow_api' retrieved from /home/airflow/.local/lib/python3.12/site-packages/airflow/example_dags/tutorial_taskflow_api.py
[2024-08-24T03:24:11.760+0000] {logging_mixin.py:190} INFO - [2024-08-24T03:24:11.760+0000] {dag.py:3211} INFO - Sync 1 DAGs
[2024-08-24T03:24:11.833+0000] {logging_mixin.py:190} INFO - [2024-08-24T03:24:11.832+0000] {dag.py:4138} INFO - Setting next_dagrun for tutorial_taskflow_api to None, run_after=None
[2024-08-24T03:24:14.679+0000] {processor.py:208} INFO - Processing /home/airflow/.local/lib/python3.12/site-packages/airflow/example_dags/tutorial_taskflow_api.py took 3.129 seconds
[2024-08-24T18:11:30.096+0000] {processor.py:186} INFO - Started process (PID=82) to work on /home/airflow/.local/lib/python3.12/site-packages/airflow/example_dags/tutorial_taskflow_api.py
[2024-08-24T18:11:30.107+0000] {processor.py:914} INFO - Processing file /home/airflow/.local/lib/python3.12/site-packages/airflow/example_dags/tutorial_taskflow_api.py for tasks to queue
[2024-08-24T18:11:30.112+0000] {logging_mixin.py:190} INFO - [2024-08-24T18:11:30.111+0000] {dagbag.py:587} INFO - Filling up the DagBag from /home/airflow/.local/lib/python3.12/site-packages/airflow/example_dags/tutorial_taskflow_api.py
[2024-08-24T18:11:30.124+0000] {processor.py:925} INFO - DAG(s) 'tutorial_taskflow_api' retrieved from /home/airflow/.local/lib/python3.12/site-packages/airflow/example_dags/tutorial_taskflow_api.py
[2024-08-24T18:11:30.294+0000] {logging_mixin.py:190} INFO - [2024-08-24T18:11:30.294+0000] {dag.py:3211} INFO - Sync 1 DAGs
[2024-08-24T18:11:30.390+0000] {logging_mixin.py:190} INFO - [2024-08-24T18:11:30.389+0000] {dag.py:4138} INFO - Setting next_dagrun for tutorial_taskflow_api to None, run_after=None
[2024-08-24T18:11:30.458+0000] {processor.py:208} INFO - Processing /home/airflow/.local/lib/python3.12/site-packages/airflow/example_dags/tutorial_taskflow_api.py took 0.371 seconds
[2024-08-24T18:12:03.557+0000] {processor.py:186} INFO - Started process (PID=145) to work on /home/airflow/.local/lib/python3.12/site-packages/airflow/example_dags/tutorial_taskflow_api.py
[2024-08-24T18:12:03.562+0000] {processor.py:914} INFO - Processing file /home/airflow/.local/lib/python3.12/site-packages/airflow/example_dags/tutorial_taskflow_api.py for tasks to queue
[2024-08-24T18:12:03.568+0000] {logging_mixin.py:190} INFO - [2024-08-24T18:12:03.567+0000] {dagbag.py:587} INFO - Filling up the DagBag from /home/airflow/.local/lib/python3.12/site-packages/airflow/example_dags/tutorial_taskflow_api.py
[2024-08-24T18:12:03.590+0000] {processor.py:925} INFO - DAG(s) 'tutorial_taskflow_api' retrieved from /home/airflow/.local/lib/python3.12/site-packages/airflow/example_dags/tutorial_taskflow_api.py
[2024-08-24T18:12:03.650+0000] {logging_mixin.py:190} INFO - [2024-08-24T18:12:03.650+0000] {dag.py:3211} INFO - Sync 1 DAGs
[2024-08-24T18:12:03.704+0000] {logging_mixin.py:190} INFO - [2024-08-24T18:12:03.703+0000] {dag.py:4138} INFO - Setting next_dagrun for tutorial_taskflow_api to None, run_after=None
[2024-08-24T18:12:03.830+0000] {processor.py:208} INFO - Processing /home/airflow/.local/lib/python3.12/site-packages/airflow/example_dags/tutorial_taskflow_api.py took 0.289 seconds
[2024-08-24T18:12:35.382+0000] {processor.py:186} INFO - Started process (PID=208) to work on /home/airflow/.local/lib/python3.12/site-packages/airflow/example_dags/tutorial_taskflow_api.py
[2024-08-24T18:12:35.386+0000] {processor.py:914} INFO - Processing file /home/airflow/.local/lib/python3.12/site-packages/airflow/example_dags/tutorial_taskflow_api.py for tasks to queue
[2024-08-24T18:12:35.428+0000] {logging_mixin.py:190} INFO - [2024-08-24T18:12:35.428+0000] {dagbag.py:587} INFO - Filling up the DagBag from /home/airflow/.local/lib/python3.12/site-packages/airflow/example_dags/tutorial_taskflow_api.py
[2024-08-24T18:12:35.549+0000] {processor.py:925} INFO - DAG(s) 'tutorial_taskflow_api' retrieved from /home/airflow/.local/lib/python3.12/site-packages/airflow/example_dags/tutorial_taskflow_api.py
[2024-08-24T18:12:35.611+0000] {logging_mixin.py:190} INFO - [2024-08-24T18:12:35.611+0000] {dag.py:3211} INFO - Sync 1 DAGs
[2024-08-24T18:12:35.711+0000] {logging_mixin.py:190} INFO - [2024-08-24T18:12:35.711+0000] {dag.py:4138} INFO - Setting next_dagrun for tutorial_taskflow_api to None, run_after=None
[2024-08-24T18:12:35.819+0000] {processor.py:208} INFO - Processing /home/airflow/.local/lib/python3.12/site-packages/airflow/example_dags/tutorial_taskflow_api.py took 0.499 seconds
[2024-08-24T18:13:16.811+0000] {processor.py:186} INFO - Started process (PID=277) to work on /home/airflow/.local/lib/python3.12/site-packages/airflow/example_dags/tutorial_taskflow_api.py
[2024-08-24T18:13:16.824+0000] {processor.py:914} INFO - Processing file /home/airflow/.local/lib/python3.12/site-packages/airflow/example_dags/tutorial_taskflow_api.py for tasks to queue
[2024-08-24T18:13:16.847+0000] {logging_mixin.py:190} INFO - [2024-08-24T18:13:16.847+0000] {dagbag.py:587} INFO - Filling up the DagBag from /home/airflow/.local/lib/python3.12/site-packages/airflow/example_dags/tutorial_taskflow_api.py
[2024-08-24T18:13:17.093+0000] {processor.py:925} INFO - DAG(s) 'tutorial_taskflow_api' retrieved from /home/airflow/.local/lib/python3.12/site-packages/airflow/example_dags/tutorial_taskflow_api.py
[2024-08-24T18:13:18.272+0000] {logging_mixin.py:190} INFO - [2024-08-24T18:13:18.271+0000] {dag.py:3211} INFO - Sync 1 DAGs
[2024-08-24T18:13:19.140+0000] {logging_mixin.py:190} INFO - [2024-08-24T18:13:19.140+0000] {dag.py:4138} INFO - Setting next_dagrun for tutorial_taskflow_api to None, run_after=None
[2024-08-24T18:13:19.701+0000] {processor.py:208} INFO - Processing /home/airflow/.local/lib/python3.12/site-packages/airflow/example_dags/tutorial_taskflow_api.py took 2.909 seconds
[2024-08-24T18:13:58.960+0000] {processor.py:186} INFO - Started process (PID=341) to work on /home/airflow/.local/lib/python3.12/site-packages/airflow/example_dags/tutorial_taskflow_api.py
[2024-08-24T18:13:58.974+0000] {processor.py:914} INFO - Processing file /home/airflow/.local/lib/python3.12/site-packages/airflow/example_dags/tutorial_taskflow_api.py for tasks to queue
[2024-08-24T18:13:58.988+0000] {logging_mixin.py:190} INFO - [2024-08-24T18:13:58.988+0000] {dagbag.py:587} INFO - Filling up the DagBag from /home/airflow/.local/lib/python3.12/site-packages/airflow/example_dags/tutorial_taskflow_api.py
[2024-08-24T18:13:59.180+0000] {processor.py:925} INFO - DAG(s) 'tutorial_taskflow_api' retrieved from /home/airflow/.local/lib/python3.12/site-packages/airflow/example_dags/tutorial_taskflow_api.py
[2024-08-24T18:13:59.377+0000] {logging_mixin.py:190} INFO - [2024-08-24T18:13:59.377+0000] {dag.py:3211} INFO - Sync 1 DAGs
[2024-08-24T18:13:59.505+0000] {logging_mixin.py:190} INFO - [2024-08-24T18:13:59.494+0000] {dag.py:4138} INFO - Setting next_dagrun for tutorial_taskflow_api to None, run_after=None
[2024-08-24T18:14:00.037+0000] {processor.py:208} INFO - Processing /home/airflow/.local/lib/python3.12/site-packages/airflow/example_dags/tutorial_taskflow_api.py took 1.126 seconds
[2024-08-24T18:14:31.495+0000] {processor.py:186} INFO - Started process (PID=405) to work on /home/airflow/.local/lib/python3.12/site-packages/airflow/example_dags/tutorial_taskflow_api.py
[2024-08-24T18:14:31.498+0000] {processor.py:914} INFO - Processing file /home/airflow/.local/lib/python3.12/site-packages/airflow/example_dags/tutorial_taskflow_api.py for tasks to queue
[2024-08-24T18:14:31.503+0000] {logging_mixin.py:190} INFO - [2024-08-24T18:14:31.502+0000] {dagbag.py:587} INFO - Filling up the DagBag from /home/airflow/.local/lib/python3.12/site-packages/airflow/example_dags/tutorial_taskflow_api.py
[2024-08-24T18:14:31.532+0000] {processor.py:925} INFO - DAG(s) 'tutorial_taskflow_api' retrieved from /home/airflow/.local/lib/python3.12/site-packages/airflow/example_dags/tutorial_taskflow_api.py
[2024-08-24T18:14:31.581+0000] {logging_mixin.py:190} INFO - [2024-08-24T18:14:31.581+0000] {dag.py:3211} INFO - Sync 1 DAGs
[2024-08-24T18:14:31.606+0000] {logging_mixin.py:190} INFO - [2024-08-24T18:14:31.605+0000] {dag.py:4138} INFO - Setting next_dagrun for tutorial_taskflow_api to None, run_after=None
[2024-08-24T18:14:31.646+0000] {processor.py:208} INFO - Processing /home/airflow/.local/lib/python3.12/site-packages/airflow/example_dags/tutorial_taskflow_api.py took 0.161 seconds
