[2024-08-24T03:09:35.287+0000] {processor.py:186} INFO - Started process (PID=142) to work on /home/airflow/.local/lib/python3.12/site-packages/airflow/example_dags/tutorial_objectstorage.py
[2024-08-24T03:09:35.305+0000] {processor.py:914} INFO - Processing file /home/airflow/.local/lib/python3.12/site-packages/airflow/example_dags/tutorial_objectstorage.py for tasks to queue
[2024-08-24T03:09:35.313+0000] {logging_mixin.py:190} INFO - [2024-08-24T03:09:35.312+0000] {dagbag.py:587} INFO - Filling up the DagBag from /home/airflow/.local/lib/python3.12/site-packages/airflow/example_dags/tutorial_objectstorage.py
[2024-08-24T03:09:35.485+0000] {processor.py:925} INFO - DAG(s) 'tutorial_objectstorage' retrieved from /home/airflow/.local/lib/python3.12/site-packages/airflow/example_dags/tutorial_objectstorage.py
[2024-08-24T03:09:35.884+0000] {logging_mixin.py:190} INFO - [2024-08-24T03:09:35.883+0000] {override.py:1858} INFO - Created Permission View: can delete on DAG:tutorial_objectstorage
[2024-08-24T03:09:35.918+0000] {logging_mixin.py:190} INFO - [2024-08-24T03:09:35.918+0000] {override.py:1858} INFO - Created Permission View: can read on DAG:tutorial_objectstorage
[2024-08-24T03:09:35.942+0000] {logging_mixin.py:190} INFO - [2024-08-24T03:09:35.941+0000] {override.py:1858} INFO - Created Permission View: can edit on DAG:tutorial_objectstorage
[2024-08-24T03:09:35.943+0000] {logging_mixin.py:190} INFO - [2024-08-24T03:09:35.942+0000] {dag.py:3211} INFO - Sync 1 DAGs
[2024-08-24T03:09:36.013+0000] {logging_mixin.py:190} INFO - [2024-08-24T03:09:36.010+0000] {dag.py:3234} INFO - Creating ORM DAG for tutorial_objectstorage
[2024-08-24T03:09:36.015+0000] {logging_mixin.py:190} INFO - [2024-08-24T03:09:36.015+0000] {dag.py:4138} INFO - Setting next_dagrun for tutorial_objectstorage to None, run_after=None
[2024-08-24T03:09:36.119+0000] {processor.py:208} INFO - Processing /home/airflow/.local/lib/python3.12/site-packages/airflow/example_dags/tutorial_objectstorage.py took 0.865 seconds
[2024-08-24T03:10:06.346+0000] {processor.py:186} INFO - Started process (PID=207) to work on /home/airflow/.local/lib/python3.12/site-packages/airflow/example_dags/tutorial_objectstorage.py
[2024-08-24T03:10:06.348+0000] {processor.py:914} INFO - Processing file /home/airflow/.local/lib/python3.12/site-packages/airflow/example_dags/tutorial_objectstorage.py for tasks to queue
[2024-08-24T03:10:06.353+0000] {logging_mixin.py:190} INFO - [2024-08-24T03:10:06.353+0000] {dagbag.py:587} INFO - Filling up the DagBag from /home/airflow/.local/lib/python3.12/site-packages/airflow/example_dags/tutorial_objectstorage.py
[2024-08-24T03:10:06.370+0000] {processor.py:925} INFO - DAG(s) 'tutorial_objectstorage' retrieved from /home/airflow/.local/lib/python3.12/site-packages/airflow/example_dags/tutorial_objectstorage.py
[2024-08-24T03:10:06.412+0000] {logging_mixin.py:190} INFO - [2024-08-24T03:10:06.410+0000] {dag.py:3211} INFO - Sync 1 DAGs
[2024-08-24T03:10:06.458+0000] {logging_mixin.py:190} INFO - [2024-08-24T03:10:06.457+0000] {dag.py:4138} INFO - Setting next_dagrun for tutorial_objectstorage to None, run_after=None
[2024-08-24T03:10:06.539+0000] {processor.py:208} INFO - Processing /home/airflow/.local/lib/python3.12/site-packages/airflow/example_dags/tutorial_objectstorage.py took 0.201 seconds
[2024-08-24T03:10:37.142+0000] {processor.py:186} INFO - Started process (PID=271) to work on /home/airflow/.local/lib/python3.12/site-packages/airflow/example_dags/tutorial_objectstorage.py
[2024-08-24T03:10:37.152+0000] {processor.py:914} INFO - Processing file /home/airflow/.local/lib/python3.12/site-packages/airflow/example_dags/tutorial_objectstorage.py for tasks to queue
[2024-08-24T03:10:37.164+0000] {logging_mixin.py:190} INFO - [2024-08-24T03:10:37.163+0000] {dagbag.py:587} INFO - Filling up the DagBag from /home/airflow/.local/lib/python3.12/site-packages/airflow/example_dags/tutorial_objectstorage.py
[2024-08-24T03:10:37.199+0000] {processor.py:925} INFO - DAG(s) 'tutorial_objectstorage' retrieved from /home/airflow/.local/lib/python3.12/site-packages/airflow/example_dags/tutorial_objectstorage.py
[2024-08-24T03:10:37.239+0000] {logging_mixin.py:190} INFO - [2024-08-24T03:10:37.238+0000] {dag.py:3211} INFO - Sync 1 DAGs
[2024-08-24T03:10:37.278+0000] {logging_mixin.py:190} INFO - [2024-08-24T03:10:37.278+0000] {dag.py:4138} INFO - Setting next_dagrun for tutorial_objectstorage to None, run_after=None
[2024-08-24T03:10:37.342+0000] {processor.py:208} INFO - Processing /home/airflow/.local/lib/python3.12/site-packages/airflow/example_dags/tutorial_objectstorage.py took 0.215 seconds
[2024-08-24T03:11:07.416+0000] {processor.py:186} INFO - Started process (PID=334) to work on /home/airflow/.local/lib/python3.12/site-packages/airflow/example_dags/tutorial_objectstorage.py
[2024-08-24T03:11:07.420+0000] {processor.py:914} INFO - Processing file /home/airflow/.local/lib/python3.12/site-packages/airflow/example_dags/tutorial_objectstorage.py for tasks to queue
[2024-08-24T03:11:07.433+0000] {logging_mixin.py:190} INFO - [2024-08-24T03:11:07.428+0000] {dagbag.py:587} INFO - Filling up the DagBag from /home/airflow/.local/lib/python3.12/site-packages/airflow/example_dags/tutorial_objectstorage.py
[2024-08-24T03:11:07.474+0000] {processor.py:925} INFO - DAG(s) 'tutorial_objectstorage' retrieved from /home/airflow/.local/lib/python3.12/site-packages/airflow/example_dags/tutorial_objectstorage.py
[2024-08-24T03:11:07.622+0000] {logging_mixin.py:190} INFO - [2024-08-24T03:11:07.622+0000] {dag.py:3211} INFO - Sync 1 DAGs
[2024-08-24T03:11:07.669+0000] {logging_mixin.py:190} INFO - [2024-08-24T03:11:07.668+0000] {dag.py:4138} INFO - Setting next_dagrun for tutorial_objectstorage to None, run_after=None
[2024-08-24T03:11:08.046+0000] {processor.py:208} INFO - Processing /home/airflow/.local/lib/python3.12/site-packages/airflow/example_dags/tutorial_objectstorage.py took 0.660 seconds
[2024-08-24T03:11:38.271+0000] {processor.py:186} INFO - Started process (PID=396) to work on /home/airflow/.local/lib/python3.12/site-packages/airflow/example_dags/tutorial_objectstorage.py
[2024-08-24T03:11:38.273+0000] {processor.py:914} INFO - Processing file /home/airflow/.local/lib/python3.12/site-packages/airflow/example_dags/tutorial_objectstorage.py for tasks to queue
[2024-08-24T03:11:38.277+0000] {logging_mixin.py:190} INFO - [2024-08-24T03:11:38.277+0000] {dagbag.py:587} INFO - Filling up the DagBag from /home/airflow/.local/lib/python3.12/site-packages/airflow/example_dags/tutorial_objectstorage.py
[2024-08-24T03:11:38.295+0000] {processor.py:925} INFO - DAG(s) 'tutorial_objectstorage' retrieved from /home/airflow/.local/lib/python3.12/site-packages/airflow/example_dags/tutorial_objectstorage.py
[2024-08-24T03:11:38.386+0000] {logging_mixin.py:190} INFO - [2024-08-24T03:11:38.385+0000] {dag.py:3211} INFO - Sync 1 DAGs
[2024-08-24T03:11:38.464+0000] {logging_mixin.py:190} INFO - [2024-08-24T03:11:38.464+0000] {dag.py:4138} INFO - Setting next_dagrun for tutorial_objectstorage to None, run_after=None
[2024-08-24T03:11:38.564+0000] {processor.py:208} INFO - Processing /home/airflow/.local/lib/python3.12/site-packages/airflow/example_dags/tutorial_objectstorage.py took 0.310 seconds
[2024-08-24T03:12:09.384+0000] {processor.py:186} INFO - Started process (PID=459) to work on /home/airflow/.local/lib/python3.12/site-packages/airflow/example_dags/tutorial_objectstorage.py
[2024-08-24T03:12:09.395+0000] {processor.py:914} INFO - Processing file /home/airflow/.local/lib/python3.12/site-packages/airflow/example_dags/tutorial_objectstorage.py for tasks to queue
[2024-08-24T03:12:09.400+0000] {logging_mixin.py:190} INFO - [2024-08-24T03:12:09.399+0000] {dagbag.py:587} INFO - Filling up the DagBag from /home/airflow/.local/lib/python3.12/site-packages/airflow/example_dags/tutorial_objectstorage.py
[2024-08-24T03:12:09.431+0000] {processor.py:925} INFO - DAG(s) 'tutorial_objectstorage' retrieved from /home/airflow/.local/lib/python3.12/site-packages/airflow/example_dags/tutorial_objectstorage.py
[2024-08-24T03:12:09.478+0000] {logging_mixin.py:190} INFO - [2024-08-24T03:12:09.478+0000] {dag.py:3211} INFO - Sync 1 DAGs
[2024-08-24T03:12:09.498+0000] {logging_mixin.py:190} INFO - [2024-08-24T03:12:09.497+0000] {dag.py:4138} INFO - Setting next_dagrun for tutorial_objectstorage to None, run_after=None
[2024-08-24T03:12:09.543+0000] {processor.py:208} INFO - Processing /home/airflow/.local/lib/python3.12/site-packages/airflow/example_dags/tutorial_objectstorage.py took 0.185 seconds
[2024-08-24T03:12:39.993+0000] {processor.py:186} INFO - Started process (PID=521) to work on /home/airflow/.local/lib/python3.12/site-packages/airflow/example_dags/tutorial_objectstorage.py
[2024-08-24T03:12:39.994+0000] {processor.py:914} INFO - Processing file /home/airflow/.local/lib/python3.12/site-packages/airflow/example_dags/tutorial_objectstorage.py for tasks to queue
[2024-08-24T03:12:39.999+0000] {logging_mixin.py:190} INFO - [2024-08-24T03:12:39.998+0000] {dagbag.py:587} INFO - Filling up the DagBag from /home/airflow/.local/lib/python3.12/site-packages/airflow/example_dags/tutorial_objectstorage.py
[2024-08-24T03:12:40.013+0000] {processor.py:925} INFO - DAG(s) 'tutorial_objectstorage' retrieved from /home/airflow/.local/lib/python3.12/site-packages/airflow/example_dags/tutorial_objectstorage.py
[2024-08-24T03:12:40.075+0000] {logging_mixin.py:190} INFO - [2024-08-24T03:12:40.072+0000] {dag.py:3211} INFO - Sync 1 DAGs
[2024-08-24T03:12:40.100+0000] {logging_mixin.py:190} INFO - [2024-08-24T03:12:40.100+0000] {dag.py:4138} INFO - Setting next_dagrun for tutorial_objectstorage to None, run_after=None
[2024-08-24T03:12:40.147+0000] {processor.py:208} INFO - Processing /home/airflow/.local/lib/python3.12/site-packages/airflow/example_dags/tutorial_objectstorage.py took 0.162 seconds
[2024-08-24T03:13:10.827+0000] {processor.py:186} INFO - Started process (PID=586) to work on /home/airflow/.local/lib/python3.12/site-packages/airflow/example_dags/tutorial_objectstorage.py
[2024-08-24T03:13:10.828+0000] {processor.py:914} INFO - Processing file /home/airflow/.local/lib/python3.12/site-packages/airflow/example_dags/tutorial_objectstorage.py for tasks to queue
[2024-08-24T03:13:10.842+0000] {logging_mixin.py:190} INFO - [2024-08-24T03:13:10.841+0000] {dagbag.py:587} INFO - Filling up the DagBag from /home/airflow/.local/lib/python3.12/site-packages/airflow/example_dags/tutorial_objectstorage.py
[2024-08-24T03:13:10.886+0000] {processor.py:925} INFO - DAG(s) 'tutorial_objectstorage' retrieved from /home/airflow/.local/lib/python3.12/site-packages/airflow/example_dags/tutorial_objectstorage.py
[2024-08-24T03:13:10.982+0000] {logging_mixin.py:190} INFO - [2024-08-24T03:13:10.982+0000] {dag.py:3211} INFO - Sync 1 DAGs
[2024-08-24T03:13:11.006+0000] {logging_mixin.py:190} INFO - [2024-08-24T03:13:11.006+0000] {dag.py:4138} INFO - Setting next_dagrun for tutorial_objectstorage to None, run_after=None
[2024-08-24T03:13:11.061+0000] {processor.py:208} INFO - Processing /home/airflow/.local/lib/python3.12/site-packages/airflow/example_dags/tutorial_objectstorage.py took 0.246 seconds
[2024-08-24T03:13:41.218+0000] {processor.py:186} INFO - Started process (PID=649) to work on /home/airflow/.local/lib/python3.12/site-packages/airflow/example_dags/tutorial_objectstorage.py
[2024-08-24T03:13:41.220+0000] {processor.py:914} INFO - Processing file /home/airflow/.local/lib/python3.12/site-packages/airflow/example_dags/tutorial_objectstorage.py for tasks to queue
[2024-08-24T03:13:41.224+0000] {logging_mixin.py:190} INFO - [2024-08-24T03:13:41.223+0000] {dagbag.py:587} INFO - Filling up the DagBag from /home/airflow/.local/lib/python3.12/site-packages/airflow/example_dags/tutorial_objectstorage.py
[2024-08-24T03:13:41.239+0000] {processor.py:925} INFO - DAG(s) 'tutorial_objectstorage' retrieved from /home/airflow/.local/lib/python3.12/site-packages/airflow/example_dags/tutorial_objectstorage.py
[2024-08-24T03:13:41.272+0000] {logging_mixin.py:190} INFO - [2024-08-24T03:13:41.272+0000] {dag.py:3211} INFO - Sync 1 DAGs
[2024-08-24T03:13:41.295+0000] {logging_mixin.py:190} INFO - [2024-08-24T03:13:41.295+0000] {dag.py:4138} INFO - Setting next_dagrun for tutorial_objectstorage to None, run_after=None
[2024-08-24T03:13:41.326+0000] {processor.py:208} INFO - Processing /home/airflow/.local/lib/python3.12/site-packages/airflow/example_dags/tutorial_objectstorage.py took 0.118 seconds
[2024-08-24T03:14:11.986+0000] {processor.py:186} INFO - Started process (PID=711) to work on /home/airflow/.local/lib/python3.12/site-packages/airflow/example_dags/tutorial_objectstorage.py
[2024-08-24T03:14:11.988+0000] {processor.py:914} INFO - Processing file /home/airflow/.local/lib/python3.12/site-packages/airflow/example_dags/tutorial_objectstorage.py for tasks to queue
[2024-08-24T03:14:11.992+0000] {logging_mixin.py:190} INFO - [2024-08-24T03:14:11.992+0000] {dagbag.py:587} INFO - Filling up the DagBag from /home/airflow/.local/lib/python3.12/site-packages/airflow/example_dags/tutorial_objectstorage.py
[2024-08-24T03:14:12.013+0000] {processor.py:925} INFO - DAG(s) 'tutorial_objectstorage' retrieved from /home/airflow/.local/lib/python3.12/site-packages/airflow/example_dags/tutorial_objectstorage.py
[2024-08-24T03:14:12.053+0000] {logging_mixin.py:190} INFO - [2024-08-24T03:14:12.053+0000] {dag.py:3211} INFO - Sync 1 DAGs
[2024-08-24T03:14:12.072+0000] {logging_mixin.py:190} INFO - [2024-08-24T03:14:12.072+0000] {dag.py:4138} INFO - Setting next_dagrun for tutorial_objectstorage to None, run_after=None
[2024-08-24T03:14:12.102+0000] {processor.py:208} INFO - Processing /home/airflow/.local/lib/python3.12/site-packages/airflow/example_dags/tutorial_objectstorage.py took 0.132 seconds
[2024-08-24T03:14:42.865+0000] {processor.py:186} INFO - Started process (PID=775) to work on /home/airflow/.local/lib/python3.12/site-packages/airflow/example_dags/tutorial_objectstorage.py
[2024-08-24T03:14:42.866+0000] {processor.py:914} INFO - Processing file /home/airflow/.local/lib/python3.12/site-packages/airflow/example_dags/tutorial_objectstorage.py for tasks to queue
[2024-08-24T03:14:42.870+0000] {logging_mixin.py:190} INFO - [2024-08-24T03:14:42.869+0000] {dagbag.py:587} INFO - Filling up the DagBag from /home/airflow/.local/lib/python3.12/site-packages/airflow/example_dags/tutorial_objectstorage.py
[2024-08-24T03:14:42.884+0000] {processor.py:925} INFO - DAG(s) 'tutorial_objectstorage' retrieved from /home/airflow/.local/lib/python3.12/site-packages/airflow/example_dags/tutorial_objectstorage.py
[2024-08-24T03:14:42.916+0000] {logging_mixin.py:190} INFO - [2024-08-24T03:14:42.914+0000] {dag.py:3211} INFO - Sync 1 DAGs
[2024-08-24T03:14:42.939+0000] {logging_mixin.py:190} INFO - [2024-08-24T03:14:42.939+0000] {dag.py:4138} INFO - Setting next_dagrun for tutorial_objectstorage to None, run_after=None
[2024-08-24T03:14:42.979+0000] {processor.py:208} INFO - Processing /home/airflow/.local/lib/python3.12/site-packages/airflow/example_dags/tutorial_objectstorage.py took 0.123 seconds
[2024-08-24T03:15:14.349+0000] {processor.py:186} INFO - Started process (PID=836) to work on /home/airflow/.local/lib/python3.12/site-packages/airflow/example_dags/tutorial_objectstorage.py
[2024-08-24T03:15:14.368+0000] {processor.py:914} INFO - Processing file /home/airflow/.local/lib/python3.12/site-packages/airflow/example_dags/tutorial_objectstorage.py for tasks to queue
[2024-08-24T03:15:14.386+0000] {logging_mixin.py:190} INFO - [2024-08-24T03:15:14.382+0000] {dagbag.py:587} INFO - Filling up the DagBag from /home/airflow/.local/lib/python3.12/site-packages/airflow/example_dags/tutorial_objectstorage.py
[2024-08-24T03:15:14.448+0000] {processor.py:925} INFO - DAG(s) 'tutorial_objectstorage' retrieved from /home/airflow/.local/lib/python3.12/site-packages/airflow/example_dags/tutorial_objectstorage.py
[2024-08-24T03:15:14.565+0000] {logging_mixin.py:190} INFO - [2024-08-24T03:15:14.565+0000] {dag.py:3211} INFO - Sync 1 DAGs
[2024-08-24T03:15:14.584+0000] {logging_mixin.py:190} INFO - [2024-08-24T03:15:14.584+0000] {dag.py:4138} INFO - Setting next_dagrun for tutorial_objectstorage to None, run_after=None
[2024-08-24T03:15:14.653+0000] {processor.py:208} INFO - Processing /home/airflow/.local/lib/python3.12/site-packages/airflow/example_dags/tutorial_objectstorage.py took 0.324 seconds
[2024-08-24T03:15:45.656+0000] {processor.py:186} INFO - Started process (PID=900) to work on /home/airflow/.local/lib/python3.12/site-packages/airflow/example_dags/tutorial_objectstorage.py
[2024-08-24T03:15:45.712+0000] {processor.py:914} INFO - Processing file /home/airflow/.local/lib/python3.12/site-packages/airflow/example_dags/tutorial_objectstorage.py for tasks to queue
[2024-08-24T03:15:45.717+0000] {logging_mixin.py:190} INFO - [2024-08-24T03:15:45.717+0000] {dagbag.py:587} INFO - Filling up the DagBag from /home/airflow/.local/lib/python3.12/site-packages/airflow/example_dags/tutorial_objectstorage.py
[2024-08-24T03:15:45.788+0000] {processor.py:925} INFO - DAG(s) 'tutorial_objectstorage' retrieved from /home/airflow/.local/lib/python3.12/site-packages/airflow/example_dags/tutorial_objectstorage.py
[2024-08-24T03:15:45.954+0000] {logging_mixin.py:190} INFO - [2024-08-24T03:15:45.953+0000] {dag.py:3211} INFO - Sync 1 DAGs
[2024-08-24T03:15:46.030+0000] {logging_mixin.py:190} INFO - [2024-08-24T03:15:46.025+0000] {dag.py:4138} INFO - Setting next_dagrun for tutorial_objectstorage to None, run_after=None
[2024-08-24T03:15:46.299+0000] {processor.py:208} INFO - Processing /home/airflow/.local/lib/python3.12/site-packages/airflow/example_dags/tutorial_objectstorage.py took 0.688 seconds
[2024-08-24T18:11:34.101+0000] {processor.py:186} INFO - Started process (PID=101) to work on /home/airflow/.local/lib/python3.12/site-packages/airflow/example_dags/tutorial_objectstorage.py
[2024-08-24T18:11:34.108+0000] {processor.py:914} INFO - Processing file /home/airflow/.local/lib/python3.12/site-packages/airflow/example_dags/tutorial_objectstorage.py for tasks to queue
[2024-08-24T18:11:34.112+0000] {logging_mixin.py:190} INFO - [2024-08-24T18:11:34.111+0000] {dagbag.py:587} INFO - Filling up the DagBag from /home/airflow/.local/lib/python3.12/site-packages/airflow/example_dags/tutorial_objectstorage.py
[2024-08-24T18:11:34.176+0000] {processor.py:925} INFO - DAG(s) 'tutorial_objectstorage' retrieved from /home/airflow/.local/lib/python3.12/site-packages/airflow/example_dags/tutorial_objectstorage.py
[2024-08-24T18:11:34.220+0000] {logging_mixin.py:190} INFO - [2024-08-24T18:11:34.219+0000] {dag.py:3211} INFO - Sync 1 DAGs
[2024-08-24T18:11:34.241+0000] {logging_mixin.py:190} INFO - [2024-08-24T18:11:34.241+0000] {dag.py:4138} INFO - Setting next_dagrun for tutorial_objectstorage to None, run_after=None
[2024-08-24T18:11:34.276+0000] {processor.py:208} INFO - Processing /home/airflow/.local/lib/python3.12/site-packages/airflow/example_dags/tutorial_objectstorage.py took 0.194 seconds
[2024-08-24T18:12:08.290+0000] {processor.py:186} INFO - Started process (PID=170) to work on /home/airflow/.local/lib/python3.12/site-packages/airflow/example_dags/tutorial_objectstorage.py
[2024-08-24T18:12:08.296+0000] {processor.py:914} INFO - Processing file /home/airflow/.local/lib/python3.12/site-packages/airflow/example_dags/tutorial_objectstorage.py for tasks to queue
[2024-08-24T18:12:08.305+0000] {logging_mixin.py:190} INFO - [2024-08-24T18:12:08.303+0000] {dagbag.py:587} INFO - Filling up the DagBag from /home/airflow/.local/lib/python3.12/site-packages/airflow/example_dags/tutorial_objectstorage.py
[2024-08-24T18:12:08.327+0000] {processor.py:925} INFO - DAG(s) 'tutorial_objectstorage' retrieved from /home/airflow/.local/lib/python3.12/site-packages/airflow/example_dags/tutorial_objectstorage.py
[2024-08-24T18:12:08.387+0000] {logging_mixin.py:190} INFO - [2024-08-24T18:12:08.386+0000] {dag.py:3211} INFO - Sync 1 DAGs
[2024-08-24T18:12:08.407+0000] {logging_mixin.py:190} INFO - [2024-08-24T18:12:08.406+0000] {dag.py:4138} INFO - Setting next_dagrun for tutorial_objectstorage to None, run_after=None
[2024-08-24T18:12:08.446+0000] {processor.py:208} INFO - Processing /home/airflow/.local/lib/python3.12/site-packages/airflow/example_dags/tutorial_objectstorage.py took 0.179 seconds
[2024-08-24T18:12:43.727+0000] {processor.py:186} INFO - Started process (PID=233) to work on /home/airflow/.local/lib/python3.12/site-packages/airflow/example_dags/tutorial_objectstorage.py
[2024-08-24T18:12:43.734+0000] {processor.py:914} INFO - Processing file /home/airflow/.local/lib/python3.12/site-packages/airflow/example_dags/tutorial_objectstorage.py for tasks to queue
[2024-08-24T18:12:43.745+0000] {logging_mixin.py:190} INFO - [2024-08-24T18:12:43.744+0000] {dagbag.py:587} INFO - Filling up the DagBag from /home/airflow/.local/lib/python3.12/site-packages/airflow/example_dags/tutorial_objectstorage.py
[2024-08-24T18:12:43.790+0000] {processor.py:925} INFO - DAG(s) 'tutorial_objectstorage' retrieved from /home/airflow/.local/lib/python3.12/site-packages/airflow/example_dags/tutorial_objectstorage.py
[2024-08-24T18:12:43.906+0000] {logging_mixin.py:190} INFO - [2024-08-24T18:12:43.906+0000] {dag.py:3211} INFO - Sync 1 DAGs
[2024-08-24T18:12:43.930+0000] {logging_mixin.py:190} INFO - [2024-08-24T18:12:43.930+0000] {dag.py:4138} INFO - Setting next_dagrun for tutorial_objectstorage to None, run_after=None
[2024-08-24T18:12:44.024+0000] {processor.py:208} INFO - Processing /home/airflow/.local/lib/python3.12/site-packages/airflow/example_dags/tutorial_objectstorage.py took 0.310 seconds
[2024-08-24T18:13:36.417+0000] {processor.py:186} INFO - Started process (PID=296) to work on /home/airflow/.local/lib/python3.12/site-packages/airflow/example_dags/tutorial_objectstorage.py
[2024-08-24T18:13:36.445+0000] {processor.py:914} INFO - Processing file /home/airflow/.local/lib/python3.12/site-packages/airflow/example_dags/tutorial_objectstorage.py for tasks to queue
[2024-08-24T18:13:36.450+0000] {logging_mixin.py:190} INFO - [2024-08-24T18:13:36.449+0000] {dagbag.py:587} INFO - Filling up the DagBag from /home/airflow/.local/lib/python3.12/site-packages/airflow/example_dags/tutorial_objectstorage.py
[2024-08-24T18:13:36.608+0000] {processor.py:925} INFO - DAG(s) 'tutorial_objectstorage' retrieved from /home/airflow/.local/lib/python3.12/site-packages/airflow/example_dags/tutorial_objectstorage.py
[2024-08-24T18:13:36.835+0000] {logging_mixin.py:190} INFO - [2024-08-24T18:13:36.834+0000] {dag.py:3211} INFO - Sync 1 DAGs
[2024-08-24T18:13:36.924+0000] {logging_mixin.py:190} INFO - [2024-08-24T18:13:36.924+0000] {dag.py:4138} INFO - Setting next_dagrun for tutorial_objectstorage to None, run_after=None
[2024-08-24T18:13:37.044+0000] {processor.py:208} INFO - Processing /home/airflow/.local/lib/python3.12/site-packages/airflow/example_dags/tutorial_objectstorage.py took 0.643 seconds
[2024-08-24T18:14:19.783+0000] {processor.py:186} INFO - Started process (PID=379) to work on /home/airflow/.local/lib/python3.12/site-packages/airflow/example_dags/tutorial_objectstorage.py
[2024-08-24T18:14:19.787+0000] {processor.py:914} INFO - Processing file /home/airflow/.local/lib/python3.12/site-packages/airflow/example_dags/tutorial_objectstorage.py for tasks to queue
[2024-08-24T18:14:19.791+0000] {logging_mixin.py:190} INFO - [2024-08-24T18:14:19.791+0000] {dagbag.py:587} INFO - Filling up the DagBag from /home/airflow/.local/lib/python3.12/site-packages/airflow/example_dags/tutorial_objectstorage.py
[2024-08-24T18:14:19.812+0000] {processor.py:925} INFO - DAG(s) 'tutorial_objectstorage' retrieved from /home/airflow/.local/lib/python3.12/site-packages/airflow/example_dags/tutorial_objectstorage.py
[2024-08-24T18:14:19.869+0000] {logging_mixin.py:190} INFO - [2024-08-24T18:14:19.869+0000] {dag.py:3211} INFO - Sync 1 DAGs
[2024-08-24T18:14:19.892+0000] {logging_mixin.py:190} INFO - [2024-08-24T18:14:19.892+0000] {dag.py:4138} INFO - Setting next_dagrun for tutorial_objectstorage to None, run_after=None
[2024-08-24T18:14:19.945+0000] {processor.py:208} INFO - Processing /home/airflow/.local/lib/python3.12/site-packages/airflow/example_dags/tutorial_objectstorage.py took 0.181 seconds
