[2024-08-24T03:09:18.210+0000] {processor.py:186} INFO - Started process (PID=126) to work on /home/airflow/.local/lib/python3.12/site-packages/airflow/example_dags/tutorial.py
[2024-08-24T03:09:18.211+0000] {processor.py:914} INFO - Processing file /home/airflow/.local/lib/python3.12/site-packages/airflow/example_dags/tutorial.py for tasks to queue
[2024-08-24T03:09:18.215+0000] {logging_mixin.py:190} INFO - [2024-08-24T03:09:18.215+0000] {dagbag.py:587} INFO - Filling up the DagBag from /home/airflow/.local/lib/python3.12/site-packages/airflow/example_dags/tutorial.py
[2024-08-24T03:09:18.230+0000] {processor.py:925} INFO - DAG(s) 'tutorial' retrieved from /home/airflow/.local/lib/python3.12/site-packages/airflow/example_dags/tutorial.py
[2024-08-24T03:09:18.721+0000] {logging_mixin.py:190} INFO - [2024-08-24T03:09:18.719+0000] {override.py:1858} INFO - Created Permission View: can delete on DAG:tutorial
[2024-08-24T03:09:18.766+0000] {logging_mixin.py:190} INFO - [2024-08-24T03:09:18.766+0000] {override.py:1858} INFO - Created Permission View: can read on DAG:tutorial
[2024-08-24T03:09:18.777+0000] {logging_mixin.py:190} INFO - [2024-08-24T03:09:18.776+0000] {override.py:1858} INFO - Created Permission View: can edit on DAG:tutorial
[2024-08-24T03:09:18.778+0000] {logging_mixin.py:190} INFO - [2024-08-24T03:09:18.777+0000] {dag.py:3211} INFO - Sync 1 DAGs
[2024-08-24T03:09:18.799+0000] {logging_mixin.py:190} INFO - [2024-08-24T03:09:18.798+0000] {dag.py:3234} INFO - Creating ORM DAG for tutorial
[2024-08-24T03:09:18.838+0000] {logging_mixin.py:190} INFO - [2024-08-24T03:09:18.837+0000] {dag.py:4138} INFO - Setting next_dagrun for tutorial to 2024-08-23 00:00:00+00:00, run_after=2024-08-24 00:00:00+00:00
[2024-08-24T03:09:18.908+0000] {processor.py:208} INFO - Processing /home/airflow/.local/lib/python3.12/site-packages/airflow/example_dags/tutorial.py took 0.711 seconds
[2024-08-24T03:09:49.993+0000] {processor.py:186} INFO - Started process (PID=190) to work on /home/airflow/.local/lib/python3.12/site-packages/airflow/example_dags/tutorial.py
[2024-08-24T03:09:50.012+0000] {processor.py:914} INFO - Processing file /home/airflow/.local/lib/python3.12/site-packages/airflow/example_dags/tutorial.py for tasks to queue
[2024-08-24T03:09:50.036+0000] {logging_mixin.py:190} INFO - [2024-08-24T03:09:50.018+0000] {dagbag.py:587} INFO - Filling up the DagBag from /home/airflow/.local/lib/python3.12/site-packages/airflow/example_dags/tutorial.py
[2024-08-24T03:09:50.082+0000] {processor.py:925} INFO - DAG(s) 'tutorial' retrieved from /home/airflow/.local/lib/python3.12/site-packages/airflow/example_dags/tutorial.py
[2024-08-24T03:09:50.193+0000] {logging_mixin.py:190} INFO - [2024-08-24T03:09:50.192+0000] {dag.py:3211} INFO - Sync 1 DAGs
[2024-08-24T03:09:50.245+0000] {logging_mixin.py:190} INFO - [2024-08-24T03:09:50.245+0000] {dag.py:4138} INFO - Setting next_dagrun for tutorial to 2024-08-23 00:00:00+00:00, run_after=2024-08-24 00:00:00+00:00
[2024-08-24T03:09:50.269+0000] {processor.py:208} INFO - Processing /home/airflow/.local/lib/python3.12/site-packages/airflow/example_dags/tutorial.py took 0.349 seconds
[2024-08-24T03:10:20.400+0000] {processor.py:186} INFO - Started process (PID=252) to work on /home/airflow/.local/lib/python3.12/site-packages/airflow/example_dags/tutorial.py
[2024-08-24T03:10:20.405+0000] {processor.py:914} INFO - Processing file /home/airflow/.local/lib/python3.12/site-packages/airflow/example_dags/tutorial.py for tasks to queue
[2024-08-24T03:10:20.411+0000] {logging_mixin.py:190} INFO - [2024-08-24T03:10:20.410+0000] {dagbag.py:587} INFO - Filling up the DagBag from /home/airflow/.local/lib/python3.12/site-packages/airflow/example_dags/tutorial.py
[2024-08-24T03:10:20.427+0000] {processor.py:925} INFO - DAG(s) 'tutorial' retrieved from /home/airflow/.local/lib/python3.12/site-packages/airflow/example_dags/tutorial.py
[2024-08-24T03:10:20.464+0000] {logging_mixin.py:190} INFO - [2024-08-24T03:10:20.463+0000] {dag.py:3211} INFO - Sync 1 DAGs
[2024-08-24T03:10:20.496+0000] {logging_mixin.py:190} INFO - [2024-08-24T03:10:20.496+0000] {dag.py:4138} INFO - Setting next_dagrun for tutorial to 2024-08-23 00:00:00+00:00, run_after=2024-08-24 00:00:00+00:00
[2024-08-24T03:10:20.524+0000] {processor.py:208} INFO - Processing /home/airflow/.local/lib/python3.12/site-packages/airflow/example_dags/tutorial.py took 0.138 seconds
[2024-08-24T03:10:51.069+0000] {processor.py:186} INFO - Started process (PID=316) to work on /home/airflow/.local/lib/python3.12/site-packages/airflow/example_dags/tutorial.py
[2024-08-24T03:10:51.070+0000] {processor.py:914} INFO - Processing file /home/airflow/.local/lib/python3.12/site-packages/airflow/example_dags/tutorial.py for tasks to queue
[2024-08-24T03:10:51.075+0000] {logging_mixin.py:190} INFO - [2024-08-24T03:10:51.074+0000] {dagbag.py:587} INFO - Filling up the DagBag from /home/airflow/.local/lib/python3.12/site-packages/airflow/example_dags/tutorial.py
[2024-08-24T03:10:51.087+0000] {processor.py:925} INFO - DAG(s) 'tutorial' retrieved from /home/airflow/.local/lib/python3.12/site-packages/airflow/example_dags/tutorial.py
[2024-08-24T03:10:51.133+0000] {logging_mixin.py:190} INFO - [2024-08-24T03:10:51.133+0000] {dag.py:3211} INFO - Sync 1 DAGs
[2024-08-24T03:10:51.174+0000] {logging_mixin.py:190} INFO - [2024-08-24T03:10:51.174+0000] {dag.py:4138} INFO - Setting next_dagrun for tutorial to 2024-08-23 00:00:00+00:00, run_after=2024-08-24 00:00:00+00:00
[2024-08-24T03:10:51.222+0000] {processor.py:208} INFO - Processing /home/airflow/.local/lib/python3.12/site-packages/airflow/example_dags/tutorial.py took 0.163 seconds
[2024-08-24T03:11:21.465+0000] {processor.py:186} INFO - Started process (PID=379) to work on /home/airflow/.local/lib/python3.12/site-packages/airflow/example_dags/tutorial.py
[2024-08-24T03:11:21.467+0000] {processor.py:914} INFO - Processing file /home/airflow/.local/lib/python3.12/site-packages/airflow/example_dags/tutorial.py for tasks to queue
[2024-08-24T03:11:21.472+0000] {logging_mixin.py:190} INFO - [2024-08-24T03:11:21.471+0000] {dagbag.py:587} INFO - Filling up the DagBag from /home/airflow/.local/lib/python3.12/site-packages/airflow/example_dags/tutorial.py
[2024-08-24T03:11:21.491+0000] {processor.py:925} INFO - DAG(s) 'tutorial' retrieved from /home/airflow/.local/lib/python3.12/site-packages/airflow/example_dags/tutorial.py
[2024-08-24T03:11:21.554+0000] {logging_mixin.py:190} INFO - [2024-08-24T03:11:21.554+0000] {dag.py:3211} INFO - Sync 1 DAGs
[2024-08-24T03:11:21.593+0000] {logging_mixin.py:190} INFO - [2024-08-24T03:11:21.592+0000] {dag.py:4138} INFO - Setting next_dagrun for tutorial to 2024-08-23 00:00:00+00:00, run_after=2024-08-24 00:00:00+00:00
[2024-08-24T03:11:21.626+0000] {processor.py:208} INFO - Processing /home/airflow/.local/lib/python3.12/site-packages/airflow/example_dags/tutorial.py took 0.172 seconds
[2024-08-24T03:11:54.105+0000] {processor.py:186} INFO - Started process (PID=441) to work on /home/airflow/.local/lib/python3.12/site-packages/airflow/example_dags/tutorial.py
[2024-08-24T03:11:54.107+0000] {processor.py:914} INFO - Processing file /home/airflow/.local/lib/python3.12/site-packages/airflow/example_dags/tutorial.py for tasks to queue
[2024-08-24T03:11:54.111+0000] {logging_mixin.py:190} INFO - [2024-08-24T03:11:54.110+0000] {dagbag.py:587} INFO - Filling up the DagBag from /home/airflow/.local/lib/python3.12/site-packages/airflow/example_dags/tutorial.py
[2024-08-24T03:11:54.127+0000] {processor.py:925} INFO - DAG(s) 'tutorial' retrieved from /home/airflow/.local/lib/python3.12/site-packages/airflow/example_dags/tutorial.py
[2024-08-24T03:11:54.742+0000] {logging_mixin.py:190} INFO - [2024-08-24T03:11:54.742+0000] {dag.py:3211} INFO - Sync 1 DAGs
[2024-08-24T03:11:54.932+0000] {logging_mixin.py:190} INFO - [2024-08-24T03:11:54.932+0000] {dag.py:4138} INFO - Setting next_dagrun for tutorial to 2024-08-23 00:00:00+00:00, run_after=2024-08-24 00:00:00+00:00
[2024-08-24T03:11:54.997+0000] {processor.py:208} INFO - Processing /home/airflow/.local/lib/python3.12/site-packages/airflow/example_dags/tutorial.py took 0.972 seconds
[2024-08-24T03:12:25.869+0000] {processor.py:186} INFO - Started process (PID=504) to work on /home/airflow/.local/lib/python3.12/site-packages/airflow/example_dags/tutorial.py
[2024-08-24T03:12:25.872+0000] {processor.py:914} INFO - Processing file /home/airflow/.local/lib/python3.12/site-packages/airflow/example_dags/tutorial.py for tasks to queue
[2024-08-24T03:12:25.883+0000] {logging_mixin.py:190} INFO - [2024-08-24T03:12:25.881+0000] {dagbag.py:587} INFO - Filling up the DagBag from /home/airflow/.local/lib/python3.12/site-packages/airflow/example_dags/tutorial.py
[2024-08-24T03:12:25.921+0000] {processor.py:925} INFO - DAG(s) 'tutorial' retrieved from /home/airflow/.local/lib/python3.12/site-packages/airflow/example_dags/tutorial.py
[2024-08-24T03:12:25.992+0000] {logging_mixin.py:190} INFO - [2024-08-24T03:12:25.992+0000] {dag.py:3211} INFO - Sync 1 DAGs
[2024-08-24T03:12:26.050+0000] {logging_mixin.py:190} INFO - [2024-08-24T03:12:26.050+0000] {dag.py:4138} INFO - Setting next_dagrun for tutorial to 2024-08-23 00:00:00+00:00, run_after=2024-08-24 00:00:00+00:00
[2024-08-24T03:12:26.105+0000] {processor.py:208} INFO - Processing /home/airflow/.local/lib/python3.12/site-packages/airflow/example_dags/tutorial.py took 0.263 seconds
[2024-08-24T03:12:56.546+0000] {processor.py:186} INFO - Started process (PID=567) to work on /home/airflow/.local/lib/python3.12/site-packages/airflow/example_dags/tutorial.py
[2024-08-24T03:12:56.547+0000] {processor.py:914} INFO - Processing file /home/airflow/.local/lib/python3.12/site-packages/airflow/example_dags/tutorial.py for tasks to queue
[2024-08-24T03:12:56.551+0000] {logging_mixin.py:190} INFO - [2024-08-24T03:12:56.551+0000] {dagbag.py:587} INFO - Filling up the DagBag from /home/airflow/.local/lib/python3.12/site-packages/airflow/example_dags/tutorial.py
[2024-08-24T03:12:56.568+0000] {processor.py:925} INFO - DAG(s) 'tutorial' retrieved from /home/airflow/.local/lib/python3.12/site-packages/airflow/example_dags/tutorial.py
[2024-08-24T03:12:56.608+0000] {logging_mixin.py:190} INFO - [2024-08-24T03:12:56.608+0000] {dag.py:3211} INFO - Sync 1 DAGs
[2024-08-24T03:12:56.639+0000] {logging_mixin.py:190} INFO - [2024-08-24T03:12:56.639+0000] {dag.py:4138} INFO - Setting next_dagrun for tutorial to 2024-08-23 00:00:00+00:00, run_after=2024-08-24 00:00:00+00:00
[2024-08-24T03:12:56.670+0000] {processor.py:208} INFO - Processing /home/airflow/.local/lib/python3.12/site-packages/airflow/example_dags/tutorial.py took 0.134 seconds
[2024-08-24T03:13:27.161+0000] {processor.py:186} INFO - Started process (PID=630) to work on /home/airflow/.local/lib/python3.12/site-packages/airflow/example_dags/tutorial.py
[2024-08-24T03:13:27.164+0000] {processor.py:914} INFO - Processing file /home/airflow/.local/lib/python3.12/site-packages/airflow/example_dags/tutorial.py for tasks to queue
[2024-08-24T03:13:27.167+0000] {logging_mixin.py:190} INFO - [2024-08-24T03:13:27.167+0000] {dagbag.py:587} INFO - Filling up the DagBag from /home/airflow/.local/lib/python3.12/site-packages/airflow/example_dags/tutorial.py
[2024-08-24T03:13:27.180+0000] {processor.py:925} INFO - DAG(s) 'tutorial' retrieved from /home/airflow/.local/lib/python3.12/site-packages/airflow/example_dags/tutorial.py
[2024-08-24T03:13:27.224+0000] {logging_mixin.py:190} INFO - [2024-08-24T03:13:27.224+0000] {dag.py:3211} INFO - Sync 1 DAGs
[2024-08-24T03:13:27.261+0000] {logging_mixin.py:190} INFO - [2024-08-24T03:13:27.260+0000] {dag.py:4138} INFO - Setting next_dagrun for tutorial to 2024-08-23 00:00:00+00:00, run_after=2024-08-24 00:00:00+00:00
[2024-08-24T03:13:27.311+0000] {processor.py:208} INFO - Processing /home/airflow/.local/lib/python3.12/site-packages/airflow/example_dags/tutorial.py took 0.160 seconds
[2024-08-24T03:13:57.360+0000] {processor.py:186} INFO - Started process (PID=692) to work on /home/airflow/.local/lib/python3.12/site-packages/airflow/example_dags/tutorial.py
[2024-08-24T03:13:57.361+0000] {processor.py:914} INFO - Processing file /home/airflow/.local/lib/python3.12/site-packages/airflow/example_dags/tutorial.py for tasks to queue
[2024-08-24T03:13:57.365+0000] {logging_mixin.py:190} INFO - [2024-08-24T03:13:57.364+0000] {dagbag.py:587} INFO - Filling up the DagBag from /home/airflow/.local/lib/python3.12/site-packages/airflow/example_dags/tutorial.py
[2024-08-24T03:13:57.381+0000] {processor.py:925} INFO - DAG(s) 'tutorial' retrieved from /home/airflow/.local/lib/python3.12/site-packages/airflow/example_dags/tutorial.py
[2024-08-24T03:13:57.467+0000] {logging_mixin.py:190} INFO - [2024-08-24T03:13:57.466+0000] {dag.py:3211} INFO - Sync 1 DAGs
[2024-08-24T03:13:57.512+0000] {logging_mixin.py:190} INFO - [2024-08-24T03:13:57.511+0000] {dag.py:4138} INFO - Setting next_dagrun for tutorial to 2024-08-23 00:00:00+00:00, run_after=2024-08-24 00:00:00+00:00
[2024-08-24T03:13:57.534+0000] {processor.py:208} INFO - Processing /home/airflow/.local/lib/python3.12/site-packages/airflow/example_dags/tutorial.py took 0.185 seconds
[2024-08-24T03:14:28.378+0000] {processor.py:186} INFO - Started process (PID=755) to work on /home/airflow/.local/lib/python3.12/site-packages/airflow/example_dags/tutorial.py
[2024-08-24T03:14:28.380+0000] {processor.py:914} INFO - Processing file /home/airflow/.local/lib/python3.12/site-packages/airflow/example_dags/tutorial.py for tasks to queue
[2024-08-24T03:14:28.389+0000] {logging_mixin.py:190} INFO - [2024-08-24T03:14:28.388+0000] {dagbag.py:587} INFO - Filling up the DagBag from /home/airflow/.local/lib/python3.12/site-packages/airflow/example_dags/tutorial.py
[2024-08-24T03:14:28.424+0000] {processor.py:925} INFO - DAG(s) 'tutorial' retrieved from /home/airflow/.local/lib/python3.12/site-packages/airflow/example_dags/tutorial.py
[2024-08-24T03:14:28.466+0000] {logging_mixin.py:190} INFO - [2024-08-24T03:14:28.462+0000] {dag.py:3211} INFO - Sync 1 DAGs
[2024-08-24T03:14:28.500+0000] {logging_mixin.py:190} INFO - [2024-08-24T03:14:28.499+0000] {dag.py:4138} INFO - Setting next_dagrun for tutorial to 2024-08-23 00:00:00+00:00, run_after=2024-08-24 00:00:00+00:00
[2024-08-24T03:14:28.542+0000] {processor.py:208} INFO - Processing /home/airflow/.local/lib/python3.12/site-packages/airflow/example_dags/tutorial.py took 0.192 seconds
[2024-08-24T03:14:58.623+0000] {processor.py:186} INFO - Started process (PID=817) to work on /home/airflow/.local/lib/python3.12/site-packages/airflow/example_dags/tutorial.py
[2024-08-24T03:14:58.625+0000] {processor.py:914} INFO - Processing file /home/airflow/.local/lib/python3.12/site-packages/airflow/example_dags/tutorial.py for tasks to queue
[2024-08-24T03:14:58.628+0000] {logging_mixin.py:190} INFO - [2024-08-24T03:14:58.628+0000] {dagbag.py:587} INFO - Filling up the DagBag from /home/airflow/.local/lib/python3.12/site-packages/airflow/example_dags/tutorial.py
[2024-08-24T03:14:58.643+0000] {processor.py:925} INFO - DAG(s) 'tutorial' retrieved from /home/airflow/.local/lib/python3.12/site-packages/airflow/example_dags/tutorial.py
[2024-08-24T03:14:58.674+0000] {logging_mixin.py:190} INFO - [2024-08-24T03:14:58.674+0000] {dag.py:3211} INFO - Sync 1 DAGs
[2024-08-24T03:14:58.706+0000] {logging_mixin.py:190} INFO - [2024-08-24T03:14:58.706+0000] {dag.py:4138} INFO - Setting next_dagrun for tutorial to 2024-08-23 00:00:00+00:00, run_after=2024-08-24 00:00:00+00:00
[2024-08-24T03:14:58.737+0000] {processor.py:208} INFO - Processing /home/airflow/.local/lib/python3.12/site-packages/airflow/example_dags/tutorial.py took 0.123 seconds
[2024-08-24T03:15:29.653+0000] {processor.py:186} INFO - Started process (PID=880) to work on /home/airflow/.local/lib/python3.12/site-packages/airflow/example_dags/tutorial.py
[2024-08-24T03:15:29.656+0000] {processor.py:914} INFO - Processing file /home/airflow/.local/lib/python3.12/site-packages/airflow/example_dags/tutorial.py for tasks to queue
[2024-08-24T03:15:29.662+0000] {logging_mixin.py:190} INFO - [2024-08-24T03:15:29.661+0000] {dagbag.py:587} INFO - Filling up the DagBag from /home/airflow/.local/lib/python3.12/site-packages/airflow/example_dags/tutorial.py
[2024-08-24T03:15:29.680+0000] {processor.py:925} INFO - DAG(s) 'tutorial' retrieved from /home/airflow/.local/lib/python3.12/site-packages/airflow/example_dags/tutorial.py
[2024-08-24T03:15:29.731+0000] {logging_mixin.py:190} INFO - [2024-08-24T03:15:29.731+0000] {dag.py:3211} INFO - Sync 1 DAGs
[2024-08-24T03:15:29.771+0000] {logging_mixin.py:190} INFO - [2024-08-24T03:15:29.771+0000] {dag.py:4138} INFO - Setting next_dagrun for tutorial to 2024-08-23 00:00:00+00:00, run_after=2024-08-24 00:00:00+00:00
[2024-08-24T03:15:29.815+0000] {processor.py:208} INFO - Processing /home/airflow/.local/lib/python3.12/site-packages/airflow/example_dags/tutorial.py took 0.177 seconds
[2024-08-24T03:24:39.398+0000] {processor.py:186} INFO - Started process (PID=133) to work on /home/airflow/.local/lib/python3.12/site-packages/airflow/example_dags/tutorial.py
[2024-08-24T03:24:39.405+0000] {processor.py:914} INFO - Processing file /home/airflow/.local/lib/python3.12/site-packages/airflow/example_dags/tutorial.py for tasks to queue
[2024-08-24T03:24:39.415+0000] {logging_mixin.py:190} INFO - [2024-08-24T03:24:39.414+0000] {dagbag.py:587} INFO - Filling up the DagBag from /home/airflow/.local/lib/python3.12/site-packages/airflow/example_dags/tutorial.py
[2024-08-24T03:24:39.447+0000] {processor.py:925} INFO - DAG(s) 'tutorial' retrieved from /home/airflow/.local/lib/python3.12/site-packages/airflow/example_dags/tutorial.py
[2024-08-24T03:24:39.509+0000] {logging_mixin.py:190} INFO - [2024-08-24T03:24:39.508+0000] {dag.py:3211} INFO - Sync 1 DAGs
[2024-08-24T03:24:39.544+0000] {logging_mixin.py:190} INFO - [2024-08-24T03:24:39.543+0000] {dag.py:4138} INFO - Setting next_dagrun for tutorial to 2024-08-23 00:00:00+00:00, run_after=2024-08-24 00:00:00+00:00
[2024-08-24T03:24:40.219+0000] {processor.py:208} INFO - Processing /home/airflow/.local/lib/python3.12/site-packages/airflow/example_dags/tutorial.py took 0.876 seconds
[2024-08-24T18:11:31.008+0000] {processor.py:186} INFO - Started process (PID=85) to work on /home/airflow/.local/lib/python3.12/site-packages/airflow/example_dags/tutorial.py
[2024-08-24T18:11:31.017+0000] {processor.py:914} INFO - Processing file /home/airflow/.local/lib/python3.12/site-packages/airflow/example_dags/tutorial.py for tasks to queue
[2024-08-24T18:11:31.024+0000] {logging_mixin.py:190} INFO - [2024-08-24T18:11:31.023+0000] {dagbag.py:587} INFO - Filling up the DagBag from /home/airflow/.local/lib/python3.12/site-packages/airflow/example_dags/tutorial.py
[2024-08-24T18:11:31.051+0000] {processor.py:925} INFO - DAG(s) 'tutorial' retrieved from /home/airflow/.local/lib/python3.12/site-packages/airflow/example_dags/tutorial.py
[2024-08-24T18:11:31.110+0000] {logging_mixin.py:190} INFO - [2024-08-24T18:11:31.109+0000] {dag.py:3211} INFO - Sync 1 DAGs
[2024-08-24T18:11:31.159+0000] {logging_mixin.py:190} INFO - [2024-08-24T18:11:31.159+0000] {dag.py:4138} INFO - Setting next_dagrun for tutorial to 2024-08-23 00:00:00+00:00, run_after=2024-08-24 00:00:00+00:00
[2024-08-24T18:11:31.220+0000] {processor.py:208} INFO - Processing /home/airflow/.local/lib/python3.12/site-packages/airflow/example_dags/tutorial.py took 0.220 seconds
[2024-08-24T18:12:04.091+0000] {processor.py:186} INFO - Started process (PID=148) to work on /home/airflow/.local/lib/python3.12/site-packages/airflow/example_dags/tutorial.py
[2024-08-24T18:12:04.094+0000] {processor.py:914} INFO - Processing file /home/airflow/.local/lib/python3.12/site-packages/airflow/example_dags/tutorial.py for tasks to queue
[2024-08-24T18:12:04.098+0000] {logging_mixin.py:190} INFO - [2024-08-24T18:12:04.097+0000] {dagbag.py:587} INFO - Filling up the DagBag from /home/airflow/.local/lib/python3.12/site-packages/airflow/example_dags/tutorial.py
[2024-08-24T18:12:04.111+0000] {processor.py:925} INFO - DAG(s) 'tutorial' retrieved from /home/airflow/.local/lib/python3.12/site-packages/airflow/example_dags/tutorial.py
[2024-08-24T18:12:04.153+0000] {logging_mixin.py:190} INFO - [2024-08-24T18:12:04.152+0000] {dag.py:3211} INFO - Sync 1 DAGs
[2024-08-24T18:12:04.199+0000] {logging_mixin.py:190} INFO - [2024-08-24T18:12:04.199+0000] {dag.py:4138} INFO - Setting next_dagrun for tutorial to 2024-08-23 00:00:00+00:00, run_after=2024-08-24 00:00:00+00:00
[2024-08-24T18:12:04.369+0000] {processor.py:208} INFO - Processing /home/airflow/.local/lib/python3.12/site-packages/airflow/example_dags/tutorial.py took 0.289 seconds
[2024-08-24T18:12:35.998+0000] {processor.py:186} INFO - Started process (PID=211) to work on /home/airflow/.local/lib/python3.12/site-packages/airflow/example_dags/tutorial.py
[2024-08-24T18:12:36.000+0000] {processor.py:914} INFO - Processing file /home/airflow/.local/lib/python3.12/site-packages/airflow/example_dags/tutorial.py for tasks to queue
[2024-08-24T18:12:36.021+0000] {logging_mixin.py:190} INFO - [2024-08-24T18:12:36.020+0000] {dagbag.py:587} INFO - Filling up the DagBag from /home/airflow/.local/lib/python3.12/site-packages/airflow/example_dags/tutorial.py
[2024-08-24T18:12:36.049+0000] {processor.py:925} INFO - DAG(s) 'tutorial' retrieved from /home/airflow/.local/lib/python3.12/site-packages/airflow/example_dags/tutorial.py
[2024-08-24T18:12:36.253+0000] {logging_mixin.py:190} INFO - [2024-08-24T18:12:36.250+0000] {dag.py:3211} INFO - Sync 1 DAGs
[2024-08-24T18:12:36.359+0000] {logging_mixin.py:190} INFO - [2024-08-24T18:12:36.358+0000] {dag.py:4138} INFO - Setting next_dagrun for tutorial to 2024-08-23 00:00:00+00:00, run_after=2024-08-24 00:00:00+00:00
[2024-08-24T18:12:36.602+0000] {processor.py:208} INFO - Processing /home/airflow/.local/lib/python3.12/site-packages/airflow/example_dags/tutorial.py took 0.641 seconds
[2024-08-24T18:13:20.827+0000] {processor.py:186} INFO - Started process (PID=280) to work on /home/airflow/.local/lib/python3.12/site-packages/airflow/example_dags/tutorial.py
[2024-08-24T18:13:20.834+0000] {processor.py:914} INFO - Processing file /home/airflow/.local/lib/python3.12/site-packages/airflow/example_dags/tutorial.py for tasks to queue
[2024-08-24T18:13:20.841+0000] {logging_mixin.py:190} INFO - [2024-08-24T18:13:20.839+0000] {dagbag.py:587} INFO - Filling up the DagBag from /home/airflow/.local/lib/python3.12/site-packages/airflow/example_dags/tutorial.py
[2024-08-24T18:13:20.883+0000] {processor.py:925} INFO - DAG(s) 'tutorial' retrieved from /home/airflow/.local/lib/python3.12/site-packages/airflow/example_dags/tutorial.py
[2024-08-24T18:13:20.976+0000] {logging_mixin.py:190} INFO - [2024-08-24T18:13:20.976+0000] {dag.py:3211} INFO - Sync 1 DAGs
[2024-08-24T18:13:21.248+0000] {logging_mixin.py:190} INFO - [2024-08-24T18:13:21.248+0000] {dag.py:4138} INFO - Setting next_dagrun for tutorial to 2024-08-23 00:00:00+00:00, run_after=2024-08-24 00:00:00+00:00
[2024-08-24T18:13:21.307+0000] {processor.py:208} INFO - Processing /home/airflow/.local/lib/python3.12/site-packages/airflow/example_dags/tutorial.py took 0.528 seconds
[2024-08-24T18:14:05.049+0000] {processor.py:186} INFO - Started process (PID=344) to work on /home/airflow/.local/lib/python3.12/site-packages/airflow/example_dags/tutorial.py
[2024-08-24T18:14:05.104+0000] {processor.py:914} INFO - Processing file /home/airflow/.local/lib/python3.12/site-packages/airflow/example_dags/tutorial.py for tasks to queue
[2024-08-24T18:14:05.170+0000] {logging_mixin.py:190} INFO - [2024-08-24T18:14:05.169+0000] {dagbag.py:587} INFO - Filling up the DagBag from /home/airflow/.local/lib/python3.12/site-packages/airflow/example_dags/tutorial.py
[2024-08-24T18:14:05.409+0000] {processor.py:925} INFO - DAG(s) 'tutorial' retrieved from /home/airflow/.local/lib/python3.12/site-packages/airflow/example_dags/tutorial.py
[2024-08-24T18:14:06.346+0000] {logging_mixin.py:190} INFO - [2024-08-24T18:14:06.346+0000] {dag.py:3211} INFO - Sync 1 DAGs
[2024-08-24T18:14:06.916+0000] {logging_mixin.py:190} INFO - [2024-08-24T18:14:06.916+0000] {dag.py:4138} INFO - Setting next_dagrun for tutorial to 2024-08-23 00:00:00+00:00, run_after=2024-08-24 00:00:00+00:00
[2024-08-24T18:14:07.419+0000] {processor.py:208} INFO - Processing /home/airflow/.local/lib/python3.12/site-packages/airflow/example_dags/tutorial.py took 2.679 seconds
