[2024-08-24T03:06:16.621+0000] {processor.py:186} INFO - Started process (PID=65) to work on /home/airflow/.local/lib/python3.12/site-packages/airflow/example_dags/tutorial_dag.py
[2024-08-24T03:06:16.624+0000] {processor.py:914} INFO - Processing file /home/airflow/.local/lib/python3.12/site-packages/airflow/example_dags/tutorial_dag.py for tasks to queue
[2024-08-24T03:06:16.633+0000] {logging_mixin.py:190} INFO - [2024-08-24T03:06:16.632+0000] {dagbag.py:587} INFO - Filling up the DagBag from /home/airflow/.local/lib/python3.12/site-packages/airflow/example_dags/tutorial_dag.py
[2024-08-24T03:06:16.662+0000] {processor.py:925} INFO - DAG(s) 'tutorial_dag' retrieved from /home/airflow/.local/lib/python3.12/site-packages/airflow/example_dags/tutorial_dag.py
[2024-08-24T03:06:21.940+0000] {logging_mixin.py:190} INFO - [2024-08-24T03:06:21.938+0000] {override.py:1858} INFO - Created Permission View: can delete on DAG:tutorial_dag
[2024-08-24T03:06:22.037+0000] {logging_mixin.py:190} INFO - [2024-08-24T03:06:22.037+0000] {override.py:1858} INFO - Created Permission View: can read on DAG:tutorial_dag
[2024-08-24T03:06:22.109+0000] {logging_mixin.py:190} INFO - [2024-08-24T03:06:22.109+0000] {override.py:1858} INFO - Created Permission View: can edit on DAG:tutorial_dag
[2024-08-24T03:06:22.111+0000] {logging_mixin.py:190} INFO - [2024-08-24T03:06:22.110+0000] {dag.py:3211} INFO - Sync 1 DAGs
[2024-08-24T03:06:22.875+0000] {logging_mixin.py:190} INFO - [2024-08-24T03:06:22.875+0000] {dag.py:3234} INFO - Creating ORM DAG for tutorial_dag
[2024-08-24T03:06:22.922+0000] {logging_mixin.py:190} INFO - [2024-08-24T03:06:22.915+0000] {dag.py:4138} INFO - Setting next_dagrun for tutorial_dag to None, run_after=None
[2024-08-24T03:06:23.090+0000] {processor.py:208} INFO - Processing /home/airflow/.local/lib/python3.12/site-packages/airflow/example_dags/tutorial_dag.py took 6.470 seconds
[2024-08-24T03:09:36.861+0000] {processor.py:186} INFO - Started process (PID=151) to work on /home/airflow/.local/lib/python3.12/site-packages/airflow/example_dags/tutorial_dag.py
[2024-08-24T03:09:36.862+0000] {processor.py:914} INFO - Processing file /home/airflow/.local/lib/python3.12/site-packages/airflow/example_dags/tutorial_dag.py for tasks to queue
[2024-08-24T03:09:36.866+0000] {logging_mixin.py:190} INFO - [2024-08-24T03:09:36.865+0000] {dagbag.py:587} INFO - Filling up the DagBag from /home/airflow/.local/lib/python3.12/site-packages/airflow/example_dags/tutorial_dag.py
[2024-08-24T03:09:36.880+0000] {processor.py:925} INFO - DAG(s) 'tutorial_dag' retrieved from /home/airflow/.local/lib/python3.12/site-packages/airflow/example_dags/tutorial_dag.py
[2024-08-24T03:09:36.940+0000] {logging_mixin.py:190} INFO - [2024-08-24T03:09:36.939+0000] {dag.py:3211} INFO - Sync 1 DAGs
[2024-08-24T03:09:36.983+0000] {logging_mixin.py:190} INFO - [2024-08-24T03:09:36.983+0000] {dag.py:4138} INFO - Setting next_dagrun for tutorial_dag to None, run_after=None
[2024-08-24T03:09:37.056+0000] {processor.py:208} INFO - Processing /home/airflow/.local/lib/python3.12/site-packages/airflow/example_dags/tutorial_dag.py took 0.204 seconds
[2024-08-24T03:10:07.448+0000] {processor.py:186} INFO - Started process (PID=215) to work on /home/airflow/.local/lib/python3.12/site-packages/airflow/example_dags/tutorial_dag.py
[2024-08-24T03:10:07.451+0000] {processor.py:914} INFO - Processing file /home/airflow/.local/lib/python3.12/site-packages/airflow/example_dags/tutorial_dag.py for tasks to queue
[2024-08-24T03:10:07.455+0000] {logging_mixin.py:190} INFO - [2024-08-24T03:10:07.454+0000] {dagbag.py:587} INFO - Filling up the DagBag from /home/airflow/.local/lib/python3.12/site-packages/airflow/example_dags/tutorial_dag.py
[2024-08-24T03:10:07.483+0000] {processor.py:925} INFO - DAG(s) 'tutorial_dag' retrieved from /home/airflow/.local/lib/python3.12/site-packages/airflow/example_dags/tutorial_dag.py
[2024-08-24T03:10:07.517+0000] {logging_mixin.py:190} INFO - [2024-08-24T03:10:07.517+0000] {dag.py:3211} INFO - Sync 1 DAGs
[2024-08-24T03:10:07.540+0000] {logging_mixin.py:190} INFO - [2024-08-24T03:10:07.540+0000] {dag.py:4138} INFO - Setting next_dagrun for tutorial_dag to None, run_after=None
[2024-08-24T03:10:07.564+0000] {processor.py:208} INFO - Processing /home/airflow/.local/lib/python3.12/site-packages/airflow/example_dags/tutorial_dag.py took 0.128 seconds
[2024-08-24T03:10:37.893+0000] {processor.py:186} INFO - Started process (PID=278) to work on /home/airflow/.local/lib/python3.12/site-packages/airflow/example_dags/tutorial_dag.py
[2024-08-24T03:10:37.895+0000] {processor.py:914} INFO - Processing file /home/airflow/.local/lib/python3.12/site-packages/airflow/example_dags/tutorial_dag.py for tasks to queue
[2024-08-24T03:10:37.899+0000] {logging_mixin.py:190} INFO - [2024-08-24T03:10:37.898+0000] {dagbag.py:587} INFO - Filling up the DagBag from /home/airflow/.local/lib/python3.12/site-packages/airflow/example_dags/tutorial_dag.py
[2024-08-24T03:10:37.914+0000] {processor.py:925} INFO - DAG(s) 'tutorial_dag' retrieved from /home/airflow/.local/lib/python3.12/site-packages/airflow/example_dags/tutorial_dag.py
[2024-08-24T03:10:37.959+0000] {logging_mixin.py:190} INFO - [2024-08-24T03:10:37.959+0000] {dag.py:3211} INFO - Sync 1 DAGs
[2024-08-24T03:10:38.010+0000] {logging_mixin.py:190} INFO - [2024-08-24T03:10:38.009+0000] {dag.py:4138} INFO - Setting next_dagrun for tutorial_dag to None, run_after=None
[2024-08-24T03:10:38.088+0000] {processor.py:208} INFO - Processing /home/airflow/.local/lib/python3.12/site-packages/airflow/example_dags/tutorial_dag.py took 0.203 seconds
[2024-08-24T03:11:08.560+0000] {processor.py:186} INFO - Started process (PID=337) to work on /home/airflow/.local/lib/python3.12/site-packages/airflow/example_dags/tutorial_dag.py
[2024-08-24T03:11:08.564+0000] {processor.py:914} INFO - Processing file /home/airflow/.local/lib/python3.12/site-packages/airflow/example_dags/tutorial_dag.py for tasks to queue
[2024-08-24T03:11:08.576+0000] {logging_mixin.py:190} INFO - [2024-08-24T03:11:08.574+0000] {dagbag.py:587} INFO - Filling up the DagBag from /home/airflow/.local/lib/python3.12/site-packages/airflow/example_dags/tutorial_dag.py
[2024-08-24T03:11:08.625+0000] {processor.py:925} INFO - DAG(s) 'tutorial_dag' retrieved from /home/airflow/.local/lib/python3.12/site-packages/airflow/example_dags/tutorial_dag.py
[2024-08-24T03:11:08.737+0000] {logging_mixin.py:190} INFO - [2024-08-24T03:11:08.736+0000] {dag.py:3211} INFO - Sync 1 DAGs
[2024-08-24T03:11:08.816+0000] {logging_mixin.py:190} INFO - [2024-08-24T03:11:08.816+0000] {dag.py:4138} INFO - Setting next_dagrun for tutorial_dag to None, run_after=None
[2024-08-24T03:11:08.959+0000] {processor.py:208} INFO - Processing /home/airflow/.local/lib/python3.12/site-packages/airflow/example_dags/tutorial_dag.py took 0.422 seconds
[2024-08-24T03:11:39.183+0000] {processor.py:186} INFO - Started process (PID=400) to work on /home/airflow/.local/lib/python3.12/site-packages/airflow/example_dags/tutorial_dag.py
[2024-08-24T03:11:39.185+0000] {processor.py:914} INFO - Processing file /home/airflow/.local/lib/python3.12/site-packages/airflow/example_dags/tutorial_dag.py for tasks to queue
[2024-08-24T03:11:39.191+0000] {logging_mixin.py:190} INFO - [2024-08-24T03:11:39.191+0000] {dagbag.py:587} INFO - Filling up the DagBag from /home/airflow/.local/lib/python3.12/site-packages/airflow/example_dags/tutorial_dag.py
[2024-08-24T03:11:39.206+0000] {processor.py:925} INFO - DAG(s) 'tutorial_dag' retrieved from /home/airflow/.local/lib/python3.12/site-packages/airflow/example_dags/tutorial_dag.py
[2024-08-24T03:11:39.239+0000] {logging_mixin.py:190} INFO - [2024-08-24T03:11:39.238+0000] {dag.py:3211} INFO - Sync 1 DAGs
[2024-08-24T03:11:39.257+0000] {logging_mixin.py:190} INFO - [2024-08-24T03:11:39.256+0000] {dag.py:4138} INFO - Setting next_dagrun for tutorial_dag to None, run_after=None
[2024-08-24T03:11:39.282+0000] {processor.py:208} INFO - Processing /home/airflow/.local/lib/python3.12/site-packages/airflow/example_dags/tutorial_dag.py took 0.128 seconds
[2024-08-24T03:12:09.611+0000] {processor.py:186} INFO - Started process (PID=461) to work on /home/airflow/.local/lib/python3.12/site-packages/airflow/example_dags/tutorial_dag.py
[2024-08-24T03:12:09.616+0000] {processor.py:914} INFO - Processing file /home/airflow/.local/lib/python3.12/site-packages/airflow/example_dags/tutorial_dag.py for tasks to queue
[2024-08-24T03:12:09.619+0000] {logging_mixin.py:190} INFO - [2024-08-24T03:12:09.619+0000] {dagbag.py:587} INFO - Filling up the DagBag from /home/airflow/.local/lib/python3.12/site-packages/airflow/example_dags/tutorial_dag.py
[2024-08-24T03:12:09.644+0000] {processor.py:925} INFO - DAG(s) 'tutorial_dag' retrieved from /home/airflow/.local/lib/python3.12/site-packages/airflow/example_dags/tutorial_dag.py
[2024-08-24T03:12:09.779+0000] {logging_mixin.py:190} INFO - [2024-08-24T03:12:09.778+0000] {dag.py:3211} INFO - Sync 1 DAGs
[2024-08-24T03:12:09.817+0000] {logging_mixin.py:190} INFO - [2024-08-24T03:12:09.817+0000] {dag.py:4138} INFO - Setting next_dagrun for tutorial_dag to None, run_after=None
[2024-08-24T03:12:09.861+0000] {processor.py:208} INFO - Processing /home/airflow/.local/lib/python3.12/site-packages/airflow/example_dags/tutorial_dag.py took 0.260 seconds
[2024-08-24T03:12:40.284+0000] {processor.py:186} INFO - Started process (PID=524) to work on /home/airflow/.local/lib/python3.12/site-packages/airflow/example_dags/tutorial_dag.py
[2024-08-24T03:12:40.286+0000] {processor.py:914} INFO - Processing file /home/airflow/.local/lib/python3.12/site-packages/airflow/example_dags/tutorial_dag.py for tasks to queue
[2024-08-24T03:12:40.290+0000] {logging_mixin.py:190} INFO - [2024-08-24T03:12:40.289+0000] {dagbag.py:587} INFO - Filling up the DagBag from /home/airflow/.local/lib/python3.12/site-packages/airflow/example_dags/tutorial_dag.py
[2024-08-24T03:12:40.302+0000] {processor.py:925} INFO - DAG(s) 'tutorial_dag' retrieved from /home/airflow/.local/lib/python3.12/site-packages/airflow/example_dags/tutorial_dag.py
[2024-08-24T03:12:40.348+0000] {logging_mixin.py:190} INFO - [2024-08-24T03:12:40.347+0000] {dag.py:3211} INFO - Sync 1 DAGs
[2024-08-24T03:12:40.379+0000] {logging_mixin.py:190} INFO - [2024-08-24T03:12:40.378+0000] {dag.py:4138} INFO - Setting next_dagrun for tutorial_dag to None, run_after=None
[2024-08-24T03:12:40.439+0000] {processor.py:208} INFO - Processing /home/airflow/.local/lib/python3.12/site-packages/airflow/example_dags/tutorial_dag.py took 0.167 seconds
[2024-08-24T03:13:10.697+0000] {processor.py:186} INFO - Started process (PID=585) to work on /home/airflow/.local/lib/python3.12/site-packages/airflow/example_dags/tutorial_dag.py
[2024-08-24T03:13:10.698+0000] {processor.py:914} INFO - Processing file /home/airflow/.local/lib/python3.12/site-packages/airflow/example_dags/tutorial_dag.py for tasks to queue
[2024-08-24T03:13:10.701+0000] {logging_mixin.py:190} INFO - [2024-08-24T03:13:10.701+0000] {dagbag.py:587} INFO - Filling up the DagBag from /home/airflow/.local/lib/python3.12/site-packages/airflow/example_dags/tutorial_dag.py
[2024-08-24T03:13:10.724+0000] {processor.py:925} INFO - DAG(s) 'tutorial_dag' retrieved from /home/airflow/.local/lib/python3.12/site-packages/airflow/example_dags/tutorial_dag.py
[2024-08-24T03:13:10.833+0000] {logging_mixin.py:190} INFO - [2024-08-24T03:13:10.833+0000] {dag.py:3211} INFO - Sync 1 DAGs
[2024-08-24T03:13:10.895+0000] {logging_mixin.py:190} INFO - [2024-08-24T03:13:10.893+0000] {dag.py:4138} INFO - Setting next_dagrun for tutorial_dag to None, run_after=None
[2024-08-24T03:13:10.975+0000] {processor.py:208} INFO - Processing /home/airflow/.local/lib/python3.12/site-packages/airflow/example_dags/tutorial_dag.py took 0.305 seconds
[2024-08-24T03:13:41.122+0000] {processor.py:186} INFO - Started process (PID=648) to work on /home/airflow/.local/lib/python3.12/site-packages/airflow/example_dags/tutorial_dag.py
[2024-08-24T03:13:41.123+0000] {processor.py:914} INFO - Processing file /home/airflow/.local/lib/python3.12/site-packages/airflow/example_dags/tutorial_dag.py for tasks to queue
[2024-08-24T03:13:41.127+0000] {logging_mixin.py:190} INFO - [2024-08-24T03:13:41.126+0000] {dagbag.py:587} INFO - Filling up the DagBag from /home/airflow/.local/lib/python3.12/site-packages/airflow/example_dags/tutorial_dag.py
[2024-08-24T03:13:41.140+0000] {processor.py:925} INFO - DAG(s) 'tutorial_dag' retrieved from /home/airflow/.local/lib/python3.12/site-packages/airflow/example_dags/tutorial_dag.py
[2024-08-24T03:13:41.184+0000] {logging_mixin.py:190} INFO - [2024-08-24T03:13:41.183+0000] {dag.py:3211} INFO - Sync 1 DAGs
[2024-08-24T03:13:41.205+0000] {logging_mixin.py:190} INFO - [2024-08-24T03:13:41.205+0000] {dag.py:4138} INFO - Setting next_dagrun for tutorial_dag to None, run_after=None
[2024-08-24T03:13:41.228+0000] {processor.py:208} INFO - Processing /home/airflow/.local/lib/python3.12/site-packages/airflow/example_dags/tutorial_dag.py took 0.114 seconds
[2024-08-24T03:14:11.819+0000] {processor.py:186} INFO - Started process (PID=710) to work on /home/airflow/.local/lib/python3.12/site-packages/airflow/example_dags/tutorial_dag.py
[2024-08-24T03:14:11.820+0000] {processor.py:914} INFO - Processing file /home/airflow/.local/lib/python3.12/site-packages/airflow/example_dags/tutorial_dag.py for tasks to queue
[2024-08-24T03:14:11.824+0000] {logging_mixin.py:190} INFO - [2024-08-24T03:14:11.823+0000] {dagbag.py:587} INFO - Filling up the DagBag from /home/airflow/.local/lib/python3.12/site-packages/airflow/example_dags/tutorial_dag.py
[2024-08-24T03:14:11.839+0000] {processor.py:925} INFO - DAG(s) 'tutorial_dag' retrieved from /home/airflow/.local/lib/python3.12/site-packages/airflow/example_dags/tutorial_dag.py
[2024-08-24T03:14:11.875+0000] {logging_mixin.py:190} INFO - [2024-08-24T03:14:11.875+0000] {dag.py:3211} INFO - Sync 1 DAGs
[2024-08-24T03:14:11.894+0000] {logging_mixin.py:190} INFO - [2024-08-24T03:14:11.894+0000] {dag.py:4138} INFO - Setting next_dagrun for tutorial_dag to None, run_after=None
[2024-08-24T03:14:11.921+0000] {processor.py:208} INFO - Processing /home/airflow/.local/lib/python3.12/site-packages/airflow/example_dags/tutorial_dag.py took 0.112 seconds
[2024-08-24T03:14:42.267+0000] {processor.py:186} INFO - Started process (PID=769) to work on /home/airflow/.local/lib/python3.12/site-packages/airflow/example_dags/tutorial_dag.py
[2024-08-24T03:14:42.280+0000] {processor.py:914} INFO - Processing file /home/airflow/.local/lib/python3.12/site-packages/airflow/example_dags/tutorial_dag.py for tasks to queue
[2024-08-24T03:14:42.285+0000] {logging_mixin.py:190} INFO - [2024-08-24T03:14:42.285+0000] {dagbag.py:587} INFO - Filling up the DagBag from /home/airflow/.local/lib/python3.12/site-packages/airflow/example_dags/tutorial_dag.py
[2024-08-24T03:14:42.300+0000] {processor.py:925} INFO - DAG(s) 'tutorial_dag' retrieved from /home/airflow/.local/lib/python3.12/site-packages/airflow/example_dags/tutorial_dag.py
[2024-08-24T03:14:42.345+0000] {logging_mixin.py:190} INFO - [2024-08-24T03:14:42.344+0000] {dag.py:3211} INFO - Sync 1 DAGs
[2024-08-24T03:14:42.365+0000] {logging_mixin.py:190} INFO - [2024-08-24T03:14:42.365+0000] {dag.py:4138} INFO - Setting next_dagrun for tutorial_dag to None, run_after=None
[2024-08-24T03:14:42.397+0000] {processor.py:208} INFO - Processing /home/airflow/.local/lib/python3.12/site-packages/airflow/example_dags/tutorial_dag.py took 0.142 seconds
[2024-08-24T03:15:13.176+0000] {processor.py:186} INFO - Started process (PID=831) to work on /home/airflow/.local/lib/python3.12/site-packages/airflow/example_dags/tutorial_dag.py
[2024-08-24T03:15:13.180+0000] {processor.py:914} INFO - Processing file /home/airflow/.local/lib/python3.12/site-packages/airflow/example_dags/tutorial_dag.py for tasks to queue
[2024-08-24T03:15:13.184+0000] {logging_mixin.py:190} INFO - [2024-08-24T03:15:13.183+0000] {dagbag.py:587} INFO - Filling up the DagBag from /home/airflow/.local/lib/python3.12/site-packages/airflow/example_dags/tutorial_dag.py
[2024-08-24T03:15:13.196+0000] {processor.py:925} INFO - DAG(s) 'tutorial_dag' retrieved from /home/airflow/.local/lib/python3.12/site-packages/airflow/example_dags/tutorial_dag.py
[2024-08-24T03:15:13.256+0000] {logging_mixin.py:190} INFO - [2024-08-24T03:15:13.255+0000] {dag.py:3211} INFO - Sync 1 DAGs
[2024-08-24T03:15:13.276+0000] {logging_mixin.py:190} INFO - [2024-08-24T03:15:13.276+0000] {dag.py:4138} INFO - Setting next_dagrun for tutorial_dag to None, run_after=None
[2024-08-24T03:15:13.358+0000] {processor.py:208} INFO - Processing /home/airflow/.local/lib/python3.12/site-packages/airflow/example_dags/tutorial_dag.py took 0.192 seconds
[2024-08-24T03:15:43.822+0000] {processor.py:186} INFO - Started process (PID=894) to work on /home/airflow/.local/lib/python3.12/site-packages/airflow/example_dags/tutorial_dag.py
[2024-08-24T03:15:43.825+0000] {processor.py:914} INFO - Processing file /home/airflow/.local/lib/python3.12/site-packages/airflow/example_dags/tutorial_dag.py for tasks to queue
[2024-08-24T03:15:43.829+0000] {logging_mixin.py:190} INFO - [2024-08-24T03:15:43.828+0000] {dagbag.py:587} INFO - Filling up the DagBag from /home/airflow/.local/lib/python3.12/site-packages/airflow/example_dags/tutorial_dag.py
[2024-08-24T03:15:43.850+0000] {processor.py:925} INFO - DAG(s) 'tutorial_dag' retrieved from /home/airflow/.local/lib/python3.12/site-packages/airflow/example_dags/tutorial_dag.py
[2024-08-24T03:15:43.912+0000] {logging_mixin.py:190} INFO - [2024-08-24T03:15:43.911+0000] {dag.py:3211} INFO - Sync 1 DAGs
[2024-08-24T03:15:43.942+0000] {logging_mixin.py:190} INFO - [2024-08-24T03:15:43.942+0000] {dag.py:4138} INFO - Setting next_dagrun for tutorial_dag to None, run_after=None
[2024-08-24T03:15:44.006+0000] {processor.py:208} INFO - Processing /home/airflow/.local/lib/python3.12/site-packages/airflow/example_dags/tutorial_dag.py took 0.215 seconds
[2024-08-24T03:21:27.575+0000] {processor.py:186} INFO - Started process (PID=71) to work on /home/airflow/.local/lib/python3.12/site-packages/airflow/example_dags/tutorial_dag.py
[2024-08-24T03:21:27.649+0000] {processor.py:914} INFO - Processing file /home/airflow/.local/lib/python3.12/site-packages/airflow/example_dags/tutorial_dag.py for tasks to queue
[2024-08-24T03:21:27.662+0000] {logging_mixin.py:190} INFO - [2024-08-24T03:21:27.662+0000] {dagbag.py:587} INFO - Filling up the DagBag from /home/airflow/.local/lib/python3.12/site-packages/airflow/example_dags/tutorial_dag.py
[2024-08-24T03:21:27.713+0000] {processor.py:925} INFO - DAG(s) 'tutorial_dag' retrieved from /home/airflow/.local/lib/python3.12/site-packages/airflow/example_dags/tutorial_dag.py
[2024-08-24T03:21:29.162+0000] {logging_mixin.py:190} INFO - [2024-08-24T03:21:29.161+0000] {dag.py:3211} INFO - Sync 1 DAGs
[2024-08-24T03:21:29.785+0000] {logging_mixin.py:190} INFO - [2024-08-24T03:21:29.782+0000] {dag.py:4138} INFO - Setting next_dagrun for tutorial_dag to None, run_after=None
[2024-08-24T03:21:30.346+0000] {processor.py:208} INFO - Processing /home/airflow/.local/lib/python3.12/site-packages/airflow/example_dags/tutorial_dag.py took 2.783 seconds
[2024-08-24T03:36:38.126+0000] {processor.py:186} INFO - Started process (PID=54) to work on /home/airflow/.local/lib/python3.12/site-packages/airflow/example_dags/tutorial_dag.py
[2024-08-24T03:36:38.132+0000] {processor.py:914} INFO - Processing file /home/airflow/.local/lib/python3.12/site-packages/airflow/example_dags/tutorial_dag.py for tasks to queue
[2024-08-24T03:36:38.144+0000] {logging_mixin.py:190} INFO - [2024-08-24T03:36:38.143+0000] {dagbag.py:587} INFO - Filling up the DagBag from /home/airflow/.local/lib/python3.12/site-packages/airflow/example_dags/tutorial_dag.py
[2024-08-24T03:36:38.209+0000] {processor.py:925} INFO - DAG(s) 'tutorial_dag' retrieved from /home/airflow/.local/lib/python3.12/site-packages/airflow/example_dags/tutorial_dag.py
[2024-08-24T03:36:38.501+0000] {logging_mixin.py:190} INFO - [2024-08-24T03:36:38.496+0000] {dag.py:3211} INFO - Sync 1 DAGs
[2024-08-24T03:36:38.713+0000] {logging_mixin.py:190} INFO - [2024-08-24T03:36:38.713+0000] {dag.py:4138} INFO - Setting next_dagrun for tutorial_dag to None, run_after=None
[2024-08-24T03:36:38.801+0000] {processor.py:208} INFO - Processing /home/airflow/.local/lib/python3.12/site-packages/airflow/example_dags/tutorial_dag.py took 0.713 seconds
[2024-08-24T18:08:33.311+0000] {processor.py:186} INFO - Started process (PID=60) to work on /home/airflow/.local/lib/python3.12/site-packages/airflow/example_dags/tutorial_dag.py
[2024-08-24T18:08:33.316+0000] {processor.py:914} INFO - Processing file /home/airflow/.local/lib/python3.12/site-packages/airflow/example_dags/tutorial_dag.py for tasks to queue
[2024-08-24T18:08:33.379+0000] {logging_mixin.py:190} INFO - [2024-08-24T18:08:33.365+0000] {dagbag.py:587} INFO - Filling up the DagBag from /home/airflow/.local/lib/python3.12/site-packages/airflow/example_dags/tutorial_dag.py
[2024-08-24T18:08:33.455+0000] {processor.py:925} INFO - DAG(s) 'tutorial_dag' retrieved from /home/airflow/.local/lib/python3.12/site-packages/airflow/example_dags/tutorial_dag.py
[2024-08-24T18:08:33.903+0000] {logging_mixin.py:190} INFO - [2024-08-24T18:08:33.902+0000] {dag.py:3211} INFO - Sync 1 DAGs
[2024-08-24T18:08:34.332+0000] {logging_mixin.py:190} INFO - [2024-08-24T18:08:34.331+0000] {dag.py:4138} INFO - Setting next_dagrun for tutorial_dag to None, run_after=None
[2024-08-24T18:08:34.547+0000] {processor.py:208} INFO - Processing /home/airflow/.local/lib/python3.12/site-packages/airflow/example_dags/tutorial_dag.py took 1.245 seconds
[2024-08-24T18:11:12.873+0000] {processor.py:186} INFO - Started process (PID=53) to work on /home/airflow/.local/lib/python3.12/site-packages/airflow/example_dags/tutorial_dag.py
[2024-08-24T18:11:12.891+0000] {processor.py:914} INFO - Processing file /home/airflow/.local/lib/python3.12/site-packages/airflow/example_dags/tutorial_dag.py for tasks to queue
[2024-08-24T18:11:12.915+0000] {logging_mixin.py:190} INFO - [2024-08-24T18:11:12.915+0000] {dagbag.py:587} INFO - Filling up the DagBag from /home/airflow/.local/lib/python3.12/site-packages/airflow/example_dags/tutorial_dag.py
[2024-08-24T18:11:13.017+0000] {processor.py:925} INFO - DAG(s) 'tutorial_dag' retrieved from /home/airflow/.local/lib/python3.12/site-packages/airflow/example_dags/tutorial_dag.py
[2024-08-24T18:11:13.246+0000] {logging_mixin.py:190} INFO - [2024-08-24T18:11:13.246+0000] {dag.py:3211} INFO - Sync 1 DAGs
[2024-08-24T18:11:13.309+0000] {logging_mixin.py:190} INFO - [2024-08-24T18:11:13.309+0000] {dag.py:4138} INFO - Setting next_dagrun for tutorial_dag to None, run_after=None
[2024-08-24T18:11:13.420+0000] {processor.py:208} INFO - Processing /home/airflow/.local/lib/python3.12/site-packages/airflow/example_dags/tutorial_dag.py took 0.607 seconds
[2024-08-24T18:11:43.499+0000] {processor.py:186} INFO - Started process (PID=115) to work on /home/airflow/.local/lib/python3.12/site-packages/airflow/example_dags/tutorial_dag.py
[2024-08-24T18:11:43.534+0000] {processor.py:914} INFO - Processing file /home/airflow/.local/lib/python3.12/site-packages/airflow/example_dags/tutorial_dag.py for tasks to queue
[2024-08-24T18:11:43.539+0000] {logging_mixin.py:190} INFO - [2024-08-24T18:11:43.538+0000] {dagbag.py:587} INFO - Filling up the DagBag from /home/airflow/.local/lib/python3.12/site-packages/airflow/example_dags/tutorial_dag.py
[2024-08-24T18:11:43.589+0000] {processor.py:925} INFO - DAG(s) 'tutorial_dag' retrieved from /home/airflow/.local/lib/python3.12/site-packages/airflow/example_dags/tutorial_dag.py
[2024-08-24T18:11:44.024+0000] {logging_mixin.py:190} INFO - [2024-08-24T18:11:44.024+0000] {dag.py:3211} INFO - Sync 1 DAGs
[2024-08-24T18:11:44.974+0000] {logging_mixin.py:190} INFO - [2024-08-24T18:11:44.974+0000] {dag.py:4138} INFO - Setting next_dagrun for tutorial_dag to None, run_after=None
[2024-08-24T18:11:45.278+0000] {processor.py:208} INFO - Processing /home/airflow/.local/lib/python3.12/site-packages/airflow/example_dags/tutorial_dag.py took 1.789 seconds
[2024-08-24T18:12:15.346+0000] {processor.py:186} INFO - Started process (PID=178) to work on /home/airflow/.local/lib/python3.12/site-packages/airflow/example_dags/tutorial_dag.py
[2024-08-24T18:12:15.350+0000] {processor.py:914} INFO - Processing file /home/airflow/.local/lib/python3.12/site-packages/airflow/example_dags/tutorial_dag.py for tasks to queue
[2024-08-24T18:12:15.353+0000] {logging_mixin.py:190} INFO - [2024-08-24T18:12:15.353+0000] {dagbag.py:587} INFO - Filling up the DagBag from /home/airflow/.local/lib/python3.12/site-packages/airflow/example_dags/tutorial_dag.py
[2024-08-24T18:12:15.367+0000] {processor.py:925} INFO - DAG(s) 'tutorial_dag' retrieved from /home/airflow/.local/lib/python3.12/site-packages/airflow/example_dags/tutorial_dag.py
[2024-08-24T18:12:15.422+0000] {logging_mixin.py:190} INFO - [2024-08-24T18:12:15.422+0000] {dag.py:3211} INFO - Sync 1 DAGs
[2024-08-24T18:12:15.441+0000] {logging_mixin.py:190} INFO - [2024-08-24T18:12:15.441+0000] {dag.py:4138} INFO - Setting next_dagrun for tutorial_dag to None, run_after=None
[2024-08-24T18:12:15.465+0000] {processor.py:208} INFO - Processing /home/airflow/.local/lib/python3.12/site-packages/airflow/example_dags/tutorial_dag.py took 0.128 seconds
[2024-08-24T18:12:47.744+0000] {processor.py:186} INFO - Started process (PID=241) to work on /home/airflow/.local/lib/python3.12/site-packages/airflow/example_dags/tutorial_dag.py
[2024-08-24T18:12:47.769+0000] {processor.py:914} INFO - Processing file /home/airflow/.local/lib/python3.12/site-packages/airflow/example_dags/tutorial_dag.py for tasks to queue
[2024-08-24T18:12:47.781+0000] {logging_mixin.py:190} INFO - [2024-08-24T18:12:47.781+0000] {dagbag.py:587} INFO - Filling up the DagBag from /home/airflow/.local/lib/python3.12/site-packages/airflow/example_dags/tutorial_dag.py
[2024-08-24T18:12:48.327+0000] {processor.py:925} INFO - DAG(s) 'tutorial_dag' retrieved from /home/airflow/.local/lib/python3.12/site-packages/airflow/example_dags/tutorial_dag.py
[2024-08-24T18:12:48.834+0000] {logging_mixin.py:190} INFO - [2024-08-24T18:12:48.833+0000] {dag.py:3211} INFO - Sync 1 DAGs
[2024-08-24T18:12:48.860+0000] {logging_mixin.py:190} INFO - [2024-08-24T18:12:48.859+0000] {dag.py:4138} INFO - Setting next_dagrun for tutorial_dag to None, run_after=None
[2024-08-24T18:12:48.894+0000] {processor.py:208} INFO - Processing /home/airflow/.local/lib/python3.12/site-packages/airflow/example_dags/tutorial_dag.py took 1.163 seconds
[2024-08-24T18:13:40.165+0000] {processor.py:186} INFO - Started process (PID=305) to work on /home/airflow/.local/lib/python3.12/site-packages/airflow/example_dags/tutorial_dag.py
[2024-08-24T18:13:40.171+0000] {processor.py:914} INFO - Processing file /home/airflow/.local/lib/python3.12/site-packages/airflow/example_dags/tutorial_dag.py for tasks to queue
[2024-08-24T18:13:40.176+0000] {logging_mixin.py:190} INFO - [2024-08-24T18:13:40.175+0000] {dagbag.py:587} INFO - Filling up the DagBag from /home/airflow/.local/lib/python3.12/site-packages/airflow/example_dags/tutorial_dag.py
[2024-08-24T18:13:40.194+0000] {processor.py:925} INFO - DAG(s) 'tutorial_dag' retrieved from /home/airflow/.local/lib/python3.12/site-packages/airflow/example_dags/tutorial_dag.py
[2024-08-24T18:13:40.264+0000] {logging_mixin.py:190} INFO - [2024-08-24T18:13:40.263+0000] {dag.py:3211} INFO - Sync 1 DAGs
[2024-08-24T18:13:40.288+0000] {logging_mixin.py:190} INFO - [2024-08-24T18:13:40.288+0000] {dag.py:4138} INFO - Setting next_dagrun for tutorial_dag to None, run_after=None
[2024-08-24T18:13:40.333+0000] {processor.py:208} INFO - Processing /home/airflow/.local/lib/python3.12/site-packages/airflow/example_dags/tutorial_dag.py took 0.185 seconds
[2024-08-24T18:14:16.190+0000] {processor.py:186} INFO - Started process (PID=370) to work on /home/airflow/.local/lib/python3.12/site-packages/airflow/example_dags/tutorial_dag.py
[2024-08-24T18:14:16.193+0000] {processor.py:914} INFO - Processing file /home/airflow/.local/lib/python3.12/site-packages/airflow/example_dags/tutorial_dag.py for tasks to queue
[2024-08-24T18:14:16.207+0000] {logging_mixin.py:190} INFO - [2024-08-24T18:14:16.202+0000] {dagbag.py:587} INFO - Filling up the DagBag from /home/airflow/.local/lib/python3.12/site-packages/airflow/example_dags/tutorial_dag.py
[2024-08-24T18:14:16.263+0000] {processor.py:925} INFO - DAG(s) 'tutorial_dag' retrieved from /home/airflow/.local/lib/python3.12/site-packages/airflow/example_dags/tutorial_dag.py
[2024-08-24T18:14:16.500+0000] {logging_mixin.py:190} INFO - [2024-08-24T18:14:16.499+0000] {dag.py:3211} INFO - Sync 1 DAGs
[2024-08-24T18:14:16.578+0000] {logging_mixin.py:190} INFO - [2024-08-24T18:14:16.574+0000] {dag.py:4138} INFO - Setting next_dagrun for tutorial_dag to None, run_after=None
[2024-08-24T18:14:16.663+0000] {processor.py:208} INFO - Processing /home/airflow/.local/lib/python3.12/site-packages/airflow/example_dags/tutorial_dag.py took 0.550 seconds
